3.234
3.286
3.242
3.236
3.273
3.239
3.142
3.271
3.204
3.196
2.966
3.216
3.222
3.268
3.25
3.257
3.006
3.269
3.158
3.267
3.107
3.225
3.333
3.292
3.251
3.254
2.802
3.271
3.146
3.225
3.238
3.279
3.227
3.291
3.228
3.224
3.329
3.284
3.308
3.216
3.21
3.206
3.239
2.777
3.251
3.254
3.258
3.256
3.306
3.127
3.289
3.14
3.261
3.063
3.224
3.324
3.229
2.638
3.255
3.236
3.285
3.209
3.264
3.196
3.227
3.232
3.288
3.285
3.182
3.252
3.228
3.197
3.276
3.243
3.023
3.276
2.602
3.275
2.59
3.224
2.947
3.232
3.229
3.269
3.165
3.274
2.878
3.257
3.271
3.242
3.296
3.287
3.063
3.315
3.236
3.238
3.247
3.272
3.254
3.241
3.307
3.265
3.265
3.167
3.212
3.133
3.283
2.921
3.286
2.554
3.268
2.613
3.252
3.022
3.296
3.192
3.229
3.137
3.222
3.292
3.279
3.268
3.26
3.278
3.251
3.186
3.232
3.289
3.264
3.33
3.287
3.269
3.238
3.289
3.156
3.281
3.23
3.298
3.169
3.276
2.797
3.241
2.466
3.249
2.713
3.264
3.077
3.247
3.334
3.287
3.239
3.248
3.257
3.258
3.271
3.268
3.286
3.29
3.296
3.264
3.234
3.266
3.2
3.231
3.308
3.293
3.319
3.246
3.235
3.227
3.276
3.142
3.305
2.801
3.297
2.422
3.255
2.724
3.279
3.149
3.288
3.262
3.262
3.208
3.262
3.321
3.312
3.372
3.283
3.269
3.264
3.203
3.268
3.268
3.27
3.234
3.259
3.306
3.268
3.313
3.159
3.298
3.127
3.337
3.044
3.277
2.869
3.257
2.437
3.242
2.664
3.297
3.163
3.262
3.284
3.283
3.213
3.256
3.294
3.289
3.315
3.273
3.196
3.289
3.215
3.267
3.272
3.274
3.242
3.276
3.275
3.254
3.288
3.256
3.301
3.149
3.264
3.144
3.275
2.913
3.288
2.491
3.247
2.633
3.27
3.121
3.264
3.284
3.284
3.243
3.254
3.227
3.281
3.278
3.253
3.163
3.298
3.279
3.27
3.263
3.024
3.246
3.282
3.307
3.305
3.265
3.251
3.263
3.169
3.273
3.188
3.217
3.005
3.263
2.504
3.303
2.509
3.234
3.084
3.312
3.288
3.255
3.344
3.301
3.307
3.262
3.288
3.246
3.266
3.258
3.23
3.264
3.293
3.286
3.295
3.262
3.247
3.251
3.264
3.26
3.212
3.121
3.285
3.16
3.283
3.078
3.247
2.569
3.249
2.367
3.306
2.888
3.243
3.284
3.275
3.265
3.258
3.307
3.277
3.356
3.302
3.301
3.266
3.29
3.256
3.313
3.253
3.21
3.246
3.255
3.248
3.255
3.252
3.268
3.128
3.279
3.117
3.292
3.159
3.208
2.845
3.254
2.346
3.282
2.516
3.284
3.139
3.242
3.441
3.285
3.238
3.28
3.274
3.266
3.25
3.278
3.214
3.254
3.248
3.258
3.257
3.259
3.283
3.282
3.303
3.303
3.281
3.242
3.264
3.121
3.292
3.051
3.252
3.118
3.28
2.612
3.31
2.327
3.257
2.823
3.269
3.374
3.275
3.368
3.323
3.359
3.314
3.345
3.281
3.302
3.262
3.266
3.234
3.251
3.256
3.327
3.25
3.243
3.255
3.286
3.285
3.221
3.156
3.298
3.046
3.247
3.151
3.302
2.997
3.258
2.472
3.284
2.37
3.279
2.945
3.294
3.396
3.283
3.324
3.287
3.366
3.317
3.325
3.268
3.278
3.276
3.315
3.252
3.312
3.311
3.236
3.281
3.243
3.241
3.285
3.287
3.256
3.159
3.27
3.067
3.244
3.192
3.276
2.988
3.236
2.468
3.269
2.337
3.274
2.956
3.224
3.406
3.248
3.399
3.293
3.273
3.272
3.267
3.276
3.261
3.257
3.225
3.233
3.318
3.307
3.276
3.265
3.267
3.255
3.302
3.243
3.253
3.148
3.255
3.058
3.289
3.246
3.297
3.039
3.291
2.552
3.298
2.291
3.262
2.831
3.29
3.372
3.279
3.479
3.288
3.291
3.249
3.312
3.22
3.312
3.262
3.273
3.263
3.285
3.278
3.232
3.244
3.286
3.277
3.306
3.278
3.306
3.191
3.26
3.023
3.29
3.02
3.267
3.168
3.296
2.714
3.233
2.197
3.29
2.531
3.273
3.268
3.304
3.518
3.242
3.356
3.283
3.304
3.284
3.354
3.316
3.325
3.302
3.258
3.261
3.306
3.306
3.257
3.292
3.301
3.268
3.317
3.307
3.3
3.116
3.268
2.983
3.294
3.141
3.265
2.94
3.29
2.323
3.291
2.292
3.29
2.954
3.314
3.447
3.22
3.463
3.216
3.403
3.345
3.225
3.23
3.342
3.252
3.283
3.274
3.361
3.27
3.256
3.257
3.265
3.267
3.261
3.225
3.265
3.213
3.285
3.076
3.329
3.052
3.251
3.211
3.295
2.637
3.292
2.188
3.322
2.484
3.228
3.219
3.224
3.511
3.23
3.344
3.239
3.314
3.257
3.33
3.268
3.289
3.281
3.224
3.26
3.343
3.218
3.277
3.282
3.281
3.279
3.242
3.236
3.262
3.177
3.319
2.982
3.283
3.14
3.272
3.044
3.252
2.472
3.29
2.222
3.305
2.754
3.254
3.454
3.251
3.483
3.238
3.379
3.18
3.218
3.251
3.245
3.248
3.257
3.25
3.227
3.262
3.313
3.307
3.336
3.251
3.302
3.243
3.296
3.256
3.274
3.103
3.234
3.027
3.267
3.146
3.289
3.008
3.258
2.441
3.293
2.239
3.272
2.791
3.261
3.402
3.271
3.428
3.247
3.29
3.277
3.314
3.28
3.325
3.284
3.274
3.253
3.274
3.218
3.334
3.289
3.312
3.285
3.27
3.264
3.375
3.262
3.292
3.143
3.265
3.012
3.29
3.129
3.294
3.036
3.277
2.53
3.256
2.264
3.271
2.696
3.255
3.345
3.229
3.473
3.294
3.319
3.294
3.304
3.295
3.355
3.284
3.228
3.238
3.224
3.25
3.289
3.167
3.307
3.257
3.322
3.284
3.258
3.255
3.26
3.232
3.247
3.03
3.292
3.09
3.31
3.127
3.28
2.668
3.268
2.326
3.254
2.579
3.253
3.182
3.231
3.506
3.238
3.327
3.258
3.291
3.264
3.298
3.29
3.282
3.275
3.289
3.261
3.261
3.258
3.225
3.301
3.205
3.256
3.266
3.263
3.277
3.241
3.255
3.139
3.255
3.108
3.27
3.166
3.27
2.907
3.296
2.376
3.288
2.451
3.263
3.073
3.28
3.488
3.267
3.44
3.233
3.264
3.266
3.343
3.277
3.275
3.278
3.294
3.291
3.255
3.289
3.269
3.305
3.272
3.279
3.282
3.28
3.273
3.278
3.275
3.242
3.315
3.035
3.321
3.13
3.265
3.176
3.261
2.75
3.274
2.368
3.237
2.653
3.236
3.335
3.314
3.541
3.187
3.413
3.287
3.274
3.263
3.342
3.278
3.361
3.313
3.296
3.269
3.329
3.287
3.234
3.284
3.31
3.292
3.322
3.207
3.312
3.302
3.271
3.119
3.238
3.119
3.259
3.25
3.312
3.024
3.269
2.566
3.247
2.466
3.287
2.936
3.264
3.504
3.237
3.51
3.31
3.315
3.308
3.37
3.237
3.269
3.271
3.225
3.238
3.334
3.223
3.362
3.244
3.225
3.263
3.28
3.273
3.229
3.228
3.285
3.239
3.286
3.136
3.283
3.079
3.306
3.235
3.26
3.017
3.307
2.577
3.275
2.521
3.294
3.101
3.266
3.56
3.184
3.489
3.266
3.365
3.259
3.329
3.229
3.303
3.259
3.292
3.265
3.3
3.266
3.228
3.268
3.328
3.261
3.309
3.271
3.332
3.288
3.21
3.213
3.281
3.147
3.272
3.148
3.267
3.257
3.246
2.992
3.31
2.622
3.265
2.641
3.298
3.249
3.255
3.67
3.311
3.485
3.296
3.289
3.272
3.361
3.27
3.29
3.255
3.277
3.28
3.199
3.302
3.254
3.256
3.255
3.242
3.33
3.266
3.254
3.259
3.319
3.239
3.284
3.178
3.282
3.279
3.26
3.251
3.25
3.093
3.317
2.689
3.294
2.695
3.292
3.213
3.247
3.662
3.234
3.515
3.24
3.237
3.276
3.268
3.246
3.315
3.249
3.25
3.248
3.345
3.291
3.257
3.263
3.254
3.269
3.267
3.264
3.275
3.279
3.248
3.223
3.306
3.186
3.27
3.198
