0.352
0.35
0.35
0.349
0.35
0.407
0.351
0
0.349
0.609
0.349
0.351
0.351
0.351
0.35
0.353
0.445
0.349
0.353
0.35
0.38
0.349
0.351
0.349
0.35
0.35
0.35
0.349
0.35
0.349
0.351
0.35
0.35
0.359
0.35
0.734
0.35
0.35
0.35
0.352
0.351
0.35
0.352
0.35
0.349
0.351
0.349
0.349
0.416
0.349
0
0.351
0.499
0.348
0.351
0.394
0.351
0
0.351
0.349
0.351
0.351
0.351
0
0.349
0.387
0.349
0.599
0.354
0.349
0
0.353
0.394
0.349
0
0.353
0.349
0.351
0.351
0.349
0.385
0.35
0
0.35
0.583
0.361
0.351
0.404
0.351
0
0.351
0.352
0.35
0.35
0.351
0
0.349
0.401
0.35
0.479
0.349
0.35
0
0.351
0.456
0.348
0
0.349
0.349
0.349
0.349
0.35
0.362
0.349
0
0.349
0.619
0.374
0.351
0.394
0.351
0
0.349
0.352
0.349
0.35
0.35
0.347
0.349
0.405
0.347
0.421
0
0.348
0
0.347
0.347
0.347
0
0
0.347
0.349
0.64
0.381
0.355
0
0.348
0
0
0.347
0
0.349
0.347
0.347
0.349
0.404
0.349
0
0.348
0.38
0
0.349
0.567
0.348
0
0.352
0.349
0
0
0.349
0
0.349
0.347
0.348
0.608
0.393
0.348
0
0.347
0
0.349
0
0.347
0
0.348
0.347
0.348
0.394
0
0
0.348
0.361
0
0.351
0.606
0.347
0
0.347
0.347
0
0
0.347
0
0
0
0
0.567
0.402
0.352
0
0.347
0
0.347
0.348
0.347
0.347
0.349
0.348
0.347
0.386
0.348
0.356
0.347
0.354
0
0.348
0.632
0
0
0.347
0
0.351
0.348
0.347
0
0.347
0
0.347
0.513
0.405
0.349
0.402
0.349
0
0.347
0
0.347
0.349
0.348
0
0.35
0.37
0.348
0.388
0.362
0.349
0
0
0.61
0
0
0
0
0
0.488
0.419
0
0.349
0
0
0.349
0.347
0
0.347
0.349
0
0
0.363
0.349
0.363
0.351
0.347
0
0.349
0.665
0.348
0
0.347
0
0.348
0.347
0.347
0.347
0
0
0.349
0.414
0.401
0.348
0.524
0
0
0
0
0
0.347
0
0
0.347
0.349
0.35
0.384
0.39
0
0
0.347
0.536
0
0
0
0.347
0
0.347
0
0.351
0.348
0
0.347
0.354
0.365
0.35
0.706
0
0
0
0.347
0.347
0.347
0
0.347
0.347
0
0
0.351
0.431
0.348
0
0.347
0
0
0
0.348
0.347
0.347
0
0.349
0.347
0
0.347
0.347
0.347
0
0.348
0.779
0
0
0
0.347
0.347
0
0
0.348
0.347
0.349
0
0
0.435
0.347
0.474
0.347
0
0
0
0
0
0.349
0.347
0
0
0.804
0.347
0
0
0
0.348
0.662
0
0.347
0
0.347
0
0
0.442
0
0.461
0.347
0
0.347
0
0.347
0
0.347
0
0.347
0
0
0
0.383
0
0
0
0.693
0.347
0
0
0
0
0
0
0.347
0
0.348
0
0
0.4
0
0.726
0
0
0
0.347
0
0
0
0
0
0
0
0
0.44
0
0
0.347
0
0.347
0
0
0
0
0.347
0
0
0
0
0.347
0
0
0.347
0.822
0
0
0
0
0
0
0.347
0
0
0
0
0
0.444
0.347
0.45
0
0
0
0
0
0
0
0
0
0.347
0
0
0.381
0.347
0
0
0.658
0
0
0.347
0
0
0
0.347
0
0
0
0
0
0.347
0.347
0
0
0
0
0.347
0
0
0.376
0.347
0
0
0.626
0
0
0
0
0.347
0
0
0
0
0
0
0
0.376
0
0.69
0
0
0
0.347
0
0.347
0
0
0
0
0.347
0
0.424
0
0
0
0
0
0
0
0
0
0
0
0
0
0
0
0
0
0
0.711
0.348
0
0
0
0
0
0
0
0
0
0
0.347
0.412
0
0.471
0
0
0
0
0.347
0
0
0
0
0
0
0
0.378
0
0
0
0.545
0
0
0
0
0
0
0
0
0
0
0
0
0.367
0.349
0.619
0
0
0
0
0
0
0.372
0
0
0
0.542
0
0
0
0
0
0
0
0
0
0.347
0
0
0.371
0
0.581
0
0
0
0
0
0.347
0
0.347
0
0.347
0
0.348
0.394
0.347
0
0
0
0
0.347
0
0
0
0
0
0
0
0
0.347
0.349
0
0
0.612
0
0
0
0
0
0
0
0
0.347
0
0
0.347
0.396
0
0.349
0
0
0
0
0
0
0
0
0
0
0
0
0.349
0
0
0
0.552
0
0
0
0
0
0
0
0
0
0
0.348
0
0.38
0
0.403
0
0
0
0
0
0
0
0
0
0
0
0
0.357
0
0
0
0.482
0
0
0
0
0
0.348
0
0.347
0
0
0
0
0
0
0
0
0
0
0
0
0
0.349
0
0
0
0.485
0
0
0
0
0
0
0
0
0
0
0.347
0
0.364
0
0.36
0
0
0
0
0
0
0
0
0
0
0
0
0
0
0
0
0.437
0
0
0
0
0
0
0
0
0
0
0
0
0.354
0
0.35
0
0
0
0
0
0
0
0
0
0
0
0
0
0
0
0
0.387
0
0
0
0
0
0
0
0
0
0
0
0
0
0
0
0
0
0
0
0
0
0
0
0
0
0
0
0
0
0
0
0
0
0
0.347
0
0
0
0
0
0
0
0
0
0
0
0
0
0
0
0
0
0
0
0
0
0
0
0
0
0
0
0
0
0
0
0
0
0
0
0
0
0
0
0
0
0
0
0
0
0
0
0
0
0
0
0
0
0
0
0
0
0
0
0
0
0
0
0
0
0
0
0
0
0
0
0
0
0
0
0
0
0
0
0
0
0
0
0
0
0
0
0
0
0
0
0
0
0
0
0
0
0
0
0
0
0
0
0
0
0
0
0
0
0
0
0
0
0
0
0
0
0
0
0
0
0
0
0
0
0
0
0
0
0
0
0
0
