3.926
3.88
3.999
3.34
3.944
3.948
3.942
4.032
3.978
3.946
3.857
3.977
3.504
3.947
3.934
3.934
4.046
3.994
3.927
3.805
3.95
3.685
3.9
3.933
3.934
4.016
3.913
3.959
3.918
3.928
3.894
3.945
3.969
3.94
3.989
3.932
3.981
3.971
3.929
-1
3.942
3.959
3.956
4.027
3.983
4.016
4.001
3.988
-1
3.963
3.927
3.957
4.001
3.945
3.935
3.965
3.964
-1
3.928
3.894
3.909
4.032
3.972
3.949
3.908
3.915
-1
3.939
3.986
3.977
3.989
3.945
3.993
3.905
3.906
-1
3.967
3.995
3.98
3.916
3.942
3.924
3.634
3.923
-1
3.994
3.941
3.934
3.936
3.936
4.044
3.628
3.952
-1
3.968
3.992
3.984
3.943
3.935
4.075
3.547
3.99
4.433
3.918
4.023
3.968
3.956
3.947
3.999
3.513
3.989
4.389
4.001
3.983
3.931
3.939
3.933
3.985
3.466
3.92
4.319
3.964
3.992
3.959
3.954
3.909
4.041
3.442
3.974
4.409
3.976
4.007
4
3.958
3.908
3.953
3.428
3.953
-1
3.947
3.984
3.963
3.968
3.916
3.954
3.506
3.946
-1
3.903
3.919
3.927
3.942
3.935
3.967
3.437
3.959
-1
3.987
3.957
3.963
3.951
3.94
4.018
3.521
3.95
-1
3.899
4.018
3.942
3.967
3.959
4.006
3.646
3.946
-1
3.976
3.966
3.958
3.954
3.921
3.99
3.761
3.928
-1
3.97
3.971
3.932
3.965
3.968
3.964
3.906
3.949
-1
3.977
4.028
3.983
3.919
3.971
3.968
3.976
3.974
-1
3.969
3.989
3.951
3.9
3.943
4.007
3.971
3.959
-1
3.953
3.975
3.967
3.997
3.952
3.972
4.005
3.997
-1
3.967
3.971
3.963
4.018
4.006
4.004
3.99
3.982
-1
3.988
3.948
3.953
3.962
3.958
3.975
3.934
3.936
4.432
4.006
3.924
3.931
3.999
3.918
3.994
3.806
3.959
3.693
3.968
3.977
3.976
3.987
3.95
3.895
3.791
3.974
3.268
3.929
3.95
3.949
4.018
3.955
3.97
3.805
3.978
3.125
3.965
3.996
3.963
4.03
3.987
3.942
3.789
4.015
3.165
3.999
4.182
3.931
3.978
3.976
3.965
3.785
3.935
3.281
3.962
-1
3.955
3.989
3.949
3.951
3.913
3.954
3.499
3.961
-1
3.964
3.951
3.952
3.942
3.943
3.955
3.814
3.883
-1
3.936
3.986
3.946
3.951
3.949
3.995
3.961
3.885
-1
3.954
3.929
3.935
3.964
3.983
3.959
3.723
3.975
-1
3.927
4.033
3.984
3.907
3.939
3.941
3.907
4.037
3.948
3.986
3.941
3.967
3.995
3.983
4.013
3.713
3.917
3.156
3.933
3.967
3.971
3.966
3.958
3.997
3.716
3.919
2.963
3.932
4.045
3.987
3.963
3.927
3.96
3.769
3.933
3.137
3.948
-1
3.93
3.96
3.951
3.952
3.949
3.981
3.4
3.928
-1
3.996
3.965
3.963
3.974
3.971
3.962
3.828
3.91
-1
3.964
3.93
3.942
3.997
3.948
3.938
4.022
3.938
-1
3.985
4.004
3.95
3.917
3.911
3.96
3.801
3.937
-1
3.935
3.904
3.945
3.971
3.957
3.948
3.772
3.955
3.168
3.984
3.946
3.952
3.978
3.963
3.969
3.72
4.012
2.909
3.952
4.01
3.954
3.988
3.978
3.941
3.768
3.982
3.172
3.974
-1
3.933
3.927
3.934
3.947
3.918
3.989
3.614
3.93
-1
3.952
3.952
3.953
3.957
3.98
3.962
3.99
3.985
-1
3.954
4.04
3.986
3.974
3.966
3.952
3.95
3.948
-1
3.963
3.918
3.971
3.955
3.951
3.985
3.776
4.003
3.125
3.985
3.909
3.962
3.995
3.981
3.927
3.771
3.98
3.004
3.949
4.279
3.962
3.963
3.956
3.957
3.849
3.972
3.338
3.971
-1
3.961
3.976
3.945
3.951
3.911
3.955
3.917
3.948
-1
4
3.927
3.935
3.992
3.978
3.932
3.948
3.981
-1
3.939
3.934
3.975
3.935
3.931
3.969
3.816
3.961
3.439
3.932
3.89
3.986
3.943
3.939
3.952
3.769
3.99
3.044
3.97
4.164
3.912
3.978
3.971
3.981
3.934
3.952
3.388
3.961
-1
3.91
3.959
3.951
3.964
3.936
3.95
3.951
3.986
-1
3.98
3.925
3.934
3.959
3.954
3.946
3.931
3.929
-1
3.96
3.949
3.971
3.963
3.926
3.923
3.787
3.99
3.093
3.963
3.957
3.928
3.912
3.975
3.939
3.834
4.016
3.305
3.936
-1
3.958
3.992
3.98
3.967
3.912
3.96
3.892
3.945
-1
3.948
4.052
3.974
3.933
3.911
3.956
3.925
3.96
-1
3.938
3.935
3.938
4.048
3.983
3.997
3.787
3.986
3.207
3.964
3.972
3.937
3.966
3.961
3.957
3.807
3.928
3.363
3.944
-1
3.921
4.017
3.973
3.94
3.896
3.984
3.934
3.947
-1
3.941
3.942
3.937
3.865
3.937
3.986
3.974
4
-1
3.984
3.988
3.977
3.969
3.966
3.948
3.747
3.901
3.262
3.988
3.99
3.97
3.977
3.945
3.952
3.914
3.95
3.505
3.958
-1
3.948
3.927
3.971
3.998
3.945
3.964
3.956
3.961
-1
3.956
4.018
3.973
3.992
3.988
3.961
3.955
3.968
4.095
3.989
3.995
3.994
3.936
3.937
3.996
3.904
3.922
3.294
3.946
4.125
3.975
3.981
4.017
3.99
3.934
3.942
3.753
3.949
-1
3.985
3.96
3.995
3.963
3.966
3.98
4.031
3.974
-1
3.985
3.944
3.978
3.975
3.961
3.98
3.836
3.973
3.592
3.942
3.948
3.952
4.011
3.998
3.989
3.932
4.018
3.557
3.963
-1
3.943
3.972
3.964
3.962
3.93
3.978
4.016
3.965
-1
3.947
3.971
3.969
3.947
3.978
3.964
3.911
3.983
4.219
4.001
3.997
3.984
4.044
3.929
3.921
3.919
4.023
3.528
3.959
4.152
4.01
3.973
3.937
3.96
3.919
3.963
3.962
3.955
-1
3.949
3.907
3.917
3.972
3.964
3.929
3.937
3.918
-1
3.914
3.981
3.979
3.983
3.948
3.943
3.819
4.004
3.592
3.949
4.129
4.013
4.06
3.954
3.973
3.967
4.003
3.958
3.95
-1
3.963
3.962
3.962
3.942
3.937
3.95
3.952
3.989
-1
3.938
4.025
3.966
3.922
3.966
3.944
3.913
3.994
3.729
4
4.264
3.945
4.091
3.948
4.022
3.953
3.933
3.964
3.963
-1
3.977
3.863
3.961
3.992
3.924
3.925
3.936
3.963
-1
3.986
3.991
3.984
3.984
3.924
3.923
3.923
3.922
3.798
3.935
-1
3.904
3.948
3.95
4.009
3.996
3.943
4.006
3.963
-1
3.953
3.99
3.983
3.943
3.996
3.901
3.927
3.992
4.184
3.966
3.997
3.948
4.027
3.981
3.952
3.925
3.936
3.944
3.939
-1
3.95
3.947
3.944
3.989
3.947
3.957
4
3.957
-1
3.993
3.958
3.953
3.986
3.986
3.991
-1
3.941
3.982
3.948
3.988
3.951
3.929
3.942
3.939
3.938
3.942
3.976
3.978
-1
4.004
3.995
3.944
4
3.942
4.04
4.004
3.966
-1
4.04
4.019
3.956
3.964
3.961
4.05
3.947
3.985
3.991
3.979
-1
3.915
4.015
3.963
4.012
3.959
3.999
4.105
3.971
-1
3.965
3.962
3.982
4.013
4.117
3.98
3.975
3.935
4.383
3.948
4.014
3.963
3.97
3.962
3.969
3.989
3.966
4.051
3.934
-1
3.976
3.985
3.978
3.954
3.964
3.962
3.966
3.916
-1
3.968
3.951
3.992
3.949
3.913
3.932
3.966
3.954
4.147
3.923
-1
3.928
4.06
3.949
3.987
3.974
3.956
4.075
3.987
-1
3.984
4.045
3.972
3.955
3.952
3.981
3.957
3.981
-1
3.947
4.231
3.924
3.989
4.021
4.012
3.96
3.946
4.099
3.944
-1
4.006
3.935
3.933
3.971
3.966
3.962
3.962
3.935
3.92
3.928
4.033
3.943
3.969
4.046
3.987
-1
3.945
3.943
3.981
-1
3.968
