3.58
3.569
3.573
3.413
3.513
3.489
3.526
3.604
3.61
3.592
3.594
3.55
3.628
3.541
3.716
3.584
3.584
3.554
3.783
3.582
-1
3.606
3.716
3.607
3.019
3.53
3.073
3.541
3.493
3.572
3.507
3.51
3.544
3.579
3.438
3.588
3.429
3.574
3.212
3.568
3.502
3.551
3.573
3.578
3.573
3.655
3.596
3.603
3.541
3.551
3.56
3.836
3.585
-1
3.545
3.552
3.58
2.911
3.587
3.128
3.537
3.589
3.559
3.591
3.609
3.593
3.598
3.533
3.536
3.448
3.584
3.446
3.585
3.555
3.557
3.574
3.588
3.625
3.628
3.469
3.618
3.667
3.59
3.556
3.847
3.541
4.33
3.587
3.508
3.651
2.89
3.61
3.124
3.594
3.551
3.594
3.603
3.601
3.669
3.589
3.553
3.604
3.512
3.566
3.527
3.665
3.622
3.602
3.632
3.6
3.615
3.618
3.526
3.691
3.56
3.563
3.597
3.651
3.57
4.135
3.551
3.543
3.571
2.84
3.522
2.968
3.58
3.507
3.51
3.524
3.542
3.603
3.595
3.564
3.597
3.447
3.601
3.564
3.567
3.566
3.638
3.637
3.603
3.57
3.57
3.57
3.675
3.572
3.567
3.596
3.647
3.572
3.992
3.577
3.475
3.546
2.802
3.572
2.874
3.55
3.416
3.576
3.561
3.581
3.553
3.556
3.549
3.552
3.609
3.573
3.505
3.541
3.568
3.6
3.561
3.533
3.683
3.618
3.576
3.673
3.538
3.564
3.59
3.583
3.568
3.955
3.546
3.591
3.552
2.823
3.601
2.766
3.611
3.283
3.592
3.615
3.614
3.587
3.573
3.526
3.567
3.541
3.613
3.55
3.558
3.535
3.59
3.552
3.598
3.622
3.61
3.519
3.632
3.591
3.558
3.583
3.536
3.573
3.878
3.506
3.645
3.618
2.907
3.622
2.626
3.542
3.048
3.583
3.574
3.578
3.532
3.575
3.585
3.556
3.527
3.536
3.599
3.586
3.532
3.532
3.586
3.542
3.629
3.626
3.53
3.573
3.597
3.593
3.579
3.501
3.546
3.586
3.54
3.875
3.58
3.197
3.606
2.596
3.555
2.788
3.651
3.43
3.583
3.573
3.569
3.597
3.554
3.532
3.563
3.538
3.616
3.629
3.588
3.543
3.638
3.596
3.55
3.619
3.696
3.594
3.597
3.563
3.456
3.576
3.401
3.595
3.6
3.59
3.596
3.611
2.776
3.589
2.587
3.579
3.057
3.617
3.575
3.543
3.532
3.533
3.637
3.617
3.55
3.549
3.655
3.605
3.639
3.598
3.603
3.59
3.584
3.587
3.524
3.649
3.591
3.695
3.552
3.548
3.594
3.556
3.552
3.718
3.592
3.351
3.574
2.577
3.572
2.573
3.533
3.22
3.607
3.546
3.681
3.569
3.545
3.574
3.67
3.634
3.528
3.632
3.603
3.607
3.562
3.583
3.618
3.553
3.595
3.577
3.583
3.548
3.589
3.69
3.421
3.569
3.5
3.574
3.705
3.564
3.178
3.57
2.474
3.562
2.577
3.658
3.097
3.548
3.448
3.59
3.59
3.581
3.542
3.546
3.699
3.584
3.657
3.655
3.626
3.597
3.551
3.556
3.539
3.572
3.589
3.591
3.585
3.578
3.549
3.441
3.575
3.536
3.533
3.745
3.59
3.26
3.548
2.552
3.608
2.482
3.62
3.056
3.578
3.448
3.589
3.579
3.587
3.551
3.555
3.553
3.594
3.604
3.569
3.609
3.616
3.574
3.534
3.534
3.584
3.677
3.641
3.516
3.63
3.589
3.547
3.613
3.488
3.644
3.704
3.525
3.516
3.573
2.667
3.575
2.386
3.627
2.851
3.612
3.464
3.575
3.664
3.563
3.515
3.616
3.587
3.577
3.733
3.571
3.695
3.225
3.635
3.57
3.549
3.585
3.583
3.588
3.566
3.564
3.665
3.58
3.555
3.401
3.56
3.602
3.6
3.626
3.532
2.993
3.562
2.394
3.574
2.546
3.604
3.176
3.58
3.575
3.529
3.615
3.604
3.53
3.524
3.627
3.617
3.676
3.586
3.616
3.612
3.558
3.586
3.591
3.623
3.581
3.582
3.549
3.552
3.539
3.509
3.618
3.548
3.574
3.705
3.583
3.394
3.561
2.568
3.558
2.312
3.59
2.866
3.545
3.471
3.612
3.603
3.573
3.533
3.537
3.656
3.62
3.713
3.532
3.656
3.575
3.716
3.584
3.582
3.573
3.608
3.573
3.617
3.572
3.587
3.457
3.567
3.427
3.592
3.601
3.533
3.642
3.527
3.125
3.585
2.393
3.581
2.426
3.544
3.057
3.623
3.543
3.554
3.564
3.558
3.549
3.553
3.65
3.519
3.777
3.595
3.679
3.538
3.654
3.534
3.538
3.624
3.549
3.55
3.596
3.645
3.643
3.491
3.591
3.378
3.538
3.571
3.577
3.616
3.615
2.958
3.574
2.338
3.549
2.565
3.564
3.136
3.576
3.539
3.571
3.617
3.613
3.599
3.598
3.674
3.628
3.809
3.557
3.691
3.507
3.595
3.578
3.591
3.558
3.608
3.613
3.596
3.597
3.57
3.535
3.57
3.442
3.56
3.609
3.562
3.594
3.562
2.998
3.6
2.408
3.635
2.536
3.561
3.197
3.595
3.542
3.59
3.474
3.577
3.593
3.624
3.673
3.61
3.587
3.617
3.67
3.574
3.574
3.578
3.556
3.559
3.556
3.529
3.605
3.603
3.59
3.537
3.568
3.469
3.616
3.596
3.583
3.624
3.59
3.128
3.574
2.515
3.568
2.495
3.653
3.029
3.533
3.501
3.431
3.549
3.625
3.532
3.497
3.569
3.595
3.739
3.58
3.697
3.597
3.623
3.614
3.574
3.574
3.604
3.628
3.582
3.671
3.447
3.621
3.579
3.455
3.684
3.522
3.62
3.663
3.59
3.369
3.614
2.711
3.598
2.463
3.623
2.872
3.629
3.456
3.641
3.522
3.568
3.611
3.584
3.527
3.61
3.609
3.615
3.794
3.554
3.832
3.614
3.689
3.572
3.606
3.523
3.638
3.632
3.679
3.568
3.582
3.462
3.54
3.509
3.558
3.609
3.557
3.555
3.594
3.052
3.565
2.515
3.577
2.654
3.593
3.163
3.581
3.569
3.605
3.559
3.562
3.623
3.596
3.718
3.552
3.783
3.621
3.681
3.622
3.623
3.619
3.611
3.572
3.609
3.573
3.528
3.538
3.59
3.565
3.583
3.497
3.627
3.49
3.637
3.608
3.62
3.348
3.581
2.814
3.692
2.464
3.634
2.829
3.574
3.382
3.593
3.582
3.577
3.59
3.592
3.581
3.571
3.611
3.571
3.695
3.65
3.724
3.612
3.499
3.538
3.548
3.6
3.574
3.595
3.599
3.602
3.62
3.564
3.647
3.512
3.615
3.491
3.528
3.634
3.595
3.264
3.529
2.699
3.618
2.591
3.518
2.976
3.556
3.438
3.539
3.507
3.628
3.547
3.557
3.534
3.573
3.77
3.614
3.78
3.547
3.701
3.587
3.514
3.561
3.599
3.585
3.508
3.552
3.501
3.544
3.599
3.566
3.655
3.401
3.533
3.56
3.612
3.506
3.589
3.184
3.62
2.688
3.576
2.658
3.544
3.086
3.615
3.496
3.595
3.591
3.64
3.45
3.55
3.615
3.584
3.682
3.565
3.86
3.565
3.643
3.577
3.586
3.582
3.573
3.564
3.553
3.557
3.672
3.583
3.658
3.532
3.594
3.461
3.65
3.552
3.587
3.419
3.535
3.133
3.607
2.726
3.593
2.723
3.553
3.103
3.506
3.469
3.663
3.543
3.586
3.526
3.567
3.676
3.57
3.661
3.568
3.884
3.572
3.654
3.566
3.624
3.608
3.592
3.555
3.591
3.587
3.564
3.571
3.611
3.572
3.562
3.549
3.617
3.517
3.567
3.486
3.587
3.165
3.577
2.756
3.633
2.738
3.63
3.133
3.627
3.448
3.585
3.58
3.586
3.596
3.559
3.575
3.581
3.682
3.568
3.718
3.572
3.701
3.567
3.525
3.548
3.567
3.564
3.6
3.558
3.544
3.51
3.606
3.555
3.62
3.488
3.678
3.55
3.579
3.537
3.557
3.166
3.551
2.848
3.556
2.74
3.589
3.063
3.585
3.448
3.602
3.596
3.633
3.516
3.589
3.528
3.583
3.695
3.59
3.835
3.554
3.777
3.533
3.658
3.532
3.516
3.531
3.676
3.577
3.548
3.617
3.63
3.545
3.533
3.495
3.591
3.493
3.579
3.526
3.524
3.231
3.713
2.888
3.592
2.866
3.501
