0.399
0.402
0.401
0.608
0.435
0.398
0.36
0.402
0.625
0.4
0
0.398
0.4
0.404
0.403
0.404
0.401
0.384
0.43
0.4
0.402
0
0.402
0.401
0.403
0.403
0.404
0
0.4
0.406
0.402
0.384
0.398
0.536
0.434
0.422
0.432
0.4
0
0.4
0.401
0.402
0.4
0.401
0.4
0.398
0.403
0.401
0.404
0.402
0.556
0.442
0.396
0.347
0.402
0.678
0.4
0
0.4
0.401
0.4
0.401
0.402
0.399
0.402
0.418
0.401
0.402
0.401
0.427
0.402
0.406
0.619
0.395
0
0.401
0.401
0.4
0.404
0.401
0.402
0.401
0.41
0.403
0.397
0.4
0.527
0.466
0.401
0.354
0.401
0.561
0.404
0
0.4
0.403
0.403
0.4
0.404
0.396
0.395
0.407
0.402
0.435
0.41
0.404
0.369
0.399
0.744
0.399
0
0.405
0.403
0.405
0.402
0.401
0.402
0.4
0.405
0.397
0.399
0.402
0.456
0.458
0.399
0.402
0.4
0.357
0.4
0.375
0.402
0.4
0.4
0.404
0.401
0.4
0.4
0.401
0.4
0.424
0.439
0.401
0
0.401
0.798
0.403
0.4
0.401
0.4
0.398
0.401
0.4
0.404
0.417
0.401
0.645
0.399
0
0.401
0.404
0.402
0.477
0.399
0.402
0.4
0.398
0.398
0.401
0.401
0.402
0.469
0.399
0
0.397
0.732
0.399
0
0.399
0.4
0.399
0.399
0.399
0.397
0.397
0.404
0.401
0.4
0.4
0.4
0.427
0.404
0.652
0.4
0
0.398
0.401
0.4
0.399
0.398
0.4
0.399
0.397
0.397
0.404
0.398
0.399
0.468
0.398
0
0.402
0.821
0.4
0
0.4
0.402
0.401
0.399
0.399
0.404
0.402
0.4
0.4
0.398
0.4
0.4
0.458
0.402
0.501
0.398
0
0.399
0.384
0.398
0.402
0.4
0.396
0.396
0.403
0.398
0.399
0.399
0.396
0.433
0.399
0
0.4
0.876
0.402
0
0.4
0.4
0.399
0.402
0.397
0.398
0.398
0.404
0.401
0.4
0
0.401
0.503
0.401
0.398
0.397
0.758
0.4
0.4
0.397
0.404
0.401
0.399
0.404
0.403
0.391
0.398
0.779
0.401
0
0.399
0.4
0.4
0.494
0.401
0.401
0.4
0.404
0.401
0.404
0.402
0.399
0.461
0.401
0
0.401
0.87
0.404
0
0.403
0.397
0.397
0.4
0.399
0.398
0.398
0.401
0.4
0.403
0.401
0.402
0.489
0.402
0
0.402
0.705
0.4
0
0.402
0.4
0.4
0.399
0.398
0.4
0.4
0.4
0.399
0.399
0.398
0.4
0.462
0.399
0.433
0.4
0.363
0.4
0
0.4
0.402
0.401
0.402
0.401
0.398
0.4
0.4
0.399
0.396
0.4
0.4
0.414
0.403
0.61
0.4
0
0.403
0.396
0.398
0.405
0.399
0.401
0.399
0.404
0.399
0.402
0.398
0.399
0.411
0.399
0.381
0.4
0.724
0.398
0
0.398
0.401
0.401
0.403
0.355
0.401
0.397
0.402
0.4
0.403
0.4
0.399
0
0.399
0.351
0.403
0.766
0.397
0.4
0.398
0.399
0.399
0.398
0.399
0.397
0.466
0.396
0.347
0.398
0.6
0.397
0
0.399
0.4
0.373
0.4
0.399
0.402
0.397
0.396
0.4
0.397
0.397
0.395
0.452
0.397
0.389
0.399
0.493
0.396
0
0.393
0.393
0
0.4
0.382
0.398
0.394
0.394
0.393
0.396
0.4
0.399
0.432
0.397
0.431
0.397
0.382
0.394
0.358
0.395
0.402
0
0.4
0.379
0.398
0.396
0.396
0.395
0.399
0.398
0.397
0.425
0.397
0.449
0.397
0
0.396
0.364
0.392
0.396
0
0.397
0.376
0.394
0.402
0.397
0.396
0.397
0.398
0.399
0.43
0.396
0.446
0.397
0
0.393
0.37
0.394
0.398
0
0.397
0.369
0.399
0.398
0.393
0.392
0.395
0.4
0.396
0.425
0.395
0.425
0
0.377
0.397
0.361
0.391
0.398
0
0.396
0.362
0.401
0.399
0.398
0.396
0.399
0
0.393
0.429
0.396
0.405
0.4
0.425
0.399
0.35
0.383
0.398
0.394
0.395
0.406
0.397
0.394
0.396
0.563
0.396
0
0.374
0.396
0.393
0.389
0
0.398
0.37
0.398
0.395
0.398
0.394
0.399
0.398
0.396
0.395
0.394
0.503
0.394
0
0.384
0.394
0.392
0.396
0
0.394
0.364
0.396
0.396
0.395
0.393
0.395
0.398
0.398
0.4
0.397
0.453
0.396
0
0.389
0.393
0.392
0.394
0
0.396
0.356
0.396
0.398
0.395
0.393
0.396
0.397
0.391
0.41
0.398
0.412
0.395
0.389
0.392
0.378
0.382
0.392
0
0.397
0
0.394
0.394
0.393
0.392
0.396
0.395
0.392
0.41
0.394
0.393
0.396
0.436
0.396
0.365
0.365
0.395
0
0.396
0
0.396
0.395
0.395
0.393
0.395
0.392
0.394
0.406
0.399
0.39
0.393
0.395
0.395
0.353
0.353
0.392
0.347
0.396
0.396
0.394
0.395
0.398
0.398
0.397
0.394
0.393
0.409
0.394
0.386
0
0.396
0
0.396
0.396
0.396
0.395
0.397
0.398
0.394
0.394
0.394
0.393
0.393
0.397
0.396
0.389
0.368
0.394
0
0.394
0
0.393
0.396
0.396
0.395
0.399
0.391
0.393
0.396
0.395
0.394
0.394
0.4
0.395
0.394
0.347
0.396
0
0.394
0
0.397
0.396
0.395
0.39
0.396
0.392
0.392
0.395
0.394
0.389
0.396
0.397
0.396
0.395
0
0.398
0.39
0.393
0
0.396
0.384
0.394
0.391
0.395
0.394
0.393
0.396
0.395
0.394
0.394
0.397
0.393
0.395
0
0.395
0.389
0.393
0
0.396
0.363
0.393
0.388
0.392
0.395
0.394
0.396
0.395
0.395
0.393
0.39
0.39
0.396
0
0.393
0.389
0.393
0
0.397
0.349
0.394
0.388
0.395
0.395
0.395
0.397
0.396
0.392
0.392
0.393
0
0.393
0.378
0.392
0.387
0.391
0.394
0.394
0.395
0.395
0.392
0.391
0.393
0.395
0.394
0
0.394
0.389
0.396
0
0.399
0.37
0.394
0.394
0.397
0.391
0.393
0.393
0.393
0.395
0.394
0.395
0.393
0.391
0
0.386
0.382
0.392
0
0.396
0
0.395
0.398
0.393
0.394
0.394
0.395
0.393
0.396
0.395
0.391
0.394
0.395
0.357
0.394
0.387
0.39
0
0.393
0
0.396
0.394
0.393
0.394
0.392
0.395
0.395
0.391
0.391
0.393
0.393
0.393
0.392
0.394
0.363
0.393
0
0.395
0
0.393
0.394
0.393
0.392
0.394
0.394
0.396
0.395
0.394
0.393
0.393
0.392
0.392
0.393
0
0.393
0.369
0.395
0
0.395
0.387
0.394
0.395
0.393
0.398
0.396
0.395
0.394
0.394
0.393
0.394
0.392
0.394
0
0.396
0.392
0.395
0
0.393
0.396
0.394
0.386
0.391
0.392
0.398
0.396
0
0.397
0.395
0.394
0.396
0.397
0.356
0.393
0.39
0.395
0.4
0.429
0.395
0.394
0.394
0.397
0.397
0.394
0.396
0
0.394
0.394
0.394
0
0.396
0.35
0.395
0.395
0.395
0.395
0.398
0.399
0.415
0.394
0.4
0.394
0.396
0.398
0.395
0.398
0.369
0.397
0
0.395
0
0.393
0.393
0.414
0.393
0.388
0.394
0.512
0.399
0.397
0.396
0.398
0.395
0.396
0.395
0
0.394
0.393
0.396
0
0.395
0.377
0.396
0.387
0.395
0.401
0.469
0.4
0.398
0.395
0.4
0.397
0.387
0.399
0.38
0.394
0.393
0.397
0
0.395
0.354
0.396
0.4
0.418
0.398
0.381
0.4
0.544
0.393
0.402
0.391
0.397
0.398
0.398
0.399
0
0.392
0.397
0.396
0
0.398
0.377
0.408
0.392
0.396
0.398
0.547
0.402
0.4
0.396
0.398
0.396
0.396
0.398
0.374
0.396
0.389
0.393
0.397
0.397
0.363
