1.982
1.98
1.979
1.979
1.978
1.98
1.978
1.979
1.981
1.982
1.983
1.982
1.981
1.981
1.981
1.981
1.978
1.978
1.981
1.98
1.981
1.98
1.981
1.983
1.983
1.98
1.976
1.978
1.973
1.977
1.978
1.99
1.987
1.987
1.982
1.981
1.982
1.983
1.982
1.98
1.979
1.977
1.977
1.98
1.993
1.975
1.979
1.981
1.982
1.982
1.983
1.979
1.975
1.978
1.981
1.982
1.981
1.981
1.981
1.984
1.982
1.98
1.982
1.983
1.983
1.98
1.98
1.981
1.983
1.982
1.982
1.982
1.979
1.981
1.98
1.983
1.983
1.982
1.984
1.98
1.98
1.98
1.982
1.98
1.976
1.976
1.978
1.977
1.98
1.976
1.977
1.977
1.977
1.978
1.982
1.98
1.979
1.979
1.978
1.981
1.98
1.983
1.982
1.981
1.978
1.976
1.978
1.981
1.981
1.996
1.991
1.99
1.989
1.985
1.985
1.984
1.983
1.981
1.982
1.982
1.984
1.981
1.983
1.984
1.983
1.981
1.982
1.983
1.981
1.98
1.98
1.978
1.98
1.982
1.982
1.981
1.98
1.978
1.979
1.982
1.98
1.982
1.979
1.977
1.983
1.988
1.971
1.973
1.975
1.976
1.979
1.979
1.981
1.98
1.978
1.979
1.977
1.977
1.977
1.976
1.978
1.978
1.977
1.977
1.979
1.978
1.977
1.979
1.983
1.985
1.982
1.982
1.979
1.979
1.98
1.981
1.982
1.981
1.982
1.982
1.98
1.977
1.98
1.979
1.978
1.98
1.984
1.98
1.981
1.98
1.979
1.979
1.98
1.984
1.986
1.986
1.986
1.984
1.985
1.984
1.985
1.984
1.984
1.982
1.979
1.979
1.976
1.992
1.987
1.985
1.98
1.979
1.979
1.982
1.981
1.98
1.977
1.98
1.979
1.98
1.983
1.981
1.98
1.978
1.975
1.979
1.978
1.978
1.99
1.989
1.986
1.983
1.981
1.984
1.985
1.985
1.984
1.984
1.984
1.984
1.983
1.979
1.982
1.981
1.976
1.977
1.978
1.98
1.979
1.981
1.982
1.984
1.982
1.983
1.979
1.981
1.981
1.983
1.98
1.978
1.981
1.997
1.977
1.98
1.982
1.98
1.981
1.981
1.979
1.98
1.981
1.982
1.98
1.98
1.977
1.98
1.979
1.982
1.982
1.982
1.983
1.982
1.98
1.977
1.978
1.979
1.978
1.977
1.978
1.982
1.98
1.979
1.981
1.979
1.979
1.98
1.981
1.983
1.982
1.979
1.981
1.979
1.981
1.981
1.982
1.979
1.977
1.993
1.989
1.985
1.981
1.983
1.997
1.993
1.988
1.985
1.984
1.98
1.979
1.982
1.98
1.981
1.98
1.981
1.982
1.979
1.978
1.979
1.978
1.981
1.979
1.979
1.978
1.977
1.978
1.978
1.989
1.984
1.983
1.98
1.982
1.983
1.984
1.984
1.984
1.984
1.984
1.981
1.983
1.98
1.976
1.979
1.976
1.973
1.973
1.978
1.978
1.977
1.98
1.981
1.979
1.981
1.983
1.981
1.981
1.983
1.983
1.984
1.982
1.983
1.982
1.98
1.976
1.977
1.99
1.985
1.982
1.983
1.98
1.983
1.98
1.98
1.98
1.979
1.978
1.981
1.983
1.979
1.977
1.992
1.991
1.985
1.984
1.983
1.981
1.982
1.979
1.977
1.98
1.976
1.977
1.978
1.979
1.98
1.977
1.978
1.99
1.987
1.985
1.98
1.98
1.982
1.982
1.984
1.987
1.986
1.987
1.984
1.984
1.983
1.982
1.98
1.979
1.98
1.983
1.98
1.982
1.983
1.981
1.982
1.981
1.984
1.984
1.982
1.983
1.982
1.981
1.976
1.979
1.98
1.98
1.98
1.981
1.982
1.982
1.98
1.98
1.982
1.982
1.981
1.984
1.982
1.981
1.982
1.982
1.98
1.981
1.979
1.993
1.99
1.988
1.983
1.981
1.981
1.982
1.98
1.978
1.98
1.981
1.979
1.982
1.981
1.979
1.979
1.981
1.98
1.982
1.981
1.979
1.979
1.98
1.979
1.979
1.976
1.975
1.975
1.977
1.978
1.975
1.976
1.977
1.976
1.976
1.978
1.982
1.981
1.981
1.98
1.982
1.981
1.982
1.984
1.98
1.98
1.981
1.981
1.983
1.98
1.977
1.978
1.976
1.975
1.977
1.975
1.974
1.977
1.979
1.979
1.979
1.98
1.982
1.983
1.983
1.981
1.978
1.979
1.978
1.978
1.978
1.98
1.982
1.982
1.983
1.985
1.982
1.985
1.982
1.981
1.984
1.982
1.98
1.979
1.977
1.974
1.979
1.979
1.979
1.98
1.98
1.982
1.981
1.977
1.977
1.978
1.981
1.982
1.981
1.981
1.979
1.98
1.982
1.981
1.98
1.98
1.981
1.979
1.979
1.981
1.98
1.979
1.98
1.983
1.981
1.978
1.98
1.977
1.979
1.98
1.979
1.975
1.977
1.978
1.981
1.98
1.98
1.979
1.98
1.982
1.983
1.982
1.982
1.982
1.982
1.982
1.983
1.981
1.983
1.982
1.984
1.982
1.981
1.98
1.979
1.978
1.979
1.978
1.98
1.98
1.98
1.981
1.98
1.979
1.98
1.979
1.979
1.981
1.979
1.98
1.979
1.976
1.978
1.979
1.981
1.984
1.98
1.982
1.98
1.979
1.982
1.979
1.977
1.981
1.983
1.984
1.981
1.976
1.978
1.983
1.984
1.98
1.98
1.979
1.977
1.978
1.979
1.98
1.981
1.983
1.98
1.979
1.981
1.979
1.979
1.981
1.979
1.979
1.98
1.98
1.981
1.982
1.982
1.98
1.981
1.98
1.981
1.98
1.978
1.98
1.979
1.981
1.981
1.979
1.979
1.978
1.977
1.976
1.975
1.978
1.978
1.978
1.978
1.978
1.976
1.981
1.981
1.982
1.979
1.979
1.977
1.98
1.997
1.995
1.992
1.984
1.982
1.979
1.978
1.976
1.979
1.977
1.978
1.981
1.979
1.977
1.977
1.98
1.976
1.974
1.975
1.975
1.975
1.979
1.981
1.982
1.98
1.979
1.979
1.983
1.986
1.984
1.981
1.98
1.979
1.978
1.98
1.977
1.979
1.982
1.979
1.976
1.981
1.982
1.978
1.98
1.98
1.978
1.983
1.982
1.982
1.979
1.982
1.98
1.982
1.982
1.985
1.987
1.983
1.984
1.961
1.969
1.97
1.974
1.975
1.979
1.979
1.983
1.983
1.984
1.984
1.983
1.986
1.987
1.987
1.985
1.983
1.983
1.979
1.977
1.978
1.977
1.979
1.98
1.979
1.981
1.981
1.981
1.981
1.983
1.985
1.978
1.977
1.978
1.978
1.981
1.98
1.978
1.979
1.978
1.976
1.972
1.973
1.99
1.989
1.984
1.984
1.981
1.983
1.983
1.982
1.982
1.984
1.983
1.978
1.976
1.979
1.978
1.982
1.982
1.981
1.978
1.981
1.98
1.98
1.99
1.987
1.982
1.979
1.984
1.982
1.982
1.982
1.982
1.981
1.98
1.981
1.981
1.983
1.981
1.984
1.981
1.982
1.984
1.984
1.983
1.981
1.979
1.98
1.981
1.976
1.977
1.978
1.976
1.974
1.975
1.975
1.98
1.979
1.978
1.978
1.977
1.977
1.977
1.981
1.979
1.978
1.98
1.978
1.98
1.98
1.983
1.982
1.98
1.98
1.977
1.979
1.98
1.977
1.978
1.982
1.983
1.98
1.978
1.982
1.984
1.984
1.984
1.984
1.984
1.983
1.984
1.986
1.983
1.986
1.985
1.986
1.982
1.982
1.978
1.979
1.975
1.974
1.977
1.978
1.976
1.976
1.974
1.976
1.978
1.979
1.979
1.982
1.982
1.982
1.98
1.978
1.979
1.977
1.982
1.982
1.984
1.983
1.98
1.979
1.983
1.982
1.98
1.994
1.986
1.984
1.981
1.98
1.982
1.981
1.982
1.982
1.982
1.979
1.977
1.978
1.974
1.974
1.976
1.978
1.981
1.982
1.981
1.981
1.981
1.982
1.979
1.983
1.983
1.981
1.983
1.986
1.983
1.981
1.982
1.979
1.981
1.994
1.992
1.987
1.984
1.984
1.982
1.983
1.979
1.978
1.979
1.977
1.979
1.979
1.979
1.98
1.979
1.977
1.982
1.984
1.982
1.981
1.979
1.978
1.982
1.98
1.981
1.978
1.994
1.989
1.985
1.985
1.985
1.982
1.979
1.983
1.981
1.982
1.982
1.98
1.977
1.977
1.978
1.979
1.978
1.979
1.98
1.983
1.984
1.982
1.982
1.983
