1.978
2.052
1.985
2.022
1.998
2.004
1.999
1.939
1.971
2.002
1.987
1.996
1.995
1.95
2.01
1.983
2.088
2.002
2.108
1.971
1.963
1.968
1.994
1.99
1.943
1.986
1.966
1.973
1.988
1.988
1.977
2.039
1.969
2.046
2.005
2.191
1.984
2.005
1.968
2.013
2.007
1.978
1.981
1.926
1.981
1.994
1.992
1.993
2.009
1.939
2.05
1.989
1.993
1.993
2.019
1.963
1.986
1.99
2.023
2
1.946
1.976
1.959
1.98
1.981
1.984
1.975
2.039
1.961
2.039
1.994
1.97
1.975
1.99
1.982
2.014
2.005
1.98
1.982
1.925
1.984
1.987
2.133
1.98
1.983
1.961
2.032
1.967
2.065
2.006
1.968
1.971
1.974
1.981
1.983
1.983
1.977
1.981
1.972
2.019
1.994
1.994
1.983
1.99
1.968
2.035
1.96
2.075
1.997
2.138
1.969
1.969
1.97
1.987
1.99
1.979
2.002
1.957
1.965
2.012
1.993
1.993
1.996
1.965
2.032
1.971
2.075
1.997
1.946
1.983
1.985
1.984
2.006
1.986
1.984
2.008
1.967
2.041
1.982
1.986
1.996
2.146
1.988
2.05
1.955
2.051
2.001
1.975
1.981
1.975
1.978
1.988
1.986
2.013
1.992
1.969
2.058
1.937
1.971
1.981
2.154
1.969
1.966
1.95
2.024
2.003
2.133
1.986
2.073
1.982
1.957
1.961
2.02
1.999
1.991
1.989
1.963
1.983
1.993
2.147
1.99
1.99
1.973
1.964
1.964
2.039
2.016
2.152
1.99
1.945
1.988
2.003
2
1.983
1.986
1.975
2.047
1.979
2.012
1.994
1.995
1.984
1.979
1.975
1.955
1.961
2.072
1.989
2.143
1.974
1.907
1.989
2.01
2.003
1.99
1.99
1.957
2.038
1.955
2.055
2.002
2.154
1.983
1.926
2.002
1.998
1.993
1.98
1.984
1.976
1.98
1.934
1.977
2.012
2.008
1.996
1.99
1.989
1.99
1.965
1.972
1.982
2.144
1.999
2.021
1.945
2.015
1.987
2.142
1.996
2.063
1.973
1.932
1.986
2.001
1.996
1.988
2.008
1.971
2.046
1.977
2.055
1.996
2.165
1.984
1.906
1.96
2.006
1.996
2.03
2.009
2.081
1.983
1.894
1.986
1.991
1.99
1.976
1.991
1.972
2.059
1.933
2.04
2.01
2.188
1.987
1.917
1.979
1.942
1.973
2.006
2
1.966
1.97
1.868
1.99
2.001
1.995
1.992
1.988
1.985
2.07
1.948
2.038
1.995
2.202
1.991
2.003
1.998
1.888
1.96
1.998
1.993
2.199
1.992
1.936
1.966
1.955
1.977
2.023
1.999
1.981
2.014
1.967
2.013
1.962
2.118
2.008
2.091
1.988
1.857
1.988
1.992
1.989
2.167
1.98
1.995
1.995
1.962
1.986
1.997
1.993
2.012
2.006
1.976
2.051
1.96
2.009
1.991
2.202
1.982
1.884
1.984
1.909
1.967
2.006
2
1.991
1.988
1.943
1.974
1.971
1.975
1.999
1.994
1.994
1.992
1.975
1.982
1.981
2.127
1.978
2.051
1.986
1.845
1.985
1.99
1.989
1.999
1.996
1.994
1.992
1.95
1.971
1.998
1.994
1.986
2.01
1.957
2.055
1.987
2.016
1.997
2.201
1.99
1.886
1.978
1.891
1.984
2.024
2.015
1.993
1.991
1.934
1.988
1.95
1.974
1.989
1.985
1.992
2.076
1.972
1.996
1.977
2.108
1.987
2.088
1.992
1.824
1.982
1.984
1.985
1.997
1.988
2.019
1.995
1.956
1.963
1.989
1.991
1.985
2.008
1.991
2.07
1.992
1.995
1.992
2.208
1.98
1.973
1.975
1.85
1.992
1.993
1.991
1.983
1.986
1.918
1.978
1.961
1.985
2.002
1.998
1.975
2.045
1.993
2.047
1.88
2.018
1.992
2.196
1.981
1.814
1.991
1.907
1.976
2.032
1.994
1.983
2.004
1.99
1.995
1.974
1.988
2.001
1.999
1.986
2.056
1.965
1.991
1.974
2.139
1.995
2.071
1.989
1.808
1.992
1.993
1.993
1.992
1.988
1.987
1.988
1.989
1.987
1.987
1.987
1.983
2.004
1.984
2.078
1.98
1.983
1.983
2.226
2.001
1.942
1.987
1.849
1.978
1.981
1.983
1.979
1.984
1.99
1.994
1.98
1.982
1.989
1.988
1.984
2.055
1.997
2.059
1.976
2.02
1.997
2.195
1.994
1.779
1.979
1.92
1.989
2.026
2.018
2.004
2
1.978
1.983
1.971
1.991
2.007
2.004
1.992
2.079
1.985
2.004
1.977
2.131
1.986
2.093
1.987
1.754
1.99
1.972
1.99
1.985
1.991
1.98
1.983
1.977
1.983
1.984
2.003
1.993
1.991
2.001
2.071
1.986
1.986
1.983
2.199
1.984
1.991
1.992
1.783
1.981
1.981
2.001
2
1.997
1.975
1.979
1.967
1.972
1.991
1.991
2.001
1.999
1.968
2.114
1.982
2.001
2
2.245
2
1.9
1.982
1.8
1.983
1.984
1.984
2.013
2.01
1.97
1.992
1.989
1.986
2.006
2
1.99
2.051
1.988
2.068
1.979
2.002
1.996
2.248
2.002
1.777
1.991
1.856
1.984
2.024
1.985
1.989
1.988
1.978
1.983
1.975
1.976
1.998
1.995
1.995
2.068
1.978
2.021
1.993
2.093
1.995
2.137
2.002
1.712
1.984
1.928
1.979
2.009
2.002
1.998
1.999
1.968
1.974
1.973
1.978
2.001
1.997
2.006
2.089
1.98
1.984
1.982
2.189
1.992
2.016
2.005
1.768
1.982
1.98
1.979
1.991
1.989
1.99
1.991
1.968
1.971
1.995
1.996
2.001
2.002
1.976
2.085
1.971
1.994
1.997
2.264
1.993
1.905
2.001
1.795
1.985
1.989
1.991
2.004
2.002
1.995
1.992
1.993
1.99
1.992
1.992
1.991
2.013
1.991
2.075
2.002
2.014
1.996
2.243
1.99
1.744
1.979
1.855
1.981
1.992
1.99
1.989
1.986
1.973
1.977
1.967
1.972
1.985
1.985
1.975
2.07
1.995
2.013
1.981
2.098
2.006
2.146
1.994
1.73
1.98
1.941
1.987
1.984
1.988
2.002
1.999
1.972
1.985
1.989
1.99
1.993
2
1.987
2.086
1.974
1.98
1.979
2.231
1.977
1.98
1.97
1.769
1.991
1.99
1.989
1.991
1.993
1.98
1.98
1.972
1.977
1.993
1.99
1.984
2.01
1.984
2.072
1.985
2.003
1.997
2.243
1.996
1.76
1.977
1.878
1.985
1.989
1.99
2.007
2.004
1.963
1.986
1.988
1.989
1.984
1.986
1.975
2.066
1.979
1.994
1.972
2.141
1.988
2.081
1.996
1.75
1.991
1.991
1.99
1.975
1.976
2.003
2.002
1.991
1.99
1.993
1.991
1.991
2.008
1.966
2.081
1.968
2.006
1.983
2.251
2.005
1.835
1.996
1.863
1.986
2.005
1.999
2.013
2.006
1.987
1.989
2.02
2.01
2.011
1.991
1.993
2.068
1.991
2.014
1.995
2.104
2.001
2.078
1.996
1.782
1.987
1.985
1.985
1.996
1.995
1.989
1.993
2.002
1.996
1.997
1.997
1.981
1.996
1.952
2.073
1.998
1.996
1.994
2.212
1.984
1.771
1.988
1.896
1.987
1.999
1.996
1.985
1.991
1.964
1.989
1.976
1.99
2.002
2.002
2.021
2.07
1.984
1.986
1.986
2.179
1.987
1.988
1.985
1.805
1.975
1.995
1.992
1.981
1.984
1.974
1.992
1.948
1.992
2.007
2
1.987
2.05
1.988
2.03
1.985
2.091
2.001
2.085
1.999
1.769
1.983
1.963
1.982
1.989
1.989
1.989
1.989
1.979
1.984
1.988
1.985
1.998
2.023
1.987
2.061
1.992
1.992
1.991
2.177
1.97
1.785
1.995
1.885
1.977
2.03
2.005
2.006
2
1.966
1.99
1.977
1.982
1.998
1.995
1.992
2.063
1.981
1.982
1.983
2.177
1.989
1.847
1.97
1.851
1.986
2
1.996
2.001
2
1.991
1.988
1.969
1.989
2.003
2.001
2.003
2.069
1.973
1.98
1.985
2.171
1.993
1.917
1.992
1.84
1.992
1.99
1.99
1.995
1.977
1.972
1.979
1.97
1.994
2.008
2.002
1.991
2.046
1.993
1.991
1.992
2.138
1.999
1.941
1.988
1.816
1.982
2
1.998
1.981
1.984
1.973
