2.877
2.872
2.832
2.841
2.863
2.859
2.877
2.906
2.891
2.979
2.866
3.771
2.859
2.9
2.889
2.889
2.877
2.866
2.863
2.882
2.874
2.857
2.856
2.851
2.849
2.875
2.874
2.874
2.977
2.857
2.881
2.875
2.853
2.853
2.865
2.86
2.849
2.871
2.86
2.984
2.87
2.865
2.86
2.9
2.861
2.857
2.853
2.841
2.844
2.896
2.889
2.895
2.862
2.861
3.052
2.871
3.324
2.87
3.161
2.864
2.875
2.866
2.839
2.849
2.862
2.859
2.898
2.862
2.865
3.029
2.847
3.187
2.862
3.413
2.852
2.892
2.842
3.477
2.851
2.88
2.872
2.877
2.867
2.863
2.975
2.88
3.086
2.833
3.699
2.87
2.887
2.877
2.861
2.861
2.848
2.851
2.877
2.867
2.869
2.967
2.861
2.978
2.869
4.148
2.855
2.888
2.86
2.867
2.86
2.867
2.861
2.863
2.865
2.86
2.887
2.843
2.99
2.872
3.786
2.833
2.918
2.885
2.878
2.872
2.842
2.843
2.857
2.857
2.87
2.871
2.865
2.99
2.86
3.664
2.856
2.95
2.902
2.875
2.867
2.847
2.85
2.888
2.879
2.885
2.875
2.867
3.07
2.834
3.481
2.861
3.123
2.852
2.866
2.862
2.855
2.853
2.89
2.858
2.873
2.867
2.853
3.092
2.85
3.355
2.867
3.282
2.865
2.885
2.874
2.851
2.852
2.957
2.858
2.871
2.864
2.857
3.08
2.865
3.231
2.864
3.478
2.86
2.878
2.876
2.86
2.856
2.869
2.867
2.877
2.868
2.851
3.057
2.877
3.116
2.857
3.616
2.866
2.869
2.863
2.877
2.865
2.901
2.887
2.861
2.863
2.863
3.011
2.883
3.088
2.855
3.725
2.856
2.863
2.86
2.869
2.863
2.851
2.853
2.864
2.861
2.85
3.01
2.865
3.088
2.855
3.723
2.846
2.846
2.85
2.855
2.855
2.857
2.852
2.873
2.869
2.854
3.005
2.879
3.106
2.863
3.671
2.873
2.852
2.855
2.863
2.859
2.86
2.855
2.878
2.873
2.84
3.041
2.859
3.121
2.857
3.518
2.865
2.889
2.852
2.865
2.857
2.9
2.867
2.874
2.872
2.857
3.052
2.867
3.169
2.864
3.347
2.852
2.881
2.859
2.837
2.844
2.864
2.86
2.881
2.872
2.873
3.061
2.853
3.307
2.856
3.116
2.847
2.887
2.88
2.869
2.866
2.874
2.866
2.856
2.863
2.867
2.996
2.865
3.611
2.863
2.945
2.896
2.885
2.874
2.853
2.858
2.86
2.859
2.866
2.896
2.847
2.968
2.862
3.847
2.859
2.877
2.871
2.865
2.868
2.87
2.863
2.901
2.868
2.861
2.991
2.87
3.012
2.867
3.485
2.851
2.852
2.854
2.843
2.849
2.898
2.863
2.873
2.864
2.862
3.007
2.88
3.384
2.87
2.934
2.874
2.867
2.865
2.866
2.86
2.875
2.846
2.849
2.883
2.873
2.917
2.885
3.643
2.88
2.882
2.872
2.867
2.864
2.884
2.872
2.884
2.872
2.866
2.973
2.874
3.256
2.843
3.023
2.881
2.872
2.87
2.859
2.856
2.873
2.845
2.846
2.886
2.864
2.955
2.88
3.605
2.846
2.89
2.86
2.843
2.845
2.863
2.86
2.87
2.864
2.87
2.985
2.86
3.374
2.861
2.9
2.866
2.835
2.842
2.855
2.855
2.917
2.881
2.872
2.966
2.874
3.103
2.864
3.139
2.86
2.897
2.867
2.845
2.846
2.877
2.872
2.871
2.872
2.87
2.975
2.872
3.358
2.849
2.867
2.864
2.884
2.873
2.899
2.847
2.875
2.875
2.865
2.956
2.873
3.431
2.856
2.873
2.864
2.865
2.86
2.902
2.875
2.874
2.871
2.86
2.961
2.859
3.387
2.844
2.867
2.865
2.843
2.85
2.878
2.869
2.869
2.866
2.863
2.957
2.849
3.29
2.879
2.888
2.876
2.866
2.864
2.879
2.87
2.885
2.878
2.882
2.961
2.881
3.274
2.855
2.909
2.874
2.857
2.853
2.867
2.859
2.874
2.869
2.84
2.929
2.872
3.313
2.846
2.853
2.854
2.831
2.856
2.88
2.874
2.861
2.858
2.853
2.966
2.867
3.319
2.859
2.877
2.87
2.861
2.86
2.89
2.88
2.851
2.856
2.863
2.887
2.877
3.214
2.86
2.888
2.857
2.853
2.85
2.885
2.873
2.859
2.888
2.861
2.987
2.868
2.995
2.876
2.901
2.872
2.846
2.845
2.878
2.872
2.862
2.947
2.867
3.191
2.85
2.885
2.86
2.86
2.86
2.882
2.874
2.871
2.868
2.877
2.874
2.869
3.18
2.862
2.86
2.859
2.852
2.849
2.875
2.871
2.851
2.879
2.872
2.995
2.857
2.902
2.858
2.891
2.867
2.864
2.859
2.866
2.863
2.856
2.932
2.885
3.204
2.87
2.866
2.857
2.832
2.838
2.851
2.849
2.856
2.856
2.857
2.899
2.868
2.896
2.86
2.901
2.867
2.843
2.849
2.867
2.863
2.857
2.901
2.847
3.195
2.848
2.848
2.849
2.846
2.848
2.843
2.848
2.853
2.879
2.854
2.981
2.865
2.861
2.858
2.883
2.871
2.869
2.87
2.869
2.867
2.877
2.892
2.862
2.998
2.869
2.882
2.872
2.859
2.854
2.867
2.861
2.848
2.893
2.861
3.185
2.852
2.865
2.863
2.861
2.86
2.854
2.85
2.864
2.894
2.83
3
2.853
2.845
2.847
2.876
2.871
2.803
2.836
2.892
2.879
2.845
2.852
2.849
2.848
2.851
2.855
2.852
2.855
2.857
2.856
2.855
2.878
2.872
2.837
2.939
2.9
2.871
2.861
2.862
2.859
2.858
2.858
2.868
2.867
2.867
3.016
2.872
2.887
2.874
2.857
2.851
2.854
2.851
2.868
2.888
2.858
3.145
2.843
2.845
2.851
2.854
2.849
2.852
2.851
2.863
2.895
2.85
3.128
2.836
2.844
2.845
2.851
2.848
2.83
2.833
2.846
2.871
2.836
3.168
2.845
2.781
2.842
2.842
2.842
2.83
2.836
2.851
2.881
2.822
3.146
2.857
2.791
2.827
2.849
2.852
2.819
2.846
2.872
2.894
2.834
3.139
2.855
2.796
2.85
2.864
2.856
2.821
2.847
2.857
2.855
2.826
3.141
2.84
2.847
2.852
2.857
2.857
2.85
2.852
2.864
2.866
2.841
3.076
2.863
2.856
2.852
2.902
2.874
2.869
2.864
2.852
2.882
2.874
2.904
2.873
2.869
2.868
2.866
2.857
2.858
2.856
2.854
2.852
2.867
2.787
2.84
2.845
2.848
2.799
2.832
2.831
2.838
2.838
2.835
2.841
2.607
2.862
2.859
2.858
2.853
2.851
2.854
2.855
2.836
2.87
2.864
2.625
2.835
2.848
2.849
2.836
2.839
2.872
2.868
2.846
3.08
2.846
2.667
2.867
2.852
2.853
2.841
2.845
2.834
2.866
2.814
3.109
2.877
2.84
2.841
2.857
2.852
2.853
2.851
2.854
2.854
2.85
2.816
2.826
2.833
2.854
2.872
2.868
2.849
2.856
2.862
2.859
2.859
2.526
2.84
2.867
2.845
2.849
2.849
2.861
2.884
2.873
3.029
2.88
2.672
2.834
2.86
2.857
2.86
2.858
2.849
2.877
2.838
2.971
2.861
2.86
2.856
2.85
2.851
2.847
2.847
2.849
2.844
2.846
2.555
2.861
2.853
2.856
2.87
2.865
2.858
2.862
2.853
2.959
2.854
2.558
2.85
2.843
2.845
2.88
2.848
2.851
2.853
2.836
3.081
2.831
2.832
2.838
2.834
2.841
2.841
2.846
2.86
2.822
2.855
2.501
2.862
2.852
2.85
2.859
2.863
2.861
2.864
2.852
2.995
2.879
2.607
2.852
2.851
2.852
2.841
2.841
2.865
2.862
2.825
2.835
2.841
2.838
2.842
2.858
2.855
2.832
2.839
2.865
2.827
2.833
2.417
2.864
2.86
2.853
2.845
2.844
2.855
2.886
2.838
3.141
2.877
2.708
2.833
2.863
2.838
2.841
2.841
2.815
2.818
2.853
2.539
2.838
2.806
2.843
2.893
2.861
2.857
2.861
2.856
2.902
2.858
2.498
2.867
2.828
2.834
2.858
2.854
2.849
2.853
2.82
2.837
2.84
2.84
2.842
2.828
2.853
2.849
2.852
2.856
2.773
2.836
2.386
2.862
2.884
2.873
2.869
2.86
2.864
2.895
2.864
3.144
2.855
2.816
