2.897
2.919
2.912
2.907
2.342
2.923
3.492
2.911
2.866
2.901
2.964
2.953
2.926
2.924
2.899
2.896
2.954
2.925
2.884
2.4
2.934
2.811
2.912
2.911
2.91
2.954
2.94
2.893
2.894
2.896
2.895
2.93
2.788
2.924
2.487
2.907
4.009
2.907
2.902
2.897
2.321
2.913
2.928
2.916
2.884
2.904
2.932
2.917
2.895
2.604
2.912
3.427
2.945
2.817
2.903
2.944
2.935
2.938
2.929
2.921
2.919
2.936
2.927
2.893
2.693
2.9
2.901
2.925
2.803
2.911
2.962
2.926
2.96
2.924
2.914
2.909
2.937
2.773
2.922
2.81
2.895
2.653
2.921
3.007
2.917
2.514
2.915
2.945
2.913
2.906
2.904
2.924
2.78
2.918
2.878
2.883
2.515
2.938
3.057
2.921
2.938
2.93
2.969
2.915
2.879
2.902
2.914
2.809
2.924
2.916
2.91
2.496
2.927
3.143
2.913
2.892
2.919
2.973
2.915
2.924
2.917
2.93
2.83
2.926
2.916
2.917
2.462
2.926
3.145
2.907
2.887
2.894
2.946
2.932
2.877
2.909
2.919
2.824
2.929
2.918
2.912
2.508
2.935
3.128
2.912
2.894
2.9
3.378
2.922
2.887
2.892
2.941
2.79
2.934
2.89
2.898
2.575
2.927
3.025
2.93
2.913
2.91
2.994
2.926
2.916
2.912
2.929
2.813
2.937
2.822
2.883
2.737
2.929
2.99
2.937
2.938
2.927
2.963
2.95
2.918
2.911
2.95
2.731
2.904
2.683
2.918
3.133
2.944
2.872
2.88
2.946
2.933
2.928
2.916
2.889
2.892
2.978
2.791
2.894
2.534
2.928
3.702
2.94
2.929
2.923
2.928
2.92
2.915
2.905
2.912
2.905
2.92
2.885
2.891
2.408
2.924
3.532
2.924
2.862
2.893
2.973
2.92
2.924
2.914
2.93
2.832
2.932
2.903
2.904
2.629
2.938
3.04
2.923
2.93
2.923
2.965
2.928
2.915
2.91
2.97
2.809
2.901
2.653
2.906
3.355
2.926
2.915
2.911
2.941
2.928
2.916
2.917
2.908
2.877
2.911
2.904
2.907
2.434
2.93
3.237
2.897
2.936
2.926
2.952
2.917
2.914
2.912
2.932
2.822
2.918
2.721
2.899
3.221
2.925
2.917
2.915
2.974
2.939
2.935
2.925
2.892
2.894
2.96
2.928
2.922
2.493
2.908
3.18
2.914
2.905
2.906
2.933
2.925
2.919
2.913
2.937
2.792
2.912
2.625
2.921
3.489
2.928
2.923
2.919
2.96
2.919
2.956
2.921
2.921
2.878
2.946
2.894
2.916
2.922
2.938
2.874
2.903
2.938
2.905
2.948
2.935
2.878
2.882
2.939
2.904
2.91
2.585
2.943
3.056
2.936
2.906
2.909
2.984
2.918
2.919
2.913
2.922
2.842
2.925
2.556
2.915
3.338
2.911
2.851
2.889
2.947
2.917
2.914
2.916
2.948
2.821
2.926
2.637
2.927
3.475
2.924
2.895
2.897
3.015
2.914
2.911
2.91
2.931
2.83
2.922
2.671
2.909
3.465
2.929
2.916
2.913
2.939
2.926
2.893
2.894
2.944
2.836
2.918
2.73
2.914
3.51
2.922
2.916
2.91
3.003
2.913
2.889
2.894
2.915
2.834
2.916
2.682
2.908
3.435
2.934
2.924
2.918
2.956
2.922
2.913
2.91
2.951
2.844
2.95
2.621
2.926
3.329
2.937
2.853
2.89
2.957
2.92
2.917
2.917
2.944
2.909
2.908
2.629
2.923
3.093
2.915
2.934
2.929
2.923
2.915
2.893
2.891
2.928
2.922
2.912
2.903
2.93
2.898
2.9
2.922
2.918
2.921
2.897
2.942
2.909
2.919
2.891
2.899
3.395
2.939
2.931
2.924
2.949
2.919
2.913
2.906
2.942
2.842
2.944
2.711
2.934
3.242
2.905
2.862
2.89
2.965
2.93
2.92
2.916
2.937
2.928
2.922
2.918
2.934
2.924
2.901
2.954
2.939
2.95
2.937
2.915
2.884
2.934
2.872
2.883
3.349
2.922
2.92
2.915
2.968
2.933
2.928
2.903
2.924
2.918
2.914
2.886
2.921
2.914
2.911
2.958
2.922
2.969
2.929
2.915
2.91
2.902
2.816
2.909
3.289
2.911
2.91
2.91
2.975
2.926
2.921
2.913
2.93
2.935
2.93
3.126
2.943
2.917
2.912
2.948
2.935
2.931
2.925
2.952
2.892
2.931
2.802
2.92
3.043
2.939
2.918
2.919
2.948
2.934
2.902
2.901
2.907
2.887
2.892
3.392
2.935
2.924
2.911
2.974
2.94
2.936
2.909
2.953
2.924
2.915
3.206
2.91
2.916
2.915
2.997
2.903
2.907
2.907
2.908
2.909
2.911
2.997
2.944
2.934
2.928
2.932
2.918
2.92
2.912
2.911
2.905
2.937
2.908
2.91
3.01
2.925
2.915
2.915
2.935
2.911
2.907
2.906
2.934
2.925
2.916
3.141
2.906
2.908
2.903
2.903
2.901
2.902
2.901
2.922
2.917
2.916
3.232
2.906
2.908
2.907
2.965
2.935
2.929
2.923
2.914
2.936
2.908
3.296
2.905
2.908
2.905
2.928
2.92
2.946
2.916
2.926
2.929
2.92
3.361
2.918
2.914
2.912
2.941
2.935
2.926
2.92
2.935
2.932
2.923
3.371
2.932
2.933
2.93
2.928
2.922
2.922
2.917
2.93
2.931
2.919
3.288
2.939
2.937
2.928
2.93
2.903
2.928
2.922
2.909
2.938
2.904
3.252
2.922
2.917
2.914
2.923
2.917
2.924
2.919
2.929
2.95
2.917
3.19
2.906
2.91
2.906
2.924
2.922
2.926
2.919
2.917
2.951
2.938
3.076
2.895
2.934
2.92
2.936
2.904
2.955
2.917
2.924
3.037
2.942
2.94
2.919
2.974
2.924
2.927
2.918
2.929
2.906
2.912
3.174
2.925
2.946
2.935
2.939
2.91
2.942
2.914
2.931
2.948
2.933
3.359
2.927
2.954
2.922
2.94
2.924
2.942
2.93
2.913
2.952
2.919
3.347
2.913
2.943
2.937
2.916
2.912
2.918
2.915
2.92
2.997
2.954
3.194
2.896
2.957
2.926
2.898
2.903
2.928
2.923
2.906
3.171
2.92
2.946
2.916
2.933
2.925
2.928
2.918
2.945
2.943
2.931
3.359
2.922
2.925
2.919
2.945
2.933
2.915
2.916
2.935
2.952
2.92
3.395
2.903
2.952
2.921
2.91
2.91
2.923
2.915
2.903
3.038
2.929
3.119
2.893
2.932
2.923
2.891
2.897
2.932
2.927
2.918
3.369
2.923
2.959
2.925
2.913
2.909
2.947
2.936
2.898
2.986
2.931
3.417
2.92
2.956
2.916
2.875
2.886
2.929
2.922
2.884
2.912
2.91
3.163
2.884
2.904
2.907
2.885
2.889
2.899
2.934
2.909
3.505
2.925
2.954
2.924
2.932
2.922
2.924
2.919
2.909
2.991
2.928
3.448
2.897
2.916
2.916
2.886
2.892
2.919
2.919
2.883
3.171
2.894
3.026
2.896
2.967
2.93
2.895
2.899
2.934
2.968
2.928
3.62
2.909
2.911
2.909
2.884
2.891
2.919
2.917
2.895
3.004
2.933
3.252
2.89
2.907
2.907
2.875
2.906
2.927
2.955
2.904
3.452
2.926
2.931
2.921
2.927
2.922
2.943
2.912
2.91
3.003
2.933
3.498
2.909
2.964
2.933
2.855
2.911
2.93
2.954
2.875
3.173
2.925
2.971
2.871
2.922
2.92
2.901
2.9
2.905
3.019
2.94
3.718
2.91
2.971
2.939
2.889
2.89
2.939
2.931
2.873
3.038
2.927
3.145
2.889
2.93
2.927
2.864
2.897
2.921
3.009
2.935
4.003
2.917
2.978
2.934
2.878
2.91
2.936
2.911
2.892
2.999
2.947
3.382
2.901
2.934
2.925
2.851
2.894
2.927
2.967
2.883
3.611
2.941
2.941
2.911
2.895
2.899
2.906
2.903
2.889
3.032
2.92
3.627
2.888
2.909
2.91
2.853
2.923
2.904
2.933
2.867
3.404
2.929
3.011
2.913
2.892
2.917
2.918
2.917
2.913
3.062
2.908
3.802
2.871
2.915
2.909
2.857
2.891
2.938
2.935
2.89
3.295
2.91
2.998
2.879
2.888
2.898
2.948
2.937
2.912
3.047
2.913
3.988
2.9
2.966
2.934
2.869
2.881
2.946
2.938
2.87
3.214
2.916
2.993
2.899
2.923
2.924
2.877
2.908
2.913
3.067
2.93
