3.555
3.554
3.549
3.556
3.557
3.558
3.561
3.562
3.56
3.564
3.56
3.56
3.559
3.563
3.56
3.562
3.559
3.56
3.557
3.562
3.556
3.551
3.547
3.556
3.556
3.557
3.554
3.552
3.55
3.557
3.561
3.568
3.567
3.567
3.569
3.565
3.566
3.563
3.557
3.553
3.552
3.549
3.545
3.554
3.553
3.557
3.561
3.557
3.553
3.547
3.552
3.55
3.552
3.554
3.555
3.554
3.551
3.55
3.549
3.546
3.557
3.56
3.56
3.561
3.563
3.563
3.557
3.558
3.556
3.561
3.554
3.557
3.557
3.563
3.563
3.557
3.561
3.56
3.557
3.561
3.559
3.551
3.552
3.559
3.562
3.557
3.552
3.554
3.553
3.556
3.556
3.56
3.561
3.553
3.556
3.559
3.56
3.563
3.562
3.559
3.559
