3.206
3.163
3.13
3.097
3.131
3.126
3.178
3.139
3.14
3.119
3.155
3.17
3.137
3.129
3.133
3.137
3.136
3.168
3.134
3.155
3.181
3.181
3.15
3.143
3.182
3.173
3.217
3.173
3.389
3.155
3.911
3.166
-1
3.125
3.558
3.112
2.98
3.191
2.924
3.138
3.18
3.167
3.201
3.158
3.172
3.141
3.093
3.102
3.14
3.116
3.088
3.113
3.161
3.155
3.129
3.177
3.172
3.152
3.16
3.153
3.142
3.18
3.15
3.149
3.175
3.217
3.155
3.194
3.128
3.17
3.172
3.409
3.112
4.322
3.141
-1
3.092
3.201
3.163
2.966
3.15
2.942
3.121
3.119
3.151
3.167
3.139
3.076
3.151
3.111
3.162
3.172
3.141
3.164
3.137
3.145
3.142
3.038
3.134
3.188
3.151
3.103
3.164
3.152
3.172
3.178
3.143
3.146
3.168
3.208
3.199
3.136
3.127
3.143
3.508
3.145
4.184
3.198
4.068
3.146
3.154
3.122
2.742
3.146
2.896
3.2
3.067
3.136
3.123
3.131
3.061
3.171
3.068
3.183
3.211
3.121
3.285
3.155
3.125
3.147
3.106
3.117
3.149
3.153
3.091
3.068
3.158
3.162
3.145
3.182
3.181
3.201
3.138
3.221
3.143
3.157
3.149
3.424
3.122
4.269
3.132
-1
3.149
3.01
3.2
2.571
3.08
2.732
3.138
3.037
3.183
3.058
3.154
3.08
3.118
3.132
3.172
3.192
3.18
3.129
3.128
3.179
3.173
3.117
3.12
3.172
3.136
3.112
3.135
3.141
3.177
3.127
3.132
3.156
3.148
3.132
3.137
3.129
3.12
3.174
3.178
3.153
4.042
3.173
-1
3.102
3.137
3.137
2.549
3.162
2.551
3.139
2.886
3.173
3.075
3.119
3.109
3.114
3.09
3.137
3.185
3.114
3.12
3.139
3.176
3.16
3.1
3.139
3.114
3.147
3.115
3.121
3.132
3.137
3.104
3.143
3.108
3.14
3.136
3.178
3.138
3.13
3.158
3.151
3.17
3.601
3.155
-1
3.119
4.19
3.19
2.661
3.151
2.385
3.161
2.664
3.092
2.911
3.149
3.049
3.145
3.076
3.161
3.074
3.182
3.102
3.137
3.134
3.169
3.196
3.143
3.1
3.127
3.178
3.141
3.102
3.141
3.112
3.14
3.172
3.161
3.102
3.243
3.106
3.223
3.133
3.06
3.091
3.167
3.131
3.712
3.155
-1
3.112
3.466
3.125
2.344
3.127
2.394
3.133
2.615
3.122
2.934
3.15
2.993
3.14
3.084
3.153
3.082
3.142
3.05
3.149
3.158
3.118
3.164
3.155
3.139
3.128
3.162
3.148
3.147
3.159
3.159
3.162
3.143
3.179
3.137
3.229
3.167
3.097
3.169
3.042
3.128
3.122
3.107
3.824
3.113
-1
3.129
3.13
3.157
2.291
3.168
2.314
3.153
2.62
3.149
2.979
3.144
3.136
3.129
3.041
3.133
3.069
3.124
3.204
3.157
3.176
3.108
3.138
3.169
3.058
3.181
3.105
3.133
3.122
3.123
3.112
3.144
3.141
3.165
3.178
3.179
3.186
3.204
3.159
3.104
3.188
3.117
3.142
3.894
3.13
-1
3.126
3.101
3.166
2.188
3.161
2.251
3.237
2.522
3.139
2.898
3.151
3.016
3.159
3.033
3.165
3.058
3.147
3.127
3.155
3.119
3.12
3.156
3.17
3.119
3.146
3.123
3.146
3.121
-1
3.09
3.135
3.099
3.139
3.181
3.191
3.123
3.238
3.15
3.101
3.084
3.147
3.072
3.001
3.166
-1
3.139
3.911
3.158
2.145
3.147
2.112
3.148
2.311
3.183
2.802
3.162
3.052
3.236
3.103
3.104
-1
3.143
3.204
3.171
3.113
3.117
3.192
3.185
3.185
3.111
3.172
3.111
3.147
3.146
3.066
3.156
3.141
3.175
3.18
3.196
3.113
3.231
3.155
3.155
3.131
2.917
3.134
2.938
3.16
-1
3.135
-1
3.056
2.163
3.173
1.994
3.105
2.185
3.136
2.656
3.182
2.989
3.095
3.063
3.138
2.994
3.143
3.114
3.123
3.15
3.145
3.158
3.144
3.122
3.146
3.158
3.189
3.037
3.115
3.125
3.174
3.099
3.103
3.161
3.169
3.132
3.252
3.166
3.271
3.154
3.008
3.118
3.146
3.123
3.902
3.144
3.068
3.122
3.216
3.101
3.119
3.117
3.114
3.121
2.328
3.132
2.754
3.115
3.144
3.146
3.052
3.164
3.079
3.114
3.121
3.25
1.909
3.208
3.099
3.131
3.084
3.007
3.187
3.075
3.124
3.206
3.153
3.184
3.16
3.155
3.165
1.972
3.125
2.025
3.147
3.142
3.106
2.834
3.147
3.147
3.182
3.052
3.147
3.145
3.168
3.155
3.15
3.131
3.133
3.155
3.118
3.158
3.161
3.071
3.147
3.18
3.14
3.035
3.115
3.05
3.13
3.12
3.201
3.119
3.241
3.151
3.09
3.099
3.05
3.186
3.514
3.143
-1
3.141
-1
3.13
1.931
3.176
1.89
3.139
2.147
3.179
2.511
3.171
2.893
3.177
2.965
3.151
-1
3.135
3.11
3.137
3.106
3.14
3.137
3.138
3.156
3.124
3.16
3.152
3.02
3.14
2.952
3.159
3.029
3.151
3.134
3.157
3.166
3.161
3.164
3.131
3.144
3.142
3.201
3.124
3.143
3.768
3.05
-1
3.143
-1
3.142
2.012
3.178
1.982
3.157
2.286
3.146
2.689
3.141
2.94
3.114
2.999
3.157
3.125
3.121
3.1
3.109
3.114
3.148
3.183
3.179
3.152
3.124
3.111
3.155
3.039
3.109
3.047
3.145
3.068
3.142
3.07
3.212
3.155
3.255
3.169
3.161
3.125
3.013
3.115
3.184
3.111
3.146
3.087
-1
3.136
2.836
3.135
1.994
3.079
2.093
3.189
2.438
3.144
2.778
3.144
3.023
3.186
-1
3.136
3.078
3.106
3.139
3.128
1.972
3.111
2.066
3.133
2.441
3.123
3.156
3.156
2.986
3.137
3.091
3.1
3.104
3.117
3.153
3.152
3.128
3.234
3.132
3.137
3.165
3.1
3.196
3.164
3.163
-1
3.143
-1
3.136
2.688
3.074
2.054
3.127
2.158
3.159
2.45
3.174
2.919
3.14
3.036
3.191
3.026
3.134
3.092
3.115
3.158
3.169
3.119
3.116
3.109
3.113
3.167
3.1
3.152
3.147
3.102
3.143
3.134
3.135
3.122
3.158
3.142
3.185
3.171
3.202
3.093
3.134
3.173
3.06
3.115
3.116
3.172
4.372
3.147
-1
3.137
2.604
3.101
2.11
3.186
2.207
3.174
2.579
3.122
2.938
3.155
2.934
3.14
3.063
3.151
3.158
3.158
3.061
3.132
3.148
3.176
3.085
3.114
2.622
3.118
3.113
3.136
3.06
3.236
3.143
3.151
3.138
3.17
3.131
3.162
3.178
3.175
3.152
3.063
3.167
3.009
3.039
3.184
3.102
4.082
3.13
-1
3.14
2.479
3.13
2.183
3.124
2.335
3.131
2.657
3.147
2.959
3.165
3.05
3.093
3.076
3.114
3.121
3.064
3.168
3.167
3.137
3.14
3.199
3.158
3.119
3.108
3.173
3.169
3.143
3.143
3.024
3.126
3.171
3.172
3.195
3.19
3.103
3.149
3.185
3.035
3.152
2.996
3.202
3.17
3.133
4.19
3.16
3.211
3.167
2.351
3.151
2.223
3.159
2.485
3.143
2.859
3.117
3.009
3.156
3.083
3.114
3.115
3.117
3.083
3.139
3.126
3.175
3.221
3.166
3.081
3.119
3.158
3.146
3.191
3.156
3.124
3.134
3.139
3.15
3.157
3.195
3.149
3.177
3.105
3.115
3.149
3.135
3.135
3.099
3.111
3.267
3.076
3.425
3.111
2.818
3.149
2.271
3.163
2.386
3.117
2.639
3.149
2.98
3.109
3.031
3.173
3.023
3.115
3.125
3.081
3.172
3.133
3.164
3.147
2.435
3.12
3.098
3.146
3.163
3.165
3.091
3.1
3.097
3.112
3.111
3.154
3.121
3.132
3.127
3.166
3.126
3.151
3.126
3.011
3.169
3.124
2.892
3.218
3.08
3.135
3.13
2.574
3.12
2.356
3.197
2.505
3.156
2.76
3.173
3.017
3.139
3.077
3.076
3.102
3.139
3.118
3.12
3.148
3.146
3.152
3.142
3.144
3.115
3.213
3.162
3.126
3.126
3.147
3.181
3.088
3.161
