0.355
0.839
0.352
0.358
0.354
0.354
0.352
0.354
0.356
0.35
0.353
0.351
0.354
0.354
0
0.353
0.42
0.352
0
0
0.448
0.354
0.354
0.354
0.354
0.354
0.354
0.353
0.354
0.352
0.353
0
0.352
0.388
0.352
0
0.355
0.818
0
0.355
0.353
0.355
0.353
0.352
0.35
0.356
0.353
0.353
0.353
0.353
0
0.354
0.424
0.353
0
0
0.438
0.352
0.352
0.351
0.352
0.354
0.352
0.352
0.354
0.355
0.351
0
0.352
0.404
0.354
0
0.352
0.783
0.35
0.358
0.355
0.356
0.354
0.354
0.354
0.353
0
0.353
0.352
0
0.355
0.354
0.352
0.352
0.353
0.355
0.351
0.354
0.354
0.356
0.358
0
0.353
0.353
0.35
0
0
0.464
0.352
0.356
0.373
0.354
0.352
0.353
0.353
0.354
0.355
0.353
0
0.354
0.404
0.352
0
0.35
0.712
0.358
0.352
0.356
0.354
0.361
0.35
0.354
0.354
0.354
0.352
0.347
0.355
0
0.353
0
0.354
0.677
0
0.354
0.353
0.355
0.44
0.352
0.351
0.356
0.355
0.355
0.357
0.354
0
0.353
0.359
0.354
0.447
0
0.362
0.355
0.358
0.481
0.354
0.35
0.354
0.353
0.351
0.354
0.352
0
0.357
0.424
0.353
0
0
0.449
0.355
0.357
0.455
0.355
0
0.352
0.358
0.353
0.352
0.351
0
0.354
0.411
0.353
0
0
0.564
0.37
0.355
0.407
0.353
0
0.353
0.353
0.353
0.356
0.354
0
0.352
0.383
0.385
0.356
0.349
0.62
0.387
0.356
0.37
0.357
0.358
0.354
0.354
0.355
0
0.351
0.632
0.395
0.356
0.365
0.354
0.385
0.354
0.356
0.355
0.357
0.356
0.349
0.354
0.357
0.355
0
0.353
0.622
0.391
0.352
0.352
0.353
0.42
0.353
0.354
0.353
0.353
0.354
0.352
0.353
0.353
0.352
0
0.354
0.601
0.386
0.352
0.352
0.356
0.439
0.353
0.356
0.352
0.355
0.352
0.349
0.354
0.35
0.353
0
0.352
0.578
0.395
0.351
0.351
0.354
0.439
0.354
0.356
0.354
0.354
0.352
0.35
0.355
0.356
0.355
0
0.352
0.554
0.406
0.354
0.364
0.353
0.404
0.356
0.355
0.355
0.36
0.353
0.351
0.357
0.357
0.355
0
0
0.523
0.419
0.357
0.389
0.356
0.352
0.354
0.356
0.355
0.354
0.352
0.347
0.357
0.367
0.354
0
0
0.469
0.404
0.355
0.465
0.353
0
0.355
0.355
0.356
0
0
0.425
0.395
0.371
0.551
0.357
0
0.356
0.352
0.358
0.355
0.353
0
0.357
0.355
0.353
0
0
0
0.357
0.361
0.692
0.355
0
0.359
0.354
0.357
0.356
0.356
0
0.355
0.357
0.355
0.377
0
0.354
0.353
0.352
0.706
0.356
0.352
0.354
0.355
0.358
0.356
0.354
0.35
0.353
0
0.354
0.4
0.391
0.354
0.353
0.36
0.504
0.355
0.353
0.355
0.359
0.356
0.355
0.357
0.355
0.354
0
0
0.366
0.429
0.356
0.462
0.354
0
0.356
0.356
0.355
0.354
0.354
0.356
0.355
0.354
0.353
0.356
0
0.356
0.37
0.354
0.723
0.355
0
0.356
0.353
0.353
0.354
0.352
0.356
0.355
0.351
0.353
0.355
0
0.352
0.351
0.353
0.735
0.354
0.351
0.355
0.355
0.354
0.359
0.356
0.356
0.356
0.354
0.354
0.352
0.358
0.357
0.369
0.356
0.397
0.355
0.353
0.355
0.357
0
0.354
0.435
0.355
0.545
0.356
0
0.357
0.354
0.354
0.358
0.356
0.355
0.355
0.356
0.354
0.355
0
0.354
0.353
0.356
0.834
0.354
0
0.357
0.356
0.356
0.354
0.357
0.353
0.353
0.352
0.356
0.356
0.399
0.355
0.35
0.353
0.572
0.359
0.356
0.355
0.356
0.355
0.354
0.357
0.355
0.357
0.355
0
0.356
0.441
0.355
0.563
0.355
0
0.361
0.356
0.355
0.352
0.355
0.355
0.358
0.354
0.355
0.355
0
0.357
0
0.357
0.838
0.353
0.348
0.356
0.358
0.355
0.355
0.362
0.355
0.355
0.352
0.355
0.355
0.432
0.352
0.352
0.355
0.453
0.385
0.356
0.354
0.358
0.355
0.357
0.353
0.356
0.355
0.353
0
0.357
0.404
0.355
0.659
0.355
0
0.365
0.353
0.354
0.354
0.353
0.354
0.354
0.354
0.353
0.356
0
0.352
0.351
0.353
0.718
0.368
0.358
0.357
0.352
0.355
0.36
0.431
0.354
0.357
0.355
0.415
0.391
0.354
0.354
0.355
0.353
0.353
0.352
0.352
0.352
0.353
0
0.352
0.386
0.355
0.677
0.354
0
0.359
0.354
0.354
0.355
0
0.358
0.354
0.354
0.353
0.354
0
0.352
0.35
0.353
0.601
0.389
0.354
0.35
0.353
0.35
0.353
0.348
0.35
0.355
0.355
0
0.354
0.416
0.354
0.519
0.353
0
0.379
0.353
0.352
0.353
0
0.354
0.353
0.352
0.352
0.352
0
0.353
0.349
0.351
0.685
0.379
0.351
0
0.352
0
0.351
0
0.354
0.352
0.354
0.348
0.353
0.427
0.355
0.42
0.354
0
0.397
0.353
0.349
0.352
0
0.354
0.355
0.352
0.352
0.354
0
0.349
0.349
0.351
0.685
0.368
0.354
0
0.351
0
0.351
0
0.35
0.351
0.352
0.453
0.352
0.417
0.35
0.382
0
0
0.405
0.352
0.355
0.351
0
0.35
0.374
0.348
0.348
0.35
0
0
0.346
0
0.349
0
0.346
0.347
0.346
0.352
0.349
0.374
0.35
0.346
0.346
0.433
0.424
0.352
0
0.348
0
0.352
0.348
0.349
0.349
0.348
0
0.348
0.358
0.348
0.579
0.353
0
0
0.348
0
0.348
0
0.347
0.348
0.35
0.349
0.348
0.373
0.347
0.348
0.347
0.401
0.43
0.346
0
0.348
0
0.346
0.346
0.35
0.35
0.35
0
0.349
0.351
0.349
0.561
0.35
0
0
0.346
0
0.348
0
0.346
0.35
0.348
0.346
0.349
0.376
0.349
0.348
0.347
0.371
0.434
0.346
0
0
0
0.346
0.346
0.348
0
0.347
0
0.35
0.348
0.346
0.537
0.363
0
0
0.346
0
0
0
0.348
0.347
0.346
0.346
0.346
0.379
0
0.359
0
0
0.42
0.348
0
0.348
0
0.347
0
0.347
0.484
0.357
0
0
0.347
0
0.346
0
0.35
0.346
0.346
0.346
0.346
0.367
0
0.349
0.349
0.346
0.432
0.351
0
0.347
0
0
0
0.349
0.348
0
0
0.348
0.348
0
0.444
0.396
0
0
0
0
0
0
0.351
0.346
0
0
0
0.36
0.347
0.364
0.346
0
0.388
0.348
0
0
0
0.347
0
0
0
0
0
0
0.347
0.346
0.369
0.445
0.348
0
0.346
0
0
0
0.348
0.348
0.347
0
0.348
0.346
0.346
0.351
0.346
0
0
0
0
0
0
0
0.347
0.346
0
0.346
0
0.346
0.347
0
0
0.445
0.346
0
0
0
0
0.346
0.346
0
0.346
0.346
0.346
0
0
0.346
0
0
0
0.347
0
0
0
0.347
0.347
0.346
0
0.449
0
0
0.346
0
0
0
0.348
0
0
0.346
0
0.346
0
0.346
0.379
0
0
0
0
0.346
0
0.346
0.348
0
0
0
0
0
0.346
0
0
0.398
0.346
0
0.347
0
0
0
0.346
0
0.346
0
0
0.346
0
0.346
0.433
