-1
3.715
3.754
3.754
3.562
3.758
3.753
3.921
3.67
-1
3.7
3.778
3.743
3.546
3.709
3.703
3.989
3.744
-1
3.704
3.743
3.736
3.588
3.728
3.728
3.938
3.671
-1
3.695
3.739
3.735
3.579
3.734
3.723
3.939
3.733
-1
3.738
3.817
3.736
3.591
3.709
3.76
3.881
3.686
-1
3.743
3.709
3.718
3.592
3.724
3.747
3.792
3.708
-1
3.703
3.729
3.723
3.623
3.742
3.738
3.879
3.685
-1
3.723
3.777
3.721
3.682
3.731
3.741
3.795
3.749
-1
3.717
3.78
3.727
3.594
3.736
3.734
3.791
3.746
-1
3.748
3.762
3.731
3.716
3.744
3.757
3.789
3.698
-1
3.739
3.737
3.727
3.664
3.706
3.769
3.802
3.722
-1
3.716
3.727
3.73
3.652
3.702
3.71
3.792
3.665
-1
3.735
3.695
3.703
3.658
3.699
3.8
3.756
3.656
-1
3.707
3.705
3.705
3.662
3.715
3.755
3.742
3.708
4.333
3.708
3.663
3.691
3.705
3.715
3.769
3.753
3.71
4.163
3.729
3.695
3.69
3.701
3.709
3.738
3.744
3.726
4.184
3.751
3.732
3.669
3.684
3.722
3.76
3.747
3.707
4.163
3.732
3.645
3.748
3.669
3.712
3.753
3.752
3.716
4.149
3.73
3.657
3.685
3.725
3.73
3.702
3.739
3.719
4.126
3.722
3.634
3.708
3.732
3.734
3.748
3.745
3.715
4.204
3.755
3.612
3.671
3.693
3.704
3.77
3.723
3.684
4.22
3.738
3.602
3.744
3.655
3.709
3.731
3.759
3.779
4.404
3.733
3.693
3.75
3.668
3.752
3.756
3.792
3.802
-1
3.712
3.654
3.715
3.628
3.738
3.709
3.764
3.732
-1
3.736
3.658
3.745
3.621
3.684
3.714
3.799
3.7
-1
3.728
3.745
3.736
3.575
3.703
3.747
3.805
3.701
-1
3.716
3.75
3.737
3.597
3.68
3.684
3.864
3.71
-1
3.718
3.769
3.76
3.568
3.725
3.747
3.883
3.678
-1
3.71
3.764
3.727
3.585
3.708
3.709
3.872
3.712
4.122
3.716
3.782
3.775
3.563
3.716
3.714
3.768
3.735
3.733
3.757
3.754
3.72
3.604
3.722
3.643
3.766
3.728
3.506
3.72
3.737
3.736
3.74
3.736
3.716
4.092
3.728
3.526
3.718
3.628
3.733
3.767
3.756
3.658
-1
3.71
3.665
3.673
3.58
3.732
3.736
3.874
3.711
-1
3.704
3.745
3.737
3.592
3.735
3.71
3.849
3.667
4.273
3.678
3.714
3.714
3.593
3.706
3.665
3.71
3.719
3.516
3.753
3.699
3.703
3.663
3.793
3.64
3.891
3.763
3.483
3.693
3.655
3.712
3.72
3.751
3.669
-1
3.714
3.721
3.73
3.582
3.701
3.724
3.833
3.738
-1
3.723
3.785
3.738
3.591
3.72
3.689
3.736
3.73
3.497
3.72
3.747
3.742
3.655
3.761
3.667
3.963
3.725
3.474
3.712
3.635
3.727
3.688
3.776
3.704
-1
3.759
3.754
3.721
3.532
3.707
3.717
3.768
3.734
3.701
3.728
3.725
3.718
3.601
3.705
3.679
3.831
3.756
3.428
3.702
3.649
3.709
3.718
3.763
3.718
-1
3.731
3.733
3.728
3.493
3.74
3.687
3.716
3.685
3.478
3.675
3.703
3.736
3.699
3.712
3.726
3.913
3.746
3.501
3.756
3.626
3.681
3.76
3.857
3.685
4.306
3.688
3.699
3.728
3.621
3.678
3.686
3.703
3.713
3.265
3.743
3.669
3.713
3.712
3.753
3.693
-1
3.717
3.722
3.724
3.538
3.739
3.731
3.739
3.699
3.437
3.677
3.756
3.714
3.739
3.74
3.705
4.13
3.718
3.607
3.694
3.562
3.724
3.738
3.785
3.673
3.599
3.714
3.735
3.73
3.637
3.746
3.659
3.975
3.685
3.494
3.692
3.609
3.734
3.73
3.855
3.699
3.753
3.692
3.792
3.749
3.676
3.727
3.672
3.795
3.713
3.45
3.692
3.62
3.718
3.751
3.784
3.639
3.694
3.727
3.712
3.751
3.644
3.715
3.693
3.797
3.75
3.448
3.731
3.647
3.732
3.717
3.836
3.721
3.568
3.665
3.715
3.69
3.684
3.722
3.693
3.904
3.749
3.591
3.703
3.56
3.691
3.748
3.759
3.705
3.349
3.711
3.723
3.723
3.723
3.726
3.753
4.085
3.705
3.711
3.718
3.635
3.758
3.721
3.719
3.725
3.133
3.736
3.699
3.7
3.692
3.724
3.678
4.18
3.701
3.703
3.742
3.643
3.744
3.747
3.699
3.733
3.271
3.702
3.731
3.705
3.711
3.74
3.683
3.61
3.721
3.724
3.729
3.741
3.732
3.764
3.888
3.744
3.584
3.727
3.684
3.717
3.708
3.733
3.714
3.127
3.744
3.729
3.719
3.714
3.72
3.76
3.998
3.708
3.686
3.729
3.662
3.708
3.734
3.696
3.706
3.229
3.718
3.713
3.714
3.718
3.766
3.738
3.365
3.714
3.717
3.72
3.697
3.704
3.669
3.975
3.725
3.685
3.719
3.691
3.704
3.721
3.671
3.708
3.037
3.69
3.746
3.746
3.717
3.744
3.727
3.716
3.714
3.709
3.711
3.703
3.714
3.687
3.829
3.722
3.534
3.723
3.673
3.726
3.695
3.691
3.687
3.02
3.728
3.781
3.739
3.707
3.76
3.708
3.834
3.692
3.697
3.724
3.737
3.737
3.69
3.718
3.717
3.37
3.76
3.739
3.73
3.738
3.732
3.716
2.999
3.709
3.71
3.73
3.722
3.732
3.713
3.875
3.733
3.662
3.676
3.705
3.709
3.706
3.668
3.714
3.246
3.718
3.691
3.732
3.727
3.726
3.725
3.078
3.761
3.751
3.744
3.688
3.701
3.746
3.866
3.702
3.706
3.718
3.745
3.748
3.725
3.615
3.688
3.19
3.748
3.736
3.729
3.718
3.714
3.726
3.045
3.707
3.721
3.713
3.722
3.726
3.742
3.885
3.716
3.663
3.734
3.76
3.731
3.726
3.584
3.696
3.104
3.741
3.687
3.72
3.71
3.707
3.765
3.083
3.715
3.747
3.738
3.76
3.73
3.787
3.823
3.718
3.626
3.714
3.796
3.755
3.778
3.611
3.695
3.061
3.717
3.703
3.708
3.732
3.732
3.712
3.058
3.693
3.687
3.693
3.759
3.718
3.686
3.741
3.733
3.664
3.702
3.815
3.759
3.753
3.598
3.721
3.032
3.747
3.753
3.743
3.672
3.709
3.781
3.042
3.756
3.747
3.714
3.733
3.734
3.772
3.764
3.72
3.619
3.732
3.782
3.774
3.717
3.591
3.744
2.968
3.754
3.744
3.734
3.683
3.715
3.778
3.101
3.771
3.726
3.723
3.742
3.735
3.803
3.787
3.738
3.657
3.671
3.795
3.739
3.738
3.554
3.667
2.907
3.753
3.785
3.744
3.65
3.739
3.732
3.178
3.75
3.719
3.723
3.776
3.752
3.758
3.798
3.72
3.652
3.703
3.821
3.73
3.734
3.61
3.726
2.83
3.73
3.649
3.703
3.722
3.76
3.802
3.243
3.752
3.705
3.707
3.777
3.74
3.782
3.736
3.732
3.573
3.719
3.907
3.743
3.733
3.658
3.701
2.782
3.734
3.699
3.725
3.688
3.725
3.765
3.415
3.749
3.663
3.699
3.755
3.75
3.783
3.739
3.727
3.404
3.739
3.764
3.728
3.726
3.625
3.677
2.707
3.737
3.738
3.733
3.735
3.745
3.723
3.598
3.709
3.731
3.726
3.758
3.752
3.766
3.615
3.671
3.156
3.74
3.859
3.735
3.697
3.721
3.763
2.81
3.735
3.758
3.721
3.725
3.729
3.724
3.755
3.716
3.636
3.709
3.857
3.759
3.724
3.573
3.706
2.895
3.731
3.854
3.722
3.705
3.712
3.773
3.06
3.76
3.725
3.71
3.745
3.736
3.769
3.764
3.749
3.616
3.713
3.892
3.737
3.756
3.592
3.694
2.705
3.73
3.7
3.698
3.696
3.731
3.746
3.471
3.718
3.68
3.68
3.881
3.726
3.811
3.663
3.704
3.221
3.743
3.907
3.723
3.718
3.688
3.768
2.795
3.721
3.72
3.727
3.73
3.734
3.758
3.733
3.722
3.595
3.71
3.922
3.73
3.732
3.546
3.67
2.819
3.727
3.724
3.681
3.673
3.724
3.76
3.423
3.748
3.651
