3.697
3.849
3.745
3.722
3.717
3.707
3.71
3.69
4.072
3.701
3.815
3.771
3.734
3.734
3.754
3.742
3.737
4.251
3.736
3.802
3.755
3.774
3.73
3.724
3.774
3.704
-1
3.752
3.752
3.744
3.739
3.73
3.721
3.773
3.762
3.757
3.713
3.803
3.741
3.71
3.749
3.706
3.769
3.754
-1
3.73
3.797
3.755
3.724
3.72
3.724
3.77
3.698
-1
3.785
3.843
3.757
3.73
3.726
3.724
3.772
3.728
-1
3.71
3.834
3.752
3.717
3.714
3.763
3.773
3.734
-1
3.741
3.804
3.753
3.729
3.722
3.762
3.834
3.737
-1
3.738
3.767
3.722
3.73
3.734
3.758
3.799
3.701
-1
3.736
3.774
3.734
3.598
3.719
3.748
3.797
3.744
-1
3.709
3.791
3.723
3.689
3.7
3.773
3.803
3.741
-1
3.697
3.732
3.733
3.695
3.691
3.717
3.722
3.721
-1
3.729
3.756
3.743
3.705
3.744
3.778
3.771
3.713
4.246
3.715
3.855
3.745
3.724
3.726
3.694
3.731
3.709
4.162
3.748
3.898
3.763
3.712
3.706
3.796
3.751
3.742
4.003
3.722
3.888
3.73
3.701
3.707
3.778
3.764
3.723
3.869
3.735
4.135
3.716
3.76
3.754
3.767
3.733
3.728
3.866
3.723
4.257
3.715
3.68
3.722
3.737
3.74
3.714
3.891
3.727
-1
3.726
3.707
3.714
3.704
3.712
3.734
3.979
3.74
-1
3.702
3.709
3.718
3.74
3.741
3.725
4.101
3.75
-1
3.702
3.812
3.743
3.7
3.71
3.726
4.016
3.729
-1
3.711
3.787
3.683
3.71
3.712
3.748
3.997
3.773
-1
3.737
3.767
3.707
3.74
3.726
3.741
3.856
3.808
-1
3.714
3.748
3.75
3.73
3.729
3.756
3.804
3.707
-1
3.691
3.768
3.754
3.764
3.748
3.785
3.771
3.747
-1
3.718
3.957
3.754
3.782
3.741
3.769
3.765
3.719
4.055
3.714
3.968
3.729
3.729
3.729
3.804
3.731
3.722
3.983
3.722
-1
3.735
3.695
3.704
3.792
3.744
3.726
4.021
3.736
-1
3.762
3.724
3.727
3.827
3.759
3.71
4.113
3.75
-1
3.725
3.752
3.719
3.694
3.728
3.695
4.108
3.716
-1
3.718
3.768
3.752
3.697
3.704
3.716
3.898
3.807
-1
3.759
3.826
3.715
3.717
3.723
3.762
3.811
3.729
-1
3.753
3.8
3.724
3.732
3.733
3.754
3.753
3.748
4.323
3.723
3.919
3.753
3.733
3.706
3.719
3.727
3.723
4.007
3.729
4.251
3.738
3.739
3.734
3.709
3.718
3.732
3.845
3.729
-1
3.763
3.71
3.722
3.785
3.739
3.722
4.015
3.72
-1
3.73
3.76
3.719
3.719
3.745
3.738
4.086
3.701
-1
3.726
3.734
3.736
3.765
3.756
3.718
3.859
3.732
-1
3.71
3.845
3.722
3.77
3.756
3.7
3.745
3.736
-1
3.767
3.861
3.755
3.733
3.738
3.746
3.753
3.722
4.073
3.723
4.121
3.731
3.764
3.755
3.767
3.751
3.723
3.917
3.74
-1
3.745
3.732
3.734
3.781
3.738
3.722
4.072
3.741
-1
3.73
3.745
3.74
3.716
3.717
3.766
4.024
3.759
-1
3.726
3.779
3.737
3.705
3.748
3.733
3.887
3.744
-1
3.719
3.876
3.753
3.715
3.688
3.77
3.733
3.761
4.138
3.735
3.935
3.734
3.683
3.731
3.761
3.755
3.674
3.934
3.736
-1
3.728
3.719
3.713
3.755
3.715
3.73
4.096
3.74
-1
3.739
3.747
3.742
3.753
3.717
3.74
4.006
3.729
-1
3.74
3.768
3.756
3.719
3.721
3.775
3.783
3.724
-1
3.714
3.793
3.749
3.768
3.725
3.728
3.724
3.74
4.027
3.72
4.014
3.726
3.699
3.742
3.743
3.721
3.767
3.915
3.751
-1
3.732
3.759
3.75
3.75
3.737
3.752
4.015
3.749
-1
3.744
3.797
3.714
3.74
3.768
3.741
3.862
3.756
-1
3.705
3.763
3.708
3.75
3.736
3.769
3.761
3.711
4.026
3.703
3.958
3.718
3.748
3.749
3.733
3.723
3.732
3.843
3.801
-1
3.704
3.753
3.741
3.699
3.714
3.705
4.002
3.768
-1
3.723
3.772
3.737
3.689
3.726
3.729
3.857
3.707
-1
3.737
3.833
3.758
3.725
3.724
3.779
3.75
3.725
4.139
3.71
3.893
3.734
3.717
3.718
3.758
3.753
3.744
3.91
3.755
-1
3.737
3.734
3.72
3.703
3.707
3.733
3.867
3.738
-1
3.734
3.793
3.773
3.706
3.747
3.689
3.86
3.732
-1
3.75
3.765
3.724
3.77
3.721
3.763
3.73
3.748
4.069
3.748
4.052
3.741
3.716
3.714
3.714
3.126
3.712
3.995
3.713
-1
3.728
3.694
3.741
3.69
3.724
3.727
3.932
3.725
-1
3.753
3.764
3.764
3.748
3.744
3.759
3.759
3.677
4.445
3.705
3.805
3.761
3.688
3.692
3.802
3.762
3.742
4.026
3.726
4.286
3.76
3.707
3.71
3.72
3.721
3.738
3.889
3.741
-1
3.74
3.657
3.711
3.748
3.753
3.701
3.795
3.767
-1
3.715
3.803
3.728
3.663
3.745
3.742
3.744
3.737
4.112
3.71
4.07
3.72
3.727
3.727
3.746
3.746
3.748
3.919
3.762
-1
3.726
3.712
3.716
3.757
3.722
3.725
3.877
3.728
-1
3.735
3.849
3.728
3.732
3.723
3.739
3.733
3.744
4.313
3.701
3.845
3.726
3.759
3.749
3.752
3.75
3.692
3.964
3.746
4.386
3.754
3.729
3.722
3.718
3.696
3.726
3.84
3.704
-1
3.728
3.773
3.726
3.665
3.717
3.737
3.775
3.714
-1
3.739
3.754
3.721
3.734
3.734
3.775
3.739
3.74
4.004
3.752
4.238
3.736
3.695
3.721
3.7
3.714
3.774
3.776
3.667
-1
3.717
3.807
3.725
3.692
3.696
3.76
3.758
3.733
4.374
3.728
3.756
3.724
3.675
3.688
3.778
3.764
3.688
3.822
3.743
4.247
3.72
3.683
3.708
3.733
3.731
3.707
3.83
3.715
-1
3.745
3.746
3.718
3.715
3.715
3.724
3.731
3.748
4.201
3.758
3.794
3.739
3.725
3.724
3.747
3.745
3.737
3.741
3.666
4.393
3.71
3.663
3.703
3.736
3.731
3.754
3.777
3.765
-1
3.748
3.776
3.731
3.681
3.691
3.704
3.74
3.681
4.055
3.726
3.767
3.746
3.768
3.742
3.746
3.745
3.748
3.75
3.741
-1
3.716
3.783
3.765
3.681
3.717
3.762
3.719
3.711
-1
3.745
3.727
3.721
3.675
3.721
3.75
3.742
3.706
3.765
3.721
3.778
3.763
3.697
3.705
3.722
3.722
3.699
3.84
3.709
-1
3.734
3.727
3.725
3.717
3.721
3.728
3.724
3.692
3.998
3.735
3.697
3.707
3.738
3.734
3.697
3.708
3.739
3.711
3.718
4.053
3.677
3.686
3.692
3.772
3.738
3.733
3.732
3.694
-1
3.759
3.655
3.714
3.765
3.748
3.75
3.715
3.747
3.744
3.713
3.716
3.726
3.768
3.761
3.651
3.692
3.757
3.799
3.68
-1
3.728
3.754
3.743
3.716
3.716
3.72
3.732
3.73
3.856
3.762
3.518
3.716
3.736
3.728
3.715
3.756
3.702
3.849
3.719
-1
3.719
3.751
3.697
3.734
3.732
3.723
3.727
3.697
4.188
3.762
3.479
3.725
3.682
3.713
3.728
3.735
3.748
3.743
3.73
3.91
3.756
3.721
3.718
3.647
3.693
3.711
3.768
3.744
-1
3.714
3.502
3.711
3.729
3.725
3.72
3.724
3.665
3.738
3.742
3.742
3.735
3.76
3.719
3.717
3.711
3.718
3.751
3.711
-1
3.741
3.579
3.738
3.754
3.721
3.737
3.735
3.746
3.73
3.698
3.605
3.748
3.722
3.724
3.74
3.743
3.733
3.739
3.714
-1
3.708
3.544
3.721
3.698
3.702
3.719
3.725
3.725
3.719
3.722
3.569
3.717
3.739
3.741
3.689
3.702
3.742
3.374
3.733
-1
3.728
3.537
3.673
3.713
3.72
3.686
3.696
