3.748
3.596
3.874
3.568
3.452
3.558
2.649
3.583
3.596
3.706
3.571
3.572
3.58
3.455
3.572
3.592
3.586
3.583
3.583
3.588
3.592
3.56
3.459
3.574
3.62
3.605
3.64
3.602
3.545
3.579
3.602
3.464
3.582
3.584
3.589
3.589
3.585
3.579
3.583
3.601
3.564
3.575
2.789
3.606
3.573
3.574
3.59
3.098
3.551
3.523
3.566
3.601
3.597
3.557
3.571
3.595
3.1
3.576
3.526
3.569
3.598
3.596
3.579
3.578
3.572
3.07
3.578
3.549
3.556
2.8
3.58
3.628
3.612
3.574
3.58
3.594
3.545
3.592
2.82
3.603
3.616
3.642
3.569
3.16
3.598
3.541
3.574
3.596
3.594
3.599
3.623
3.543
3.234
3.604
3.541
3.588
3.63
3.616
3.567
3.615
3.585
3.348
3.585
3.557
3.561
3.595
3.592
3.592
3.697
3.597
3.544
3.576
3.462
3.571
3.563
3.564
3.56
3.649
3.576
3.716
3.584
3.499
3.615
3.584
3.583
3.622
3.666
3.578
3.579
3.615
3.534
3.571
3.569
3.582
3.583
3.691
3.623
3.981
3.599
3.493
3.539
3.607
3.599
3.604
3.647
3.586
-1
3.612
3.512
3.574
3.552
3.56
3.595
3.712
3.597
-1
3.572
3.559
3.597
3.61
3.6
3.62
3.661
3.581
-1
3.59
3.572
3.575
3.606
3.594
3.594
3.692
3.599
-1
3.583
3.571
3.578
3.614
3.606
3.594
3.635
3.593
-1
3.602
3.495
3.588
3.044
3.563
3.541
3.629
3.573
-1
3.603
3.465
3.549
3.137
3.58
3.557
3.592
3.587
3.591
3.586
3.537
3.568
3.627
3.619
3.525
3.628
3.583
4.295
3.574
3.48
3.578
3.601
3.591
3.566
3.603
3.594
4.36
3.589
3.456
3.564
3.6
3.592
3.57
3.603
3.585
4.196
3.552
3.436
3.561
3.542
3.553
3.568
3.62
3.584
4.179
3.582
3.463
3.602
3.611
3.604
3.591
3.592
3.583
4.149
3.59
3.479
3.595
3.598
3.598
3.556
3.619
3.579
4.114
3.617
3.502
3.577
3.588
3.588
3.559
3.604
3.606
4.08
3.613
3.539
3.573
3.573
3.573
3.58
3.634
3.583
3.946
3.609
3.566
3.591
3.563
3.572
3.607
3.609
3.591
3.714
3.598
3.557
3.565
3.585
3.586
3.629
3.622
3.567
3.458
3.607
3.572
3.579
3.561
3.587
3.599
3.594
3.571
3.222
3.575
3.55
3.562
3.576
3.582
3.583
3.588
3.547
3.069
3.583
3.556
3.56
3.607
3.597
3.613
3.541
3.548
2.963
3.592
3.586
3.583
3.588
3.589
3.567
3.519
3.556
2.975
3.56
3.59
3.591
3.562
3.566
3.566
3.459
3.547
3.111
3.567
3.718
3.608
3.558
3.571
3.61
3.581
3.577
3.327
3.583
3.585
3.587
3.55
3.561
3.565
3.682
3.623
3.467
3.571
3.598
3.596
3.54
3.575
3.588
3.581
3.606
3.544
3.576
3.59
3.584
3.592
3.587
3.576
3.1
3.578
3.526
3.577
3.61
3.601
3.576
3.528
3.562
2.987
3.581
3.555
3.569
3.556
3.585
3.559
3.468
3.551
3.164
3.6
3.591
3.591
3.557
3.568
3.578
3.574
3.581
3.48
3.585
3.563
3.571
3.527
3.583
3.623
3.428
3.583
3.536
3.57
3.606
3.597
3.592
3.587
3.577
3.041
3.6
3.551
3.563
3.556
3.594
3.569
3.467
3.545
3.158
3.59
3.542
3.554
3.583
3.584
3.599
3.556
3.568
3.537
3.552
3.627
3.59
3.575
3.578
3.57
3.184
3.587
3.521
3.562
3.467
3.576
3.563
3.53
3.565
3.063
3.593
3.593
3.593
3.561
3.569
3.602
3.491
3.55
3.453
3.577
3.647
3.608
3.538
3.589
3.61
3.244
3.586
3.541
3.573
3.592
3.589
3.625
3.474
3.586
3.088
3.587
3.56
3.585
3.557
3.565
3.606
3.549
3.589
3.553
3.591
3.593
3.588
3.566
3.568
3.583
3.051
3.605
3.528
3.542
3.572
3.577
3.581
3.478
3.573
3.31
3.577
3.582
3.575
3.581
3.573
3.571
3.272
3.571
3.535
3.568
3.572
3.57
3.586
3.541
3.584
3.152
3.617
3.604
3.595
3.546
3.589
3.598
3.42
3.57
3.559
3.596
3.573
3.577
3.567
3.56
3.589
3.05
3.61
3.575
3.58
3.567
3.571
3.577
3.477
3.593
3.548
3.576
3.573
3.58
3.575
3.546
3.575
3.043
3.586
3.583
3.586
3.544
3.556
3.558
3.423
3.554
3.525
3.573
3.55
3.561
3.575
3.54
3.543
3.033
3.605
3.568
3.572
3.566
3.569
3.595
3.467
3.565
3.533
3.569
3.55
3.586
3.56
3.529
3.568
3.034
3.569
3.587
3.589
3.567
3.597
3.605
3.426
3.58
3.562
3.571
3.548
3.612
3.577
3.516
3.551
3.125
3.585
3.57
3.571
3.576
3.575
3.588
3.306
3.579
3.58
3.58
3.616
3.604
3.618
3.492
3.589
3.28
3.58
3.618
3.606
3.596
3.56
3.556
3.05
3.591
3.58
3.578
3.548
3.563
3.599
3.546
3.576
3.512
3.584
3.572
3.575
3.572
3.566
3.563
2.963
3.575
3.581
3.588
3.479
3.587
3.597
3.373
3.58
3.577
3.585
3.606
3.603
3.589
3.484
3.586
3.209
3.596
3.605
3.599
3.615
3.601
3.615
3.041
3.596
3.55
3.561
3.596
3.597
3.615
3.507
3.55
3.544
3.582
3.577
3.576
3.583
3.466
3.56
2.963
3.591
3.588
3.587
3.585
3.577
3.564
3.25
3.578
3.583
3.586
3.564
3.571
3.612
3.481
3.597
3.388
3.581
3.618
3.607
3.564
3.56
3.556
2.921
3.599
3.533
3.578
3.565
3.571
3.577
3.417
3.56
3.613
3.6
3.614
3.606
3.57
3.446
3.593
3.233
3.59
3.561
3.567
3.61
3.556
3.563
2.953
3.613
3.552
3.564
3.557
3.563
3.583
3.533
3.576
3.605
3.599
3.606
3.594
3.559
3.443
3.604
3.087
3.572
3.593
3.594
3.594
3.586
3.584
3.008
3.578
3.586
3.592
3.533
3.543
3.555
3.554
3.562
3.57
3.574
3.571
3.582
3.572
3.471
3.594
3.021
3.579
3.592
3.588
3.619
3.611
3.61
3.074
3.564
3.627
3.617
3.613
3.608
3.588
3.552
3.564
3.564
3.593
3.592
3.594
3.56
3.405
3.637
2.985
3.585
3.583
3.58
3.599
3.589
3.578
3.067
3.596
3.627
3.587
3.539
3.553
3.598
3.549
3.6
3.555
3.564
3.641
3.6
3.587
3.453
3.614
2.95
3.573
3.507
3.549
3.567
3.571
3.608
3.081
3.605
3.656
3.614
3.601
3.597
3.578
3.54
3.548
3.628
3.613
3.604
3.601
3.559
3.427
3.63
2.904
3.58
3.601
3.598
3.602
3.596
3.586
3.092
3.585
3.612
3.609
3.578
3.573
3.596
3.481
3.594
3.596
3.588
3.605
3.6
3.552
3.445
3.583
2.884
3.558
3.575
3.599
3.6
3.563
3.6
3.068
3.58
3.68
3.609
3.51
3.557
3.574
3.464
3.59
3.651
3.634
3.576
3.578
3.559
3.434
3.595
2.82
3.552
3.554
3.56
3.585
3.59
3.573
3.132
3.59
3.662
3.614
3.57
3.594
3.567
3.517
3.618
3.601
3.599
3.579
3.587
3.577
3.459
3.619
2.776
3.606
3.616
3.605
3.593
3.592
3.631
3.166
3.577
3.701
3.623
3.592
3.588
3.564
3.454
3.612
3.544
3.578
3.64
3.606
3.619
3.466
3.57
2.721
3.575
3.572
3.575
3.659
3.588
3.612
3.324
3.598
3.695
3.593
3.585
3.58
3.586
3.424
3.611
3.52
3.597
3.575
3.577
3.577
3.465
3.589
2.705
3.589
3.532
3.567
3.561
3.567
3.597
3.36
3.552
3.747
3.597
3.588
3.584
3.625
3.341
3.641
3.3
3.574
3.561
3.561
3.584
3.53
3.561
2.73
3.575
3.57
3.58
3.608
3.594
3.594
3.491
3.585
3.75
3.603
3.624
3.616
3.598
3.364
3.604
3.009
3.573
3.585
3.587
3.666
3.584
3.581
2.87
3.605
3.621
3.565
3.549
3.581
3.596
3.484
3.549
3.715
3.582
3.611
3.585
3.59
3.42
3.591
