-1
3.464
3.989
3.397
3.433
3.467
3.458
3.507
3.46
3.418
3.493
3.485
3.477
3.438
3.523
3.434
3.495
3.458
3.488
3.477
3.382
3.476
3.4
3.408
3.478
3.455
3.433
3.43
3.379
3.409
3.548
3.564
3.431
3.488
3.452
3.438
3.387
3.638
3.469
-1
3.35
-1
3.42
-1
3.439
3.771
3.408
3.471
3.438
3.441
3.366
3.467
3.432
3.457
3.426
3.512
3.464
3.493
3.381
3.579
3.481
3.507
3.474
3.463
3.461
3.495
3.37
3.424
3.393
3.446
3.443
3.425
3.558
3.431
3.729
3.398
3.584
3.444
3.462
3.427
4.058
3.433
-1
3.478
-1
3.446
-1
3.435
3.54
3.438
3.47
3.46
3.447
3.467
3.507
3.449
3.516
3.334
3.516
3.46
3.513
3.472
3.445
3.448
3.396
3.437
3.523
3.422
3.483
3.478
3.482
3.442
3.473
3.465
3.462
3.496
3.408
3.61
3.44
3.725
3.428
3.809
3.463
-1
3.383
-1
3.414
-1
3.446
3.998
3.397
3.58
3.443
3.387
3.395
3.483
3.441
3.464
3.453
3.47
3.432
3.504
3.499
3.416
3.446
3.446
3.443
3.474
3.435
3.426
3.428
3.4
3.44
3.495
3.448
3.444
3.474
3.455
3.556
3.456
3.725
3.45
3.898
3.444
-1
3.442
-1
3.458
-1
3.489
-1
3.423
3.871
3.437
3.638
3.417
3.485
3.432
3.505
3.498
3.43
3.42
3.468
3.458
3.501
3.26
3.378
3.409
3.485
3.379
3.482
3.478
3.502
3.497
3.486
3.427
3.441
3.452
3.45
3.364
3.432
3.538
3.35
3.596
3.465
3.898
3.447
-1
3.432
-1
3.455
-1
3.457
-1
3.472
3.764
3.434
3.619
3.411
3.427
3.398
3.488
3.429
3.423
3.423
3.477
3.477
3.419
3.535
3.46
3.465
3.42
3.425
3.396
3.432
3.465
3.467
3.44
3.444
3.508
3.476
3.44
3.568
3.36
3.473
3.491
3.622
3.361
3.964
3.481
-1
3.418
-1
3.439
-1
3.448
-1
3.434
4.155
3.452
3.563
3.428
3.474
3.471
3.529
3.427
3.526
3.426
3.457
3.451
3.446
3.441
3.407
3.44
3.334
3.334
3.417
3.424
3.401
3.475
3.474
3.454
3.41
3.443
3.444
3.595
3.425
3.582
3.404
3.59
3.453
3.725
3.434
-1
3.489
3.419
3.416
-1
3.411
-1
3.42
-1
3.437
3.673
3.46
3.485
3.44
3.458
3.452
3.434
3.467
3.373
3.419
3.464
3.428
3.393
3.445
3.378
3.379
3.336
3.484
3.418
3.428
3.44
3.472
3.427
3.551
3.457
3.463
3.449
3.577
3.425
3.695
3.516
3.597
3.429
4.126
3.447
-1
3.47
-1
3.427
-1
3.458
-1
3.51
4.321
3.41
3.571
3.429
3.516
3.468
3.517
3.419
3.488
3.476
3.418
3.418
3.363
3.557
3.392
3.392
3.393
3.425
3.348
3.392
3.374
3.42
3.387
3.39
3.432
3.459
3.395
3.48
3.426
3.684
3.472
3.565
3.394
3.612
3.446
3.993
3.395
-1
3.481
-1
3.393
-1
3.486
-1
3.46
4.05
3.438
3.686
3.42
3.513
3.422
3.43
3.463
3.481
3.387
3.457
3.442
3.423
3.416
3.411
3.455
3.338
3.5
3.248
3.471
3.413
3.458
3.46
3.431
3.501
3.542
3.448
3.506
3.446
3.656
3.38
3.601
3.378
3.613
3.443
4.146
3.382
-1
3.438
-1
3.43
-1
3.494
3.389
3.435
4.094
3.481
3.614
3.379
3.523
3.412
3.423
3.396
3.399
3.432
3.503
3.375
3.408
3.411
3.328
3.465
3.297
3.444
3.31
3.689
3.317
3.546
3.396
3.429
3.435
3.415
3.518
-1
3.388
3.626
3.486
3.881
3.5
3.725
3.38
4.106
3.409
3.462
3.373
-1
3.439
-1
3.443
3.471
3.437
4.279
3.455
3.609
3.387
3.439
3.439
3.445
3.49
3.364
3.397
3.383
3.534
3.361
3.514
3.37
3.375
3.325
3.467
3.483
3.621
3.359
3.459
3.479
3.446
3.455
3.439
3.404
3.408
3.409
3.548
3.413
3.965
3.389
3.615
3.324
3.914
3.412
-1
3.431
-1
3.413
-1
3.36
-1
3.47
3.365
3.41
3.681
3.405
3.584
3.413
3.423
3.44
3.43
3.413
3.418
3.461
3.415
3.413
3.37
3.416
3.366
3.45
3.317
3.373
3.316
4.102
3.419
3.495
3.483
3.444
3.422
-1
3.428
-1
3.426
4.063
3.408
3.789
3.497
3.807
3.398
4.363
3.455
-1
3.455
-1
3.466
-1
3.477
3.366
3.367
3.317
3.362
3.307
3.386
3.384
3.424
3.363
3.456
3.389
3.441
3.442
3.478
3.393
3.441
3.335
3.884
3.319
3.896
3.295
3.403
3.301
3.47
3.446
-1
3.485
-1
3.478
-1
3.479
-1
3.45
3.83
3.288
3.646
3.479
3.408
3.453
3.437
3.392
3.43
3.427
3.411
3.41
3.317
3.468
3.306
3.458
3.306
3.508
3.353
3.404
3.411
3.423
3.458
3.452
3.475
3.435
3.427
3.421
3.399
3.918
3.401
3.861
3.446
3.807
3.407
4.005
3.418
-1
3.337
-1
3.427
-1
3.41
-1
3.403
-1
3.407
3.698
3.471
3.481
3.388
3.499
3.496
3.505
3.5
3.434
3.504
3.551
3.431
3.456
3.48
-1
3.502
3.272
3.394
3.609
3.502
3.364
3.401
3.464
3.462
3.448
3.432
3.427
3.398
3.328
3.445
3.237
3.411
3.411
3.934
3.347
4.193
3.394
3.496
3.472
3.404
3.468
3.467
3.458
-1
3.44
4.091
3.399
3.629
3.405
3.492
3.446
3.446
3.493
3.489
3.453
3.423
3.459
3.388
3.405
3.381
3.442
3.265
3.432
3.214
3.456
3.373
3.451
3.439
3.435
3.457
3.416
3.458
3.518
3.475
3.737
3.137
3.808
3.277
3.911
3.247
3.889
3.373
-1
3.432
-1
3.398
-1
3.388
-1
3.396
-1
3.432
3.931
3.397
3.604
3.472
3.61
3.439
3.468
3.422
3.418
3.408
3.359
3.421
3.434
3.464
3.357
3.441
3.244
3.404
3.214
3.5
3.295
3.426
3.448
3.43
3.445
3.405
3.438
3.571
3.407
3.67
3.343
3.768
3.467
3.795
3.46
3.888
3.351
-1
3.394
-1
3.443
-1
3.443
-1
3.546
-1
3.421
3.823
3.254
3.65
3.453
3.541
3.416
3.527
3.401
3.418
3.504
3.441
3.416
3.457
3.179
3.296
3.458
3.246
3.384
3.4
3.437
3.353
3.45
3.442
3.469
3.509
3.445
3.435
3.486
3.424
3.529
3.37
3.634
3.283
3.78
3.446
3.949
3.44
-1
3.477
-1
3.481
-1
3.431
-1
3.412
-1
3.393
3.73
3.525
3.47
3.447
3.446
3.389
3.457
3.427
3.46
3.446
3.454
3.41
3.396
3.438
3.345
3.462
3.202
3.543
3.32
3.415
3.443
3.307
3.414
3.454
3.396
3.445
3.466
3.503
3.404
3.779
3.382
3.834
3.427
3.771
3.471
3.654
3.46
-1
3.436
-1
3.454
-1
3.433
-1
3.368
4.044
3.36
3.634
3.48
3.34
3.347
3.419
3.415
3.505
3.431
3.369
3.418
3.4
3.414
3.457
3.394
3.32
3.412
3.306
3.455
3.301
3.483
3.343
3.514
3.429
3.426
3.46
3.45
3.446
3.491
3.459
3.48
3.42
3.773
3.385
3.623
3.459
3.863
3.428
-1
3.429
-1
3.438
-1
3.382
-1
3.424
3.779
3.457
3.394
3.356
3.373
3.371
3.312
3.416
3.43
3.422
3.389
3.379
3.441
3.43
3.293
3.408
3.256
3.404
3.346
3.389
3.298
3.481
3.384
3.391
3.453
3.456
3.379
3.391
3.37
3.673
3.52
3.82
3.322
3.675
3.453
3.732
3.397
3.922
3.445
-1
3.461
-1
3.422
-1
3.407
4.106
3.408
3.518
3.403
3.29
3.423
3.311
3.436
3.446
3.474
3.475
3.435
3.549
3.393
3.405
3.434
3.366
3.451
3.201
3.485
3.322
3.373
3.397
3.435
3.367
3.467
3.423
