0.4
0.404
0
0.406
0.406
0.406
0.404
0.407
0
0.405
0.404
0.402
0.406
0
0.402
0.4
0.404
0.398
0.399
0.379
0.404
0.467
0.403
0.449
0.403
0.395
0.457
0.404
0.388
0.402
0.378
0.403
0.356
0.406
0.401
0.4
0.4
0.401
0.419
0.406
0.401
0.401
0.704
0.424
0.396
0.386
0.399
0.388
0.403
0
0.396
0.396
0.399
0.396
0.403
0
0.405
0.402
0.402
0.683
0.402
0.374
0.425
0.406
0.393
0.404
0
0.403
0.403
0.405
0.394
0.403
0.381
0.403
0.449
0.4
0.451
0.4
0.412
0.47
0.399
0.374
0.409
0.358
0.404
0
0.402
0.402
0.401
0.4
0.404
0.418
0.402
0.4
0.4
0.646
0.436
0.389
0.379
0.4
0.376
0.401
0
0.396
0.399
0.403
0.395
0.403
0.35
0.4
0.4
0.399
0.613
0.402
0.371
0.432
0.406
0.39
0.402
0
0.405
0.403
0.401
0.406
0.401
0.389
0.4
0.439
0.36
0.418
0
0.443
0
0.402
0.346
0.402
0.402
0.4
0.418
0.403
0.4
0.4
0.58
0.446
0.4
0.362
0.401
0.369
0.401
0
0.398
0.378
0.397
0.398
0.399
0.368
0.4
0.403
0.399
0.563
0.401
0.376
0.43
0.403
0.387
0.404
0
0.396
0.4
0.402
0.403
0.403
0.391
0.399
0.43
0.4
0.411
0.402
0.434
0.488
0.4
0
0.401
0.348
0.402
0
0.405
0.4
0.399
0.397
0.401
0.393
0.396
0.403
0.401
0.55
0.416
0.394
0.392
0.396
0.377
0.401
0
0.398
0.402
0.401
0.392
0.399
0.387
0.398
0.404
0.401
0.435
0.4
0.393
0.482
0.408
0
0.402
0
0.4
0
0.397
0.401
0.398
0.4
0.399
0.406
0.401
0.394
0.398
0.473
0.453
0.397
0.355
0.402
0.36
0.403
0
0.393
0.398
0.397
0.403
0.399
0.389
0.396
0.403
0.4
0.428
0.401
0.396
0.457
0.399
0.359
0.404
0
0.399
0.404
0.399
0.397
0.397
0.4
0.501
0.397
0
0.398
0
0.403
0
0.396
0.399
0.4
0
0.399
0.399
0.397
0.398
0.396
0.399
0.398
0.397
0.396
0.398
0.382
0.396
0
0.398
0.397
0.397
0.399
0.398
0.396
0.398
0.399
0.398
0.401
0.399
0.398
0.502
0.398
0
0.399
0
0.399
0
0.397
0.402
0.399
0.396
0.399
0.397
0.396
0.397
0.397
0.397
0.397
0.397
0.41
0.403
0.373
0.398
0
0.397
0.392
0.397
0.401
0.398
0.4
0.398
0.401
0.399
0.399
0.399
0.397
0.484
0.396
0
0.398
0
0.398
0
0.398
0.396
0.399
0.395
0.399
0.396
0.395
0.4
0.398
0.399
0.399
0.397
0.459
0.397
0
0.396
0
0.398
0
0.399
0.401
0.399
0.399
0.398
0.4
0.398
0.397
0.397
0.396
0
0.4
0.37
0.4
0.371
0.399
0.395
0.395
0.4
0.4
0.402
0.401
0.398
0.397
0.401
0.399
0.397
0
0.398
0
0.4
0.4
0.399
0.399
0.395
0.398
0.396
0.4
0.398
0.401
0.4
0.397
0.425
0.397
0.355
0.398
0
0.399
0.366
0.399
0.401
0.4
0.401
0.397
0.401
0.399
0.401
0.401
0.4
0.437
0.397
0.364
0.4
0.369
0.4
0
0.4
0.402
0.399
0.397
0.399
0.399
0.397
0.397
0.397
0.401
0.399
0.4
0.473
0.399
0
0.401
0.35
0.401
0
0.399
0.395
0.398
0.396
0.396
0.399
0.394
0.397
0.397
0.397
0.399
0.399
0.488
0.402
0
0.399
0
0.4
0
0.4
0.402
0.4
0.399
0.398
0.401
0.4
0.401
0.401
0.4
0.394
0.399
0.463
0.398
0
0.398
0
0.4
0
0.402
0.401
0.395
0.401
0.403
0.403
0.395
0.398
0.401
0.397
0
0.399
0.434
0.398
0.352
0
0.401
0.399
0.395
0.395
0.399
0.399
0.395
0.452
0.395
0.359
0.399
0.398
0.397
0
0.396
0.397
0.409
0.399
0
0.399
0.507
0.399
0.398
0.4
0.399
0.398
0.449
0.397
0.347
0.395
0.363
0.396
0
0.38
0.397
0.412
0.392
0
0.399
0.523
0.39
0.406
0.397
0.397
0.393
0.453
0.393
0
0.397
0.356
0.396
0
0.368
0.394
0.424
0.391
0
0.393
0.531
0.395
0.396
0.399
0.399
0.396
0.455
0.397
0
0.397
0.361
0.393
0
0.358
0.39
0.427
0.397
0
0.398
0.545
0.395
0.399
0.399
0.397
0.393
0.447
0.396
0
0.395
0.365
0.394
0
0.361
0.388
0.43
0.396
0
0.401
0.573
0.394
0.415
0.399
0.393
0.398
0.445
0.398
0.351
0.395
0.365
0.398
0
0.352
0.398
0.439
0.392
0
0.397
0.608
0.398
0.397
0.396
0.401
0.398
0
0.397
0.397
0.358
0.401
0.398
0.403
0.451
0.395
0.394
0.396
0.398
0.395
0.43
0.395
0.399
0.399
0.358
0.396
0
0.361
0.396
0.393
0.393
0
0.401
0.484
0.399
0.399
0.397
0.4
0.395
0.434
0.394
0.358
0.395
0.366
0.395
0
0.351
0.394
0.413
0.39
0
0.399
0.553
0.396
0.397
0.396
0.403
0.399
0.431
0.399
0.368
0.397
0.375
0.394
0
0
0.396
0.449
0.394
0
0.4
0.634
0.399
0.402
0.398
0.397
0.4
0.424
0.397
0.379
0.399
0.381
0.397
0
0
0.394
0.463
0.397
0
0.398
0.729
0.398
0.399
0.398
0.399
0.395
0.414
0.398
0.379
0.398
0.392
0.395
0
0
0.398
0.467
0.401
0
0.403
0.802
0.392
0.396
0.397
0.399
0.399
0.41
0.4
0.392
0.396
0.398
0.397
0
0
0.405
0.455
0.398
0
0.396
0.835
0.398
0.393
0.396
0.401
0.396
0
0
0.395
0.471
0.397
0
0.398
0.741
0.401
0.397
0.397
0.399
0.396
0.405
0.397
0.396
0.396
0.4
0.399
0.353
0
0.399
0.483
0.399
0
0.391
0.837
0.4
0.398
0.397
0.401
0.4
0.403
0.402
0.4
0.398
0.401
0.4
0.398
0
0.399
0.469
0.397
0
0.399
0.89
0.397
0.4
0.399
0.399
0.398
0.397
0.4
0.4
0.399
0.398
0.397
0.399
0.346
0.398
0.453
0.398
0
0.397
0.884
0.399
0.398
0.399
0.402
0.401
0.395
0.398
0.399
0.398
0.4
0.398
0.396
0.37
0.399
0.419
0.398
0
0.398
0.792
0.399
0.403
0.398
0.403
0.4
0.399
0.398
0.4
0.399
0.403
0.4
0.395
0.393
0.4
0.37
0.399
0
0.399
0.611
0.397
0.457
0.398
0.401
0.399
0.398
0.398
0.401
0.4
0.4
0
0.397
0.397
0.399
0.401
0.401
0.381
0.395
0.403
0.401
0.399
0.4
0.399
0.398
0.399
0.379
0.398
0.395
0.395
0
0.397
0.754
0.388
0.416
0.401
0.401
0.4
0.402
0.399
0.398
0.398
0.4
0.399
0.399
0.398
0.398
0
0.4
0
0.398
0.417
0.396
0.544
0.398
0.403
0.4
0.398
0.397
0.399
0.396
0.402
0.4
0.397
0.399
0.402
0
0.401
0.458
0.399
0
0.396
0.729
0.399
0.401
0.399
0.395
0.395
0.4
0.398
0.399
0.399
0.401
0.4
0.398
0
0.396
0.5
0.399
0
0.399
0.88
0.398
0.4
0.399
0.397
0.397
0.399
0.4
0.402
0.397
0.399
0.398
0.398
0
0.397
0.462
0.398
0
0.398
0.89
0.377
0.403
0.4
0.397
0.4
0.399
0.401
0.402
0.399
0.398
0.397
0.397
0.381
0.397
0.399
0.399
0
0.4
0.667
0.356
0.426
0.399
0.399
0.403
0.398
0.394
0.4
0.399
0.398
0
0.4
0.399
0.396
0.399
0.399
0.397
0.44
0.398
0.393
0.399
0.401
