1.008
0.995
0.995
0.988
1.011
1.108
0.998
1.032
1.003
0.993
0.917
1.002
1
1.008
1.003
1.002
1.014
1.002
0.983
0.995
0.995
0.919
0.992
0.997
0.996
0.999
1.001
0.998
0.999
0.9
0.998
0.994
0.88
0.999
0.995
0.993
0.998
1.002
0.999
0.999
0.922
1.001
0.998
0.841
0.986
0.992
0.993
1.01
1.008
0.994
0.988
1.062
0.997
0.993
0.887
0.999
0.978
0.986
0.999
1
0.978
0.997
1.124
1.001
0.994
0.985
0.991
0.923
1.004
1.001
0.994
0.992
1.002
1.043
1.002
1
0.999
1.015
0.822
0.991
0.991
0.998
0.987
0.989
0.991
0.993
0.991
0.992
0.998
0.891
0.995
0.986
0.993
1
0.994
0.992
0.993
0.947
0.995
0.994
0.831
0.987
0.996
0.994
0.993
0.992
0.989
0.8
0.988
0.991
0.99
0.989
0.995
0.989
0.991
0.999
1.003
0.999
0.856
1.002
0.968
0.996
0.894
1.017
0.993
0.994
1.033
1.002
1.004
0.973
1.015
0.888
1.003
0.999
1.005
1.003
1.001
1
1
0.993
0.992
1
0.671
0.994
0.991
0.997
0.999
0.998
0.989
0.99
0.998
0.998
0.985
0.827
1
0.987
0.989
0.995
0.995
0.995
0.996
0.999
0.997
0.995
0.787
0.997
0.985
0.996
1.002
1.001
0.982
0.992
1.002
1
0.99
0.777
1
0.969
0.994
1
0.997
0.992
0.994
0.995
0.994
0.993
0.915
1.002
0.925
0.999
0.975
0.989
0.989
0.99
0.997
0.999
0.998
0.997
0.996
0.44
1
0.998
0.998
1.012
1.007
0.994
0.995
0.998
0.997
0.995
0.743
0.998
0.969
0.992
1
1
0.995
0.993
1
0.998
0.995
0.761
0.995
0.993
0.994
1.002
1
0.988
0.995
0.996
0.997
0.993
1.004
1
0.991
0.993
1.001
0.998
0.986
0.866
0.995
0.995
0.993
0.929
1.002
0.878
1.002
0.997
0.996
0.997
0.993
0.993
0
1.002
0.998
0.998
0.997
0.994
0.993
0.993
1.004
1.001
0.992
0.671
0.993
0.993
0.995
1.008
1
0.989
0.991
0.997
0.995
0.994
0.755
0.997
0.986
0.986
0.99
0.993
0.982
0.991
0.999
0.997
0.993
0.789
0.992
0.956
0.996
0.994
0.994
0.997
0.996
1
0.999
0.999
0.987
0.996
0.792
0.999
0.997
0.994
0.995
0.995
0.994
0.995
0.996
0.995
1.001
0.601
0.998
0.997
0.997
1.004
1
0.996
0.996
1.001
1
0.993
0.788
0.991
0.989
0.991
1.002
0.999
0.993
0.999
1.001
0.997
0.986
0.82
0.994
0.955
0.991
0.992
0.993
0.988
0.997
0.987
0.989
0.994
0.992
0.992
0.767
1.003
0.992
0.991
0.991
0.993
0.994
0.993
0.998
0.995
0.995
0.998
0.998
0.995
0.993
0.995
0.995
0.992
0.794
0.999
0.997
0.995
0.785
1
0.993
0.994
0.993
1.015
0.988
0.857
0.993
0.95
0.999
0.996
1.01
0.997
0.996
0.996
0.996
0.998
0.996
0.993
0.755
0.993
0.992
0.991
0.999
0.999
0.992
0.985
0.99
0.993
0.991
0.843
0.995
0.994
0.992
1.001
1.03
0.989
0.992
0.992
0.999
0.991
0.845
0.995
0.969
0.991
0.994
1.049
0.993
0.995
0.993
1.004
1
0.992
0.99
0.826
0.994
0.996
0.981
1.003
1.001
0.99
0.987
0.997
0.996
0.995
0.866
0.99
1
0.998
0.997
1.071
0.99
0.997
0.998
1.002
0.988
0.884
1.001
0.966
0.995
0.993
1.057
0.985
1.022
0.991
1.001
0.999
0.999
0.998
0.854
0.989
0.991
0.954
0.994
0.994
0.993
0.999
0.994
0.996
0.993
0.859
1.004
0.995
0.995
0.994
1.125
0.99
1.001
1.005
0.992
0.996
1.002
1.091
0.996
1.029
0.994
1.016
1.002
1.009
0.999
0.903
0.996
0.996
0.996
0.995
0.994
0.995
1
0.986
0.988
0.987
0.883
0.995
0.993
0.992
0.999
1.147
0.995
0.998
0.997
1
0.991
0.946
0.995
0.981
0.989
0.995
1.041
0.993
1.006
1.003
0.982
0.992
1
0.997
0.956
0.996
0.994
0.89
0.993
1
0.999
0.985
1.007
0.997
0.997
0.888
0.998
0.992
0.993
0.997
1.21
1
1.013
0.986
1.005
0.992
0.999
0.999
0.963
0.989
0.998
0.954
0.979
0.999
0.998
1.002
0.994
0.993
1
0.951
0.994
0.998
0.981
0.995
1.147
1.002
1.002
0.999
0.997
0.995
0.965
0.997
0.998
0.996
0.992
1.104
0.985
1.033
1.01
0.999
0.996
1.005
1.001
0.969
0.994
0.994
0.813
0.995
0.995
0.995
0.994
0.995
0.999
0.998
0.931
0.994
1
1
0.989
1.244
0.995
1.019
0.986
1
0.998
0.994
1.005
0.993
1.007
1.004
1.006
0.997
0.996
0.997
0.985
0.987
0.99
0.915
0.986
1.121
0.998
0.996
0.995
1.006
1.003
0.98
0.993
0.998
0.996
0.997
1.147
0.998
1.04
1.002
0.999
0.998
1.006
1.002
0.995
0.996
0.996
0.712
1.003
1.002
0.999
1.007
0.995
0.996
0.995
0.995
0.996
1.008
1.003
1.008
1.247
1.001
1.051
1.004
1.008
1.003
1.001
0.999
1.007
0.999
0.997
0.537
0.997
0.996
0.996
0.996
0.997
1.004
1.001
0.996
0.997
1.004
0.993
1.006
1.323
1.002
1.041
1.005
0.997
0.996
1.007
1.003
1.015
1.005
1.003
0.727
0.994
0.995
0.996
1.004
1.002
1
1
1.003
1.001
0.997
0.991
0.998
1.338
1.002
1.035
1
1.004
1.001
0.996
0.998
0.994
0.995
1.009
0.888
1.005
1.003
1
0.989
0.99
0.99
0.993
1.002
1.111
0.993
0.981
0.994
1.002
1.001
1.011
1.007
0.995
0.997
1.004
1.207
0.999
1.067
1.001
1.001
1
1.012
1.006
0.994
0.996
0.995
-1
1.003
1.011
1.001
1
0.998
1.01
1
0.998
0.998
1.001
0.993
1.003
1.301
1.006
1.06
0.997
1.005
1.001
1.01
0.999
0.996
0.995
1
-1
0.993
0.993
0.994
1.01
1.006
1
0.999
0.987
0.99
1.001
0.998
1.012
1.336
0.999
1.052
1.001
0.997
0.999
1.005
1.003
0.993
0.994
1.001
0
1.004
0.999
0.997
1.003
1.001
1.015
0.996
0.997
0.998
1
0.999
1.007
1.335
0.992
1.044
1.006
1.002
0.999
1.007
1.004
1.003
1.001
1.006
0.679
0.998
0.997
0.998
1.006
1.001
1.004
1.002
1.007
1.004
0.997
0.995
1.004
1.319
0.997
1.035
0.998
1.008
1.004
1.013
1.002
1.011
1.006
1.012
0.807
1.009
1.004
1.001
1.006
1.002
1.003
0.93
1.006
1.187
1.001
0.991
1
1.295
1.002
1.037
0.999
1
1
0.999
1.061
1.01
1.008
1.006
0.999
0.997
0.995
0.997
1.003
0.992
0.994
0.909
1.003
1.139
1.007
0.994
0.994
1.002
1
1.013
1.015
1
1
1.006
1.103
1.008
1.017
1.008
0.992
0.994
0.995
0.996
0.995
0.991
0.99
0.871
0.997
1.05
1.004
0.994
0.966
1.005
0.996
1.005
1.003
0.993
0.992
0.998
1.163
1.002
1.036
1.049
1.005
1.003
1.003
1.009
0.996
0.995
0.996
0.813
1
0.994
0.994
0.994
0.947
1.003
0.998
0.997
0.998
0.999
0.991
1.001
1.214
1.003
1.033
1.094
0.991
1.02
1.007
1.006
0.994
1.002
1.01
0.863
1.001
0.99
0.998
1.008
0.925
1.011
1.002
0.992
0.996
0.998
0.996
0.994
1.214
1.004
1.012
1.121
0.998
0.999
1.001
1
0.995
1.007
1.009
0.965
1
1
0.999
1.004
0.956
0.993
0.994
0.996
0.999
1
0.99
0.947
0.996
0.994
0.995
0.998
1.002
0.998
1.008
1.119
0.999
1.013
1.123
1.011
1.008
1.004
1.003
0.996
0.996
0.996
0.913
0.997
0.995
0.995
0.996
