0.999
0.985
1.001
1.044
0.999
0.99
1.082
1.017
0.998
1
0.986
1.001
1
0.999
1.072
0.999
1
1.266
1.001
1.011
1.006
1.056
1.005
1.006
1.292
1.008
1.016
1.014
0.977
0.997
1.01
1.002
0.975
0.995
1.019
1.146
0.988
0.991
0.994
0.996
0.982
0.994
0.995
0.975
0.995
1.001
1
0.989
0.653
0.999
0.997
0.997
0.999
0.999
0.997
0.997
1.001
1.001
0.998
0.756
0.998
0.997
0.998
1.008
1.004
0.992
1
1
0.998
1
1.124
0.999
0.995
1.001
0.974
0.995
0.994
0.996
0.986
0.995
0.995
1.317
0.997
1.008
1.005
0.952
0.999
1.012
1
0.984
1.001
1.002
1.292
0.993
1.035
1.004
0.989
0.991
1.019
1.002
1.003
1.001
0.999
1.071
0.991
0.887
1
1.012
1.001
1.001
1
1.001
0.994
1
1
0.999
-1
1.003
1
0.999
0.999
1
0.999
1.001
0.986
1.006
0.997
1.065
0.996
0.996
1.003
0.979
0.994
0.994
0.994
0.986
0.995
0.994
1.358
0.995
1.022
0.999
0.944
0.991
1.016
1.37
0.998
1.045
1.01
0.978
1.001
1.011
1.007
0.99
0.992
1.002
1.124
0.999
0.927
1.002
0.996
0.996
1.012
1.008
0.995
0.997
0.997
0.998
0.997
-1
1.002
0.991
1
1.006
1.005
0.992
0.993
0.995
1.005
0.989
1.09
0.997
0.988
0.989
0.971
0.995
0.997
0.997
0.984
0.993
1
1.368
1.001
1.017
0.999
0.954
0.999
1.003
0.994
0.996
0.995
1.005
1.259
0.984
1.036
1.003
0.992
1.003
0.981
0.993
1.011
0.998
1
0.998
0.996
-1
1.002
1
0.998
0.994
0.994
0.995
0.996
0.996
0.997
0.995
1
0.999
0.991
0.991
0.983
0.993
0.994
0.996
0.991
1.007
1.004
1.313
0.991
1.007
1
0.95
0.994
1
1.001
0.996
0.997
1
1.204
0.991
1.011
0.999
0.993
0.995
1.002
0.999
1.004
1.002
1
0.999
0.998
1.003
1.002
0.99
0.999
0.999
1
1.005
0.988
0.99
0.989
0.991
0.982
0.991
0.992
0.992
0.97
0.997
0.995
1.301
0.996
1.003
1.003
0.938
0.989
1.003
1.001
0.998
0.984
1.003
1.139
1.003
0.999
0.997
1.005
0.986
0.992
0.992
0.994
0.993
0.998
0.998
1.007
0.743
1.004
1
0.989
0.981
0.989
0.999
0.999
0.992
0.991
0.999
1.217
0.999
1.003
1.003
0.946
0.961
1.01
1.004
1.003
0.99
0.996
1.184
0.992
1.012
1.003
0.996
0.965
1.011
0.999
0.998
0.995
1
0.998
0.996
0.801
1
0.995
0.961
0.993
0.994
0.994
1.009
0.996
1.001
1
1.202
0.99
0.991
0.992
0.96
0.942
1.013
1
0.997
1.003
1.004
1.133
0.991
0.984
0.987
0.995
0.947
1.001
0.999
0.998
1
1.001
0.991
0.99
0.902
1
0.996
0.934
0.991
0.992
0.999
1.002
0.986
0.989
0.991
1.206
0.992
1.006
1.002
0.965
0.996
0.998
1.151
0.988
1.003
0.999
0.989
0.929
0.992
0.986
0.993
1.002
1
0.991
0.993
0.897
1.003
0.994
0.906
1.003
1
0.998
1.028
0.985
1.002
1
1.175
1
1
0.999
0.961
0.886
1.005
0.994
0.992
0.999
1
1.037
1
0.971
0.988
0.99
0.912
1.002
0.991
0.991
1.019
1.003
0.995
0.994
0.997
0.996
0.995
0.958
0.979
0.976
1
1.011
0.997
0.999
0.999
1.146
0.994
1.006
1.003
0.978
0.862
0.992
0.981
0.991
0.994
0.993
0.989
0.99
0.936
0.999
0.99
0.795
0.991
0.999
0.997
1.037
1.006
0.983
0.985
1.072
0.985
1.005
1.001
0.976
0.865
0.999
0.997
0.98
0.993
1.002
1.048
0.992
0.991
0.992
1.006
0.884
0.995
0.986
0.995
1.024
0.987
0.995
0.993
0.993
0.993
1.001
0.915
0.985
0.951
0.992
1.023
1.003
1
1
1.084
0.827
0.995
0.992
0.996
0.999
0.997
0.994
0.994
0.98
0.994
0.989
0.776
0.985
0.986
0.988
1.036
0.991
0.99
0.987
1.024
1.006
0.99
0.984
0.98
0.874
0.997
0.996
0.985
1.01
1.006
1.015
0.988
0.998
0.997
0.996
0.84
0.998
0.986
0.989
1.029
0.995
0.996
0.996
1.004
1
0.99
0.911
0.98
0.926
0.998
1.03
0.987
0.994
0.996
1.003
1
0.997
0.998
0.995
0.821
0.999
0.958
0.991
0.992
0.992
0.991
0.993
1.026
1.002
0.992
0.561
1.001
0.97
0.998
1.049
0.995
0.987
0.988
0.998
0.988
0.997
0.995
0.993
0.791
0.998
0.962
0.992
0.987
0.988
0.996
0.995
1.002
0.998
0.989
-1
1.004
0.99
0.997
1.059
0.995
0.993
0.993
1.01
0.994
0.997
0.996
0.994
0.766
0.996
0.962
0.996
0.994
0.995
0.996
0.996
1.004
0.995
0.993
-1
0.996
0.992
0.994
1.067
0.998
0.989
0.944
0.997
0.998
0.993
0.995
0.995
0.759
0.991
0.992
0.998
0.993
0.993
0.994
0.785
0.999
0.965
0.99
1.018
1.002
0.99
0.991
0.99
0.989
0.989
0.776
0.989
0.892
0.993
1.026
1.001
0.989
0.991
0.991
0.989
0.996
0.995
0.99
0.776
0.99
0.952
0.99
1.004
1.002
0.991
0.992
1.002
0.999
0.997
0.451
0.992
0.923
0.991
0.951
0.996
1.001
0.999
1
0.996
0.993
0.994
0.989
0.789
0.999
0.949
0.991
1.004
0.992
0.99
0.99
1.01
1.006
0.993
0
0.995
0.959
0.993
1.061
0.995
1.005
1.003
1.006
0.996
1.001
1
0.99
0.785
0.998
0.957
0.994
0.995
0.994
0.989
0.989
1.006
0.995
0.988
0
1.009
0.998
0.997
1.071
0.993
0.995
0.993
0.995
0.993
1
1
0.986
0.789
0.997
0.967
0.992
1
0.999
0.997
0.996
1.01
1.006
0.991
1.051
0.989
0.989
0.996
1.07
1.002
0.998
0.986
1.011
0.835
0.998
0.996
0.994
0.794
0.993
0.983
0.985
1.002
1.001
0.988
0.785
1.004
0.992
0.992
1.04
1.002
0.993
0.993
0.998
1.008
0.992
0.992
1.004
0.866
0.996
0.995
0.995
1.001
0.999
0.983
0.983
1.004
1
1
0.856
0.993
0.984
0.986
1.031
1
0.998
0.997
0.977
1.014
0.994
0.946
1.009
0.904
0.996
1.009
1.015
0.993
1
0.991
0.993
0.998
0.996
0.99
0.862
1.003
0.982
0.983
1.008
1.003
1
0.998
1.001
1.022
1.003
0.899
0.994
0.966
0.987
1.035
1.078
1.004
1.003
1.001
0.998
0.993
0.994
0.992
0.863
0.991
0.978
0.944
1.004
0.993
0.991
0.981
1.004
1.002
0.999
0.848
1.006
0.998
0.994
1.05
1.123
0.989
0.998
1.002
1
0.991
1.001
1
0.857
0.995
0.987
0.91
0.983
0.987
0.987
0.987
1
0.992
0.992
0.837
1.015
1.002
1
1.054
0.998
0.991
0.993
1
0.932
0.995
1.018
1.056
0.994
1.01
1
0.989
0.997
0.996
0.995
0.91
0.996
0.992
0.931
0.995
0.994
0.992
0.99
1.007
0.993
0.992
0.944
1.003
0.984
0.986
1.038
1.162
0.995
1.027
1.003
1.001
0.997
1.005
0.996
0.894
1.001
0.988
0.896
0.994
0.991
0.99
0.991
1.006
1.002
0.994
0.914
0.997
0.991
0.992
1.034
1.2
0.976
1.017
1.004
0.997
1.001
1.007
1.002
0.903
1.001
0.989
0.861
0.994
0.989
0.99
0.985
1.006
0.994
0.992
0.929
1.01
0.995
0.993
1.035
1.2
0.989
1.008
1.011
0.996
1
0.999
1
0.929
0.992
0.999
0.855
0.994
0.993
0.992
0.987
0.993
0.982
0.984
0.956
0.996
1.008
1.004
1.037
1.188
0.997
1.006
1.003
0.999
0.996
1.017
1.006
0.949
0.994
1.005
