1.995
1.992
1.988
1.992
1.992
1.989
1.988
1.986
1.984
1.988
1.971
1.975
1.978
1.98
1.981
1.985
1.987
1.985
1.985
1.985
1.989
1.985
1.981
1.981
1.983
1.988
1.989
1.986
1.985
1.983
1.985
1.986
1.987
1.988
1.989
1.988
1.989
1.987
2.003
1.999
1.996
1.992
1.99
1.991
1.988
1.988
1.99
2
1.993
1.978
1.981
1.98
1.984
1.986
2.004
1.999
1.999
1.996
1.994
1.992
1.989
1.987
1.985
1.986
1.987
1.989
1.988
1.987
1.986
1.985
2.001
1.999
1.996
1.994
1.991
1.991
1.992
1.991
1.989
1.993
1.991
1.987
1.985
1.989
1.984
1.986
1.986
1.985
1.987
1.987
1.987
1.987
1.989
1.988
1.987
1.988
1.989
1.99
1.989
1.989
1.989
1.987
1.988
1.992
1.993
1.99
1.991
1.991
1.989
1.989
1.984
1.984
1.985
1.984
1.988
1.988
1.989
1.984
1.986
1.986
1.986
1.985
1.981
1.978
1.975
1.978
1.976
1.994
1.99
1.988
1.99
1.989
1.992
1.99
1.99
1.989
1.984
1.986
1.986
1.989
1.989
1.99
1.991
1.985
1.983
1.984
1.981
1.983
1.984
1.984
1.988
1.987
1.989
1.985
1.985
1.985
1.986
1.984
1.987
1.987
1.986
1.988
1.988
1.986
1.985
1.986
1.99
1.988
1.989
1.984
1.989
2.002
1.979
1.981
1.983
2
1.993
1.992
1.992
1.99
1.991
1.988
1.988
1.989
1.988
1.991
1.991
1.985
1.989
1.991
1.991
1.987
1.989
1.987
1.999
1.981
1.981
1.98
1.984
1.984
1.987
1.986
1.985
1.986
1.994
1.992
1.992
1.992
1.992
1.991
1.989
1.987
1.985
1.985
1.982
1.995
1.991
1.989
1.988
1.989
2.003
2.002
1.982
1.984
1.982
1.985
1.982
1.983
1.984
1.981
1.982
1.983
1.983
1.982
1.981
1.985
1.987
1.989
1.987
1.987
1.985
1.982
1.985
1.985
1.986
1.984
1.984
1.983
1.987
1.97
1.974
1.992
1.989
1.987
1.986
1.984
1.981
1.984
1.985
1.984
1.98
1.984
1.995
1.992
1.987
1.982
1.983
1.984
1.984
1.984
1.984
1.982
1.985
1.984
1.984
1.986
1.985
1.983
1.985
1.988
1.985
1.988
1.986
1.985
1.984
1.983
1.98
1.982
1.983
1.988
1.988
1.988
1.986
1.984
1.983
1.984
1.985
1.984
1.989
1.989
1.985
1.987
1.984
1.988
1.989
1.991
1.993
1.989
2.003
2
1.993
1.989
1.985
1.985
1.984
1.984
1.984
1.986
1.985
1.982
1.983
1.985
1.987
1.987
1.987
1.987
1.984
1.984
1.982
1.982
1.978
1.98
1.981
1.981
1.983
1.982
1.983
1.983
1.984
1.982
1.984
1.983
1.984
1.983
1.981
1.983
1.987
1.992
1.991
1.991
1.99
1.987
1.986
1.984
1.985
1.988
1.988
1.986
1.986
1.988
1.985
1.981
1.981
1.993
1.991
1.989
1.989
1.988
1.987
1.985
1.984
1.983
1.984
1.987
1.988
1.989
1.988
1.985
1.986
1.982
1.987
1.987
1.986
1.987
1.987
1.982
1.98
1.981
1.983
1.986
1.988
1.989
1.985
1.984
1.982
1.98
1.98
1.995
1.991
1.992
1.994
1.993
1.991
1.989
1.985
1.985
1.986
1.99
1.991
1.987
1.988
1.999
1.992
1.987
1.986
1.987
1.99
1.988
1.987
1.984
1.983
1.986
1.989
1.988
1.986
1.988
1.99
1.987
1.986
1.988
1.988
1.988
1.987
1.985
1.985
1.985
1.988
1.988
1.983
1.984
1.984
1.986
1.987
1.987
1.985
1.998
1.983
1.984
1.985
1.987
1.987
1.987
1.988
1.99
1.989
1.989
1.988
1.988
1.988
1.989
1.989
1.986
1.986
1.985
1.987
1.998
1.994
1.991
1.989
1.987
1.983
1.982
1.983
1.984
1.985
1.986
1.992
1.993
1.991
1.986
1.987
1.983
1.987
1.988
1.985
1.984
1.981
1.982
1.985
1.985
1.983
1.984
1.987
1.989
1.987
1.983
1.983
1.984
1.986
1.986
1.985
1.986
1.994
1.992
1.99
1.991
1.988
1.989
1.988
1.989
1.988
1.987
1.981
1.983
1.982
1.98
1.983
1.985
1.985
1.986
1.989
1.988
1.984
1.984
1.983
1.988
1.985
1.984
1.971
1.988
2.007
2.004
2.001
1.999
1.993
1.992
1.993
1.991
1.987
1.987
1.987
1.987
1.986
1.986
1.987
1.987
1.984
1.984
1.986
1.985
1.988
1.988
1.988
1.983
1.987
1.984
1.987
1.986
1.986
1.983
1.985
1.984
1.985
1.984
1.982
1.983
1.978
1.98
1.982
1.979
1.979
1.981
1.982
1.984
1.988
2.001
1.994
1.992
1.989
1.989
1.987
1.986
1.985
1.981
1.982
1.982
1.987
1.986
1.987
1.983
1.98
1.979
1.997
1.997
1.994
1.994
1.994
1.996
1.993
1.989
1.985
1.987
1.987
1.984
1.986
1.99
1.983
1.987
1.989
1.99
1.989
1.986
1.986
1.986
1.987
1.986
1.983
1.981
1.979
1.98
1.997
1.994
1.992
1.988
1.986
1.984
1.984
1.98
1.981
1.982
1.998
1.993
1.979
1.982
1.982
1.983
1.987
1.989
1.989
1.987
1.985
1.983
1.979
1.981
1.983
1.985
1.988
1.987
1.984
1.982
1.986
1.985
1.986
1.985
1.985
1.984
1.981
1.983
1.986
1.985
1.984
1.982
1.982
1.983
1.983
1.982
1.997
1.982
1.979
1.981
1.983
1.983
1.985
1.986
1.984
1.987
1.987
1.984
1.986
1.984
1.983
1.982
1.984
1.985
1.988
1.988
1.986
1.983
1.986
1.986
1.988
1.984
1.985
1.989
1.989
1.988
1.985
1.985
1.984
1.987
1.986
1.984
1.985
1.989
1.986
1.985
1.985
1.986
1.987
1.988
1.986
1.996
1.991
1.994
1.988
1.991
1.993
1.992
1.99
1.988
1.989
1.987
1.986
1.99
1.992
1.989
1.986
1.985
1.984
1.987
1.991
1.991
1.992
1.989
1.986
1.989
1.991
1.989
1.989
1.988
1.989
1.987
1.983
1.984
1.988
1.985
1.985
1.985
1.989
1.99
1.991
1.989
1.99
1.989
1.984
2
1.997
1.99
1.99
1.987
1.987
1.986
1.986
1.988
1.988
1.99
1.99
1.994
1.994
1.992
1.991
1.994
1.991
1.985
1.988
1.986
1.988
1.985
1.982
1.981
1.986
1.983
1.982
1.985
1.983
1.987
1.985
1.984
1.984
1.985
1.985
1.989
1.987
1.986
1.985
1.987
1.986
1.988
1.988
1.989
1.985
1.986
1.986
1.988
1.985
1.978
1.979
1.984
1.98
1.981
1.984
1.985
1.985
1.986
1.984
1.986
1.986
1.985
1.984
1.983
1.983
1.985
1.986
2.005
2
1.999
1.996
1.989
1.99
1.992
1.988
1.99
1.986
1.984
1.985
1.986
1.985
1.989
1.984
1.987
1.988
1.986
1.988
1.988
1.987
1.988
1.987
1.991
1.986
1.987
1.988
1.986
1.985
1.984
1.983
1.984
1.984
1.985
1.99
1.99
1.989
1.989
1.987
1.987
1.985
1.985
1.984
1.986
1.986
1.989
1.985
1.987
1.988
1.987
1.987
1.987
1.984
1.985
1.982
1.977
1.999
1.993
1.991
1.99
1.991
1.991
1.987
1.988
1.988
1.987
1.989
1.988
1.988
1.989
1.985
1.986
1.985
1.984
1.987
1.983
1.985
1.984
1.989
1.983
1.985
1.987
1.989
1.986
1.988
1.984
1.989
1.99
1.99
1.99
1.99
1.987
1.986
1.983
1.985
1.989
1.988
1.989
1.985
1.987
1.988
1.991
1.988
1.988
1.984
1.984
1.984
1.981
1.982
1.982
1.983
1.984
1.982
1.984
1.987
1.984
1.984
1.988
1.987
1.987
1.987
1.984
1.983
1.984
1.982
1.983
1.985
1.986
1.983
1.983
1.983
1.983
1.981
1.977
1.994
1.989
1.989
1.986
1.987
1.984
1.982
1.985
1.988
1.986
1.985
1.987
1.987
1.988
1.989
1.989
1.99
1.991
1.99
1.99
1.989
1.983
1.984
1.984
1.986
1.986
1.987
1.986
1.987
1.985
1.982
1.984
1.985
1.982
1.98
1.979
1.98
1.998
1.995
1.994
1.992
1.99
