1.938
1.964
1.887
1.967
1.865
1.962
2.007
1.981
1.976
1.977
1.983
1.977
2.019
1.99
1.954
1.959
1.965
1.947
1.975
1.919
1.962
1.802
1.958
1.975
1.976
1.976
1.975
1.96
1.962
1.961
1.96
1.997
1.993
1.97
1.986
1.964
1.913
1.984
1.95
1.956
1.787
1.978
1.98
1.979
1.951
1.956
1.968
1.97
1.963
1.968
2.008
1.997
1.967
1.97
1.98
1.911
1.999
1.926
1.959
1.783
1.981
2.014
1.993
1.972
1.971
1.981
1.98
1.955
1.96
1.994
1.986
1.961
1.967
1.979
1.922
1.964
1.945
1.963
1.78
1.969
1.966
1.969
2.043
1.976
1.972
1.975
1.979
1.978
2.057
1.991
1.953
1.96
1.98
1.95
1.976
1.959
1.961
1.906
1.952
1.892
1.965
2.057
1.986
1.958
1.965
1.97
1.966
1.969
1.968
1.968
1.97
1.963
1.967
1.964
1.914
1.984
1.962
1.979
1.796
1.978
2.046
1.98
1.969
1.969
1.964
1.967
1.958
1.963
1.979
1.974
1.968
1.969
1.958
1.956
1.981
1.952
2.001
1.884
1.964
1.877
1.977
2.088
1.982
1.964
1.964
1.979
1.98
1.978
1.978
1.998
1.981
1.969
1.967
1.964
1.947
1.957
1.958
1.965
1.826
1.976
1.956
1.96
2.06
1.98
1.963
1.964
1.977
1.977
1.994
1.989
1.985
1.983
1.958
1.961
1.959
1.906
1.973
1.971
1.97
1.779
1.967
1.97
1.97
2.054
1.981
1.975
1.976
1.967
1.965
1.973
1.973
1.987
1.985
1.951
1.956
1.977
1.976
1.968
1.968
1.968
1.799
1.973
1.985
1.977
2.071
1.972
1.983
1.979
1.984
1.978
1.955
1.96
2.005
1.981
1.944
1.959
1.972
1.91
1.972
1.97
1.97
1.824
1.973
1.969
1.971
2.098
1.961
1.962
1.965
1.987
1.98
1.984
1.981
1.982
1.975
1.972
1.977
1.974
1.95
1.993
1.97
1.984
1.862
1.964
1.941
1.967
2.104
1.968
1.969
1.973
1.983
1.979
1.976
1.973
1.988
1.982
1.977
1.974
1.964
1.964
1.99
1.928
1.986
1.961
1.964
1.804
1.967
2.146
1.984
2.024
1.992
1.949
1.97
1.98
1.96
1.971
1.972
1.984
1.98
1.983
1.978
1.962
1.89
1.993
1.986
1.984
1.81
1.962
1.989
1.983
2.115
1.972
1.971
1.971
1.974
1.974
1.99
1.985
1.987
1.98
1.978
1.975
1.971
1.914
1.968
1.946
1.977
1.958
1.976
1.875
1.965
2.175
1.977
1.989
1.981
1.96
1.982
1.934
1.974
1.991
1.984
1.981
1.977
1.961
1.964
1.964
1.895
1.991
1.988
1.982
1.797
1.98
2.028
1.994
2.122
1.975
1.973
1.974
1.994
1.986
1.965
1.981
1.984
1.979
1.974
1.974
1.971
1.951
1.968
1.948
1.978
1.954
1.958
1.836
1.994
2.193
1.969
2.043
1.983
1.949
1.956
1.985
1.979
1.967
1.971
1.991
1.986
1.969
1.968
1.95
1.951
1.96
1.965
1.982
1.861
1.964
1.97
1.97
2.181
1.978
1.977
1.979
1.981
1.976
2.001
1.99
1.993
1.975
1.972
1.972
1.993
1.984
1.99
1.89
1.972
1.972
1.971
1.781
1.975
2.122
1.987
2.128
1.991
1.984
1.978
1.967
1.969
1.987
1.981
1.979
1.973
1.968
1.973
1.987
1.958
1.961
1.96
1.974
1.95
1.979
1.851
1.977
2.23
1.967
2.031
1.987
1.985
1.98
1.949
1.958
1.972
1.968
1.992
1.985
1.959
1.962
1.963
1.903
1.981
1.981
1.981
1.832
1.982
2.001
1.977
2.198
1.972
1.976
1.972
1.977
1.971
1.983
1.978
1.979
1.977
1.979
1.974
1.968
1.964
1.97
1.899
1.961
1.968
1.968
1.781
1.965
2.158
1.974
2.137
1.982
1.978
1.976
1.984
1.981
1.962
1.964
1.984
1.979
1.975
1.973
1.971
1.945
1.978
1.953
1.984
1.966
1.967
1.872
1.964
2.253
1.963
2.07
1.988
1.967
1.969
1.96
1.962
1.984
1.983
1.976
1.974
1.953
1.958
1.966
1.915
1.971
1.972
1.991
1.908
1.977
1.975
1.975
2.287
1.989
2.001
1.98
1.997
1.988
1.98
1.98
1.976
1.974
1.978
1.979
1.957
1.96
1.98
1.915
1.979
1.995
1.987
1.833
1.967
1.992
1.976
2.22
1.976
1.978
1.98
1.971
1.971
1.974
1.972
1.956
1.963
1.986
1.981
1.973
1.969
1.985
1.865
1.971
1.976
1.976
1.766
1.972
2.15
1.96
2.172
1.964
1.979
1.977
1.97
1.972
1.979
1.962
1.994
1.989
1.986
1.982
1.979
1.926
1.975
1.912
1.972
1.977
1.975
1.795
1.975
2.253
1.99
2.098
1.969
1.965
1.967
1.966
1.964
1.979
1.977
1.982
1.977
1.955
1.976
1.992
1.912
1.961
1.964
1.969
1.912
1.973
1.9
1.966
2.302
1.966
2.037
2.002
1.973
1.97
1.97
1.971
1.959
1.964
1.969
1.97
1.978
1.974
1.975
1.89
1.972
1.992
1.986
1.837
1.976
1.994
1.987
2.257
1.977
2.001
1.993
1.967
1.969
1.987
1.98
1.981
1.983
1.985
1.978
1.965
1.948
1.968
1.882
1.969
1.973
1.971
1.744
1.976
2.164
1.964
2.185
1.969
1.971
1.971
1.993
1.984
1.993
1.988
1.982
1.98
1.959
1.964
1.977
1.949
1.971
1.916
1.988
1.98
1.977
1.812
1.97
2.297
1.975
2.104
1.968
1.965
1.964
1.954
1.971
1.968
1.967
1.986
1.981
1.953
1.957
1.967
1.938
1.979
1.978
1.975
1.904
1.963
1.961
1.966
2.303
1.986
1.988
1.985
1.984
1.978
1.979
1.974
1.965
1.967
1.969
1.968
1.966
1.965
1.999
1.894
1.977
1.979
1.979
1.792
1.972
2.137
1.98
2.2
1.977
1.979
1.975
1.967
1.968
1.99
1.971
1.979
1.976
1.975
1.977
1.991
1.92
1.988
1.932
1.967
1.968
1.97
1.833
1.978
2.29
1.963
2.056
1.98
1.956
1.959
1.979
1.978
1.967
1.969
1.996
1.979
1.965
1.969
1.971
1.911
1.982
1.982
1.978
1.844
1.965
2.03
1.974
2.207
1.976
1.979
1.979
1.97
1.968
1.976
1.976
1.985
1.98
1.991
1.986
1.963
1.948
1.97
1.945
1.97
1.97
1.97
1.833
1.969
2.276
1.991
2.047
1.982
1.94
1.96
1.949
1.956
1.97
1.967
1.976
1.977
1.956
1.961
1.964
1.899
1.975
1.978
1.975
1.82
1.974
2.092
1.982
2.189
1.964
1.977
1.974
1.979
1.978
1.99
1.983
1.972
1.974
1.973
1.973
1.983
1.922
1.98
1.975
1.994
1.959
1.96
1.938
1.974
2.281
1.969
1.994
1.975
1.978
1.975
1.972
1.97
1.978
1.974
1.995
1.976
1.966
1.953
1.983
1.895
1.98
1.994
1.973
1.797
1.977
2.206
1.983
2.106
1.977
1.978
1.972
1.96
1.967
1.964
1.964
1.995
1.985
1.959
1.964
1.969
1.911
1.969
1.992
1.971
1.834
1.959
2.093
1.99
2.174
1.974
1.976
1.976
1.976
1.975
1.95
1.969
1.994
1.976
1.973
1.972
1.965
1.946
1.962
1.964
1.991
1.923
1.968
1.984
1.98
2.24
1.981
1.993
1.984
1.948
1.97
1.96
1.963
1.972
1.97
1.975
1.975
1.963
1.945
1.983
1.974
1.976
1.97
1.971
1.949
1.954
2.229
1.967
2.001
1.99
1.961
1.958
1.977
1.976
1.966
1.968
1.981
1.976
1.965
1.963
1.981
1.953
1.992
1.975
1.973
1.909
1.969
2.251
1.973
2.003
1.987
1.962
1.964
1.991
1.987
1.977
1.975
1.992
1.975
1.982
1.976
1.969
1.953
1.977
1.972
1.972
1.944
1.963
2.246
1.985
1.986
1.967
1.993
1.97
1.983
1.979
1.972
1.968
1.986
1.979
1.983
1.961
1.965
1.962
1.989
1.985
1.972
1.954
1.974
2.239
1.969
1.975
1.972
1.963
1.966
1.973
1.975
1.979
1.973
1.972
1.967
1.961
1.962
1.978
1.974
1.986
1.979
1.976
1.975
1.971
2.206
1.966
1.988
1.983
1.968
1.969
1.977
