2.663
2.766
2.774
2.808
2.818
2.784
2.694
-1
2.808
2.747
-1
2.803
2.776
-1
2.793
-1
2.805
2.796
2.816
2.756
2.762
2.775
2.773
2.802
-1
2.703
2.737
-1
2.817
-1
-1
2.769
2.783
2.79
-1
-1
2.641
2.771
2.776
-1
2.791
2.776
2.692
2.797
2.794
-1
-1
2.817
-1
-1
2.763
-1
2.777
2.778
2.782
2.786
-1
2.822
2.813
-1
2.783
2.79
2.82
2.778
2.781
-1
2.775
2.748
-1
2.771
-1
2.78
2.645
2.8
2.809
-1
2.787
2.783
2.711
2.745
2.776
2.783
-1
2.799
-1
2.79
2.785
-1
2.787
2.746
2.782
-1
2.801
2.808
-1
2.781
2.787
2.741
2.788
2.797
-1
2.761
2.811
2.783
-1
2.797
2.791
-1
2.719
2.8
-1
-1
2.78
2.783
2.784
2.803
-1
-1
2.811
2.77
-1
2.78
2.781
-1
2.802
2.562
2.794
2.792
-1
-1
2.772
2.724
2.768
-1
2.788
2.818
2.81
-1
-1
2.78
-1
-1
2.68
-1
-1
2.754
2.785
2.772
2.768
2.785
2.785
2.792
-1
-1
2.78
-1
-1
-1
2.75
2.668
2.771
2.728
-1
2.773
2.774
2.78
2.774
-1
2.808
2.793
-1
2.805
2.793
2.749
-1
2.776
-1
2.759
2.682
2.812
-1
-1
-1
2.777
-1
2.75
2.785
2.783
-1
2.79
2.754
2.771
2.804
-1
-1
2.572
-1
2.818
2.787
-1
2.817
2.763
-1
2.776
2.777
2.795
-1
-1
-1
-1
-1
-1
2.533
2.78
2.798
2.785
2.789
2.787
2.798
2.792
2.806
2.802
2.788
2.792
-1
2.765
2.747
-1
-1
2.576
-1
-1
-1
2.782
2.782
2.817
2.817
-1
2.784
2.814
2.808
2.738
2.759
2.787
-1
2.812
2.57
2.811
2.802
2.78
2.814
2.806
2.789
-1
-1
2.796
2.777
-1
-1
2.798
2.791
-1
-1
2.557
2.792
-1
2.815
-1
2.777
2.823
-1
-1
-1
2.771
2.807
2.8
2.795
2.79
-1
2.795
2.567
-1
2.811
-1
-1
2.792
-1
-1
2.813
2.808
-1
2.804
2.784
-1
-1
-1
-1
2.519
2.786
2.79
-1
2.799
-1
-1
2.795
2.815
-1
-1
2.802
-1
-1
2.773
-1
-1
2.524
2.784
2.784
2.783
2.804
2.77
2.776
-1
2.799
2.793
2.817
-1
2.754
-1
2.795
-1
-1
2.549
2.808
2.763
2.768
2.8
-1
-1
2.783
2.792
2.787
2.794
2.786
-1
-1
2.775
-1
2.795
2.651
2.803
-1
2.793
-1
2.776
2.748
2.779
2.797
-1
2.808
2.804
-1
-1
2.803
2.804
-1
2.742
2.752
-1
2.797
2.808
2.801
-1
-1
2.759
-1
2.756
2.772
2.792
-1
-1
2.675
-1
2.771
2.754
2.766
2.791
2.763
2.789
2.783
2.777
2.797
2.773
-1
2.779
2.813
-1
2.811
2.536
-1
2.818
-1
-1
-1
2.777
2.777
2.76
2.768
-1
2.789
2.793
-1
2.802
2.805
2.822
2.589
2.798
2.789
2.801
-1
-1
-1
2.779
-1
-1
2.801
2.786
-1
-1
2.791
2.765
2.769
2.808
2.796
2.791
-1
-1
-1
2.798
2.811
2.762
2.791
2.789
2.794
2.647
-1
-1
2.654
2.792
2.792
2.782
2.811
2.782
-1
-1
-1
-1
-1
2.803
2.804
-1
2.82
-1
2.8
2.684
2.78
2.763
2.771
2.791
2.796
2.792
2.791
2.757
2.82
2.793
2.815
2.745
-1
2.798
2.667
2.787
-1
2.796
2.806
2.801
2.763
-1
-1
2.786
2.805
2.781
2.772
-1
2.767
-1
-1
2.645
2.792
2.789
2.802
2.801
2.804
2.743
2.794
2.791
2.766
2.767
2.792
2.82
-1
2.787
2.752
2.792
2.766
2.793
2.812
2.796
2.766
-1
2.805
-1
2.799
2.795
2.821
2.816
2.808
-1
-1
2.582
2.814
2.817
2.807
2.766
-1
2.763
2.754
-1
2.805
-1
2.82
-1
-1
2.786
2.721
2.794
2.763
2.768
-1
2.78
2.786
-1
2.784
-1
2.808
-1
2.801
-1
-1
-1
2.809
2.677
2.793
-1
2.768
-1
-1
2.777
-1
2.782
2.773
-1
-1
2.815
-1
2.807
2.637
2.793
2.756
2.815
2.803
-1
2.799
-1
-1
-1
-1
2.776
2.788
-1
-1
2.81
2.804
-1
-1
2.817
2.788
2.775
2.797
-1
-1
2.811
2.788
2.766
-1
2.812
-1
2.811
2.699
2.787
2.794
2.741
2.774
-1
2.794
-1
2.77
2.737
-1
2.788
2.82
-1
2.811
2.619
2.794
-1
2.774
2.78
-1
2.736
-1
2.748
2.799
2.781
2.817
2.792
-1
2.8
2.702
2.764
-1
2.808
-1
-1
-1
-1
-1
-1
2.809
2.769
2.764
-1
2.799
2.754
2.788
2.77
-1
2.781
2.699
2.79
2.78
-1
-1
2.778
-1
2.794
-1
2.795
2.789
2.79
2.782
2.784
2.766
2.675
2.744
-1
2.807
-1
2.766
2.775
2.766
2.818
-1
-1
2.79
2.715
-1
-1
2.767
2.768
-1
-1
-1
2.792
2.761
-1
-1
-1
-1
2.782
2.739
2.779
2.821
2.723
2.75
-1
-1
-1
2.801
-1
2.787
2.817
-1
-1
2.768
2.775
2.818
2.809
2.727
2.8
-1
2.799
-1
2.781
2.8
2.792
-1
2.78
-1
-1
2.686
2.798
-1
2.774
2.785
-1
2.785
-1
-1
2.806
2.803
2.823
2.785
-1
2.783
2.713
2.802
2.811
2.781
2.796
-1
2.777
-1
2.809
2.734
-1
2.814
2.782
-1
2.817
2.724
2.794
2.784
2.807
2.775
-1
2.763
-1
2.771
2.78
-1
-1
2.787
-1
2.804
2.702
2.801
-1
2.72
-1
-1
-1
-1
2.789
-1
2.807
2.819
-1
2.789
-1
2.729
2.808
-1
2.788
-1
-1
2.788
-1
-1
2.748
-1
2.795
2.766
2.801
-1
2.725
-1
2.803
2.633
2.811
-1
2.808
-1
2.789
2.784
-1
2.781
2.804
2.798
-1
2.767
2.795
2.819
2.635
-1
2.787
2.771
-1
-1
2.82
2.791
-1
2.776
2.779
-1
2.789
-1
2.818
-1
2.791
-1
2.785
-1
2.818
2.778
2.79
-1
-1
2.727
2.782
2.762
2.749
-1
-1
-1
-1
2.792
2.814
2.808
2.796
-1
2.805
-1
2.783
-1
-1
2.633
2.788
-1
2.765
2.808
2.82
2.691
2.791
2.793
2.787
-1
-1
-1
-1
2.792
2.761
2.786
2.784
2.791
2.82
2.75
2.795
2.8
-1
2.802
2.808
-1
2.777
-1
2.794
-1
-1
-1
2.812
2.813
2.807
2.803
2.802
2.807
2.799
-1
-1
2.737
2.63
-1
-1
-1
-1
2.791
-1
2.805
2.806
-1
2.785
2.812
-1
-1
2.796
-1
2.788
-1
2.781
2.749
2.79
2.743
2.772
-1
2.75
-1
-1
2.793
2.823
-1
2.789
2.791
2.778
-1
2.819
2.809
2.816
2.589
2.783
-1
-1
-1
2.807
2.812
2.809
-1
-1
-1
2.786
2.82
-1
2.821
-1
2.785
-1
2.766
-1
2.78
-1
2.818
2.815
2.79
2.817
-1
-1
2.468
2.806
-1
2.795
-1
2.809
2.759
2.779
-1
2.76
2.792
2.789
2.8
2.764
-1
-1
2.783
2.783
2.816
2.556
-1
-1
2.806
2.79
-1
2.778
2.803
2.807
2.537
