2.73
2.732
2.723
2.751
2.711
2.723
2.693
2.724
2.71
2.679
2.705
2.735
2.67
2.733
2.733
2.697
2.727
2.704
2.738
2.731
2.732
2.729
2.733
2.685
2.71
2.709
2.709
2.712
2.639
2.697
2.716
2.717
2.726
2.728
2.719
2.715
2.738
2.715
2.736
2.737
2.687
2.715
2.683
2.705
2.708
2.664
2.718
2.741
2.77
2.768
2.723
2.741
2.743
2.707
2.729
2.731
2.728
2.731
2.728
2.638
2.724
2.729
2.735
2.706
2.597
2.695
2.706
2.731
2.728
2.73
2.682
2.729
2.757
2.75
2.727
2.745
2.714
2.737
2.701
2.701
2.708
2.704
2.714
2.691
2.691
2.692
2.72
2.72
2.722
2.698
2.698
2.703
2.711
2.71
2.717
2.687
2.721
2.718
2.72
2.742
2.571
2.709
2.732
2.728
2.745
2.742
2.73
2.73
2.755
2.709
2.715
2.75
2.754
2.749
2.715
2.714
2.711
2.714
2.748
2.739
2.734
2.734
2.732
2.73
2.725
2.726
2.719
2.742
2.707
2.746
2.725
2.705
2.737
2.714
2.725
2.726
2.612
2.718
2.692
2.727
2.727
2.733
2.735
2.734
2.731
2.737
2.734
2.706
2.696
2.704
2.705
2.709
2.711
2.604
2.75
2.743
2.719
2.723
2.757
2.733
2.729
2.729
2.727
2.721
2.747
2.692
2.717
2.75
2.742
2.739
2.732
2.735
2.698
2.714
2.739
2.739
2.732
2.73
2.682
2.683
2.716
2.714
2.705
2.707
2.695
2.745
2.734
2.736
2.737
2.608
2.739
2.715
2.717
2.734
2.731
2.762
2.737
2.713
2.736
2.735
2.774
2.744
2.727
2.73
2.75
2.716
2.539
2.716
2.716
2.742
2.734
2.736
2.689
2.714
2.752
2.742
2.736
2.739
2.681
2.721
2.717
2.736
2.728
2.601
2.702
2.73
2.729
2.753
2.724
2.657
2.736
2.728
2.725
2.724
2.718
2.71
2.714
2.713
2.711
2.691
2.632
2.709
2.738
2.762
2.719
2.714
2.711
2.717
2.717
2.786
2.735
2.741
2.737
2.723
2.725
2.728
2.737
2.732
2.727
2.623
2.743
2.735
2.728
2.727
2.73
2.715
2.714
2.692
2.735
2.708
2.712
2.726
2.718
2.721
2.716
2.743
2.592
2.707
2.709
2.742
2.737
2.709
2.735
2.727
2.726
2.745
2.721
2.747
2.658
2.699
2.735
2.734
2.733
2.6
2.695
2.719
2.714
2.716
2.755
2.72
2.755
2.727
2.728
2.725
2.731
2.698
2.696
2.731
2.71
2.73
2.604
2.719
2.715
2.725
2.748
2.738
2.754
2.734
2.705
2.708
2.706
2.707
2.722
2.721
2.719
2.719
2.721
2.529
2.711
2.715
2.712
2.719
2.72
2.698
2.731
2.709
2.711
2.712
2.719
2.725
2.727
2.723
2.727
2.729
2.61
2.769
2.71
2.732
2.733
2.729
2.725
2.721
2.727
2.729
2.72
2.722
2.715
2.716
2.737
2.733
2.706
2.62
2.733
2.726
2.722
2.719
2.793
2.703
2.72
2.727
2.724
2.723
2.721
2.711
2.728
2.752
2.711
2.709
2.708
2.714
2.733
2.707
2.731
2.763
2.726
2.729
2.726
2.727
2.719
2.722
2.722
2.715
2.711
2.634
2.698
2.732
2.736
2.708
2.714
2.69
2.731
2.709
2.744
2.74
2.733
2.714
2.71
2.734
2.709
2.74
2.539
2.704
2.736
2.735
2.731
2.733
2.715
2.715
2.718
2.716
2.736
2.705
2.736
2.725
2.723
2.746
2.739
2.524
2.759
2.729
2.725
2.718
2.714
2.723
2.722
2.725
2.721
2.741
2.712
2.749
2.713
2.69
2.719
2.713
2.546
2.702
2.699
2.699
2.708
2.738
2.737
2.737
2.715
2.734
2.73
2.704
2.736
2.733
2.74
2.707
2.71
2.7
2.707
2.728
2.725
2.692
2.721
2.715
2.715
2.741
2.736
2.736
2.739
2.736
2.732
2.742
2.61
2.741
2.737
2.736
2.744
2.742
2.721
2.726
2.729
2.726
2.72
2.719
2.78
2.754
2.706
2.734
2.759
2.53
2.734
2.709
2.709
2.713
2.713
2.716
2.719
2.741
2.737
2.726
2.722
2.673
2.706
2.681
2.717
2.72
2.68
2.717
2.72
2.719
2.71
2.728
2.722
2.722
2.723
2.722
2.712
2.784
2.752
2.742
2.738
2.559
2.709
2.745
2.739
2.735
2.739
2.726
2.735
2.711
2.717
2.716
2.718
2.705
2.712
2.716
2.715
2.749
2.636
2.725
2.73
2.704
2.726
2.733
2.685
2.724
2.723
2.724
2.719
2.749
2.714
2.721
2.714
2.687
2.694
2.746
2.71
2.711
2.73
2.696
2.759
2.737
2.739
2.735
2.701
2.716
2.714
2.708
2.75
2.744
2.627
2.76
2.755
2.735
2.71
2.713
2.733
2.734
2.729
2.732
2.712
2.75
2.746
2.743
2.744
2.634
2.75
2.745
2.734
2.729
2.73
2.682
-1
2.712
2.733
2.73
2.748
2.768
2.746
2.74
2.715
2.712
2.672
2.713
2.717
2.719
2.698
2.728
2.724
2.721
2.743
2.734
2.686
2.735
2.731
2.729
2.732
2.62
2.707
2.774
2.68
2.737
2.728
2.71
2.715
2.721
2.724
2.72
2.764
2.733
2.731
2.728
2.703
2.704
2.734
2.731
2.737
2.731
2.733
2.809
2.752
2.722
2.72
2.564
2.707
2.739
2.732
2.721
2.723
2.717
2.74
2.746
2.77
2.716
2.719
2.748
2.722
2.728
2.717
2.743
2.707
2.723
2.724
2.725
2.589
2.765
2.715
2.739
2.74
2.735
2.698
2.752
2.746
2.742
2.714
2.73
2.707
2.755
2.702
2.701
2.737
2.767
2.738
2.771
2.732
2.712
2.783
2.754
2.744
2.737
2.708
2.733
2.711
2.738
2.706
2.728
2.723
2.727
2.732
2.726
2.715
-1
2.727
2.727
2.73
2.727
2.727
2.728
2.747
2.743
2.735
2.72
2.722
2.753
2.728
2.727
2.764
2.72
2.716
2.742
2.736
2.69
2.71
2.712
2.754
2.754
2.656
-1
2.738
2.733
2.724
2.733
2.732
2.731
2.7
2.75
2.718
2.752
2.708
2.709
2.729
2.634
-1
2.72
2.752
2.748
2.747
2.72
2.746
2.74
2.713
2.702
2.726
2.724
2.723
2.724
2.722
-1
2.762
2.726
2.748
2.729
2.731
2.739
2.743
2.713
2.745
2.753
2.728
2.733
2.728
2.685
2.719
2.725
2.699
2.731
2.739
2.712
2.75
2.727
2.718
2.718
2.748
2.742
2.714
2.764
2.696
-1
2.714
2.732
2.729
2.725
2.699
2.696
2.726
2.705
2.72
2.743
2.781
2.751
2.715
2.685
-1
2.748
2.735
2.735
2.734
2.702
2.747
2.739
2.722
2.724
2.736
2.732
2.755
2.737
2.704
-1
2.744
2.743
2.743
2.741
2.713
2.758
2.727
2.717
2.72
2.768
2.738
2.735
2.74
2.694
-1
2.709
2.701
2.752
2.75
2.756
2.778
2.765
2.726
2.721
2.752
2.72
2.744
2.743
2.702
2.704
2.735
2.728
2.753
2.743
2.715
2.738
2.755
2.724
2.742
2.764
2.74
2.715
2.747
2.716
2.719
2.724
2.725
2.716
2.769
2.74
2.741
2.74
2.708
2.716
2.72
2.718
2.717
2.753
2.727
2.758
2.728
2.732
2.702
2.687
2.717
2.717
2.716
2.72
2.734
2.706
2.713
2.717
-1
2.75
2.749
2.708
2.711
2.712
2.707
2.739
2.736
2.752
2.751
2.749
2.722
2.723
2.725
2.728
2.731
2.727
2.73
2.725
2.73
2.761
2.725
2.722
2.717
2.718
2.72
2.728
2.745
2.722
-1
2.699
2.725
2.75
2.76
2.749
2.744
2.737
2.731
2.721
2.764
2.717
2.719
2.753
2.747
2.743
2.719
2.714
2.738
2.718
2.714
2.721
2.717
2.723
2.748
2.745
2.778
2.73
-1
2.696
2.722
2.72
2.744
2.716
2.745
2.719
2.722
2.728
2.73
2.721
2.721
2.718
2.721
2.752
2.749
2.743
2.717
2.723
2.719
2.718
2.761
2.752
2.735
2.739
2.739
2.732
-1
2.711
2.71
2.736
2.741
2.734
2.706
2.715
2.713
2.717
2.743
2.704
2.702
2.733
2.723
-1
2.731
2.733
2.708
2.717
2.721
2.73
