2.564
2.49
2.621
2.515
2.459
2.539
2.534
2.453
2.506
2.504
2.565
-1
2.574
2.493
2.577
2.591
2.556
2.55
2.546
2.54
2.607
2.555
2.409
2.535
2.366
2.536
2.589
2.679
2.635
2.575
2.571
2.464
2.573
2.237
2.542
2.432
2.578
2.572
2.545
2.567
2.662
2.503
2.529
2.531
2.56
2.406
2.541
2.497
2.505
2.711
2.534
2.518
2.547
2.574
2.505
2.535
2.574
2.519
2.545
2.552
2.468
2.544
2.663
2.538
2.51
2.534
2.524
2.496
2.559
2.539
2.616
2.418
2.503
2.643
2.399
2.589
2.528
2.516
2.794
2.475
2.582
2.559
2.555
2.53
2.572
2.565
2.562
2.629
2.501
2.384
2.559
2.349
2.603
2.518
-1
2.565
2.56
2.52
2.554
2.568
2.415
2.529
2.526
2.449
2.541
2.544
2.56
2.692
2.506
2.537
2.621
2.532
2.534
2.54
2.555
2.575
2.606
2.574
2.509
2.512
2.388
2.591
2.601
-1
2.571
2.569
2.531
2.579
2.547
2.457
2.516
2.513
2.422
2.6
2.488
2.556
2.743
2.54
2.487
2.551
2.593
2.558
2.524
2.606
2.497
2.524
2.54
2.53
2.554
2.325
2.54
2.519
-1
2.521
2.559
2.567
2.57
2.522
2.551
2.523
2.531
2.267
2.501
2.638
2.58
2.596
2.539
2.422
2.526
2.441
2.639
2.554
2.762
2.511
2.461
2.542
2.454
2.528
2.302
2.509
2.536
2.645
2.545
2.6
2.477
2.631
2.589
2.573
2.465
2.536
2.433
2.524
2.526
2.577
2.57
2.557
2.515
2.581
2.422
2.558
2.554
-1
2.504
2.543
2.603
2.612
2.534
2.542
2.473
2.567
2.313
2.462
2.507
2.635
2.638
2.566
2.504
2.531
2.517
2.804
2.588
-1
2.524
2.487
2.522
2.534
2.49
2.409
2.436
2.491
2.58
2.571
2.574
2.544
2.637
2.544
2.53
2.555
2.567
2.404
2.556
2.533
2.533
2.533
2.566
2.498
2.522
2.39
2.555
2.512
-1
2.523
2.627
2.607
2.545
2.597
2.542
2.478
2.556
2.297
2.529
2.61
2.51
2.598
2.521
2.504
2.509
2.402
2.802
2.528
-1
2.536
2.573
2.53
2.456
2.525
2.495
2.411
2.599
2.259
2.562
2.499
2.523
2.607
2.496
2.532
2.51
2.612
2.609
2.551
2.615
2.562
2.501
2.604
2.497
2.542
2.507
2.358
2.555
-1
2.62
2.537
2.544
2.551
2.541
2.536
2.627
2.546
2.376
2.537
2.462
2.567
2.552
2.579
2.513
2.601
2.453
2.63
2.486
-1
2.593
2.608
2.6
2.519
2.553
2.572
2.45
2.514
2.249
2.549
2.545
2.548
2.519
2.534
2.564
2.561
2.506
-1
2.541
-1
2.57
2.571
2.634
2.502
2.617
2.529
2.313
2.548
2.245
2.549
2.575
2.554
2.743
2.505
2.546
2.578
2.488
2.597
2.63
-1
2.564
2.554
2.553
2.553
2.578
2.466
2.376
2.566
2.539
2.525
2.57
2.533
2.48
2.544
2.571
2.579
2.602
2.46
2.499
2.621
2.588
2.562
2.527
2.549
2.574
2.568
2.566
2.546
-1
2.573
2.587
2.501
2.574
2.573
2.526
2.472
2.532
2.209
2.543
2.519
2.587
2.519
2.503
2.674
2.53
2.453
-1
2.576
-1
2.556
2.589
2.561
2.583
2.532
2.534
2.318
2.508
2.257
2.493
2.563
2.531
2.715
2.551
2.541
2.519
2.675
2.624
2.535
2.772
2.603
2.542
2.568
2.528
2.591
2.619
2.459
2.555
-1
2.531
2.547
2.575
2.596
2.571
2.589
2.554
2.568
2.228
2.565
2.562
2.555
2.5
2.501
2.543
2.493
2.536
-1
2.579
-1
2.581
2.673
2.551
2.519
2.588
2.505
2.295
2.626
2.141
2.54
2.562
2.552
2.568
2.539
2.61
2.596
2.628
2.815
2.553
-1
2.535
2.583
2.551
2.491
2.576
2.519
2.414
2.512
2.794
2.518
2.495
2.488
2.533
2.451
2.443
2.473
2.544
2.325
2.501
2.589
2.558
2.611
2.57
2.522
2.547
2.537
-1
2.546
-1
2.522
2.528
2.474
2.641
2.605
2.531
2.4
2.547
2.108
2.574
2.579
2.516
2.498
2.555
2.553
2.581
2.566
2.733
2.547
-1
2.539
2.553
2.547
2.521
2.531
2.576
2.383
2.47
-1
2.505
2.574
2.576
2.58
2.573
2.542
2.546
2.551
2.211
2.55
2.591
2.532
2.589
2.53
2.568
2.511
2.557
2.823
2.528
-1
2.539
2.497
2.485
2.543
2.518
2.51
2.297
2.598
2.299
2.563
2.59
2.548
2.488
2.512
2.564
2.584
2.523
2.442
2.572
2.565
2.532
2.545
2.546
2.531
2.596
2.578
2.681
2.575
-1
2.524
2.567
2.478
2.55
2.517
2.535
2.408
2.552
2.165
2.587
2.528
2.524
2.564
2.567
2.523
2.549
2.485
2.555
2.546
-1
2.526
2.614
2.544
2.527
2.62
2.58
2.553
2.598
-1
2.529
2.533
2.537
2.465
2.551
2.529
2.514
2.574
2.216
2.505
2.519
2.549
2.551
2.526
2.555
2.538
2.515
2.715
2.557
-1
2.558
2.566
2.56
2.56
2.63
2.538
2.432
2.52
-1
2.524
2.477
2.568
2.482
2.589
2.526
2.5
2.569
2.297
2.509
2.572
2.595
2.467
2.557
2.555
2.582
2.491
-1
2.519
-1
2.489
2.543
2.512
2.472
2.521
2.563
2.358
2.523
2.633
2.582
2.611
2.6
2.587
2.582
2.554
2.532
2.465
2.297
2.56
2.57
2.539
2.61
2.557
2.531
2.55
2.513
-1
2.577
-1
2.581
2.602
2.56
2.632
2.568
2.588
2.39
2.576
2.782
2.545
2.508
2.647
2.677
2.518
2.595
2.497
2.492
2.265
2.531
2.572
2.572
2.517
2.584
2.566
2.671
2.577
-1
2.501
-1
2.541
2.594
2.56
2.514
2.556
2.546
2.411
2.516
-1
2.616
2.456
2.599
2.503
2.583
2.57
2.483
2.536
2.277
2.487
2.557
2.546
2.471
2.51
2.52
2.585
2.616
2.733
2.601
-1
2.599
2.551
2.546
2.541
2.673
2.538
2.479
2.537
-1
2.591
2.545
2.655
2.522
2.495
2.498
2.52
2.569
2.271
2.475
2.572
2.777
2.605
2.495
2.478
2.518
2.551
2.671
2.559
2.718
2.567
2.5
2.501
2.503
2.627
2.558
2.541
2.598
-1
2.568
2.583
2.658
2.522
2.548
2.584
2.406
2.529
2.297
2.535
2.53
2.794
2.559
2.557
2.514
2.54
2.523
2.574
2.552
2.521
2.652
2.531
2.568
2.539
2.583
2.554
2.6
2.544
-1
2.599
2.617
2.626
2.528
2.531
2.516
2.477
2.567
2.365
2.56
2.535
-1
2.518
2.49
2.597
2.463
2.519
2.443
2.518
2.592
2.654
2.638
2.565
2.516
2.55
2.521
2.624
2.593
2.743
2.533
2.572
2.553
2.567
2.571
2.525
2.514
2.532
2.762
2.66
2.538
-1
2.498
2.545
2.553
2.579
2.534
2.333
2.534
2.542
-1
2.591
2.585
2.576
2.513
2.571
2.515
2.591
2.593
2.567
2.484
2.526
2.556
2.542
2.604
2.534
2.536
-1
2.649
2.488
2.601
2.573
2.567
2.523
2.509
2.517
2.42
2.564
2.511
-1
2.459
2.553
2.492
2.592
2.551
2.402
2.414
2.58
-1
2.554
2.552
2.578
2.614
2.499
2.604
2.551
2.739
2.567
2.573
2.559
2.593
2.536
2.651
2.512
2.594
2.786
2.613
2.58
2.698
2.579
2.527
2.571
2.505
2.541
2.493
2.575
2.567
-1
2.519
2.564
2.552
2.609
2.558
2.485
2.497
2.528
2.72
2.6
2.573
2.547
2.556
2.556
2.633
2.544
2.689
2.57
2.517
2.54
2.537
2.547
2.512
2.519
2.515
2.726
2.728
2.595
2.811
2.56
2.56
2.535
2.485
2.618
2.455
2.561
2.53
-1
2.513
2.607
2.534
2.613
2.47
2.492
2.44
2.553
-1
2.516
2.611
2.591
2.564
2.587
2.58
2.551
2.606
2.598
2.517
2.561
2.604
2.6
2.559
2.589
2.548
2.815
2.677
2.624
2.565
