2.499
2.464
2.461
2.445
2.323
2.444
2.394
2.432
2.432
2.475
2.45
2.483
2.499
2.438
2.432
2.27
2.437
2.401
2.527
2.393
2.46
2.476
2.443
2.439
2.456
2.427
2.479
2.505
2.376
2.561
2.409
2.476
2.39
2.377
2.452
2.424
2.444
2.448
2.531
2.458
2.451
2.377
2.36
2.45
2.294
2.459
2.488
2.544
2.453
2.456
2.446
2.458
2.421
2.439
2.436
2.483
2.452
2.497
2.583
2.42
2.428
2.426
2.461
2.471
2.396
2.477
2.436
2.508
2.447
2.482
2.455
2.418
2.415
2.325
2.462
2.414
2.521
2.469
2.475
2.472
2.416
2.396
2.437
2.414
2.446
2.468
2.447
2.708
2.377
2.473
2.462
2.31
2.418
2.266
2.436
2.44
2.518
2.483
2.478
2.457
2.533
2.486
2.381
2.446
2.453
2.488
2.425
2.435
2.402
2.482
2.47
2.39
2.412
2.423
2.514
2.485
2.573
2.448
2.432
2.476
2.327
2.47
2.324
2.442
2.431
2.587
2.479
2.48
2.443
2.47
2.459
2.454
2.448
2.438
2.518
2.415
2.547
2.449
2.448
2.461
2.413
2.449
2.413
2.433
2.424
2.483
2.403
2.478
2.471
2.443
2.447
2.379
2.504
2.414
2.576
2.436
2.564
2.415
2.5
2.467
2.475
2.453
2.434
2.498
2.448
2.592
2.436
2.492
2.412
2.391
2.467
2.378
2.451
2.413
2.433
2.458
2.472
2.424
2.482
2.411
2.496
2.459
2.447
2.609
2.451
-1
2.419
2.462
2.423
2.412
2.465
2.481
2.461
2.458
2.459
2.426
2.423
2.417
2.43
2.429
2.485
2.47
2.428
2.633
2.453
2.672
2.427
2.463
2.421
2.422
2.423
2.446
2.508
2.453
2.526
2.439
2.439
2.435
2.441
2.461
2.395
2.42
2.419
2.505
2.417
2.484
2.453
2.435
2.436
2.435
2.478
2.449
2.449
2.445
2.681
2.443
2.506
2.468
2.408
2.431
2.344
2.422
2.432
2.512
2.45
2.415
2.43
2.449
2.452
2.364
2.488
2.467
2.502
2.43
-1
2.415
2.493
2.46
2.392
2.442
2.482
2.403
2.409
2.441
2.436
2.44
2.442
2.489
2.453
2.478
2.404
2.458
2.708
2.438
2.717
2.479
2.451
2.448
2.479
2.454
2.421
2.535
2.476
2.558
2.44
2.418
2.42
2.439
2.441
2.377
2.483
2.439
2.625
2.45
2.544
2.44
2.483
2.446
2.463
2.405
2.451
2.463
2.442
2.73
2.436
2.522
2.48
2.416
2.418
2.455
2.404
2.473
2.517
2.446
2.453
2.474
2.449
2.485
2.483
2.463
2.46
2.566
2.426
-1
2.456
2.537
2.443
2.438
2.457
2.463
2.43
2.475
2.473
2.404
2.507
2.483
2.413
2.466
2.435
2.452
2.45
2.711
2.512
2.708
2.449
2.493
2.485
2.498
2.423
2.449
2.434
2.381
2.652
2.415
2.435
2.429
2.448
2.446
2.424
2.495
2.48
2.69
2.456
2.566
2.46
2.438
2.464
2.444
2.443
2.456
2.5
2.42
-1
2.457
2.464
2.438
2.517
2.506
2.503
2.472
2.43
2.49
2.449
2.452
2.461
2.535
2.46
2.412
2.441
2.455
2.729
2.428
-1
2.401
2.418
2.418
2.449
2.451
2.474
2.469
2.448
2.511
2.407
2.404
2.434
2.475
2.462
2.471
2.444
2.494
2.721
2.442
2.631
2.507
2.484
2.432
2.455
2.447
2.452
2.486
2.46
-1
2.434
2.474
2.442
2.436
2.437
2.415
2.427
2.454
2.525
2.419
2.467
2.484
2.502
2.468
2.467
2.497
2.449
2.707
2.46
-1
2.514
2.432
2.521
2.465
2.447
2.499
2.46
2.466
2.601
2.451
2.466
2.484
2.464
2.438
2.427
2.46
2.444
2.594
2.44
2.476
2.495
2.471
2.45
2.501
2.467
2.454
2.526
2.446
-1
2.419
2.523
2.45
2.499
2.468
2.414
2.537
2.471
2.471
2.509
2.488
2.393
2.431
2.51
2.473
2.435
2.448
2.727
2.433
2.753
2.452
2.433
2.455
2.396
2.476
2.47
2.465
2.45
2.577
2.447
2.497
2.469
2.447
2.452
2.446
2.443
2.416
2.551
2.46
2.461
2.443
2.495
2.468
2.462
2.459
2.413
2.667
2.461
-1
2.476
2.425
2.45
2.479
2.447
2.472
2.477
2.496
2.493
2.467
2.468
2.474
2.429
2.492
2.474
2.434
2.436
2.494
2.47
2.478
2.471
2.47
2.461
2.438
2.415
2.393
2.498
2.463
-1
2.436
2.41
2.436
2.451
2.447
2.449
2.55
2.482
2.503
2.458
2.432
2.478
2.441
2.413
2.453
2.451
2.455
2.633
2.45
2.536
2.451
2.439
2.454
2.456
2.443
2.458
2.533
2.47
-1
2.524
2.499
2.454
2.41
2.455
2.465
2.436
2.471
2.469
2.38
2.462
2.456
2.42
2.417
2.471
2.463
2.436
2.604
2.454
2.547
2.46
2.452
2.413
2.489
2.463
2.431
2.438
2.442
2.721
2.475
2.477
2.478
2.438
2.402
2.407
2.504
2.442
2.522
2.486
2.463
2.454
2.473
2.469
2.445
2.461
2.452
2.59
2.547
2.651
2.485
2.407
2.433
2.453
2.413
2.467
2.487
2.448
-1
2.383
2.479
2.423
2.499
2.466
2.474
2.397
2.429
2.529
2.436
2.471
2.476
2.446
2.445
2.413
2.42
2.433
2.494
2.444
2.543
2.412
2.472
2.391
2.43
2.471
2.468
2.451
2.428
2.737
2.426
2.445
2.467
2.46
2.481
2.44
2.447
2.492
2.462
2.46
2.46
2.488
2.508
2.473
2.484
2.449
2.47
2.638
2.475
2.456
2.423
2.488
2.38
2.462
2.443
2.463
2.551
2.455
-1
2.447
2.502
2.318
2.524
2.448
2.469
2.445
2.463
2.514
2.47
2.461
2.63
2.431
2.466
2.435
2.79
2.444
2.469
2.463
2.489
2.392
2.464
2.368
2.464
2.499
2.454
2.508
2.479
2.737
2.45
2.44
2.331
2.461
2.442
2.439
2.448
2.442
2.443
2.465
2.481
2.713
2.407
2.435
2.454
2.454
2.451
2.46
2.426
2.47
2.45
2.452
2.418
2.453
2.498
2.492
2.531
2.451
2.652
2.418
2.448
2.248
2.459
2.506
2.498
2.435
2.46
2.596
2.513
2.499
2.427
2.457
2.458
2.464
2.514
2.503
2.411
2.443
2.453
2.454
2.507
2.479
2.483
2.461
2.455
2.49
2.46
2.49
2.352
2.42
2.318
2.398
2.485
2.452
2.465
2.441
2.652
2.517
2.445
2.368
2.465
2.394
2.46
2.499
2.468
2.484
2.548
2.435
2.589
2.398
2.439
2.475
2.47
2.465
2.492
2.219
2.456
2.39
2.397
2.514
2.424
2.421
2.453
2.591
2.452
2.654
2.448
2.449
2.143
2.511
2.433
2.454
2.502
2.46
2.578
2.463
2.481
2.471
2.436
2.417
2.451
2.429
2.453
2.455
2.481
2.422
2.569
2.426
2.458
2.467
2.467
2.435
2.503
2.426
2.448
2.453
2.48
2.462
2.458
2.555
2.474
2.468
2.465
2.544
2.466
2.486
2.153
2.475
2.472
2.464
2.425
2.422
2.416
2.663
2.477
2.428
2.444
2.441
2.442
2.458
2.321
2.544
2.5
2.464
2.618
2.479
2.486
2.471
2.502
2.428
2.427
2.117
2.451
2.331
2.437
2.301
2.459
2.448
2.452
2.443
2.473
2.528
2.369
2.432
2.106
2.455
2.455
2.43
2.41
2.432
2.47
2.625
2.444
2.441
2.482
2.476
2.47
2.44
2.404
2.408
2.366
2.447
2.449
2.438
2.469
2.408
2.446
2.427
2.427
2.432
2.436
2.417
2.444
2.409
2.412
2.433
2.453
2.44
2.462
2.478
2.336
2.41
2.176
2.456
2.509
2.487
2.447
2.439
2.446
2.443
2.441
2.158
2.454
2.49
2.453
2.487
2.707
2.444
2.55
2.457
2.455
2.461
2.423
2.424
2.461
2.433
2.48
2.267
2.45
2.81
2.487
2.482
2.455
2.428
2.355
2.524
2.07
2.434
2.448
2.443
2.399
2.489
2.534
2.478
2.464
2.241
2.449
2.37
2.488
2.475
2.445
2.452
2.548
2.436
-1
2.392
2.452
2.468
2.589
2.444
2.432
2.436
2.431
2.787
2.465
2.442
2.437
2.459
