3.83
3.83
3.832
3.892
3.898
3.89
3.883
3.881
3.877
3.844
3.839
3.845
3.848
3.88
3.85
3.847
3.882
3.857
3.818
3.867
3.873
3.87
3.873
3.874
3.868
3.871
3.835
3.841
3.84
3.841
3.842
3.846
3.852
3.859
3.86
3.918
3.912
3.879
3.881
3.844
3.842
3.836
3.84
3.876
3.882
3.85
3.817
3.818
3.82
3.826
3.788
3.831
3.83
3.83
3.824
3.824
3.821
3.857
3.815
3.814
3.815
3.86
3.861
3.904
3.899
3.898
3.897
3.86
3.854
3.859
3.853
3.851
3.897
3.89
3.845
3.849
3.849
3.809
3.81
3.813
3.81
3.815
3.849
3.8
3.803
3.805
3.865
3.834
3.827
3.823
3.818
3.851
3.848
3.851
3.849
3.817
3.822
3.884
3.846
3.805
3.84
3.844
3.838
3.835
3.839
3.834
3.838
3.85
3.886
3.838
3.83
3.835
3.871
3.753
3.862
3.869
3.833
3.947
3.893
3.886
3.883
3.876
3.869
3.861
3.892
3.889
3.837
3.832
3.835
3.835
3.837
3.841
3.851
3.857
3.855
3.853
3.851
3.906
3.848
3.848
3.882
3.879
3.843
3.839
3.845
3.845
3.841
3.798
3.829
3.829
3.861
3.813
3.812
3.81
3.857
3.85
3.815
3.815
3.813
3.857
3.85
3.85
3.857
3.814
3.812
3.81
3.845
3.836
3.837
3.798
3.797
3.801
3.809
3.812
3.853
3.858
3.82
3.852
3.848
3.842
3.839
3.965
3.816
3.821
3.823
3.828
3.829
3.857
3.914
3.907
3.865
3.871
3.863
3.894
3.89
3.86
3.824
3.817
3.961
3.853
3.851
3.827
3.82
3.866
3.864
3.857
3.862
3.826
3.865
3.865
3.83
3.934
3.896
3.888
3.887
3.888
3.795
3.835
3.837
3.837
3.841
3.841
3.843
3.838
3.835
3.829
3.884
3.84
3.838
3.84
3.842
3.973
3.935
3.897
3.86
3.858
3.817
3.817
3.847
3.845
3.743
3.818
3.816
3.822
3.817
3.856
3.864
3.86
3.903
3.898
3.899
3.888
3.893
3.94
3.83
3.836
3.837
3.872
3.837
3.839
3.838
3.838
3.839
3.89
3.886
3.881
3.884
3.88
3.881
3.879
3.875
3.817
3.813
3.859
3.86
3.819
3.827
3.826
3.83
3.835
3.874
3.837
3.835
3.841
3.848
3.816
3.819
3.818
3.781
3.833
3.864
3.863
3.832
3.831
3.834
3.832
3.831
3.871
3.87
3.864
3.857
3.853
3.85
3.848
3.846
3.877
3.834
3.83
3.832
3.839
3.877
3.871
3.869
3.864
3.863
3.859
3.859
3.858
3.861
3.822
3.863
3.86
3.853
3.852
3.853
3.886
3.88
3.853
3.858
3.859
3.9
3.857
3.859
3.852
3.846
3.845
3.838
3.871
3.865
3.87
3.87
3.875
3.882
3.881
3.829
3.832
3.829
3.83
3.832
3.839
3.837
3.84
3.837
3.844
3.843
3.954
3.832
3.872
3.869
3.864
3.859
3.852
3.853
3.85
3.848
3.845
3.851
3.849
3.852
3.844
3.844
3.832
3.829
3.833
3.826
3.826
3.816
3.819
3.823
3.823
3.826
3.889
3.886
3.841
3.843
3.837
3.849
3.854
3.853
3.852
3.857
3.893
3.896
3.892
3.893
3.856
3.858
3.859
3.853
3.851
3.845
3.845
3.841
3.872
3.878
3.908
3.866
3.859
3.894
3.856
3.823
3.817
3.827
3.827
3.831
3.835
3.875
3.872
3.866
3.871
3.87
3.832
3.839
3.841
3.887
3.881
3.882
3.841
3.835
3.831
3.835
3.832
3.826
3.824
3.826
3.826
3.832
3.875
3.875
3.877
3.872
3.871
3.87
3.867
3.86
3.861
3.866
3.826
3.829
3.863
3.856
3.856
3.812
3.849
3.854
3.853
3.855
3.854
3.75
3.804
3.81
3.813
3.817
3.823
3.821
3.857
3.902
3.891
3.887
3.843
3.836
3.867
3.871
3.825
3.822
3.789
3.836
3.833
3.834
3.828
3.838
3.835
3.83
3.831
3.829
3.827
3.827
3.833
3.836
3.833
3.837
3.834
3.831
3.791
3.796
3.844
3.84
3.837
3.784
3.827
3.829
3.859
3.857
3.856
3.817
3.815
3.931
3.798
3.799
3.802
3.802
3.835
3.828
3.795
3.789
3.84
3.845
3.851
3.85
3.851
3.807
3.84
3.836
3.833
3.831
3.866
3.865
3.908
3.902
3.904
3.905
3.869
3.835
3.835
3.832
3.868
3.859
3.861
3.863
3.863
3.864
3.854
3.857
3.863
3.863
3.857
3.857
3.848
3.844
3.84
3.847
3.856
3.859
3.864
3.858
3.854
3.853
3.852
3.855
3.86
3.822
3.818
3.861
3.823
3.87
3.865
3.848
3.843
3.846
3.792
3.798
3.802
3.809
3.812
3.864
3.863
3.9
3.842
3.838
3.839
3.838
3.837
3.834
3.799
3.8
3.804
3.817
3.819
3.822
3.821
3.825
3.828
3.796
3.796
3.829
3.825
3.822
3.826
3.824
3.821
3.828
3.832
3.833
3.803
3.804
3.849
3.841
3.845
3.841
3.845
3.844
3.879
3.878
3.878
3.875
3.873
3.84
3.792
3.792
3.787
3.829
3.893
3.892
3.894
3.899
3.855
3.847
3.84
3.838
3.952
3.946
3.822
3.825
3.941
3.934
3.891
3.849
3.849
3.853
3.885
3.881
3.886
3.885
3.884
3.882
3.85
3.844
3.848
3.853
3.846
3.845
3.904
3.943
3.936
3.941
3.907
3.856
3.854
3.852
3.853
3.822
3.856
3.857
3.827
3.881
3.881
3.877
3.874
3.868
3.865
3.861
3.834
3.838
3.842
3.84
3.882
3.874
3.825
3.824
3.854
3.854
3.856
3.85
3.847
3.842
3.84
3.879
3.879
3.841
3.839
3.889
3.818
3.824
3.854
3.857
3.851
3.855
3.851
3.852
3.852
3.857
3.829
3.829
3.833
3.839
3.878
3.841
3.841
3.842
3.839
3.842
3.851
3.857
3.854
3.857
3.854
3.852
3.806
3.847
3.853
3.845
3.876
3.874
3.844
3.849
3.91
3.874
3.877
3.871
3.864
3.743
3.895
3.856
3.861
3.86
3.821
3.828
3.795
3.797
3.909
3.855
3.849
3.854
3.849
3.884
3.843
3.789
3.795
3.854
3.853
3.848
3.855
3.851
3.881
3.824
3.829
3.862
3.826
3.83
3.828
3.825
3.834
3.837
3.84
3.842
3.842
3.845
3.845
3.844
3.84
3.844
3.848
3.842
3.846
3.84
3.835
3.839
3.838
3.843
3.904
3.901
3.895
3.889
3.886
3.882
3.833
3.834
3.832
3.832
3.837
3.834
3.843
3.839
3.884
3.885
3.884
3.878
3.878
3.912
3.856
3.791
3.794
3.799
3.804
3.804
3.848
3.85
3.848
3.849
3.846
3.835
3.866
3.865
3.86
3.828
3.831
3.827
3.834
3.838
3.833
3.835
3.836
3.84
3.837
3.841
3.837
3.834
3.833
3.833
3.839
3.846
3.887
3.85
3.846
3.848
3.841
3.843
3.843
3.84
3.84
3.841
3.839
3.846
3.879
3.881
3.85
3.851
3.845
3.815
3.813
3.819
3.86
3.863
3.918
3.866
3.865
3.864
3.865
3.87
3.867
3.928
3.851
3.811
3.923
3.928
3.876
3.87
3.867
3.861
3.863
3.869
3.817
3.82
3.854
3.857
3.85
3.862
3.863
3.863
3.856
3.855
3.892
3.884
3.849
3.848
3.853
3.886
3.884
3.847
3.853
3.851
3.865
3.865
3.863
3.856
3.852
3.879
3.872
3.839
3.838
3.872
3.864
3.868
3.907
3.899
3.892
3.86
3.902
3.9
3.901
3.761
3.843
3.846
3.846
3.845
3.849
3.849
3.854
3.858
3.855
3.858
3.853
3.848
3.842
3.874
3.868
3.86
3.855
3.848
3.847
3.878
3.836
3.834
3.834
3.834
3.839
3.922
3.923
3.917
3.915
3.908
3.83
3.832
3.836
3.843
3.845
3.844
3.839
3.887
3.885
3.886
3.851
3.854
3.861
3.81
3.813
3.877
3.843
3.847
3.81
3.857
3.887
3.883
3.884
3.849
3.897
3.89
3.844
3.837
3.841
3.85
3.883
3.876
3.771
3.817
3.811
3.813
3.867
3.815
3.816
3.815
3.814
3.814
3.817
3.818
3.849
3.81
3.807
3.848
3.851
3.846
3.841
3.84
3.844
3.844
3.85
3.806
3.812
3.873
3.865
3.863
