3.869
3.865
3.828
3.867
3.862
3.882
3.853
3.828
3.865
3.869
3.856
3.858
3.841
3.836
3.845
3.832
3.829
3.87
3.785
3.871
3.818
3.829
3.815
3.845
3.793
3.823
3.97
3.814
3.896
3.859
3.807
3.864
3.859
3.811
3.826
3.828
3.863
3.854
3.843
3.879
3.841
3.879
3.866
3.843
3.833
3.831
3.836
3.833
3.829
3.864
3.826
3.837
3.847
3.842
3.814
3.859
3.761
3.874
3.84
3.844
3.856
3.848
3.845
3.836
3.787
3.85
3.84
3.886
3.874
3.872
3.874
3.875
3.853
3.844
3.882
3.893
3.89
3.838
3.883
3.828
3.872
3.834
3.821
3.827
3.832
3.888
3.809
3.849
3.847
3.854
3.848
3.85
3.855
3.853
3.847
3.883
3.866
3.816
3.925
3.808
3.812
3.863
3.866
3.857
3.861
3.847
3.831
3.844
3.843
3.846
3.878
3.859
3.851
3.859
3.882
3.825
3.828
3.851
3.84
3.867
3.867
3.858
3.867
3.833
3.904
3.86
3.852
3.857
3.831
3.834
3.811
3.842
3.852
3.862
3.844
3.846
3.851
3.871
3.818
3.828
3.88
3.875
3.856
3.853
3.875
3.882
3.869
3.832
3.875
3.84
3.839
3.833
3.858
3.849
3.88
3.872
3.829
3.836
3.807
3.829
3.86
3.859
3.859
3.853
3.857
3.829
3.843
3.909
3.834
3.806
3.843
3.89
3.866
3.867
3.884
3.895
3.836
3.898
3.845
3.847
3.847
3.804
3.872
3.859
3.877
3.817
3.831
3.84
3.797
3.837
3.837
3.859
3.828
3.873
3.871
3.85
3.884
3.834
3.841
3.839
3.885
3.902
3.858
3.882
3.832
3.838
3.825
3.853
3.846
3.842
3.849
3.9
3.815
3.849
3.888
3.853
3.846
3.844
3.85
3.811
3.854
3.862
3.878
3.891
3.85
3.803
3.847
3.848
3.846
3.854
3.84
3.838
3.838
3.823
3.835
3.842
3.839
3.842
3.877
3.807
3.85
3.812
3.833
3.864
3.817
3.85
3.843
3.815
3.861
3.882
3.881
3.841
3.897
3.838
3.816
3.844
3.85
3.814
3.788
3.855
3.849
3.819
3.853
3.857
3.86
3.861
3.857
3.843
3.861
3.863
3.844
3.838
3.862
3.854
3.846
3.836
3.863
3.865
3.878
3.829
3.831
3.865
3.886
3.919
3.9
3.831
3.853
3.845
3.839
3.757
3.854
3.852
3.856
3.851
3.838
3.866
3.88
3.846
3.867
3.859
3.853
3.825
3.894
3.883
3.847
3.844
3.851
3.848
3.894
3.881
3.851
3.841
3.808
3.879
3.854
3.844
3.864
3.851
3.884
3.867
3.905
3.868
3.858
3.857
3.901
3.861
3.87
3.864
3.804
3.836
3.856
3.841
3.838
3.821
3.819
3.829
3.845
3.836
3.841
3.887
3.83
3.892
3.825
3.879
3.806
3.839
3.866
3.864
3.848
3.828
3.828
3.866
3.884
3.871
3.836
3.806
3.833
3.827
3.837
3.814
3.847
3.847
3.879
3.815
3.864
3.899
3.824
3.861
3.859
3.851
3.852
3.826
3.831
3.881
3.833
3.826
3.837
3.853
3.82
3.826
3.835
3.8
3.845
3.862
3.879
3.877
3.856
3.852
3.854
3.791
3.86
3.854
3.828
3.882
3.828
3.84
3.863
3.866
3.87
3.851
3.818
3.889
3.841
3.847
3.879
3.83
3.881
3.836
3.813
3.874
3.857
3.879
3.798
3.834
3.859
3.824
3.818
3.871
3.811
3.825
3.834
3.84
3.858
3.815
3.909
3.864
3.832
3.858
3.879
3.829
3.829
3.854
3.877
3.853
3.842
3.807
3.863
3.796
3.813
3.866
3.856
3.889
3.893
3.85
3.846
3.839
3.858
3.889
3.83
3.892
3.914
3.846
3.884
3.721
3.861
3.875
3.882
3.839
3.812
3.891
3.837
3.847
3.834
3.831
3.843
3.859
3.84
3.891
3.884
3.88
3.838
3.828
3.869
3.868
3.854
3.864
3.883
3.833
3.85
3.854
3.898
3.876
3.867
3.865
3.826
3.84
3.846
3.868
3.865
3.822
3.83
3.856
3.873
3.853
3.867
3.854
3.789
3.845
3.824
3.908
3.96
3.84
3.848
3.841
3.844
3.848
3.863
3.868
3.867
3.895
3.877
3.871
3.836
3.851
3.804
3.829
3.836
3.849
3.827
3.831
3.749
3.864
3.821
3.89
3.835
3.839
3.832
3.853
3.858
3.885
3.822
3.82
3.828
3.868
3.856
3.843
3.845
3.876
3.841
3.829
3.871
3.873
3.832
3.834
3.85
3.86
3.86
3.864
3.863
3.922
3.867
3.861
3.892
3.892
3.808
3.844
3.815
3.837
3.867
3.907
3.832
3.863
3.859
3.875
3.821
3.825
3.852
3.852
3.875
3.864
3.863
3.862
3.826
3.83
3.905
3.887
3.858
3.813
3.824
3.868
3.847
3.814
3.853
3.848
3.837
3.852
3.86
3.851
3.825
3.831
3.862
3.852
3.872
3.86
3.836
3.858
3.889
3.903
3.872
3.823
3.874
3.862
3.854
3.846
3.867
3.866
3.893
3.867
3.797
3.88
3.827
3.835
3.87
3.83
3.874
3.824
3.848
3.843
3.847
3.854
3.866
3.828
3.886
3.857
3.853
3.888
3.815
3.883
3.853
3.852
3.861
3.85
3.859
3.854
3.87
3.883
3.871
3.841
3.835
3.837
3.826
3.844
3.853
3.855
3.844
3.849
3.851
3.885
3.88
3.833
3.801
3.855
3.817
3.934
3.767
3.851
3.851
3.809
3.888
3.848
3.904
3.871
3.863
3.829
3.848
3.844
3.832
3.876
3.885
3.832
3.842
3.908
3.805
3.881
3.922
3.858
3.857
3.805
3.81
3.849
3.846
3.954
3.809
3.826
3.838
3.889
3.894
3.862
3.84
3.864
3.866
3.89
3.841
3.851
3.821
3.822
3.841
3.845
3.864
3.851
3.833
3.811
3.851
3.854
3.816
3.85
3.81
3.856
3.851
3.839
3.849
3.822
3.871
3.865
3.858
3.799
3.844
3.841
3.866
3.894
3.891
3.849
3.853
3.892
3.845
3.856
3.883
3.827
3.83
3.907
3.861
3.832
3.84
3.836
3.839
3.848
3.824
3.854
3.851
3.852
3.864
3.853
3.856
3.821
3.829
3.86
3.856
3.819
3.856
3.867
3.851
3.832
3.873
3.854
3.833
3.851
3.892
3.887
3.837
3.855
3.873
3.861
3.87
3.895
3.878
3.847
3.906
3.88
3.934
3.82
3.861
3.874
3.833
3.843
3.888
3.891
3.869
3.899
3.864
3.888
3.835
3.863
3.905
3.889
3.834
3.852
3.857
3.826
3.821
3.855
3.841
3.879
3.834
3.866
3.897
3.858
3.86
3.83
3.873
3.857
3.827
3.858
3.829
3.846
3.843
3.839
3.884
3.888
3.851
3.893
3.87
3.861
3.854
3.864
3.9
3.841
3.846
3.876
3.924
3.873
3.859
3.853
3.871
3.844
3.845
3.85
3.843
3.795
3.926
3.847
3.856
3.862
3.865
3.864
3.864
3.859
3.863
3.86
3.853
3.849
3.864
3.838
3.842
3.837
3.84
3.88
3.857
3.863
3.855
3.848
3.852
3.849
3.872
3.845
3.855
3.857
3.848
3.82
3.899
3.86
3.852
3.879
3.883
3.867
3.802
3.842
3.885
3.868
3.827
3.846
3.863
3.836
3.884
3.837
3.846
3.844
3.896
3.861
3.868
3.852
3.848
3.872
3.877
3.827
3.866
3.885
3.82
3.838
3.841
3.847
3.896
3.859
3.85
3.86
3.861
3.848
3.85
3.815
3.879
3.871
3.854
3.858
3.911
3.871
3.799
3.836
3.866
3.857
3.815
3.858
3.859
3.855
3.912
3.861
3.873
3.781
3.823
3.793
3.806
3.861
3.855
3.858
3.858
3.885
3.868
3.869
3.88
3.837
3.869
3.841
3.854
3.821
3.828
3.869
3.867
3.867
3.84
3.864
3.837
3.835
3.838
3.893
3.82
3.824
3.859
3.852
3.849
3.887
3.845
3.848
3.854
3.857
3.843
3.848
3.826
3.88
3.867
3.803
3.845
3.855
3.831
3.82
3.827
3.835
3.881
3.878
3.91
3.82
3.832
3.874
3.876
3.836
3.881
3.891
3.808
3.816
3.825
3.901
3.801
3.87
3.848
3.838
3.806
3.89
3.91
3.876
3.84
3.874
3.833
3.858
3.826
3.822
3.847
3.783
3.845
3.827
3.85
3.85
3.877
3.848
3.869
3.873
3.871
