3.813
3.766
3.763
3.311
3.72
3.75
3.752
3.747
3.75
2.895
3.786
3.752
3.755
3.759
3.948
3.568
3.75
3.743
3.746
3.751
2.825
3.777
3.779
3.785
3.784
3.821
3.261
3.736
3.782
3.772
3.825
3.662
3.663
3.797
3.764
3.802
3.804
2.701
3.764
3.8
3.805
3.802
3.945
3.807
3.81
3.808
3.81
3.812
3.664
3.667
3.787
3.787
3.784
3.069
3.749
3.784
3.784
3.754
3.757
3.641
3.698
3.812
3.769
3.772
2.705
3.777
3.773
3.774
3.781
3.91
3.441
3.741
3.777
3.772
3.779
3.062
3.756
3.757
3.753
3.759
3.761
3.056
3.761
3.715
3.757
3.763
3.816
3.644
3.781
3.825
3.818
3.705
2.649
3.791
3.785
3.74
3.782
3.93
3.807
3.765
3.767
3.767
3.762
3.797
3.793
3.793
3.795
3.759
2.988
3.689
3.817
3.81
3.803
3.84
3.677
3.681
3.723
3.727
3.735
2.645
3.718
3.757
3.761
3.751
3.929
3.477
3.679
3.782
3.781
3.746
3.099
3.745
3.742
3.747
3.751
3.792
3.064
3.758
3.755
3.754
3.787
3.792
3.671
3.807
3.774
3.767
3.762
2.679
3.828
3.827
3.823
3.817
3.986
3.785
3.791
3.791
3.785
3.734
3.753
3.759
3.764
3.761
3.758
3.22
3.814
3.808
3.808
3.807
3.801
3.682
3.732
3.734
3.73
3.738
2.771
3.821
3.823
3.819
3.818
3.97
3.541
3.674
3.779
3.816
3.812
2.705
3.753
3.758
3.756
3.762
3.906
3.418
3.801
3.794
3.788
3.783
3.299
3.772
3.801
3.804
3.808
3.801
2.94
3.81
3.777
3.769
3.773
3.808
3.642
3.777
3.775
3.78
3.749
2.65
3.757
3.752
3.754
3.713
3.408
3.766
3.764
3.769
3.77
2.813
3.735
3.782
3.744
3.798
3.849
3.252
3.702
3.734
3.741
3.897
3.457
3.656
3.659
3.696
3.699
3.74
2.864
3.741
3.777
3.743
3.789
3.839
3.683
3.723
3.833
3.834
3.709
2.645
3.724
3.774
3.772
3.778
3.961
3.493
3.795
3.793
3.791
3.785
2.816
3.773
3.775
3.774
3.779
3.828
3.778
3.774
3.774
3.769
3.775
3.718
3.759
3.756
3.718
3.762
2.853
3.768
3.763
3.768
3.721
3.841
3.58
3.747
3.749
3.753
3.755
2.645
3.713
3.743
3.744
3.749
3.97
3.472
3.777
3.78
3.804
3.801
2.7
3.784
3.788
3.753
3.786
3.832
3.33
3.772
3.769
3.767
3.769
3.127
3.766
3.769
3.768
3.764
3.77
3.06
3.779
3.782
3.745
3.741
3.603
3.757
3.753
3.756
3.759
3.763
3.796
3.795
3.793
3.847
3.845
3.552
3.829
3.715
3.757
3.761
2.624
3.749
3.752
3.755
3.755
3.949
3.513
3.698
3.702
3.705
3.869
2.705
3.758
3.761
3.763
3.765
3.927
3.381
3.782
3.777
3.773
3.766
3.063
3.765
3.771
3.818
3.771
3.804
3.133
3.75
3.752
3.758
3.755
3.44
3.6
3.767
3.769
3.801
3.801
2.849
3.726
3.763
3.763
3.758
3.799
3.795
3.826
3.82
3.819
3.787
3.824
3.824
3.795
3.794
3.794
3.505
3.797
3.801
3.801
3.807
2.589
3.829
3.829
3.829
3.793
3.968
3.463
3.762
3.766
3.804
3.794
2.721
3.809
3.804
3.835
3.779
3.944
3.34
3.805
3.8
3.787
3.785
2.964
3.674
3.712
3.749
3.754
3.793
3.201
3.751
3.786
3.82
3.702
3.229
3.737
3.789
3.837
3.833
3.829
3.846
3.805
3.803
3.81
3.844
3.555
3.782
3.782
3.787
3.793
2.864
3.76
3.757
3.758
3.805
3.811
3.665
3.713
3.757
3.752
3.785
2.731
3.774
3.733
3.735
3.73
3.895
3.591
3.723
3.85
3.844
3.839
2.627
3.772
3.772
3.77
3.771
3.945
3.532
3.831
3.795
3.793
3.79
2.639
3.741
3.744
3.781
3.78
3.987
3.486
3.726
3.756
3.76
3.762
2.642
3.753
3.78
3.778
3.783
3.951
3.809
3.802
3.807
3.811
3.773
3.805
3.803
3.801
3.798
3.795
3.39
3.743
3.749
3.749
3.753
2.882
3.785
3.789
3.782
3.781
3.779
3.314
3.785
3.778
3.78
3.782
3.011
3.812
3.805
3.75
3.752
3.747
3.307
3.767
3.769
3.815
3.818
3.167
3.758
3.759
3.761
3.756
3.812
3.2
3.764
3.766
3.772
3.77
3.322
3.785
3.787
3.787
3.749
3.791
3.126
3.76
3.749
3.746
3.744
3.43
3.741
3.784
3.785
3.79
3.793
3.052
3.833
3.8
3.762
3.763
3.471
3.671
3.722
3.755
3.794
3.801
3.732
3.738
3.773
3.777
3.779
3.708
3.711
3.716
3.718
3.765
2.991
3.753
3.75
3.882
3.841
3.54
3.707
3.745
3.747
3.783
3.778
2.987
3.741
3.738
3.775
3.722
3.674
3.638
3.693
3.736
3.737
3.746
2.923
3.737
3.771
3.776
3.779
3.64
3.643
3.675
3.762
3.767
3.773
2.936
3.708
3.762
3.759
3.759
3.627
3.77
3.806
3.774
3.776
3.819
3.76
3.761
3.717
3.775
3.767
3.612
3.746
3.744
3.776
3.774
2.98
3.814
3.772
3.769
3.77
3.527
3.58
3.768
3.768
3.77
3.739
3.015
3.726
3.732
3.736
3.741
3.465
3.749
3.75
3.755
3.757
3.796
3.078
3.767
3.822
3.815
3.81
3.448
3.645
3.702
3.703
3.788
3.791
3.138
3.736
3.733
3.786
3.785
3.381
3.73
3.729
3.781
3.782
3.78
3.197
3.72
3.716
3.714
3.718
3.229
3.73
3.765
3.759
3.763
3.888
3.256
3.742
3.793
3.791
3.823
3.801
3.752
3.753
3.756
3.759
3.332
3.791
3.794
3.795
3.796
2.992
3.745
3.788
3.793
3.797
3.792
3.357
3.764
3.767
3.768
3.737
2.881
3.749
3.753
3.747
3.744
3.93
3.423
3.774
3.775
3.776
3.782
2.806
3.738
3.782
3.784
3.779
3.975
3.513
3.771
3.777
3.747
3.78
2.705
3.777
3.732
3.729
3.762
4.023
3.533
3.857
3.821
3.826
3.829
2.718
3.738
3.782
3.78
3.779
3.925
3.724
3.771
3.768
3.769
3.77
3.77
3.769
3.767
3.764
3.764
3.667
3.701
3.704
3.704
3.707
2.788
3.741
3.742
3.745
3.744
3.746
3.58
3.724
3.725
3.772
3.775
2.918
3.713
3.718
3.721
3.767
3.636
3.636
3.666
3.718
3.759
3.76
3.069
3.718
3.723
3.72
3.777
3.342
3.738
3.742
3.867
3.808
3.858
3.262
3.738
3.767
3.733
3.74
3.074
3.805
3.801
3.812
3.805
3.862
3.441
3.762
3.893
3.835
3.727
2.904
3.777
3.781
3.778
3.749
3.962
3.468
3.783
3.775
3.778
3.779
2.749
3.725
3.73
3.731
3.73
3.925
3.687
3.725
3.731
3.78
2.732
3.783
3.788
3.784
3.784
3.927
3.587
3.738
3.743
3.744
3.745
2.857
3.724
3.762
3.755
3.84
3.809
3.685
3.688
3.692
3.743
3.755
3.013
3.76
3.766
3.764
3.759
3.445
3.754
3.878
3.88
3.823
3.829
3.22
3.716
3.727
3.756
3.758
3.134
3.751
3.751
3.755
3.756
3.89
3.404
3.758
3.758
3.761
3.791
2.9
3.7
3.853
3.807
3.804
3.923
3.814
3.812
3.807
3.761
3.766
3.744
3.785
3.786
3.779
3.744
3.604
3.738
3.743
3.774
3.777
2.8
3.788
3.751
3.747
3.793
3.796
3.718
3.72
3.726
3.783
3.746
2.992
3.824
3.817
3.773
3.775
3.472
3.786
3.787
3.751
3.746
3.857
3.289
3.756
3.792
3.786
3.775
3.056
3.764
3.729
3.734
3.707
3.855
3.463
3.806
3.805
3.801
3.8
2.746
3.705
3.706
3.757
3.813
3.854
3.535
3.717
3.718
3.749
3.75
2.813
3.805
3.801
3.838
3.787
3.821
3.778
3.772
3.774
3.771
3.764
3.73
3.736
3.769
3.767
3.771
3.795
3.76
3.754
3.756
3.759
3.276
3.799
3.795
3.753
3.757
3.087
3.777
3.779
3.772
3.767
3.878
3.47
3.614
3.732
3.738
3.792
2.777
3.817
3.812
