3.814
3.773
3.776
3.778
3.775
3.789
3.786
3.784
3.822
3.818
3.817
3.777
3.771
3.766
3.772
3.775
3.771
3.771
3.772
3.769
3.767
3.768
3.768
3.771
3.772
3.809
3.763
3.762
3.768
3.773
3.776
3.771
3.778
3.781
3.776
3.741
3.739
3.69
3.742
3.739
3.763
3.763
3.765
3.766
3.767
3.762
3.756
3.749
3.746
3.714
3.717
3.722
3.761
3.757
3.758
3.761
3.76
3.755
3.755
3.76
3.79
3.784
3.779
3.782
3.786
3.817
3.809
3.805
3.77
3.774
3.774
3.82
3.82
3.79
3.79
3.792
3.792
3.838
3.79
3.794
3.794
3.794
3.793
3.791
3.79
3.79
3.789
3.789
3.792
3.786
3.755
3.766
3.761
3.757
3.756
3.76
3.763
3.763
3.766
3.772
3.771
3.78
3.781
3.777
3.776
3.781
3.826
3.788
3.789
3.788
3.786
3.786
3.785
3.779
3.786
3.786
3.816
3.811
3.812
3.762
3.766
3.768
3.767
3.769
3.764
3.768
3.764
3.797
3.798
3.792
3.794
3.801
3.798
3.804
3.797
3.77
3.768
3.772
3.77
3.773
3.77
3.769
3.77
3.773
3.767
3.769
3.774
3.771
3.773
3.78
3.78
3.77
3.776
3.78
3.783
3.784
3.754
3.754
3.758
3.796
3.794
3.792
3.79
3.828
3.795
3.801
3.793
3.788
3.784
3.832
3.828
3.82
3.813
3.814
3.813
3.803
3.806
3.801
3.771
3.801
3.798
3.804
3.8
3.793
3.83
3.821
3.785
3.783
3.731
3.76
3.798
3.79
3.791
3.784
3.783
3.797
3.802
3.798
3.761
3.79
3.779
3.74
3.746
3.747
3.749
3.748
3.752
3.785
3.779
3.782
3.788
3.842
3.796
3.795
3.799
3.798
3.837
3.798
3.843
3.798
3.764
3.795
3.833
3.837
3.835
3.789
3.793
3.761
3.766
3.767
3.888
3.776
3.768
3.772
3.775
3.654
3.816
3.813
3.812
3.781
3.777
3.775
3.65
3.693
3.726
3.725
3.919
3.759
3.762
3.763
3.723
3.726
3.73
3.727
3.773
3.776
3.772
3.775
3.808
3.853
3.793
3.794
3.797
3.798
3.844
3.833
3.835
3.805
3.805
3.8
3.796
3.789
3.79
3.795
3.796
3.796
3.796
3.792
3.795
3.788
3.783
3.777
3.738
3.905
3.853
3.793
3.795
3.792
3.786
3.791
3.881
3.735
3.774
3.777
3.773
3.727
3.759
3.762
3.765
3.771
3.811
3.762
3.638
3.688
3.732
3.796
3.795
3.79
3.794
3.796
3.791
3.785
3.779
3.783
3.779
3.766
3.76
3.757
3.754
3.797
3.802
3.801
3.835
3.83
3.795
3.787
3.793
3.793
3.789
3.791
3.76
3.763
3.764
3.764
3.81
3.813
3.772
3.765
3.763
3.767
3.773
3.771
3.775
3.769
3.773
3.772
3.773
3.808
3.802
3.799
3.793
3.786
3.779
3.785
3.829
3.794
3.796
3.798
3.795
3.793
3.789
3.788
3.788
3.784
3.78
3.77
3.77
3.813
3.811
3.808
3.813
3.808
3.803
3.796
3.795
3.793
3.79
3.788
3.786
3.783
3.789
3.787
3.786
3.782
3.78
3.747
3.745
3.745
3.75
3.752
3.796
3.794
3.795
3.79
3.793
3.802
3.767
3.769
3.77
3.768
3.773
3.807
3.804
3.8
3.793
3.798
3.8
3.802
3.801
3.802
3.795
3.798
3.762
3.756
3.759
3.759
3.788
3.789
3.783
3.771
3.774
3.778
3.777
3.782
3.777
3.776
3.771
3.773
3.776
3.772
3.736
3.768
3.765
3.766
3.771
3.778
3.777
3.779
3.776
3.779
3.753
3.794
3.787
3.782
3.786
3.788
3.783
3.751
3.755
3.76
3.765
3.771
3.774
3.776
3.779
3.782
3.78
3.784
3.78
3.776
3.787
3.787
3.786
3.782
3.777
3.781
3.783
3.784
3.784
3.783
3.747
3.747
3.803
3.763
3.758
3.765
3.76
3.76
3.794
3.791
3.787
3.789
3.784
3.791
3.79
3.789
3.785
3.788
3.793
3.789
3.794
3.792
3.793
3.788
3.783
3.782
3.817
3.81
3.809
3.812
3.74
3.743
3.786
3.753
3.758
3.896
3.852
3.849
3.818
3.824
3.787
3.79
3.793
3.823
3.872
3.816
3.811
3.776
3.775
3.782
3.774
3.831
3.825
3.707
3.742
3.774
3.779
3.777
3.772
3.808
3.775
3.774
3.768
3.77
3.767
3.771
3.77
3.81
3.777
3.77
3.772
3.773
3.941
3.702
3.758
3.811
3.681
3.848
3.725
3.762
3.758
3.762
3.882
3.779
3.785
3.787
3.788
3.784
3.78
3.815
3.778
3.777
3.779
3.775
3.812
3.806
3.803
3.796
3.802
3.801
3.766
3.819
3.812
3.812
3.805
3.796
3.792
3.688
3.827
3.779
3.85
3.799
3.798
3.802
3.763
3.766
3.768
3.768
3.773
3.777
3.731
3.736
3.772
3.773
3.771
3.808
3.846
3.843
3.802
3.8
3.793
3.794
3.792
3.789
3.786
3.732
3.733
3.737
3.744
3.794
3.766
3.822
3.818
3.811
3.769
3.775
3.768
3.88
3.841
3.844
3.834
3.676
3.844
3.844
3.832
3.826
3.822
3.819
3.815
3.848
3.846
3.839
3.799
3.835
3.79
3.788
3.79
3.791
3.833
3.785
3.785
3.78
3.657
3.71
3.753
3.756
3.754
3.753
3.75
3.75
3.76
3.755
3.757
3.758
3.753
3.796
3.797
3.798
3.791
3.788
3.789
3.785
3.748
3.754
3.791
3.792
3.791
3.784
3.789
3.787
3.786
3.784
3.776
3.78
3.782
3.781
3.778
3.776
3.772
3.802
3.766
3.803
3.806
3.802
3.801
3.797
3.744
3.749
3.755
3.762
3.757
3.881
3.756
3.799
3.797
3.787
3.744
3.786
3.788
3.791
3.789
3.791
3.791
3.757
3.755
3.755
3.757
3.754
3.75
3.752
3.748
3.781
3.777
3.778
3.776
3.777
3.777
3.73
3.732
3.735
3.869
3.834
3.786
3.787
3.791
3.786
3.78
3.78
3.779
3.778
3.778
3.781
3.776
3.782
3.78
3.785
3.754
3.755
3.76
3.769
3.77
3.764
3.766
3.803
3.798
3.795
3.789
3.757
3.762
3.802
3.803
3.799
3.799
3.799
3.797
3.799
3.795
3.795
3.762
3.757
3.766
3.769
3.77
3.771
3.772
3.768
3.799
3.795
3.801
3.798
3.768
3.765
3.76
3.757
3.76
3.817
3.811
3.813
3.779
3.772
3.77
3.772
3.773
3.775
3.779
3.779
3.78
3.778
3.777
3.778
3.773
3.774
3.777
3.772
3.771
3.772
3.777
3.779
3.781
3.785
3.789
3.784
3.781
3.778
3.781
3.775
3.778
3.776
3.778
3.781
3.785
3.784
3.781
3.78
3.769
3.773
3.767
3.763
3.768
3.777
3.775
3.806
3.805
3.772
3.769
3.774
3.774
3.812
3.806
3.798
3.794
3.793
3.826
3.822
3.789
3.829
3.794
3.799
3.799
3.698
3.801
3.806
3.808
3.807
3.801
3.805
3.835
3.79
3.793
3.792
3.846
3.84
3.884
3.754
3.795
3.788
3.792
3.795
3.798
3.797
3.796
3.792
3.793
3.79
3.785
3.778
3.781
3.778
3.777
3.78
3.91
3.762
3.762
3.767
3.766
3.765
3.764
3.768
3.773
3.774
3.774
3.768
3.769
3.764
3.981
3.717
3.76
3.76
3.753
3.756
3.792
3.799
3.759
3.761
3.762
3.765
3.758
3.759
3.804
3.798
3.794
3.788
3.732
3.736
3.913
3.773
3.77
3.773
3.78
3.784
3.76
3.766
3.764
3.764
3.768
3.778
3.738
3.733
3.785
3.774
3.808
3.806
3.706
3.736
3.775
3.81
3.811
3.811
3.812
3.813
3.651
3.707
3.759
3.789
3.746
3.789
3.789
3.783
3.78
3.776
3.722
3.728
3.735
3.782
3.779
3.774
3.781
3.786
3.786
3.786
3.786
3.788
3.783
3.786
3.787
3.838
3.845
3.806
3.805
3.824
3.78
3.816
3.813
3.815
3.775
3.809
3.803
3.799
3.798
3.745
3.756
3.789
3.786
3.75
3.759
3.757
3.788
3.786
3.788
3.819
3.816
3.701
3.73
3.774
3.774
3.773
3.802
3.764
3.767
3.768
3.771
3.771
3.771
3.766
3.775
3.775
3.78
3.777
3.782
3.775
3.771
