3.904
3.934
3.889
3.886
4.006
3.88
3.918
3.915
3.907
3.912
3.91
3.942
3.938
3.941
3.935
3.923
3.965
3.965
4.099
3.779
3.875
3.877
3.875
3.881
3.992
3.98
3.944
3.944
3.911
3.907
3.903
3.901
3.94
3.791
3.787
3.794
3.837
3.888
3.894
3.889
3.892
3.889
3.882
3.914
3.915
3.869
3.865
3.919
3.917
3.956
3.948
3.977
3.975
3.944
3.948
3.81
3.864
3.87
3.872
3.865
3.869
3.869
3.865
3.868
3.914
3.908
3.873
3.878
3.915
3.91
3.911
3.857
3.904
3.957
3.955
3.949
3.912
3.907
3.903
3.908
3.91
3.878
3.877
3.988
3.981
3.928
3.921
3.958
3.92
3.927
3.919
3.921
3.921
3.889
3.886
3.892
3.897
3.897
3.899
3.894
3.888
3.92
3.917
3.951
3.898
3.897
3.94
3.934
3.936
3.94
4.067
3.861
3.863
3.921
3.878
3.997
3.909
3.866
3.862
3.865
3.953
3.951
3.952
3.905
3.856
3.854
3.863
3.898
3.895
3.897
3.953
3.921
3.921
3.926
3.888
3.892
3.931
3.924
3.925
3.923
3.928
3.877
3.879
3.996
3.946
3.912
3.903
3.78
3.92
3.914
3.913
3.904
4.034
3.908
3.912
3.904
3.906
3.901
3.896
3.891
3.9
3.901
3.907
3.901
3.9
3.896
3.85
3.898
3.899
3.898
3.905
3.898
3.937
3.941
4
3.948
3.821
3.828
3.869
3.93
3.971
4.015
4.011
3.962
3.963
3.911
3.917
3.913
3.914
3.908
3.902
3.9
3.943
3.911
3.91
3.88
3.883
4.008
3.835
3.883
3.888
3.856
3.894
3.893
3.894
3.929
3.966
3.962
3.904
3.906
3.999
3.847
3.851
3.895
3.9
3.901
3.896
3.956
3.822
3.829
3.874
3.924
3.919
3.912
3.915
3.857
3.856
3.858
3.858
3.909
3.956
3.906
3.904
3.908
3.903
3.912
3.864
3.867
3.872
3.866
3.693
3.881
3.879
3.878
3.986
4.022
3.989
3.859
3.892
3.93
3.928
3.923
3.93
3.924
3.919
3.92
3.891
4.05
3.89
3.949
3.947
3.835
3.867
4.007
4.009
3.935
3.942
3.902
3.902
3.903
3.9
3.9
3.899
3.904
3.909
3.94
3.835
3.885
3.891
3.888
3.919
3.919
3.923
3.965
3.962
3.95
3.947
3.953
3.953
3.949
3.947
3.953
4
3.942
3.984
3.939
3.931
3.884
3.923
3.92
3.959
3.957
4.069
3.956
3.918
3.88
3.883
3.886
3.882
3.879
3.88
3.878
3.883
3.884
3.879
3.884
3.924
3.918
3.925
3.921
3.775
3.819
3.826
3.884
3.884
3.888
3.886
3.882
3.887
3.884
3.885
3.896
3.847
4.001
3.969
3.923
3.922
3.869
3.923
3.928
3.941
3.947
3.901
3.937
3.905
3.874
3.877
3.922
3.812
3.872
3.92
3.926
3.93
3.881
3.882
3.894
3.893
3.924
3.957
3.957
3.943
3.948
3.914
3.915
3.911
3.922
3.923
3.87
3.877
3.928
3.859
3.889
3.892
3.893
3.854
3.853
3.856
3.906
3.908
3.906
3.903
3.9
3.906
3.863
3.868
3.874
3.869
3.866
3.869
3.872
3.88
3.927
3.924
3.921
3.916
3.909
3.906
3.9
3.905
3.911
3.878
3.923
3.928
3.929
3.89
3.945
3.942
3.943
3.948
3.908
3.914
3.908
3.912
3.873
3.914
3.879
4.033
4.04
4.034
3.919
3.918
3.918
3.922
3.919
3.919
3.96
3.961
3.853
3.853
3.858
3.862
3.856
3.975
3.979
3.982
3.927
3.958
4.013
3.88
3.935
3.93
3.925
3.974
3.821
3.866
3.929
3.935
3.929
3.879
3.884
4.028
3.915
3.909
3.915
3.912
3.915
3.921
3.924
3.917
3.912
3.911
3.908
3.953
3.911
3.879
3.92
3.953
3.948
3.946
3.904
3.911
3.959
3.959
3.957
3.958
3.952
3.951
3.952
3.909
3.91
3.898
3.892
3.885
3.883
3.886
3.995
3.862
3.865
3.922
3.922
3.876
3.877
3.869
3.871
3.905
3.942
3.943
3.905
3.901
3.899
3.946
3.898
3.894
3.896
3.899
3.898
3.9
3.792
3.845
3.895
3.96
3.961
3.924
3.919
3.914
3.914
3.912
3.968
3.962
3.929
3.921
3.927
3.926
4.055
3.894
3.893
3.936
3.935
3.935
3.934
3.877
3.867
3.834
3.981
3.946
3.939
3.925
3.924
3.926
3.923
3.887
3.889
3.887
3.882
3.916
3.919
3.952
3.904
3.948
3.83
3.831
3.927
3.926
3.93
3.9
3.895
3.9
3.896
3.892
3.934
3.901
3.907
3.904
3.898
3.898
3.905
3.909
3.905
3.901
3.906
3.899
3.906
3.904
3.898
3.901
3.944
3.91
3.909
3.907
3.905
3.896
3.791
4
3.993
3.885
3.882
3.881
3.884
3.888
3.89
3.855
3.908
3.905
3.906
3.911
3.913
3.909
3.906
3.908
3.912
3.918
3.914
3.948
3.947
3.911
3.913
3.96
3.96
3.958
3.914
3.911
3.911
3.956
3.921
3.972
3.911
3.868
3.87
3.875
3.918
3.946
3.911
3.966
3.968
3.816
3.869
3.875
3.878
3.884
3.887
3.894
3.842
3.837
3.876
3.879
3.943
3.941
3.934
3.974
3.981
3.865
3.869
3.868
3.869
3.873
3.91
3.912
3.909
3.904
3.9
3.899
3.9
3.904
3.902
3.9
3.899
3.898
3.892
4.019
3.979
3.99
3.987
3.951
3.958
3.952
3.876
3.881
3.887
3.888
3.882
3.876
4.004
3.876
3.874
3.932
3.832
3.984
3.976
3.847
3.851
3.885
3.885
3.89
3.949
3.902
3.868
3.903
3.895
3.897
3.891
3.891
3.891
3.851
3.858
3.865
3.863
3.861
3.899
3.901
3.862
3.957
3.915
3.917
3.948
3.952
3.9
3.905
3.938
3.938
3.931
3.934
3.941
3.943
3.945
3.906
3.866
3.92
3.913
3.912
3.864
3.864
3.861
3.862
3.863
3.869
3.881
3.884
3.881
3.885
3.89
3.943
3.902
3.9
3.907
3.973
3.849
3.852
3.853
3.859
3.863
3.975
3.973
3.969
3.961
3.924
3.889
3.893
3.896
3.898
4.015
3.963
3.96
3.955
3.914
3.912
3.911
3.948
3.911
3.909
3.861
3.87
3.903
3.944
3.938
3.929
3.892
3.894
3.896
3.864
3.96
3.907
3.902
3.898
3.893
3.885
4.018
3.984
3.867
3.873
3.879
3.88
3.921
3.923
3.928
3.933
3.927
4.039
3.929
3.931
3.928
3.931
3.926
3.93
3.9
3.902
3.933
3.926
3.882
3.875
3.923
3.969
3.913
3.915
3.806
3.863
3.857
3.855
3.853
3.883
3.922
3.873
3.867
3.867
4.08
3.947
3.998
3.948
3.945
3.944
3.941
3.905
3.908
3.942
3.937
3.9
3.893
3.928
3.974
3.968
3.809
3.815
3.859
3.855
3.857
3.878
3.881
3.882
3.887
3.924
3.969
3.91
3.904
3.905
4.021
3.873
3.982
3.979
3.936
3.936
3.931
3.825
4
3.999
3.867
3.873
3.905
3.905
3.908
4.025
3.872
3.868
3.87
3.868
3.87
4.017
3.962
3.906
3.905
3.901
3.908
3.966
3.968
3.932
3.924
3.929
3.927
3.813
3.983
3.926
3.91
3.916
3.913
3.866
3.901
3.797
3.855
3.857
3.864
3.868
3.911
3.913
3.917
3.915
3.863
3.913
3.906
3.9
3.781
3.785
3.949
3.914
3.92
3.917
3.917
3.924
3.967
3.966
3.959
3.923
3.923
3.919
3.968
3.933
3.925
3.921
3.955
3.95
3.945
3.94
3.937
3.924
3.804
3.837
3.871
3.982
3.82
3.943
3.911
3.915
3.917
3.812
3.813
3.86
3.973
3.938
3.903
3.897
3.903
3.904
3.947
3.908
3.871
3.876
3.914
3.91
3.866
3.866
3.904
3.904
3.908
3.908
3.91
3.948
3.944
3.901
3.937
3.936
3.936
3.937
3.81
3.929
3.923
4.034
3.98
3.925
3.925
3.924
3.887
3.889
3.888
3.888
3.89
3.933
3.933
3.925
3.921
3.919
3.925
3.921
3.92
3.918
3.875
3.875
3.879
3.881
3.924
3.925
3.922
3.891
3.883
3.919
3.914
3.91
4.024
3.969
3.973
3.975
3.807
3.813
3.852
3.895
