4.052
4.045
4.048
4.097
4.001
4.006
4.122
4.07
4.037
4.001
4.005
4.042
4.038
4.037
4.082
4.036
4.071
4.076
4.071
4.064
4.07
4.066
4.06
4.123
3.999
3.801
4.06
4.054
4.055
4.058
4.059
4.059
4.102
4.053
4.053
4.045
4.045
4.044
4.041
4.054
4.051
4.046
4.04
4.042
4.036
4.034
4.154
4.114
4.075
4.028
4.02
4.019
4.014
4.016
4.022
4.016
4.02
4.023
4.026
4.069
4.071
4.067
4.109
4.101
3.958
3.997
4.001
4.002
4.063
4.025
4.02
4.023
4.021
4.026
4.031
4.03
4.03
4.025
4.031
4.026
4.021
4.021
4.065
4.07
4.034
4.028
4.028
4.035
4.039
4.034
4.032
4.038
3.992
4.039
4.007
4
4.117
4.121
4.075
4.105
4.097
4.06
4.053
4.06
4.066
4.023
4.064
4.057
4.106
4.099
4.095
4.101
4.1
4.093
3.979
4.092
4.056
4.05
4.052
4.048
4.043
4.044
4.043
3.997
4.061
4.059
4.055
4.01
4.05
4.093
4.095
4.087
4.084
4.085
4.078
4.078
4.04
3.985
3.988
4.001
4.046
3.993
4.056
4.052
3.874
3.934
3.937
3.995
4.04
4.008
4.015
4.02
3.91
4.056
4.056
4.013
4.017
4.023
4.076
4.04
4.08
4.073
4.065
4.067
4.021
4.024
4.332
4.153
4.002
4.004
4.008
4.012
4.143
4.082
4.09
4.088
4.087
4.08
4.025
4.027
4.033
4.038
4.036
3.988
4.117
4.113
4.109
4.105
4.058
4.059
4.061
4.056
3.998
4.046
4.041
4.038
4.042
3.906
3.966
4.061
4.058
4.023
4.023
4.142
4.146
3.901
4.027
4.025
4.076
4.129
3.96
3.966
3.97
4.089
4.024
4.026
4.032
3.978
4.277
4.019
4.237
3.988
3.956
4.077
4.079
4.045
4.037
4.037
4.089
4.035
4.029
4.366
4.011
4.055
4.056
4.06
4.196
4.158
4.104
4.102
4.102
4.095
4.053
4.017
4.02
4.025
4.029
4.031
3.991
4.142
3.96
4.1
4.1
4.078
4.075
4.073
4.069
4.027
4.029
4.037
4.041
4.035
3.979
3.975
4.077
4.071
4.069
4.119
4.112
3.997
3.998
4.003
4.003
4.049
4.052
3.908
3.945
3.999
4.002
4.001
4.047
4.045
4.08
3.969
4.065
4.066
4.065
3.941
4.208
4.036
4.085
4.085
4.036
4.036
4.028
4.028
4.06
4.058
4.012
4.05
4.057
4.055
4.018
4.025
4.022
4.022
4.028
4.031
4.028
4.03
4.033
4.027
4.09
4.085
4.028
4.092
4.094
4.037
4.035
4.083
4.076
3.952
4.077
4.075
4.028
4.031
4.176
4.009
4.009
4.01
4.041
4.04
4.036
4.035
4.028
4.079
4.075
4.024
4.078
4.082
4.076
3.936
4.063
4.065
4.028
4.029
4.024
4.021
4.019
4.013
4.01
4.006
4.012
4.01
4.054
4.057
4.057
4.055
4.061
4.063
4.056
4.053
4.05
4.038
4.08
4.073
4.042
4.047
4.096
4.089
3.955
3.991
3.994
3.994
4.035
4.04
4.008
4.006
4.045
4.048
4.012
4.013
4.047
4.054
4.048
4.044
4.04
4.037
4.035
4.032
4.035
4.036
4.03
4.025
4.02
3.989
4.033
4.034
4.031
4.034
4.031
4.037
4.041
4.046
4.017
4.078
4.077
4.02
4.015
4.021
4.024
4.027
4.024
4.02
4.027
3.987
4.106
4.099
3.978
4.023
4.023
4.026
4.02
4.022
4.074
4.038
4.035
4.036
4.027
4.026
4.064
4.102
4.1
4.044
4.01
4.012
4.019
4.021
4.059
4.054
4.21
4.047
4.043
4.099
4.038
3.931
3.977
4.032
3.989
4.142
4.097
4.093
4.099
4.098
4.058
4.024
4.026
4.03
4.028
4.196
4.077
4.072
4.079
4.079
4.083
4.075
4.08
4.074
4.074
4.069
4.066
4.101
4.056
4.059
4.05
4.057
4.049
4.046
4.005
3.988
4.023
4.027
4.025
4.094
4.098
4.144
3.992
3.993
4.039
4.034
4.041
4.033
4.037
4.033
3.933
4.057
4.06
4.06
4.064
3.989
3.992
3.997
3.994
4.066
4.03
3.997
4.004
4.142
4.007
4.014
-1
3.947
3.979
4.034
4.075
4.068
4.063
4.059
3.998
4.049
4.109
4.108
4.076
4.016
4.054
4.053
4.054
4.111
3.867
4.148
4.094
4.154
4.008
4.012
4.01
4.013
4.006
4.006
4.005
4.142
4.139
3.893
4.022
3.91
4.07
3.932
3.988
3.995
4.042
4.039
4.044
4.045
4.084
4.081
4.036
4.035
4.042
4.004
4.051
4.089
4.082
4.075
4.203
4.058
4.062
4.062
3.887
4.408
4.056
4.057
4.057
4.061
3.929
4.102
3.958
4.075
4.08
4.074
3.953
3.95
3.951
4.068
4.062
4.056
4.022
4.057
4.052
4.053
4.011
4.065
4.064
4.01
4.149
3.95
4.069
4.034
3.976
4.092
4.051
4.017
3.852
4.109
4.115
3.997
3.967
4.279
4.073
4.068
4.069
3.962
3.969
4.002
4.003
3.997
3.998
4.04
4.082
4.083
4.075
4.121
4.121
3.988
4.027
4.077
4.08
4.135
4.131
4.07
4.069
4.065
4.06
4.196
4.188
4.122
4.118
4.116
4.121
4.087
4.04
4.04
4.035
4.077
4.078
3.961
3.968
4.002
4.062
4.055
4.053
4.039
4.037
4.082
3.974
3.973
4.013
4.139
4.097
4.1
4.098
4.093
4.092
3.959
4.005
4.004
4.007
4.039
4.032
4.039
4.043
4.012
4.009
4.144
4.007
3.979
4.115
4.108
4.059
4.11
4.068
4.062
4.012
4.017
4.064
4.095
4.093
4.054
4.049
4.011
4.013
4.019
4.018
4.025
4.029
4.029
4.029
4.036
4.04
4.045
4.044
4.051
4.046
4.047
4.054
4.001
4.005
4.011
4.011
4.044
4.044
4.041
4.033
4.04
4.003
4.042
4.099
4.094
4.056
4.049
4.056
4.061
4.057
4.055
4.047
4.002
3.942
3.947
3.979
3.981
3.991
4.14
4.103
4.057
4.01
4.007
4.039
4.033
4.029
4.026
4.088
4.038
4.032
4.064
4.01
4.017
4.049
3.989
3.993
3.997
4.004
4.138
4.133
4.014
4.059
4.055
4.053
4.017
4.016
3.979
4.162
4.122
4.01
4.011
4.013
4.071
4.071
4.068
4.062
4.066
4.055
4.048
4.045
4.037
4.035
4.037
4.038
4.037
4.07
4.029
4.087
4.087
4.086
4.08
4.087
4.09
4.149
4.117
4.171
4.12
4.066
4.066
4.062
4.065
4.099
4.092
4.042
4.005
4.01
4.042
4.03
4.037
4.039
4.043
4.044
4.043
4.05
4.054
4.059
4.057
4.061
4.061
4.059
4.061
4.058
4.099
4.06
4.123
4.006
4.056
3.993
4.036
4.038
4.083
4.076
3.968
4.143
4.105
4.1
4.097
4.047
4.104
4.099
4.099
4.091
4.05
4.108
4.06
4.06
4.061
4.061
4.01
4.32
3.951
4.013
4.022
4.076
4.068
4.062
4.061
4.063
4.063
4.066
4.062
4.059
3.951
4.146
4.095
4.049
4.052
3.985
3.99
4.107
4.059
4.054
4.017
4.076
4.04
4.043
4.037
4.03
4.079
4.077
4.03
4.034
4.031
4.035
4.037
4.035
4.081
4.061
4.061
4.029
4.026
4.027
4.201
4.155
4.156
4.15
4.143
4.032
4.034
3.874
4.055
4.048
4.047
4.044
3.927
4.073
4.069
4.062
4.097
3.964
4.019
3.908
3.92
3.969
4.018
4.023
4.018
3.881
4.023
4.018
4.02
4.021
4.021
4.022
4.077
4.129
4.011
4.055
4.016
4.018
-1
4.012
4.021
4.027
4.03
4.028
4.06
3.964
4.174
3.988
3.985
4.104
3.786
4.074
4.075
4.077
4.077
4.095
4.09
4.041
4.097
4.096
4.056
4.062
4.059
4.064
3.911
3.92
3.955
3.962
4.006
4.128
4.036
3.9
3.96
3.997
4.005
4.004
3.947
3.99
3.995
3.995
4.021
4.017
4.32
3.988
4.043
3.989
4.123
4.006
4.061
4.102
4.087
4.088
4.08
4.072
4.065
4.081
4.086
4.079
4.08
4.073
4.067
4.073
4.071
4.072
4.074
4.081
4.076
4.08
4.078
4.077
4.074
4.078
4.07
4.063
4.063
4.058
4.058
4.056
