3.984
4.039
3.98
4.019
4.019
4.016
4.022
4.074
4.069
4.07
4.069
4.064
3.92
4.065
3.95
3.956
3.957
4.019
4.024
3.976
3.979
4.016
4.012
4.009
4.013
4.014
4.009
4.013
3.926
4.088
4.027
4.077
4.02
4.025
4.019
4.014
4.063
3.931
4.045
4.045
3.997
4.004
4.008
3.999
4.005
4.01
4.062
3.954
4.037
3.905
3.905
4.07
4.068
4.115
4.083
4.077
4.037
4.033
4.033
4.032
4
4.001
4.064
4.057
4.049
3.896
4.028
4.026
4.074
4.018
4.012
3.956
4.015
3.96
4.013
4.074
4.04
4.047
3.919
4.035
4.033
4.028
4.021
3.982
3.988
3.988
3.988
3.989
3.974
3.977
4.01
4.005
3.997
4.042
4.074
3.9
4.012
4.016
4.043
3.99
3.996
4.036
4.029
4.03
4.022
4.078
4.075
4.079
3.982
3.986
3.987
4.042
4.049
4.054
4.051
4.058
4.102
4.1
3.971
3.975
3.978
4.033
4.028
3.996
3.991
4.04
3.994
3.996
3.991
3.989
4.041
4.042
4.011
4.015
3.987
3.992
3.991
3.991
3.988
4.11
4.116
3.972
4.033
4.034
4.031
4.024
4.016
4.01
4.057
4.062
4.02
4.022
4.063
4.046
4.193
4.008
4.01
4.124
4.02
4.062
4.063
4.058
4.053
4.044
4.045
4.041
4.036
4
4.004
4.011
4.017
4.014
4.152
4.091
4.224
4.016
4.009
4.01
4.036
4.157
3.983
4.029
4.024
3.973
4.023
4.028
4.027
4.026
3.989
3.996
3.997
4.03
4.028
4.034
4.032
4.035
4.029
4.035
4.02
4.014
4.012
4.011
4.015
4.014
4.011
4.006
4.043
4.049
4.004
4.001
4.063
4.026
4.032
3.991
4.125
4.071
4.034
4.03
3.983
4.024
4.019
4.053
3.909
3.954
3.951
4.104
4.07
3.952
3.989
4.023
4.07
4.072
3.955
4.011
4.01
4.046
4.049
3.92
3.977
3.979
3.972
3.979
3.975
4.026
4.023
4.022
4.063
4.059
4.052
4.054
4.01
4.01
3.978
3.978
4.029
4.022
4.021
4.057
4.072
4.028
4.022
4.017
3.976
4.007
4.042
4.09
4.085
4.087
4.02
4.014
4.016
4.054
4.017
4.017
4.023
4.029
4.025
4.024
4.024
4.021
4.025
4.02
4.017
4.015
3.974
3.966
4.009
4.006
3.998
4
3.996
3.992
3.992
4.037
4.029
4.033
4.04
4.007
4.051
4.092
4.038
4.07
4.029
4.082
4.08
3.965
3.97
4.02
4.016
4.013
4.015
4.009
4.003
3.97
4.004
3.999
3.953
4.002
4.042
4.036
4.034
3.99
3.953
3.958
4.126
4.119
4.111
4.062
3.944
3.942
3.987
4.03
4.025
4.02
4.014
4.012
4.046
4.04
4.012
3.967
4.016
3.97
3.974
4.038
4.043
4.047
4.048
4.044
3.998
3.992
4.038
4.003
4.036
4.034
3.998
3.995
3.998
3.992
3.939
3.981
3.984
3.984
4.027
4.071
4.076
3.958
4.01
4.008
3.916
3.922
4.086
4.033
4.034
3.945
3.998
4.002
4.053
4.059
4.064
4.096
4.089
4.083
3.958
3.965
4.02
4.024
4.022
4.019
4.024
4.055
4.057
4.052
4.052
4.018
4.023
3.984
3.983
4.034
4.022
4.024
4.021
4.055
4.009
4.005
4.062
4.057
3.917
3.927
3.983
4.029
4.029
4.082
4.038
3.997
3.99
3.988
3.943
3.948
3.904
3.954
3.96
3.964
3.995
3.998
3.997
4.003
4.003
4.009
3.973
3.978
4.02
4.014
4.023
4.023
4.016
4.01
4.043
4.036
4.064
4.026
4.06
4.056
4.111
4.044
3.99
3.991
3.991
4.03
3.993
4.045
4.004
3.998
4.184
4.121
4.009
4.134
4.005
3.955
3.994
3.994
4
4.005
4.066
4.068
4.028
4.023
4.022
4.014
4.009
4.013
4.018
3.963
4.025
4.06
4.056
4.056
4.005
3.94
3.942
4.075
4.078
4.044
4.085
4.078
4.082
4.088
4.09
3.922
4.086
3.925
4.037
4.036
4.042
3.99
4.028
4.023
4.024
3.986
4.029
4.028
4.026
4.018
4.137
4.126
4.122
3.963
4.025
3.992
3.996
4.002
4
4.057
4.061
4.059
4.122
3.944
3.985
3.981
4.022
4.024
4.081
3.934
3.94
4.078
4.021
4.017
4.059
4.232
4.034
4.036
4.035
4.04
4.044
3.995
4.138
4.09
3.979
4.041
4.035
4
4.04
4.043
4.04
3.997
3.998
4.004
4.002
4.003
4
4.005
4.002
4.002
3.994
3.998
4.031
4.031
4.03
4.07
4.015
3.978
4.143
4.026
4.029
4.025
4.031
4.026
4.08
4.021
3.988
4.043
3.995
4.037
3.996
3.95
3.995
3.995
3.99
3.997
4.041
4.034
3.99
3.989
3.997
4.039
4.041
4.046
4.038
4.033
4.075
4.029
4.027
4.03
4.028
4.028
4.142
4.012
4.008
4.009
4.008
4.05
4.006
4.001
4.118
4.066
4.06
4.055
4.054
4.048
4.006
3.955
3.95
3.951
4.084
4.043
4.011
4.149
4.103
3.973
3.979
3.982
3.95
3.956
4.186
4.068
4.012
4.073
4.068
4.065
4.092
4.084
4.048
4.003
4
4.036
4.029
4.024
4.061
4.06
4.055
4.059
4.105
3.968
3.974
3.978
4.03
3.985
3.981
3.983
3.986
4.035
4.04
4.043
4.047
3.991
3.96
4.018
4.023
4.028
4.023
4.028
4.027
4.034
4.034
4.036
4.043
4.041
4.085
3.973
4.019
4.021
4.025
4.029
4.028
4.03
4.023
4.021
4.019
4.016
4.019
3.982
4.019
4.014
4.021
3.942
3.974
3.97
4.087
4.039
4.032
3.989
3.985
3.984
4.021
4.066
4.011
4.013
4.016
4.017
4.011
4.008
4.005
3.997
3.992
4.008
4.008
4.012
4.011
4.008
3.997
4
3.992
3.991
3.987
3.982
3.98
3.979
3.986
3.991
3.995
3.993
3.998
3.995
4.048
3.937
3.999
4.001
4.006
4.001
4.003
3.995
3.997
3.99
3.993
4.001
4.049
4.043
4.036
4.038
4.073
4.066
4.026
4.031
4.038
3.921
4.06
4.057
4.056
4.059
4.057
4.061
4.054
4.015
4.006
4.003
4.064
4.067
4.071
4.018
4.025
3.992
3.988
4.022
3.989
3.983
3.982
3.982
3.987
3.985
4.081
4.027
4.033
4.074
3.948
3.995
4.057
4.018
3.965
3.969
4.014
3.978
3.98
4.026
4.022
4.018
4.011
4.008
4.044
4.049
3.97
3.966
4.087
4.052
4.046
4.039
4.036
4.03
4.023
3.979
4.027
4.023
4.016
4.021
4.053
4.016
4.185
4.048
4.04
3.985
4.025
4.024
3.993
3.996
4.002
3.997
3.997
3.966
3.971
3.974
4.13
4.02
4.018
3.977
4.025
4.063
3.92
4.112
3.991
4.047
4.005
4.008
4.006
4.003
3.97
3.974
3.975
3.975
3.979
4.14
3.961
4.005
4.057
4.058
4.06
4.168
4.044
4.038
4.039
4.008
4.004
4.003
4.127
3.954
4.004
4.054
4.098
4.056
4.015
4.069
4.017
4.019
4.076
4.02
4.02
4.015
4.068
3.956
3.961
3.939
4.059
4.063
4.058
4.019
3.984
4.023
4.02
4.019
4.017
3.975
3.97
3.976
4.015
3.974
4.014
4.054
4.048
4.047
4.09
3.968
3.967
3.962
4.002
4.033
4.026
4.028
4.024
4.02
3.901
4.073
4.115
4.059
4.055
4.059
4.049
3.998
3.994
3.997
4.047
4.038
4.172
4.025
4.019
4.022
3.981
3.982
3.986
4.045
4.091
4.051
4.057
4.024
3.993
3.993
3.987
4.019
4.013
4.018
4.019
4.057
4.057
4.057
4.05
4.046
4.039
3.932
4.08
4.028
4.029
4.037
4.034
3.992
3.986
3.991
3.995
4.037
3.99
3.99
3.993
3.941
4.084
4.082
4.075
4.073
3.945
3.942
3.988
3.985
3.875
3.953
3.948
4.003
4.164
4.052
3.895
3.901
3.907
3.912
3.915
3.961
4.02
4.018
4.018
4.053
4.056
3.929
3.968
4.175
4.113
3.993
3.992
3.986
3.982
4.037
4.03
4.027
4.031
4.031
4.026
3.995
4.003
4.006
4.011
4.012
3.983
3.983
3.987
4.125
3.979
3.988
4.051
4.019
4.024
