3.869
3.861
3.868
3.9
3.895
3.909
3.95
3.982
3.94
3.894
3.907
3.908
3.96
3.958
3.951
3.911
3.865
3.895
3.89
3.895
3.923
3.919
3.922
3.923
3.92
3.916
3.872
3.87
4.03
4.028
3.982
3.901
3.893
3.893
3.899
3.933
3.936
3.929
3.935
3.829
3.864
3.92
3.916
3.912
3.905
3.936
3.902
3.9
3.901
4.029
3.913
3.915
3.917
3.915
3.873
3.876
3.91
3.906
3.966
3.963
3.92
3.967
3.968
3.932
3.973
3.879
3.884
3.994
3.752
3.786
3.924
3.927
3.889
3.889
3.92
3.913
3.906
3.941
3.938
3.938
3.827
3.863
3.865
3.864
3.623
3.166
3.588
3.314
3.712
3.679
3.82
3.823
3.829
3.98
3.944
3.949
3.754
3.96
3.96
3.92
3.912
3.949
4.068
3.907
3.908
3.911
3.906
3.902
3.897
3.899
3.929
3.93
3.928
3.932
3.929
3.932
3.935
3.935
3.969
3.966
3.964
3.957
3.899
3.892
3.892
3.942
3.908
3.953
3.79
3.911
3.916
3.912
3.906
3.912
3.907
3.9
3.899
3.899
3.903
3.935
3.925
3.921
3.92
3.953
3.949
3.847
3.901
3.901
3.908
3.915
3.915
3.918
3.921
3.926
3.926
3.934
3.903
3.906
3.963
3.959
3.898
3.936
3.905
3.9
3.897
3.979
3.979
3.979
3.845
3.845
3.877
3.878
3.881
3.88
3.88
3.856
3.853
3.859
3.863
3.868
3.902
3.908
3.801
3.831
3.947
3.908
3.902
3.907
3.965
3.959
3.954
3.955
3.903
3.901
3.866
3.916
3.909
3.96
3.955
3.918
3.814
3.816
3.929
3.892
3.924
3.878
3.879
3.881
3.885
4.001
3.771
3.924
3.921
3.956
3.822
3.862
3.86
3.866
4.001
3.863
3.917
3.91
3.912
3.853
3.905
3.797
3.803
4.008
3.968
3.854
3.971
3.971
3.972
3.97
3.964
3.898
3.896
3.865
3.87
3.864
3.908
3.868
3.871
3.931
3.928
3.978
3.946
3.941
3.894
3.896
3.928
3.93
3.89
3.887
3.893
3.923
3.92
3.923
3.923
3.921
3.88
3.839
4.119
4.06
3.917
3.951
3.946
3.907
3.951
3.949
3.948
3.941
3.945
3.945
3.941
3.938
3.933
3.931
3.887
3.856
3.856
3.86
3.914
3.916
3.912
3.921
3.923
3.874
3.879
3.883
3.912
3.915
3.911
3.959
3.953
3.918
3.917
3.916
3.868
3.873
3.931
3.928
3.925
3.89
3.888
3.918
3.918
3.917
3.951
3.955
3.917
3.806
3.854
3.859
3.863
3.869
3.87
3.874
3.877
3.876
3.881
3.888
3.921
3.919
3.918
3.879
3.935
3.882
3.934
3.928
3.918
3.912
3.911
3.915
3.919
3.922
3.922
3.915
3.908
3.901
3.844
3.851
3.884
3.883
3.92
3.874
3.878
3.923
3.916
3.917
4.028
3.988
3.931
3.935
3.932
3.924
3.955
3.917
3.911
3.914
3.911
3.907
3.913
3.915
4.072
3.868
3.869
3.907
3.874
3.875
3.877
3.883
3.881
3.846
3.847
3.96
3.917
3.919
3.92
3.912
3.908
3.953
3.911
3.918
3.916
3.919
3.919
3.923
3.888
3.886
3.842
3.96
3.905
3.898
3.906
3.902
3.908
3.949
3.917
3.914
3.864
3.898
3.955
3.923
3.919
3.914
3.918
3.923
3.92
3.812
3.865
3.861
3.916
3.869
3.872
3.908
3.902
3.904
3.86
3.859
3.901
3.871
3.871
3.925
3.917
3.925
3.883
3.887
4.034
3.967
3.96
3.956
3.919
3.921
3.964
3.919
3.922
3.926
3.885
3.882
3.924
3.922
3.925
3.923
3.893
3.889
3.937
3.886
3.881
3.887
3.937
3.888
3.785
3.908
3.911
3.91
4.041
3.845
3.955
3.947
3.902
3.899
3.895
3.891
3.836
3.967
3.859
3.863
3.818
3.949
3.934
3.903
3.907
3.94
3.935
3.891
3.89
3.855
3.892
3.947
3.915
3.859
3.859
3.856
3.969
3.863
3.861
3.897
3.893
3.893
4.041
3.874
3.922
3.919
3.967
3.939
3.931
3.878
3.878
3.879
3.991
4.026
3.901
3.9
3.906
3.903
3.906
3.899
3.945
3.95
3.908
3.87
3.864
4.029
3.871
3.877
3.934
3.805
3.802
3.855
3.902
3.905
3.909
3.91
3.912
3.979
3.974
3.971
3.823
4.026
3.906
3.908
3.939
3.941
3.935
3.933
3.769
3.912
3.954
3.946
3.947
3.946
3.938
3.905
3.862
3.994
3.945
3.942
3.943
3.942
3.908
3.868
3.904
3.851
3.98
3.98
3.98
3.939
3.933
3.931
3.932
3.927
3.922
3.925
3.927
3.925
3.97
3.915
3.881
3.843
3.944
3.813
3.866
3.863
3.894
3.912
3.907
3.905
3.857
3.859
3.862
3.818
3.931
3.897
3.869
3.867
4.011
3.955
3.905
3.906
3.96
4.084
3.968
3.961
3.906
3.852
3.857
3.897
3.935
3.891
3.884
3.882
3.882
3.882
3.927
3.886
3.853
3.858
3.86
3.975
3.918
3.916
3.92
3.916
3.952
3.945
3.812
3.814
3.873
3.879
3.88
3.875
3.879
3.876
3.842
3.928
3.883
3.94
3.938
3.931
3.916
3.914
3.871
3.91
3.875
3.879
3.881
3.916
3.913
3.906
3.904
3.939
3.935
3.879
3.885
3.832
3.834
3.877
3.882
3.885
3.895
3.89
3.94
3.9
3.946
3.938
3.889
3.889
3.891
3.892
3.899
3.896
3.901
3.906
3.899
3.897
3.894
3.892
3.891
4.002
3.967
3.969
3.93
3.884
3.877
3.846
3.853
3.901
3.958
3.852
3.853
3.901
3.949
3.911
3.915
3.873
3.877
3.919
3.919
3.913
3.917
3.886
3.942
3.94
3.889
3.857
3.9
3.931
3.93
3.887
3.883
3.878
3.918
3.911
3.948
3.943
3.897
3.86
3.862
3.866
3.828
3.827
3.991
3.854
3.862
3.866
3.921
3.886
3.886
3.923
3.921
3.914
3.792
3.975
3.939
3.893
3.895
3.892
3.937
3.884
3.882
3.877
3.91
3.908
3.909
4.021
3.961
3.992
3.95
3.942
3.936
3.896
3.892
3.891
3.85
3.889
3.928
3.926
3.921
3.959
3.954
3.954
3.948
3.894
3.93
3.924
3.928
3.96
3.855
3.856
3.86
3.867
3.916
3.918
3.915
3.878
3.884
3.92
3.919
3.918
3.912
3.913
3.968
3.961
3.903
3.865
3.919
3.921
3.923
3.88
3.92
3.874
3.905
3.911
3.906
3.913
3.909
3.952
3.895
3.955
3.828
3.869
3.869
3.864
3.915
3.912
3.912
3.857
3.906
3.945
3.91
3.772
3.803
3.845
3.856
3.888
3.942
3.941
3.943
3.977
3.975
3.97
3.859
3.862
3.866
3.959
3.952
3.841
3.843
3.851
3.846
3.973
3.974
3.977
3.839
3.884
3.922
3.919
3.917
3.919
3.933
3.936
3.983
3.983
3.907
3.868
3.867
3.868
3.871
3.878
3.882
3.888
3.924
3.917
3.882
3.883
3.878
3.881
4.007
3.858
3.89
3.897
3.901
3.899
3.904
3.936
3.935
3.937
3.936
3.927
3.93
3.929
3.931
3.93
3.964
3.959
3.903
3.903
3.899
3.945
3.945
3.825
3.971
3.973
3.98
3.942
3.941
3.934
3.939
3.889
4.024
3.899
3.856
3.857
3.863
3.862
3.869
3.981
3.862
3.913
3.906
3.911
3.906
3.909
3.905
4.02
4.012
3.981
3.98
3.949
3.954
3.959
3.964
3.96
3.966
3.932
3.931
3.928
3.927
3.922
3.917
3.88
3.939
3.936
3.931
3.926
3.967
3.961
3.96
3.909
3.904
3.851
3.858
3.989
3.942
3.935
3.933
3.936
3.938
3.888
4.029
3.851
3.883
3.89
3.891
3.881
3.878
3.876
3.881
3.887
3.887
3.892
3.886
3.883
3.966
3.963
3.929
3.896
3.955
3.846
3.968
3.936
3.984
3.938
3.934
3.894
3.932
3.823
3.826
3.934
3.898
3.892
3.889
3.94
3.815
3.933
3.934
3.898
3.863
3.866
3.867
3.981
3.931
3.894
3.868
3.872
3.865
3.867
3.865
3.875
3.878
3.881
3.885
3.848
3.872
4.012
3.896
3.933
3.977
3.914
3.913
3.908
3.906
3.902
3.934
3.939
3.937
3.887
3.922
3.867
3.908
