3.742
3.635
3.677
3.551
3.556
3.606
3.644
3.649
3.638
3.637
3.641
3.635
3.669
3.541
3.575
3.624
3.679
3.729
3.624
3.618
3.621
3.725
3.595
3.731
3.738
3.698
3.572
3.61
3.756
3.75
3.719
3.717
3.712
3.71
3.703
3.592
3.596
3.746
3.525
3.53
3.69
3.691
3.653
3.652
3.653
3.651
3.651
3.605
3.61
3.709
3.715
3.673
3.667
3.664
3.725
3.767
3.624
3.725
3.691
3.689
3.687
3.686
3.685
3.647
3.651
3.657
3.662
3.664
3.568
3.603
3.609
3.719
3.721
3.712
3.561
3.557
3.605
3.774
3.49
3.643
3.694
3.66
3.658
3.536
3.684
3.678
3.673
3.787
3.619
3.621
3.668
3.667
3.624
3.742
3.692
3.579
3.611
3.615
3.627
3.631
3.581
3.637
3.638
3.639
3.693
3.643
3.636
3.644
3.643
3.589
3.763
3.623
3.616
3.699
3.692
3.687
3.533
3.69
3.639
3.679
3.682
3.677
3.648
3.705
3.71
3.711
3.71
3.667
3.669
3.672
3.669
3.673
3.671
3.555
3.662
3.795
3.508
3.556
3.712
3.713
3.674
3.668
3.669
3.634
3.672
3.671
3.635
3.635
3.635
3.691
3.652
3.651
3.648
3.604
3.748
3.754
3.575
3.621
3.595
3.594
3.59
3.636
3.636
3.644
3.748
3.612
3.617
3.734
3.61
3.611
3.613
3.611
3.712
3.666
3.695
3.649
3.649
3.682
3.714
3.594
3.594
3.588
3.735
3.597
3.602
3.737
3.737
3.726
3.6
3.599
3.601
3.652
3.701
3.841
3.673
3.67
3.663
3.666
3.63
3.745
3.741
3.7
3.652
3.699
3.669
3.667
3.662
3.607
3.661
3.7
3.655
3.649
3.652
3.554
3.665
3.671
3.629
3.675
3.669
3.718
3.675
3.671
3.664
3.714
3.71
3.6
3.644
3.643
3.641
3.606
3.605
3.559
3.552
3.726
3.676
3.627
3.633
3.63
3.67
3.667
3.668
3.628
3.621
3.662
3.628
3.627
3.625
3.631
3.631
3.582
3.581
3.581
3.631
3.675
3.562
3.678
3.58
3.689
3.825
3.683
3.641
3.644
3.645
3.649
3.606
3.662
3.667
3.774
3.592
3.921
3.622
3.66
3.707
3.656
3.701
3.67
3.637
3.6
3.599
3.6
3.604
3.611
3.744
3.788
3.607
3.637
3.795
3.728
3.682
3.682
3.678
3.644
3.647
3.649
3.644
3.517
3.685
3.632
3.681
3.677
3.643
3.645
3.671
3.673
3.638
3.686
3.724
3.835
3.53
3.583
3.688
3.693
3.645
3.649
3.655
3.519
3.722
3.715
3.659
3.658
3.659
3.66
3.686
3.636
3.752
3.651
3.65
3.651
3.758
3.646
3.649
3.654
3.533
3.688
3.684
3.678
3.72
3.618
3.872
3.698
3.668
3.663
3.696
3.644
3.695
3.734
3.634
3.586
3.558
3.814
3.709
3.713
3.681
3.679
3.545
3.545
3.671
3.594
3.59
3.594
3.703
3.53
3.659
3.656
3.704
3.698
3.694
3.699
3.699
3.729
3.698
3.67
3.724
3.624
3.677
3.674
3.668
3.668
3.67
3.67
3.642
3.638
3.677
3.676
3.85
3.688
3.692
3.73
3.681
3.682
3.677
3.675
3.536
3.648
3.505
3.777
3.639
3.603
3.649
3.655
3.659
3.666
3.638
3.635
3.635
3.527
3.58
3.625
3.668
3.639
3.635
3.599
3.639
3.594
3.6
3.709
3.656
3.611
3.614
3.669
3.674
3.625
3.626
3.675
3.678
3.569
3.57
3.656
3.657
3.71
3.708
3.678
3.635
3.639
3.602
3.604
3.606
3.795
3.55
3.596
3.591
3.622
3.617
3.658
3.659
3.771
3.616
3.625
3.68
3.713
3.494
3.565
3.569
3.687
3.648
3.694
3.688
3.729
3.742
3.736
3.734
3.683
3.631
3.627
3.588
3.537
3.675
3.649
3.644
3.641
3.646
3.763
3.652
3.609
3.604
3.661
3.63
3.636
3.637
3.632
3.635
3.633
3.605
3.609
3.616
3.612
3.734
3.611
3.654
3.62
3.616
3.587
3.665
3.666
3.708
3.602
3.604
3.605
3.602
3.631
3.683
3.629
3.593
3.597
3.6
3.604
3.604
3.739
3.737
3.611
3.646
3.649
3.657
3.65
3.681
3.682
3.542
3.542
3.598
3.595
3.65
3.704
3.618
3.619
3.623
3.679
3.671
3.664
3.669
3.828
3.632
3.688
3.64
3.609
3.58
3.586
3.581
3.755
3.709
3.712
3.706
3.66
3.697
3.83
3.642
3.639
3.671
3.542
3.725
3.726
3.687
3.741
3.693
3.696
3.658
3.663
3.605
3.636
3.691
3.685
3.633
3.761
3.711
3.708
3.557
3.681
3.701
3.698
3.693
3.654
3.617
3.671
3.632
3.665
3.66
3.632
3.527
3.561
3.614
3.646
3.609
3.761
3.628
3.632
3.765
3.59
3.586
3.586
3.617
3.658
3.653
3.626
3.757
3.751
3.607
3.667
3.663
3.701
3.752
3.745
3.562
3.577
3.626
3.767
3.614
3.764
3.657
3.657
3.832
3.656
3.62
3.637
3.631
3.637
3.6
3.648
3.651
3.651
3.622
3.66
3.621
3.589
3.589
3.592
3.588
3.587
3.63
3.636
3.585
3.617
3.62
3.777
3.746
3.63
3.635
3.665
3.7
3.738
3.731
3.725
3.578
3.693
3.559
3.593
3.637
3.647
3.788
3.678
3.682
3.581
3.687
3.682
3.678
3.644
3.642
3.605
3.598
3.778
3.597
3.599
3.655
3.661
3.662
3.664
3.657
3.653
3.622
3.623
3.626
3.768
3.715
3.59
3.793
3.618
3.651
3.682
3.678
3.649
3.649
3.649
3.722
3.72
3.718
3.677
3.717
3.652
3.619
3.661
3.63
3.633
3.667
3.671
3.708
3.592
3.635
3.63
3.63
3.626
3.626
3.629
3.751
3.748
3.747
3.707
3.703
3.652
3.619
3.618
3.623
3.621
3.623
3.773
3.738
3.631
3.627
3.632
3.786
3.748
3.602
3.597
3.652
3.614
3.659
3.657
3.658
3.667
3.627
3.627
3.62
3.577
3.818
3.767
3.583
3.585
3.583
3.636
3.647
3.644
3.592
3.597
3.61
3.616
3.617
3.665
3.517
3.648
3.642
3.774
3.581
3.707
3.703
3.697
3.664
3.66
3.616
3.663
3.611
3.617
3.615
3.749
3.745
3.709
3.664
3.669
3.665
3.701
3.658
3.656
3.687
3.716
3.669
3.639
3.643
3.638
3.635
3.66
3.664
3.666
3.618
3.72
3.715
3.715
3.757
3.594
3.6
3.593
3.607
3.641
3.69
3.689
3.682
3.682
3.646
3.639
3.638
3.664
3.664
3.623
3.655
3.618
3.749
3.479
3.716
3.68
3.639
3.634
3.64
3.637
3.637
3.537
3.716
3.715
3.659
3.916
3.614
3.761
3.73
3.695
3.698
3.476
3.602
3.658
3.614
3.644
3.647
3.646
3.65
3.643
3.612
3.61
3.614
3.699
3.807
3.634
3.593
3.595
3.589
3.644
3.637
3.641
3.604
3.758
3.707
3.904
3.604
3.606
3.608
3.601
3.732
3.726
3.679
3.639
3.638
3.644
3.649
3.644
3.642
3.639
3.643
3.792
3.614
3.654
3.684
3.678
3.675
3.672
3.638
3.644
3.747
3.751
3.676
3.528
3.696
3.647
3.647
3.655
3.648
3.699
3.587
3.589
3.642
3.697
3.668
3.561
3.692
3.733
3.685
3.652
3.484
3.533
3.568
3.669
3.662
3.665
3.658
3.659
3.664
3.555
3.592
3.634
3.582
3.621
3.665
3.663
3.71
3.668
3.633
3.586
3.624
3.653
3.654
3.766
3.773
3.54
3.673
3.67
3.667
3.782
3.816
3.654
3.651
3.648
3.607
3.729
3.726
3.725
3.675
3.672
3.622
3.573
3.575
3.706
3.701
3.694
3.662
3.707
3.7
3.757
3.643
3.681
3.675
3.674
3.679
3.677
3.672
3.722
3.755
3.754
3.747
3.712
3.706
3.602
3.607
3.709
3.818
3.782
3.75
3.75
3.753
3.709
3.674
3.634
3.663
3.625
3.625
3.656
3.709
3.702
3.67
3.631
3.665
3.665
3.661
3.613
3.723
3.549
3.55
3.684
3.607
3.66
3.689
3.69
3.683
3.642
3.673
3.673
3.709
3.661
3.698
3.699
3.666
3.706
3.573
3.62
3.656
3.551
3.685
3.715
3.602
3.444
3.725
3.682
3.682
3.635
3.637
3.688
3.693
3.586
3.697
3.686
3.681
3.684
3.677
3.645
3.673
3.568
3.572
3.577
3.575
3.614
3.669
3.662
3.66
3.643
