0
0
0
0
0
0
0
0.387
0
0
0
0
0
0
0
0
0
0
0
0
0
0
0
0
0
0
0
0
0.347
0
0
0
0
0
0
0
0
0
0
0
0
0
0
0.41
0
0
0
0
0
0
0
0
0
0
0
0
0
0
0
0
0
0
0
0
0.388
0
0
0
0
0
0
0
0
0
0
0
0
0
0
0
0.361
0
0
0
0
0.346
0
0
0
0
0
0
0
0
0
0
0
0
0
0
0
0.402
0
0
0
0
0
0
0
0
0
0
0
0
0
0
0
0
0
0
0
0.385
0
0
0
0
0
0
0
0
0
0
0
0
0
0
0
0.364
0
0
0
0
0.352
0
0
0
0
0
0
0
0
0
0
0
0
0
0
0
0.397
0
0
0
0
0
0
0
0
0
0
0
0
0
0
0
0
0
0
0
0
0.387
0
0
0
0
0
0
0
0
0
0
0
0
0
0
0
0.359
0
0
0
0
0
0
0
0
0
0
0
0
0
0
0
0
0
0
0
0
0
0
0
0
0
0
0
0
0
0
0
0
0
0
0
0
0
0
0
0
0.381
0
0
0
0
0
0
0
0
0
0
0
0
0
0
0
0.358
0
0
0
0
0
0
0
0
0
0
0
0
0
0
0
0
0
0
0
0
0.393
0
0
0
0
0
0
0
0
0
0
0
0
0
0
0
0
0
0
0
0
0
0
0
0
0
0
0
0
0
0
0
0
0
0
0
0.361
0
0
0
0
0
0
0
0
0
0
0
0
0
0
0
0
0
0
0
0
0.395
0
0
0
0
0
0
0
0
0
0
0
0
0
0
0
0
0
0
0
0
0.364
0
0
0
0
0
0
0
0
0
0
0
0
0
0
0
0.372
0
0
0
0
0
0
0
0
0
0
0
0
0
0
0
0
0
0
0
0
0
0
0
0
0
0
0
0
0
0
0
0
0
0
0
0.352
0
0
0
0
0
0
0
0
0
0
0
0
0
0
0
0
0
0
0
0.346
0.39
0
0
0
0
0
0
0
0
0
0
0
0
0
0
0
0
0
0
0
0.346
0.351
0
0
0
0
0
0
0
0
0
0
0
0
0
0
0
0
0
0
0
0
0
0
0
0
0
0
0
0
0
0
0
0
0
0
0
0.348
0
0
0
0
0
0
0
0
0
0.349
0
0
0
0
0
0.364
0
0
0
0
0
0
0
0
0
0
0
0
0
0
0
0
0
0
0
0.349
0.379
0
0
0
0
0
0
0
0
0.354
0
0
0
0
0
0
0.347
0
0
0
0
0.347
0
0
0
0
0
0
0
0
0
0
0
0
0
0
0.349
0.381
0
0
0
0
0
0
0
0
0.352
0
0
0
0
0
0
0
0
0
0
0.354
0
0
0
0
0
0
0
0
0
0.348
0
0
0
0
0.348
0.366
0
0
0
0
0
0
0
0
0
0
0
0
0
0
0
0
0
0
0
0.359
0.362
0
0
0
0
0
0
0
0
0.362
0
0
0
0
0
0
0.352
0
0
0
0.346
0
0
0
0
0
0
0
0
0
0
0
0
0
0
0
0.358
0
0
0
0
0
0
0
0
0
0.36
0
0
0
0
0
0
0
0
0
0.356
0.355
0
0
0
0
0
0
0
0
0.355
0
0
0
0
0
0.351
0.362
0
0
0
0
0
0
0
0
0
0
0
0
0
0
0
0
0
0
0
0.369
0.368
0
0
0
0
0
0
0
0
0.371
0
0
0
0
0
0
0
0
0
0
0.352
0
0
0
0
0
0
0
0
0
0.351
0
0
0
0
0
0.352
0
0
0
0
0
0
0
0
0
0
0
0
0
0
0
0
0
0
0
0.37
0.365
0
0
0
0
0
0
0
0
0.368
0
0
0
0
0
0
0
0
0
0
0.352
0
0
0
0
0
0
0
0
0
0.35
0
0
0
0
0
0.354
0.358
0
0
0
0
0
0
0
0
0.355
0
0
0
0
0
0
0
0
0
0
0.377
0
0
0
0
0
0
0
0
0
0.376
0
0
0
0
0
0
0
0
0
0
0.358
0
0
0
0
0
0
0
0
0.357
0
0
0
0
0
0.357
0.356
0
0
0
0
0
0
0
0
0.347
0
0
0
0
0
0
0
0
0
0
0.377
0.358
0
0
0
0
0
0
0
0
0.375
0
0
0
0
0
0
0
0
0
0
0.367
0
0
0
0
0
0
0
0
0
0.372
0
0
0
0
0
0
0
0
0
0
0
0
0
0
0
0
0
0
0
0
0
0
0
0
0
0.366
0.353
0
0
0
0
0
0
0
0
0
0
0
0
0
0
0
0
0
0
0
0.381
0.346
0
0
0
0
0
0
0
0
0.38
0
0
0
0
0
0
0
0
0
0
0.378
0
0
0
0
0
0
0
0
0
0.381
0
0
0
0
0
0
0
0
0
0
0.365
0
0
0
