0.38
0.429
0.381
0.381
0.381
0.381
0.382
0.382
0.386
0.385
0.39
0
0.425
0.384
0.384
0.375
0.375
0.443
0.381
0.381
0.38
0.385
0
0.389
0.388
0.391
0.388
0.388
0.388
0.384
0.384
0.383
0.401
0.389
0.386
0.397
0.385
0
0.385
0.384
0.36
0.38
0.375
0.464
0.379
0.367
0.399
0.381
0.348
0.384
0.382
0.408
0.387
0
0.383
0.386
0.385
0.384
0.424
0.388
0.387
0.387
0.383
0.355
0.385
0.384
0.388
0.384
0.358
0.452
0.383
0
0.375
0.378
0.411
0.382
0.382
0.424
0.379
0
0.387
0.386
0.386
0.383
0.418
0.383
0.383
0.383
0.383
0.383
0.383
0.382
0.4
0.385
0
0.387
0.386
0
0.384
0.383
0.383
0.382
0.37
0.403
0.385
0.383
0.382
0.381
0.406
0.389
0.383
0.382
0.382
0.382
0.41
0.39
0.389
0.389
0.401
0.353
0.385
0.384
0.383
0.382
0.366
0.455
0.386
0.385
0
0.384
0.388
0.388
0.387
0.386
0.383
0
0.382
0.381
0.381
0.383
0.412
0.381
0.381
0.381
0.384
0.384
0.383
0.383
0.383
0.381
0.346
0.406
0.385
0.382
0.382
0.379
0.443
0.385
0.385
0.401
0.385
0
0.382
0.381
0.41
0.384
0.357
0.384
0.383
0.383
0.383
0.415
0.386
0.385
0.395
0.384
0.368
0.382
0.381
0.395
0.392
0.372
0.434
0.383
0
0.377
0.377
0.412
0.387
0.386
0.438
0.385
0.381
0.381
0.381
0.393
0.392
0.402
0.386
0.385
0.375
0.385
0.397
0.384
0.384
0.413
0.381
0.384
0.384
0.38
0.355
0.38
0.376
0.38
0.379
0
0.387
0.384
0.374
0.376
0.376
0.438
0.387
0.38
0.38
0.38
0.38
0.38
0.385
0.384
0.381
0.384
0.383
0.379
0.379
0.382
0.414
0.383
0.406
0.387
0.386
0
0.38
0.432
0.379
0.379
0.368
0.387
0.346
0.383
0.382
0.382
0.381
0.358
0.381
0.38
0.38
0.383
0.408
0.388
0.388
0.384
0.384
0.371
0.382
0.382
0.382
0.385
0.362
0.419
0.383
0
0.383
0.383
0.418
0.385
0.384
0.431
0.385
0
0.383
0.383
0.41
0.391
0.38
0.383
0.383
0.383
0.379
0.397
0.384
0.384
0.401
0.384
0.368
0.382
0.385
0.384
0.383
0.369
0.422
0.385
0
0.379
0.382
0.41
0.383
0.382
0.447
0.389
0
0.382
0.381
0.395
0.391
0.39
0.385
0.382
0.379
0.379
0.392
0.38
0.38
0.408
0.382
0.359
0.384
0.383
0.382
0.381
0.376
0.381
0.384
0
0.371
0.382
0.386
0.385
0.385
0.454
0.383
0.384
0.384
0.383
0.388
0.387
0.389
0.385
0.384
0.383
0.383
0.388
0.387
0.384
0.414
0.378
0.378
0.378
0.378
0.377
0.38
0.429
0.383
0.383
0
0.385
0.388
0.383
0.383
0.382
0.386
0
0.384
0.384
0.383
0.386
0.394
0.388
0.387
0.386
0.383
0.393
0.379
0.379
0.379
0.387
0.36
0.376
0.38
0.38
0.38
0.378
0.42
0.386
0.386
0.381
0.381
0.386
0.382
0.385
0.463
0.381
0.348
0.384
0.384
0.389
0.388
0.388
0.387
0.384
0.382
0.382
0.393
0.389
0.379
0.42
0.386
0.364
0.389
0.388
0.383
0.383
0.382
0.419
0.383
0
0.379
0.379
0.39
0.386
0.383
0.457
0.388
0.348
0.379
0.383
0.4
0.388
0.387
0.386
0.383
0.38
0.38
0.391
0.382
0.382
0.412
0.383
0.372
0.377
0.377
0.392
0.378
0.378
0.382
0.382
0
0.375
0.378
0.385
0.384
0.379
0.457
0.38
0.383
0.382
0.381
0.419
0.384
0.383
0.382
0.381
0.381
0.385
0.385
0.384
0.384
0.403
0.387
0.376
0.381
0.381
0.419
0.384
0.398
0.383
0.383
0
0.375
0.406
0.378
0.381
0.365
0.381
0.368
0.379
0.379
0.379
0.387
0.374
0.378
0.378
0.381
0.383
0.397
0.393
0.388
0.387
0.398
0.385
0.384
0.383
0.382
0.383
0.378
0.382
0.382
0
0.379
0.379
0.408
0.39
0
0.408
0.388
0.378
0.388
0.385
0.472
0.383
0.368
0.386
0.386
0.385
0.382
0.385
0.388
0.387
0.384
0.384
0.384
0.384
0.384
0.43
0.385
0.375
0.379
0.383
0.369
0.372
0.375
0.403
0.385
0
0.381
0.384
0.384
0.383
0.381
0.482
0.383
0.37
0.381
0.383
0.408
0.381
0.384
0.381
0.38
0.375
0.379
0.384
0.383
0.386
0.416
0.383
0.38
0.384
0.384
0.412
0.383
0.38
0.387
0.384
0
0.373
0.378
0.39
0.389
0.355
0.447
0.383
0.378
0.378
0.378
0.456
0.387
0.383
0.383
0.383
0.38
0.38
0.391
0.388
0.384
0.384
0.381
0.384
0.384
0.383
0.44
0.382
0.382
0.381
0.384
0.352
0.379
0.389
0.388
0.387
0
0.397
0.386
0.383
0.383
0.383
0.385
0.382
0.381
0.381
0.385
0.384
0.387
0.386
0.382
0.381
0.383
0.383
0.383
0.383
0.383
0.387
0.386
0.385
0.384
0.383
0.381
0.381
0.385
0.388
0
0.371
0.384
0.383
0.383
0.354
0.449
0.385
0.385
0.384
0.383
0.463
0.386
0.382
0.382
0.382
0.382
0.382
0.382
0.382
0.381
0.385
0.385
0.385
0.385
0.38
0.453
0.384
0.384
0.383
0.383
0.369
0.381
0.384
0.383
0.38
0
0.373
0.376
0.379
0.382
0.381
0.493
0.381
0.381
0.381
0.384
0.422
0.387
0.384
0.383
0.382
0.382
0.381
0.38
0.385
0.385
0.412
0.382
0.382
0.384
0.383
0.441
0.382
0.385
0.383
0.382
0
0.376
0.389
0.387
0.386
0
0.422
0.387
0.386
0.386
0.386
0.496
0.38
0.384
0.384
0.381
0.394
0.39
0.388
0.383
0.387
0.386
0.386
0.384
0.384
0.384
0.432
0.384
0.383
0.382
0.382
0.42
0.384
0.384
0.384
0.384
0
0.37
0.38
0.38
0.38
0.357
0.381
0.381
0.384
0.383
0.383
0.391
0.388
0.387
0.386
0.381
0.38
0.38
0.38
0.38
0.383
0.383
0.383
0.383
0.382
0.45
0.383
0.386
0.386
0.385
0.384
0.377
0.381
0.384
0.384
0
0.368
0.384
0.383
0.386
0.385
0.478
0.378
0.381
0.384
0.381
0.465
0.384
0.384
0.384
0.384
0.382
0.382
0.382
0.382
0.386
0.386
0.385
0.385
0.384
0.384
0.453
0.387
0.384
0.381
0.381
0.383
0.379
0.383
0.383
0.383
0
0.375
0.38
0.38
0.386
0.374
0.492
0.386
0.382
0.381
0.381
0.449
0.381
0.381
0.384
0.384
0.384
0.383
0.383
0.383
0.383
0.388
0.387
0.384
0.387
0.387
0.455
0.381
0.381
0.384
0.384
0.383
0.379
0.379
0.382
0.382
0
0.369
0.385
0.384
0.384
0.37
0.5
0.381
0.381
0.381
0.381
0.451
0.382
0.386
0.383
0.386
0.383
0.383
0.383
0.383
0.382
0.386
0.386
0.386
0.385
0.388
0.388
0.388
0.387
0.387
0.386
0.385
0.38
0.38
0.385
0.385
0
0.378
0.378
0.378
0.381
0.371
0.381
0.381
0.381
0.381
0.455
0.384
0.384
0.384
0.388
0.388
0.384
0.383
0.383
0.383
0.383
0.382
0.382
0.382
0.385
0.46
0.389
0.388
0.385
0.385
0.384
0.378
0.378
0.382
0.386
0
0.369
0.38
0.38
0.38
0.385
0.492
0.384
0.383
0.383
0.383
0.486
0.389
0.386
0.385
0.385
0.381
0.384
0.383
0.383
0.383
0.383
0.379
0.379
0.379
0.382
0.454
0.381
0.384
0.383
0.383
0.422
0.382
0.382
0.381
0.392
0
0.368
0.377
0.38
0.383
0.35
0.461
0.378
0.382
0.382
0.382
0.498
0.382
0.382
0.382
0.382
0.392
0.387
0.386
0.382
0.382
0.381
0.381
0.381
0.381
0.381
0.43
0.385
0.385
0.381
0.381
0.439
0.387
0.383
