0.989
0.976
0.987
0.958
0.988
0.989
1.002
0.993
0.992
0.983
0.984
0.985
0.986
0.985
0.986
0.986
0.984
1.069
0.963
0.976
0.985
0.975
1.017
1.007
0.976
0.977
0.977
0.975
0.976
0.977
0.985
0.986
1.017
1.003
1.001
0.991
0.99
0.982
0.993
0.991
0.99
0.991
0.952
1.103
0.989
0.987
0.996
0.996
0.983
0.972
0.999
0.999
0.998
0.999
0.997
0.997
0.997
0.989
0.99
0.989
0.989
0.99
0.991
1.058
1.017
0.955
0.983
0.983
1.022
1.009
0.967
0.995
0.995
0.996
0.975
0.985
0.994
0.995
0.995
1.004
1.002
1.001
0.999
0.989
0.989
0.987
0.987
0.996
0.996
1.113
1
0.999
0.997
0.996
0.96
0.99
0.953
0.991
0.989
0.989
1
0.991
0.99
0.992
0.991
0.991
0.989
0.989
0.99
0.988
1.07
1.017
0.988
0.989
0.977
1.014
1.006
0.992
1.002
1
0.991
0.991
0.983
0.993
0.994
1.009
1.001
0.991
1.001
1
0.998
0.997
0.993
0.993
0.993
0.965
1.109
0.997
0.997
0.997
0.996
0.936
0.998
0.978
0.986
0.987
1.015
1.007
0.996
0.995
0.986
0.986
0.992
0.993
0.993
0.992
1.101
1.009
0.977
0.987
0.988
0.986
0.992
0.958
0.991
0.991
0.982
0.983
0.982
0.992
0.992
1.023
1.009
0.998
0.997
0.995
0.983
1.026
1.011
1.009
0.998
0.958
1.098
0.987
0.987
0.988
0.988
0.923
1
0.989
0.989
0.99
1.031
1.018
1.007
1.006
1.004
0.995
0.995
0.994
0.993
0.994
0.962
1.144
1.004
0.994
0.994
0.994
0.962
1.005
0.963
0.996
0.994
1.004
0.995
0.994
0.993
0.992
0.992
0.992
0.993
0.993
0.993
0.965
1.088
0.977
0.978
0.99
0.981
0.995
0.994
0.993
1.001
1
0.94
0.986
0.987
0.987
0.995
1.025
1.002
1
0.998
0.997
0.986
0.998
0.988
0.989
0.99
0.962
0.984
0.983
0.994
0.993
0.993
0.981
0.981
0.982
0.981
0.989
1.026
0.993
0.993
0.993
0.994
0.993
0.992
0.991
0.991
0.951
1.143
1.002
0.992
0.991
0.991
0.955
0.99
0.988
0.988
0.987
0.998
0.997
0.997
0.996
0.994
1.004
0.992
0.992
0.992
0.992
0.98
1.09
1.005
1.004
0.993
0.984
1.013
1.011
1.002
1
1
0.937
0.999
0.997
0.997
0.996
1.011
1.002
1.001
0.992
0.992
0.99
1.002
1.001
0.99
0.99
0.955
1.107
0.989
0.988
0.987
0.986
0.908
1.007
0.996
0.995
0.994
1.036
1.009
1.007
1.005
1.003
0.995
0.993
0.991
0.99
0.991
0.944
1.169
0.993
0.993
0.993
0.992
0.964
0.986
0.998
0.997
0.995
0.996
0.995
0.995
0.994
0.993
0.992
0.992
0.991
0.99
0.989
1.119
0.992
0.991
0.999
0.998
0.994
1.003
0.989
0.988
0.989
0.973
0.984
0.985
0.993
0.994
1.006
0.998
0.997
0.996
0.996
0.995
1.054
0.988
0.999
0.998
0.959
1.079
0.987
0.987
0.988
0.987
0.894
0.991
0.991
0.99
0.982
1.047
1.012
1.004
1.002
1
0.987
0.988
0.988
0.989
0.989
0.954
1.166
0.983
0.985
0.997
0.997
0.91
0.997
0.995
0.994
0.993
1.035
0.994
0.994
0.994
0.993
0.993
0.993
0.991
0.992
0.999
0.963
1.164
1
0.998
0.996
0.995
0.962
0.997
0.996
0.996
0.997
1.005
1.001
0.999
1.008
0.994
1.005
1.003
1.002
1
0.998
0.966
0.991
0.991
0.99
0.991
1.07
0.99
0.989
0.989
0.99
0.92
1.007
0.999
0.998
0.998
0.998
1.002
1
0.999
0.998
0.995
0.996
0.996
0.996
0.987
0.945
1.134
0.994
0.995
0.994
0.994
0.878
0.983
0.984
0.993
0.993
1.037
0.991
0.989
0.99
0.99
0.989
0.99
0.988
0.989
0.989
0.954
1.195
0.989
0.99
0.989
0.988
0.939
0.979
0.987
0.988
0.989
1.017
1.005
1.004
1.001
1
1.001
0.999
0.999
0.998
0.997
0.964
1.144
0.992
0.991
0.99
0.979
1.032
0.995
0.994
0.993
0.993
0.966
0.987
0.987
0.988
0.987
1.033
0.992
0.991
0.991
0.989
0.987
0.994
0.993
0.993
0.992
0.955
0.991
0.99
0.99
0.989
0.989
0.993
0.993
0.993
0.994
0.995
1.049
0.994
0.993
0.994
0.993
0.991
0.991
0.992
0.991
0.991
1.209
0.993
0.992
0.991
0.992
0.923
0.991
0.991
0.99
0.989
0.989
0.998
0.996
0.996
0.996
1.002
1.001
1
0.998
0.998
0.964
1.134
0.995
0.994
0.993
0.981
1.03
0.995
0.995
0.994
1.004
0.919
0.99
0.989
1.002
1
1.042
1.006
1.006
0.993
0.994
0.982
0.994
0.993
0.992
0.993
0.943
1.172
0.994
0.994
0.984
0.992
0.869
0.99
0.99
0.989
0.989
1.043
1.001
0.993
0.992
0.993
0.991
0.992
0.989
0.997
0.996
0.962
0.989
0.997
0.998
0.998
0.988
0.96
0.982
0.991
0.99
1
0.986
0.988
0.989
0.99
0.991
0.984
0.984
0.994
0.994
0.994
1.069
0.999
0.998
0.997
0.997
0.954
1.008
1.008
1
1
0.832
0.995
0.994
0.993
0.993
1.045
1.001
1.001
1.001
1.001
0.981
0.99
0.998
0.996
0.994
0.965
1.248
0.993
0.993
0.991
0.991
0.932
0.995
0.993
0.992
0.994
0.993
0.994
0.994
1.005
0.997
1.01
1.009
0.999
0.998
0.995
0.985
1.102
0.995
0.994
0.994
0.955
1.081
0.999
0.998
0.998
0.996
0.886
1
0.998
0.995
1.07
0.979
0.992
0.992
0.992
0.979
0.98
0.99
0.99
0.989
0.953
1.218
0.995
0.994
0.994
0.992
0.951
0.984
0.992
0.991
0.991
1.021
1.002
1.001
0.999
0.999
1.011
1.002
1.001
0.993
0.992
0.98
0.983
0.993
0.992
0.992
0.946
1.011
0.998
0.989
0.99
0.991
0.989
0.989
0.988
0.989
1.068
0.992
0.991
0.99
0.99
0.991
1.001
1
1.001
1
0.999
1.193
0.985
0.986
0.987
0.995
0.987
0.988
0.989
0.989
0.99
0.98
0.988
0.989
0.989
0.991
1.026
0.998
0.997
0.996
0.996
0.983
1.039
1.026
0.995
0.994
0.967
1.119
0.999
0.997
0.996
0.997
0.839
0.997
0.996
0.995
0.995
1.03
0.995
0.986
0.987
0.987
0.987
0.987
0.986
0.995
0.996
0.982
1.159
0.992
0.99
0.99
0.989
1.021
0.992
0.992
0.991
0.99
0.919
1.002
1.002
0.994
0.995
1.038
1
0.998
0.997
0.996
0.994
0.993
0.992
0.982
0.995
0.965
0.994
0.992
0.992
0.992
0.99
1
0.999
0.997
0.986
0.986
0.992
0.992
0.992
0.992
0.992
1.011
1.009
1.007
1.005
1.004
1.08
1.004
1.004
0.995
0.994
1.119
0.99
0.991
0.991
0.99
0.855
0.983
0.991
0.989
0.99
1.025
0.993
0.993
1.021
0.993
0.993
0.993
0.994
0.993
0.992
0.98
1.14
0.999
0.997
0.996
0.964
1.057
0.995
0.994
0.992
0.991
0.9
0.994
0.992
0.99
0.988
1.036
0.986
0.994
0.992
0.992
0.991
0.991
0.991
0.991
0.992
0.964
1.178
0.995
0.993
0.993
0.991
0.989
0.99
1
0.999
0.999
0.968
0.981
0.992
0.992
0.993
1.03
1.015
1.001
1
0.998
0.987
1.001
0.993
0.993
0.994
0.966
1.174
0.989
0.99
0.989
0.988
0.978
0.998
0.997
0.996
0.995
0.994
0.984
0.985
0.984
0.985
1.02
0.997
0.996
0.995
0.987
0.991
0.99
0.991
1
0.999
1.146
0.977
0.988
0.989
0.989
0.941
0.991
0.991
0.989
0.989
1.004
0.996
0.994
0.993
0.992
1.004
1.002
1.001
1
1.001
0.987
1.03
0.987
0.986
0.985
0.974
1.122
1.009
1.007
1.006
0.982
0.921
0.995
0.993
0.992
0.99
1.004
0.996
0.995
0.993
0.992
1.001
0.999
0.999
0.997
0.996
0.985
1.059
1.014
1.002
0.975
0.966
1.111
1.006
0.996
0.996
0.996
0.93
0.982
0.99
0.991
0.99
1.02
