0.998
0.997
0.997
0.995
0.994
0.994
0.993
0.994
1.008
1.007
1.008
1
0.999
1.008
1.008
1.006
1.005
1.002
0.991
0.992
0.992
0.991
0.957
0.996
1.045
1.015
1.003
1.001
0.99
1.003
1.002
1.001
1.001
1.006
0.975
1.002
1.002
1.07
0.995
0.995
0.994
0.994
0.993
1.002
1.011
1.01
1.01
1.009
1.008
0.999
0.999
0.998
1.014
0.978
0.991
1.022
1.007
1.005
0.942
0.993
1.04
1.004
1.002
1.044
1.009
0.961
0.986
0.986
1.137
0.991
0.991
0.991
0.99
0.989
0.999
1.006
1.004
1.001
1.001
1
0.999
0.999
0.999
1.035
0.993
0.993
1.003
1.002
1.003
0.957
0.993
0.994
0.994
0.992
0.991
0.991
0.999
0.998
0.998
1.145
1.006
0.996
0.997
0.997
1.041
1.007
1.005
1.003
1.001
1
1
1
1
1
1.013
1.011
0.999
0.999
0.998
1.031
0.996
1.005
1.004
1.002
1.002
0.992
1.006
1.004
1.004
1.004
0.988
0.988
0.988
0.989
0.99
1.004
1.003
0.992
0.992
0.99
1.002
1.003
1.003
1.003
1.002
0.995
0.994
0.992
0.993
0.994
1.005
0.992
0.992
0.993
1
0.891
1.001
1.034
1.005
1.004
1.002
1.001
1
1
1
1.185
1.011
0.981
1.008
1.008
1.02
1.009
1.007
1.006
1.006
0.994
0.993
0.993
0.992
0.992
1.022
1.014
0.999
0.997
0.998
1.034
0.965
0.978
1.009
1.007
1.006
0.955
0.988
1.017
0.994
0.994
1.112
1.014
0.982
1.017
1.015
1.134
1.003
0.993
1.003
1.001
0.971
0.984
0.985
0.992
0.993
0.994
0.994
1.003
1.001
1
1.034
1.005
1.004
1.002
1.001
1.002
0.902
1.001
1.006
1.007
1.005
0.994
0.994
1.004
1.005
1.004
1.174
1
0.997
0.998
0.998
1.049
1.005
0.991
0.991
0.992
0.991
0.999
0.998
0.997
0.997
1.005
1.005
1.004
1.005
1.003
1.053
0.99
0.998
0.998
0.998
0.996
0.992
0.992
0.99
0.991
0.992
1.022
0.994
0.994
0.994
0.994
0.99
0.991
0.991
0.991
0.992
0.993
0.994
0.994
0.994
0.991
0.992
0.993
0.993
0.993
1.035
1.001
1
0.999
0.998
1.029
0.938
0.989
0.999
0.998
0.998
0.909
1.002
1
0.999
0.998
1.144
1.008
1.006
0.997
0.997
1.135
1.006
1.005
1.004
1.002
0.991
0.992
0.992
0.991
1
0.999
0.999
0.999
0.999
0.999
1.041
1.004
1.003
1.002
1.002
1.003
0.868
1.008
1
0.998
0.996
0.996
0.994
0.995
0.994
0.994
1.205
1.001
1
0.999
0.999
1.091
1.002
1
0.998
0.998
0.996
0.996
1.003
1.001
1.001
1.009
1.008
0.997
0.996
0.996
1.072
0.987
0.987
0.999
0.999
0.999
0.872
0.996
0.996
0.995
0.995
1.062
0.998
0.996
0.995
0.994
1.207
0.999
1.007
1.006
1.006
1.016
1.006
1.006
1.005
1.004
0.977
1.004
1.002
0.991
0.992
1.028
1.012
1.011
1.009
1.007
1.036
0.998
0.998
0.997
0.995
0.995
0.999
0.999
0.998
0.996
0.996
0.999
0.999
0.998
0.997
0.998
1.016
1.005
1.005
1.003
0.993
0.993
0.991
0.992
0.992
0.99
0.999
1
0.999
0.999
1.041
1.026
1.017
1.009
1.008
1.021
0.929
1.002
1.001
1.001
1
0.918
1.008
1.007
0.997
0.995
1.151
1.006
1.004
1.002
1.001
1.18
1.001
1.001
1.002
1.001
0.986
0.993
0.994
0.994
1.002
0.993
0.994
0.994
0.994
0.994
1.046
1.005
1.004
1.004
0.995
1.044
0.889
0.994
0.994
1
0.999
0.937
1.004
1.004
1.002
1.001
1.168
0.999
0.998
0.999
0.999
1.162
1.004
1.004
1.002
1.003
0.976
0.987
0.997
0.996
0.997
0.995
0.995
1.002
1.002
1.002
1.053
1.001
0.998
0.998
0.998
1.032
0.892
0.996
0.997
0.998
0.999
0.939
0.996
0.996
0.996
0.995
1.182
0.998
0.997
0.997
0.996
1.172
0.987
0.994
0.995
0.993
0.991
0.993
1.001
1.001
1.001
0.999
0.997
0.996
0.996
0.996
0.994
0.994
0.994
0.995
0.994
0.885
0.999
0.999
0.999
0.999
0.925
1.014
1.004
1.003
1.001
1.001
1.012
1.012
1.011
1.011
1.179
1.014
1.012
1.004
1.004
1.002
1.002
1
0.999
0.998
0.999
1
0.999
1
1
1.056
1.013
1.005
1.004
1.004
1.032
0.873
0.995
1.003
1.001
0.999
0.912
0.993
0.994
0.994
0.995
1.177
0.997
0.997
0.998
0.997
1.186
1.004
1.004
0.995
0.996
0.987
0.996
0.996
0.995
0.995
0.994
0.995
0.995
0.995
0.996
1.067
0.998
0.999
0.999
0.999
1.032
0.912
0.995
0.994
0.993
0.993
0.923
0.988
0.994
0.995
0.995
1.154
1.008
1.006
1.005
1.003
1.181
0.999
0.999
0.998
0.998
0.996
0.996
0.995
0.996
0.997
0.995
0.994
0.994
0.993
0.993
1.049
1.02
1.01
1.002
1.001
1.046
0.921
0.996
0.996
0.996
0.997
0.872
1.006
1.005
1.004
1.004
1.004
1.002
1.002
1.002
1.003
0.999
0.999
1
1
1
0.992
0.992
0.993
0.994
0.995
0.993
0.993
0.994
0.994
0.995
1.023
1.013
1.005
1.004
1.004
0.957
1.001
1.001
1
1.012
0.865
0.987
1.001
1
0.998
1.09
0.999
1.006
1.005
0.995
1.235
1.005
1.003
1.001
1.001
1.044
1.002
1.002
1.002
1.002
0.992
0.992
0.992
0.993
0.993
1.006
1.004
1.005
1.004
1.004
1.053
0.961
0.996
0.996
0.995
0.997
0.827
0.998
0.997
0.997
0.997
1.039
1.004
1.002
1.001
1
1.215
0.997
0.997
0.998
0.998
1.088
0.995
0.994
0.995
0.994
0.993
0.994
0.994
1.003
1.002
1.012
1.011
1.002
1.001
1.001
1.048
0.987
0.997
0.998
0.996
1.005
0.847
1.008
1.006
1.005
1.004
0.969
0.997
0.995
0.994
0.993
1.178
1.006
1.003
1.001
1.001
1.119
1
0.998
0.997
0.996
0.985
0.997
0.996
0.997
0.998
0.986
0.987
0.997
0.995
0.994
1.038
1.006
1.006
1.005
1.005
1.033
1.013
1
0.999
0.997
0.997
1.007
0.996
0.996
0.997
0.996
1.119
0.987
0.994
0.994
0.994
1.004
1.004
1.004
1.004
1.002
1
1
1
1
1
0.987
0.997
0.996
0.996
0.995
1
0.999
0.998
0.998
0.998
0.972
1.007
1.005
1.003
1.002
0.873
0.999
0.999
1.007
1.005
1.033
1.001
1.001
1.001
1.002
1.198
0.996
0.995
0.995
0.995
1.08
0.993
0.993
0.992
0.993
0.985
0.986
0.995
0.996
0.995
0.995
0.996
0.996
0.997
0.997
1.044
1.002
1
1
0.998
1.012
0.915
0.997
1.004
1
0.999
0.957
0.992
0.992
0.992
0.993
1.131
1.007
1.007
1.006
1.013
1.16
0.99
0.991
0.993
0.993
0.992
0.993
0.994
1.003
1.002
0.992
0.992
0.984
0.994
0.994
1.022
1.007
0.994
0.994
0.995
1.04
0.96
0.99
0.991
0.989
0.99
0.897
1.006
1.004
0.993
0.994
1.033
1.004
1.002
0.994
0.994
1.181
1.011
1.01
1.009
0.999
1.076
0.993
0.994
0.993
0.994
0.985
0.993
0.992
0.991
0.991
0.992
0.994
0.993
0.993
0.993
1.038
1.003
1.002
1
0.987
1
1.012
1.012
1.01
0.972
0.986
0.992
0.992
0.993
0.992
0.992
0.983
0.995
0.996
0.988
0.989
1
1
0.998
0.997
0.998
0.997
0.998
0.998
0.997
0.997
0.989
0.998
0.997
0.997
1.006
1.003
1.003
1.003
0.995
0.994
0.996
0.996
0.997
0.996
0.969
0.905
0.999
0.998
0.997
0.996
0.995
0.995
1.002
0.991
0.991
1.17
1
0.999
0.998
0.997
1.083
1.005
1.003
1.002
