0.99
0.999
0.963
1.287
1.002
1.002
1
0.962
1.252
0.994
0.994
0.992
1.036
0.998
0.989
1.003
1.002
1.08
0.989
0.996
0.995
0.996
1.025
0.996
0.995
0.996
0.996
0.995
0.995
0.992
0.993
0.994
0.994
0.994
1.004
1.003
1.002
1.003
0.958
1.083
0.997
0.996
1.006
0.969
1.28
0.989
0.99
1.001
0.971
1.217
1.007
1.006
1.006
1.001
0.827
0.997
0.997
0.997
1.094
0.746
1.006
1.005
1.004
1.001
1.001
1
0.998
0.996
0.996
1.066
1.001
1
0.998
0.998
1.008
1.007
1.007
0.998
1.008
0.94
1.112
1.013
1.012
1.011
0.951
1.28
0.997
0.997
0.998
0.98
1.183
1.008
1.008
1.006
1
0.749
1.002
1.001
1.108
0.99
0.811
0.991
0.989
0.99
1.015
1.016
1.015
1.004
0.992
0.992
1.063
0.996
0.996
0.997
0.997
0.996
0.997
1.007
1.006
0.991
0.96
1.158
0.997
0.998
0.948
0.956
1.285
1.003
1
1
0.998
1.102
0.982
0.996
1.111
1.003
0.708
1.001
1
1.096
0.998
0.932
0.996
0.994
1.004
1.003
1.017
1.003
1.002
0.989
0.998
1.031
1.02
1.006
1.004
1.004
0.991
1.024
0.993
1.001
0.962
0.953
1.205
1.001
1
0.922
0.961
1.248
1.007
1.007
1.038
1.002
0.933
1.009
1.007
1.137
1.008
0.769
0.995
0.995
1.05
1.007
1.008
0.998
0.995
0.994
0.994
1.05
1
0.999
0.997
0.997
1.009
1.006
1.005
1.014
1.004
0.934
0.982
0.994
0.995
0.948
0.949
1.273
1.008
1.006
0.995
0.994
1.093
0.996
0.994
1.115
0.998
0.998
0.997
0.996
1.115
1.006
1.006
1.004
1.004
0.996
0.995
0.991
0.992
0.992
0.991
0.992
1.005
1.003
1.001
1.001
0.999
1.037
0.998
0.996
1.006
0.967
1.209
0.99
0.998
0.998
0.927
1.198
0.998
0.998
0.997
1.082
0.851
0.985
0.986
0.996
1.153
0.826
1
0.999
0.999
1.031
1.003
1.002
1.003
1.003
1.001
1.04
1.009
1.001
1
1
0.998
0.998
0.998
0.999
1.011
0.969
1.145
1.009
1.007
1.006
0.966
1.228
0.994
0.995
0.995
1
0.985
0.994
0.993
1.001
1.006
0.793
1.007
0.997
0.996
0.989
0.988
0.997
0.997
0.995
0.994
1.045
1.003
1.001
1
0.998
0.997
0.997
0.997
0.996
1.005
0.968
1.112
1.008
1.006
0.93
0.969
1.229
1.003
1.002
1.003
0.993
1.021
0.993
1.002
1.19
0.995
0.787
0.978
0.988
1.094
1.004
0.99
0.991
0.992
0.991
0.99
1.032
0.997
0.997
0.995
1.002
1.003
1.003
1.001
1.015
0.987
0.976
1.097
0.993
1.002
0.924
0.963
1.216
0.993
0.992
0.993
0.993
1.049
1.011
0.998
1.185
0.991
0.816
1.006
1.004
1.109
1.009
0.949
0.996
0.996
0.994
0.993
1.042
0.995
1.003
1.002
1.001
1
0.999
0.999
1.008
0.999
0.985
1.083
1.006
0.998
0.913
0.976
1.212
1.001
1
1
0.998
1.039
1
1
1.184
1.01
0.839
0.997
0.996
1.099
0.995
0.993
0.993
0.994
0.993
0.993
1.04
1.005
1.004
1.004
1.003
1.002
1.002
1.002
1.032
0.969
0.968
1.003
1.002
1.002
0.904
0.98
0.997
0.995
0.994
1.043
1.001
0.997
0.996
0.995
1.21
1.002
1.005
1.003
1.003
1.072
0.995
1.001
1
1.007
0.979
0.986
1.004
1.003
1.002
1.003
1.001
1
1
0.998
1.006
0.955
1.151
0.993
1
0.999
0.898
1.141
0.995
0.996
0.996
1.143
0.902
0.993
0.994
0.995
1.192
0.924
1.005
1.005
1.003
1.013
1.015
0.982
0.993
0.991
0.991
0.993
0.992
0.999
0.998
1.009
0.985
1.053
1.012
1.004
1.005
0.979
1.18
1.006
1.004
1.003
0.991
1.042
0.999
0.997
1.004
0.998
0.875
0.988
0.988
0.987
1.001
0.993
0.994
0.995
0.995
0.992
1.036
1.001
1
0.992
0.992
0.992
0.992
0.993
0.993
0.954
0.966
1.119
1.002
1.003
0.889
0.983
1.144
0.989
0.989
0.989
0.993
0.904
1.002
1.002
1.211
1.004
0.935
0.985
0.993
1.006
0.997
1.012
1.004
1.003
1.001
1.001
1.009
1.008
1.007
1.014
1.001
0.986
1.034
1.02
1.009
0.888
0.977
1.175
1.003
1.002
1.012
1.01
1.009
1.008
0.998
1.249
1.003
0.884
1.003
1.001
1.084
0.994
0.995
0.995
0.996
0.987
0.987
1.015
1.013
1.013
1.011
0.998
0.996
1.027
1.002
1.003
0.91
0.958
0.991
0.998
0.997
0.922
0.971
1.055
1.009
0.998
1.223
1.008
0.87
0.999
0.998
1.144
1.006
0.975
1
0.999
0.964
1.004
1.005
1.004
1.004
1.004
1.003
1.002
1.001
1
1.041
0.929
1.11
0.997
0.996
0.995
0.901
1.097
0.989
0.989
0.989
1.193
0.997
1.006
1.004
1.003
1.184
1.006
0.993
0.993
0.993
0.994
1.008
1.006
0.998
0.996
0.995
0.995
1.002
1
1
1.043
0.966
1.083
0.997
0.995
0.994
0.88
1.093
0.993
0.993
0.994
0.994
0.929
1.01
1.008
1.008
1.006
0.957
1.004
1.003
1.003
1.001
1.002
1.002
1.001
0.999
0.997
0.998
0.997
0.997
0.998
0.96
0.968
1.063
0.992
0.993
0.869
0.988
1.105
0.999
0.991
0.991
1.002
0.932
1.002
1
1.001
0.992
0.982
0.992
0.992
0.992
0.991
0.998
0.997
0.996
0.994
0.993
0.993
0.992
0.993
1.049
0.945
0.972
1.058
0.993
0.995
0.867
0.997
1.096
1.007
1.006
1.15
0.995
0.959
1.001
1.002
1.241
1.002
0.973
1.005
1.005
1.001
1
1.014
1.012
1.01
0.998
0.998
0.999
0.999
0.999
1.044
0.954
0.965
1.058
1.009
0.999
0.859
0.984
1.093
0.994
0.993
1.193
1.012
0.935
1.002
1.003
1.215
0.992
0.99
0.998
0.99
0.99
0.991
1.024
1.012
0.998
0.998
0.998
0.997
0.998
0.998
1.033
0.925
0.966
0.997
0.996
0.996
0.867
0.998
1.004
1.004
1.003
1.23
1.019
1.005
0.997
0.996
1.18
0.999
0.997
0.997
0.997
0.986
0.996
0.997
0.986
0.997
0.998
0.999
0.999
0.998
0.998
1.026
0.91
0.976
0.985
0.986
0.985
0.919
0.995
1.003
1.002
1.003
1.281
1.005
0.992
0.993
0.993
1.136
0.995
0.995
0.996
1.005
0.963
1.001
1.001
1
0.998
1.041
0.99
1.001
1.001
1
1.001
0.999
1.086
0.997
0.996
0.995
1.005
1.003
1.001
1.001
1.001
1.002
0.96
1.008
1.007
1.006
1.001
1.001
1
0.992
0.993
0.992
0.994
0.992
0.993
0.992
1.035
0.984
1.02
0.992
0.992
0.84
0.995
1.068
0.995
0.995
1.141
0.998
0.966
0.996
0.994
1.265
1.002
1
0.999
0.999
0.998
0.997
1.005
1.003
1.001
1.001
0.993
0.992
0.991
0.991
1.044
0.925
1.002
1.044
0.996
0.996
0.867
0.976
1.019
1.01
0.994
1.28
0.988
0.979
0.979
0.988
1.166
0.99
0.991
0.991
0.992
0.965
0.976
1.005
1.004
1.004
1.036
1.001
1
1.001
0.999
1.008
0.861
0.988
1.038
0.992
0.991
0.998
0.998
0.998
0.998
0.998
1.324
0.993
0.982
1.007
1.007
1.044
1.031
1.018
1.002
1.002
0.991
0.999
0.999
0.998
0.998
1.036
0.958
0.966
1.016
1.004
0.995
0.836
0.983
1.025
1.01
1.008
1.217
0.997
0.996
0.997
0.989
1.254
0.988
0.986
0.997
0.996
0.984
0.995
1.003
1.003
1.001
1.002
0.994
0.994
1.004
1.002
1.037
0.897
1.018
1.018
1.01
0.982
0.95
0.997
0.998
0.999
0.998
1.345
0.993
0.995
0.994
0.995
1.071
0.994
0.995
0.995
1.002
0.974
0.987
0.988
0.988
0.999
