1.976
1.974
1.971
1.991
2.153
1.975
1.974
1.978
1.979
2.038
2.013
2.009
1.993
1.992
2.014
1.986
1.985
1.986
1.969
1.989
2.626
1.973
1.976
1.972
1.972
2.691
1.969
1.968
1.969
1.971
2.219
1.989
1.985
1.982
1.981
2.058
1.995
1.992
1.988
1.99
2.017
1.998
1.994
1.976
1.973
1.976
2.129
1.971
1.972
1.914
1.942
-1
1.977
1.977
1.976
1.974
2.228
1.945
1.962
1.978
1.974
2.079
1.987
1.986
1.983
1.984
2.013
2.01
1.97
1.969
1.97
2.028
1.997
1.975
1.948
1.978
-1
2.007
1.991
1.966
1.965
1.965
1.964
1.963
1.988
1.987
2.181
1.981
1.979
1.977
1.976
2.001
1.978
1.977
1.961
1.96
1.956
1.957
1.96
1.978
1.976
1.975
2.268
1.953
1.952
1.877
1.959
1.984
1.981
1.98
1.979
1.98
1.981
1.98
1.982
1.984
1.981
2.053
1.959
1.958
1.96
1.963
2.028
2.008
2.006
1.985
1.985
2.006
2.003
1.987
1.985
1.923
2.002
1.982
1.983
1.982
1.917
2.359
1.984
1.981
1.983
2.008
2.007
1.984
1.985
1.982
1.979
1.998
1.996
1.992
1.992
1.965
1.967
1.989
1.966
1.969
1.972
1.948
2.314
1.941
1.944
1.962
1.967
2.728
1.979
1.962
1.978
1.999
2.184
1.98
1.978
1.979
2.001
2.024
1.952
1.955
1.957
1.958
2.028
1.974
1.973
1.971
1.968
2.024
2.025
1.997
1.994
1.977
1.971
-1
1.953
1.969
1.913
1.973
2.285
1.992
1.992
2.032
1.968
2.111
1.974
1.973
1.975
1.974
2.051
1.974
1.974
1.973
1.973
1.996
1.979
1.961
1.98
1.951
1.98
2.267
1.975
1.975
1.849
1.984
-1
1.987
1.986
2.004
2.004
2.171
1.951
1.953
2.033
2.004
2.021
1.994
1.974
1.972
1.973
2.042
2.017
1.968
1.968
1.97
1.986
1.986
1.98
1.98
1.832
2.009
-1
1.972
1.973
1.888
1.965
2.294
1.962
1.964
2.107
1.97
2.134
1.979
1.961
1.977
1.977
1.995
1.978
1.975
1.951
1.951
2.043
1.979
1.977
1.979
1.957
1.978
1.964
1.965
1.967
1.806
2.002
1.99
1.987
1.986
1.985
1.984
2.018
1.962
1.963
2.04
1.968
1.975
1.975
1.977
1.948
1.948
2.012
1.987
1.988
1.984
1.985
1.986
1.985
1.983
1.986
1.858
2.66
1.964
1.967
1.969
1.88
2.307
1.969
1.97
1.972
2.066
1.985
1.957
1.979
1.977
1.999
1.981
1.982
1.983
1.982
1.928
2.019
1.963
1.966
1.969
1.972
1.971
2.102
1.967
1.966
1.984
1.982
-1
1.959
1.958
1.956
1.963
2.22
1.971
1.971
1.973
2.001
2.027
1.972
1.97
1.972
1.969
1.972
1.971
1.969
1.97
1.954
2.034
1.977
1.975
1.972
1.995
1.991
2.28
1.945
1.944
1.78
1.98
2.464
1.954
1.956
2.076
2.005
2.141
1.956
1.959
2.038
1.975
2.004
2.002
1.999
1.974
1.973
2.047
1.99
1.974
1.973
1.971
1.996
1.996
1.992
1.967
1.801
1.967
-1
1.995
1.992
1.843
1.97
2.251
1.943
1.972
2.192
1.985
2.091
1.99
1.97
1.972
1.971
1.998
1.996
1.969
1.945
1.965
1.994
1.994
1.978
1.978
1.894
2.029
2.207
1.955
1.958
1.764
1.988
2.592
1.955
1.956
1.974
1.976
2.145
1.965
1.964
2.128
1.993
2.01
1.987
1.97
1.967
1.97
1.999
1.997
1.997
1.974
1.973
1.991
1.985
1.985
1.985
1.805
2.038
1.999
1.975
1.977
1.747
1.967
1.985
1.984
1.98
2.165
1.981
2.003
2
1.982
1.999
2.015
2.011
1.984
1.969
1.945
1.991
1.987
1.989
1.986
1.984
1.985
2.063
1.972
1.975
1.975
2.017
2.686
1.969
1.971
1.973
1.964
2.167
1.983
1.981
1.977
1.963
2.054
1.977
1.977
1.975
1.97
1.996
1.992
1.989
1.986
1.964
1.99
1.987
1.988
1.987
1.899
2.042
2.144
1.961
1.961
1.68
1.96
2.351
1.938
1.957
2.03
1.971
2.141
1.955
1.955
2.143
1.95
2.016
1.993
1.991
1.927
1.95
2.015
2.013
1.95
1.951
1.967
1.992
1.991
1.989
1.985
1.794
2.019
2.426
1.98
1.977
1.783
1.973
2.228
1.94
1.959
2.244
1.964
2.058
1.994
1.977
2.038
2.011
2.01
1.99
1.987
1.931
1.947
1.95
1.966
1.988
1.961
1.979
2.07
1.971
1.97
1.69
1.948
2.393
1.988
1.985
1.909
1.938
2.144
1.977
1.977
2.302
1.975
2.002
1.978
1.978
1.923
1.946
2
1.998
1.972
1.953
1.956
1.961
1.964
1.965
1.99
1.863
1.999
1.977
1.975
1.977
1.666
1.96
1.993
1.97
1.97
2.157
1.976
1.993
1.994
1.993
2.094
1.988
1.989
1.968
1.966
1.939
1.958
1.985
1.984
1.968
1.966
1.966
1.993
1.989
1.991
1.992
1.733
1.983
1.965
1.966
1.967
1.736
1.97
1.952
1.952
1.955
2.309
1.986
1.989
1.99
1.971
1.992
1.989
1.99
1.986
1.97
1.908
1.971
1.994
1.975
1.976
1.977
1.949
2.067
1.982
1.983
1.984
1.658
2.361
2.002
1.978
1.961
1.939
2.106
1.972
1.974
1.973
1.981
2.005
1.987
1.985
1.987
1.969
1.992
1.991
1.964
1.967
1.965
1.983
1.999
1.995
1.978
1.806
2.017
2.183
1.949
1.95
1.952
1.974
2.224
1.941
1.997
2.205
1.963
2.096
1.991
1.988
1.988
1.993
2.012
1.941
1.961
1.937
1.938
2.005
1.979
1.963
1.961
1.96
1.976
2.005
2
2
1.665
1.986
2.277
1.975
1.959
1.77
1.96
2.156
1.965
1.968
2.51
1.982
2.063
2.005
1.987
1.989
1.987
1.989
1.987
1.979
1.919
1.977
1.979
1.976
1.975
2.03
1.871
1.976
1.952
1.953
2.023
1.606
1.984
2.23
1.964
1.983
2.002
1.998
2.08
1.978
1.979
2.218
1.98
2.008
1.99
1.988
1.918
1.976
1.979
1.977
1.975
1.974
1.973
1.974
1.973
1.972
2.029
1.69
2.212
1.98
1.978
1.976
1.655
2.167
1.981
1.978
1.979
2.414
1.985
1.973
1.97
1.969
2.051
2.01
1.985
1.986
1.985
1.901
1.967
1.968
1.969
1.97
1.99
1.973
2.034
1.978
1.979
1.98
1.619
1.973
1.976
1.977
1.98
1.884
2.103
1.998
1.945
1.947
1.969
1.993
1.994
1.991
1.992
1.969
1.984
1.981
1.98
1.98
1.948
1.978
1.98
1.981
1.982
2.009
1.987
2.121
1.968
1.967
1.583
1.984
2.139
1.968
1.97
1.97
1.967
2.051
1.996
1.992
2.14
1.955
1.957
1.959
1.96
1.935
1.956
1.985
1.985
1.988
1.982
1.978
1.981
1.981
1.978
1.998
1.614
2.006
2.178
1.98
1.977
1.763
1.946
2.044
2.014
1.972
2.593
1.991
2.009
2.008
2.007
2
1.998
1.998
1.982
1.979
1.936
1.939
1.995
1.991
1.97
1.999
1.802
2.01
2.04
2.014
1.995
1.566
1.975
2.141
2.038
1.982
2.192
1.98
2.011
1.993
1.99
2.298
1.968
1.969
1.972
1.97
1.905
1.928
1.996
1.976
1.973
1.97
1.969
1.972
1.974
1.974
1.994
1.614
1.949
1.973
1.973
1.975
1.684
1.984
2.004
2
1.998
2.678
1.973
1.992
1.99
1.989
1.988
1.986
1.979
1.979
1.975
1.902
1.958
1.974
1.956
1.954
2.037
1.836
2.006
2.003
1.999
1.996
1.555
2.12
1.957
1.959
1.975
2.128
2.052
1.964
1.966
1.965
2.329
2.012
1.992
1.975
1.975
1.896
1.952
1.98
1.978
1.977
1.974
1.971
1.971
1.971
1.968
1.969
1.993
2.064
1.981
1.979
1.978
1.963
2.056
1.993
1.99
1.99
2.023
2.023
1.995
1.972
1.973
2.001
1.997
1.993
1.991
1.989
1.958
1.977
1.977
1.978
1.976
1.841
1.991
1.99
1.988
1.988
1.512
1.979
2.076
1.95
1.952
2.013
1.998
2.014
1.988
1.985
2.482
1.973
1.974
1.971
1.972
1.91
1.983
1.982
1.983
1.984
1.98
1.975
1.973
1.972
1.987
2.011
1.627
1.992
2.02
2.016
1.987
