1.989
1.988
3.08
1.955
1.985
1.985
2.05
2.548
1.914
1.97
1.974
2.131
2.212
1.938
2.008
2.006
2.095
2.027
1.946
1.972
1.973
2.07
2
1.997
1.993
1.993
2.073
2.014
2.012
2.011
2.008
3.034
1.995
1.994
1.994
1.997
-1
1.968
1.988
1.987
1.989
3.378
1.97
1.993
1.994
1.995
2.808
1.925
1.992
1.992
2.077
2.358
1.908
1.982
1.982
2.139
2.113
1.917
1.993
1.994
2.073
1.99
1.988
1.986
1.988
2.015
2.013
2.009
2.008
1.991
2.233
2.012
2.01
2.009
2.006
3.702
1.987
1.987
1.986
1.987
3.977
2.001
2.001
2.001
1.997
3.167
1.98
1.983
1.984
1.984
2.686
1.957
1.976
1.995
1.996
2.278
1.919
1.99
1.99
1.992
2.101
1.933
1.95
1.969
1.971
2.008
1.987
1.988
1.987
1.988
1.983
1.984
1.986
1.987
2.286
1.981
1.98
1.997
1.998
1.994
1.985
1.987
1.986
1.987
3.879
2.002
2.003
2.003
2.004
3.127
1.985
1.988
1.986
1.986
2.641
1.932
1.96
1.98
1.981
2.321
1.914
1.981
1.983
1.986
2.111
1.932
1.99
1.99
1.99
2.007
1.951
1.971
1.972
1.974
1.996
1.995
1.997
1.994
1.992
2.106
1.995
1.992
1.992
1.99
1.993
1.995
1.997
1.997
1.996
1.998
1.996
1.998
1.997
1.994
1.992
1.994
1.993
1.991
2.012
1.949
1.967
1.988
1.988
2.06
1.931
1.987
1.989
1.987
2.132
1.925
2.001
2.004
2.003
2.087
1.967
1.988
1.987
2.006
2.069
1.995
2.014
2.013
1.995
2.056
1.998
1.996
1.998
2
2.589
1.994
1.994
1.994
1.992
3.561
1.997
2
1.999
1.999
3.553
1.991
1.992
1.991
1.989
2.946
1.964
1.985
1.988
1.991
2.596
1.955
1.979
1.98
2.078
2.282
1.923
1.989
1.992
2.089
2.089
1.929
2.002
2.001
2.072
2.011
1.984
1.983
1.986
2.064
1.994
1.993
1.995
1.995
2.159
1.974
1.976
1.98
1.979
2.843
2.007
2.003
2.002
2.004
3.743
1.98
1.983
2.004
2.005
3.313
1.981
1.983
1.985
2.003
2.888
1.963
1.987
1.989
2.012
2.524
1.929
1.999
1.995
2.024
2.23
1.914
2.005
2.001
2.064
2.064
1.939
2.011
2.006
2.063
1.999
1.977
1.978
1.975
2.053
2.023
2.003
2.002
1.982
2.114
2.015
2.011
1.992
1.995
2.623
1.99
1.988
1.988
1.989
3.539
1.995
1.997
1.997
1.995
3.289
1.987
2.004
2.003
1.999
2.896
1.972
1.975
1.979
1.999
2.573
1.932
1.958
1.96
2.062
2.269
1.923
1.951
1.953
2.123
2.104
1.934
2.008
2.002
2.079
2.023
1.96
1.981
1.984
2.067
2.002
2.001
2.001
2
2.06
2.03
2.027
2.024
2.018
2.316
1.999
1.999
1.996
1.995
3.086
2.021
2.02
2.019
1.992
3.394
1.993
1.991
1.992
1.993
3.083
1.963
1.964
1.988
1.99
2.711
1.968
1.985
1.985
2.047
2.426
1.948
1.969
1.986
2.077
2.181
1.931
1.992
1.993
1.992
2.031
1.945
1.97
1.991
2.063
2.033
1.953
1.969
1.994
2.021
2.019
2
1.996
1.996
2.112
2.022
2.003
2.005
2.003
2.428
1.996
1.994
1.995
1.992
3.113
1.989
1.989
1.987
1.984
3.335
1.98
1.983
1.985
1.986
2.959
1.957
1.977
1.977
1.98
2.641
1.957
1.96
1.989
1.989
2.363
1.939
1.993
1.991
1.992
2.166
1.915
1.978
1.978
1.98
2.051
1.963
1.98
2.003
2.001
2.029
1.959
1.96
1.977
1.979
2.016
1.995
1.996
1.996
1.995
1.986
1.986
1.986
1.983
1.984
2.351
1.997
1.996
2.011
2.009
2.001
2.002
2.001
2.001
2.001
2.007
2.006
2.005
1.99
1.991
2.001
1.999
1.997
1.997
1.998
1.954
1.978
1.978
1.98
2.47
1.955
1.984
1.985
1.986
2.01
1.926
1.982
1.997
1.996
2.077
1.927
1.955
1.98
1.98
2.08
1.914
1.98
1.981
1.984
2.082
1.984
1.984
1.982
1.997
2.079
2.01
2.007
2.004
2.003
2.164
1.984
1.986
1.987
1.986
2.433
2.004
2.003
2.004
2.003
2.893
2.01
2.008
2.005
2.004
3.144
2.001
1.999
2
1.999
2.969
1.982
1.983
1.982
2
2.672
1.963
1.979
1.996
2.012
1.949
1.967
1.969
1.986
2.047
1.91
1.976
1.978
1.98
2.07
2.07
1.975
1.974
1.974
2.117
2.026
1.93
2.005
2.004
2.07
1.991
1.974
1.975
1.978
2.115
2.015
1.987
1.989
1.987
2.15
2.003
2.004
2.003
2.001
2.328
1.992
1.991
1.99
1.991
2.709
2.015
2.011
2.009
2.006
2.999
1.993
1.994
2.011
2.007
2.963
1.986
2.004
2.001
2.004
2.726
1.978
1.976
1.976
2.032
2.521
1.943
1.972
1.972
1.999
2.286
1.948
2.017
2.015
2.044
2.125
1.925
1.982
1.983
2.083
2.065
1.96
2.014
2.01
2.101
1.977
1.959
1.994
1.99
2.076
1.994
1.991
1.995
1.993
2.108
2.022
1.999
1.997
1.999
2.206
2.02
2.019
2.016
2.01
2.425
2.025
2.022
2.017
2.013
2.714
1.99
1.992
1.991
1.99
2.929
1.983
1.986
1.989
1.991
2.882
2.012
2.009
2.008
2.008
2.707
1.974
1.977
1.995
2.013
2.481
1.96
1.982
1.984
2.045
2.268
1.972
1.975
1.997
2.025
2.109
1.909
1.965
1.97
2.047
2.046
1.913
1.972
1.991
2.071
2.005
1.932
1.959
1.98
2.071
1.981
1.977
1.98
1.982
2.097
1.997
1.995
1.997
1.993
2.189
1.992
1.989
1.989
1.992
2.327
1.992
1.995
1.992
1.991
2.584
2.013
2.011
2.009
2.005
2.822
2.01
2.007
2.005
2.003
2.933
1.998
1.997
1.996
1.994
2.734
1.995
1.995
1.995
1.997
2.54
1.989
1.99
1.991
2.021
2.359
1.954
1.971
1.992
2.048
2.203
1.955
1.981
1.984
2.072
2.071
1.927
1.987
1.989
2.083
2.011
1.936
1.958
1.974
2.075
1.991
1.938
1.966
1.968
2.062
1.987
1.968
1.969
1.972
2.124
2.021
1.955
1.98
1.98
2.187
1.996
1.995
1.995
1.997
2.309
1.991
1.992
1.989
2.007
2.554
1.996
1.994
1.996
1.996
2.773
1.987
1.987
1.985
1.981
2.866
2.006
2.003
2.003
2.002
2.77
1.998
1.995
1.997
1.981
2.565
1.955
1.972
1.973
1.975
2.416
1.975
1.977
1.993
1.994
2.248
1.946
1.963
1.966
1.983
2.07
1.919
1.986
1.988
1.99
2.046
1.923
1.989
1.991
1.992
1.982
1.925
1.952
2.007
2.008
1.949
1.95
1.979
1.981
1.983
1.952
1.949
1.952
1.977
1.979
1.97
1.97
1.973
1.975
1.976
2.213
1.996
1.993
1.995
1.994
2.02
2.016
2.017
2.014
2.012
2.004
2.001
1.999
1.996
1.997
2.006
2.005
1.984
1.985
2.807
2.004
2
1.997
1.995
2.741
2.002
2.002
2.001
2.001
2.598
1.981
1.996
1.994
1.993
2.42
1.98
1.982
1.983
1.984
2.256
1.967
1.97
1.972
1.995
2.122
1.945
2.006
2.004
1.989
2.017
1.934
1.957
1.977
1.98
1.972
1.946
1.962
1.982
1.983
2.067
1.961
1.98
1.982
1.983
1.966
1.94
1.966
1.986
1.989
1.935
1.938
2.003
2.002
2.004
2.158
2.002
2
2.002
2.001
2.269
1.998
1.996
1.995
1.993
1.995
1.993
1.994
1.995
1.995
1.981
1.997
1.997
1.996
1.995
1.977
1.979
1.981
1.984
2.008
1.991
1.99
1.99
1.988
2.006
2.006
2.003
2.002
2.003
2.005
1.983
1.984
1.984
1.985
2.013
2.385
1.997
1.999
1.997
2.019
2.271
1.961
2.018
2.015
2.017
1.94
2
2.002
2
2.019
2.02
1.967
1.995
1.996
2.026
1.94
1.965
1.983
1.985
2.051
1.946
1.969
1.971
1.972
2.04
1.959
1.98
1.982
1.983
2.073
1.937
2.003
2.002
