1.984
1.987
2.146
1.987
1.984
1.981
1.981
2.279
1.977
1.976
1.977
1.975
2.305
1.968
1.97
1.97
1.969
2.461
1.968
1.967
1.967
1.984
2.507
2.018
1.991
1.974
1.975
2.515
2.013
1.988
1.989
1.988
2.503
1.995
1.995
1.994
1.994
2.467
1.989
1.989
1.989
1.987
2.297
1.96
1.962
1.965
1.965
2.222
1.972
1.972
1.971
1.972
2.052
1.992
1.991
1.988
1.988
1.972
1.968
1.967
1.968
1.965
1.853
1.993
1.995
1.994
1.992
1.791
1.991
1.991
1.988
1.985
1.816
1.967
1.968
1.968
1.99
1.854
1.977
1.975
1.973
1.974
1.895
1.961
1.963
1.964
1.967
1.916
1.993
1.991
1.975
1.977
1.951
1.952
1.954
1.955
1.954
1.967
1.968
1.97
1.971
1.969
1.968
1.967
1.968
1.969
1.971
1.968
1.969
1.97
1.97
1.99
1.991
1.99
1.99
1.989
1.99
1.962
1.964
1.965
1.967
2.188
1.985
1.986
1.984
1.982
1.982
2.31
1.975
1.974
1.973
2.403
1.978
1.976
1.976
1.974
2.444
1.96
1.961
1.962
1.978
2.386
1.971
1.969
1.968
1.967
2.281
1.973
1.971
1.968
1.967
1.969
1.946
1.947
1.95
1.952
1.969
1.971
1.972
1.975
1.974
1.977
1.974
1.971
1.973
1.974
1.998
1.964
1.967
1.965
1.966
1.984
1.977
1.977
1.973
1.973
1.818
1.983
1.98
1.98
1.979
1.88
1.979
1.981
1.978
1.975
1.917
1.984
1.982
1.985
1.983
1.953
1.954
1.954
1.957
1.973
1.973
1.975
1.974
1.972
1.971
1.97
1.971
1.97
1.968
1.971
1.974
1.973
1.972
1.971
1.973
2.068
1.977
1.973
1.976
1.974
1.973
1.972
1.973
1.974
1.974
1.961
1.961
1.978
1.979
1.978
2.356
1.999
1.997
1.973
1.973
2.297
1.982
1.979
1.975
1.974
2.117
1.992
1.988
1.973
1.971
1.971
1.968
1.987
1.97
2
2.005
2.005
2.001
2.001
2.002
1.745
1.97
1.972
1.973
1.989
1.734
1.981
1.979
1.975
1.995
1.789
1.97
1.974
1.977
1.992
1.894
1.963
1.981
1.979
1.961
1.945
1.971
1.968
1.969
1.944
1.947
1.965
1.965
1.963
1.94
1.957
1.961
1.963
1.979
1.98
1.98
1.979
1.978
1.98
2.065
1.992
1.988
1.985
1.983
2.142
1.991
1.991
1.99
1.987
2.246
1.978
1.979
1.982
1.98
2.251
1.994
1.973
1.973
1.954
2.128
2.022
1.999
1.996
1.994
1.979
1.977
1.977
1.977
1.979
1.752
1.988
1.988
1.988
1.989
1.686
1.964
1.979
1.98
1.983
1.71
1.962
1.964
1.965
1.984
1.791
1.985
1.984
1.962
1.979
1.896
1.957
1.973
1.975
1.956
1.94
1.94
1.965
1.965
1.944
2.003
2
1.975
1.996
1.992
1.971
1.974
1.975
1.976
1.978
1.974
1.971
1.97
1.972
2.129
1.973
1.974
1.977
1.976
2.197
1.974
1.977
1.976
1.977
2.205
1.987
1.984
1.984
1.983
2.045
1.975
1.993
1.975
1.976
1.843
1.983
1.981
1.979
1.981
1.733
1.954
1.952
1.957
1.978
1.696
1.976
1.974
1.974
1.976
1.761
1.99
1.992
1.989
1.988
1.859
1.962
1.964
1.964
1.965
1.942
1.945
1.969
1.972
1.945
1.946
1.965
1.969
1.986
1.932
1.933
1.953
1.956
1.975
1.991
1.97
1.97
1.97
1.972
2.106
2.007
1.992
1.985
1.985
2.152
1.988
1.986
1.987
1.97
1.999
1.982
1.981
1.978
1.978
1.915
1.938
1.941
1.985
1.987
1.766
1.99
1.988
1.99
1.987
1.657
1.966
1.967
1.969
1.972
1.685
1.965
1.966
1.967
1.749
1.962
1.961
1.963
1.969
1.884
1.982
1.979
1.959
1.932
1.956
1.979
1.98
1.98
1.959
1.961
1.96
1.978
1.981
1.979
1.978
1.977
1.975
1.973
2.003
2
1.997
1.997
1.996
2.147
1.978
1.975
1.975
1.979
2.01
1.982
1.982
1.964
1.963
1.772
1.981
1.98
1.978
1.976
1.656
1.999
1.995
1.972
1.971
1.65
1.968
1.968
1.967
1.971
1.688
1.954
1.957
1.959
1.959
1.868
1.954
1.956
1.957
1.939
1.919
1.979
1.977
1.973
1.919
1.94
1.957
1.958
1.974
1.949
1.966
1.992
1.99
2.009
1.987
1.987
1.986
1.988
1.987
2.013
1.993
1.969
1.971
1.97
1.971
1.972
1.974
1.972
1.971
1.784
2.006
2.004
2.004
1.988
1.65
1.982
1.981
1.978
1.977
1.576
1.99
1.988
1.988
1.986
1.669
2.006
2.003
2
1.996
1.806
1.989
1.988
1.986
1.983
1.911
1.969
1.968
1.969
1.968
1.978
1.979
1.978
1.977
1.974
1.947
1.948
1.95
1.952
1.953
1.969
1.968
1.966
1.966
1.967
2
1.998
1.994
1.991
1.973
1.968
1.97
1.986
1.985
1.967
1.978
1.977
1.975
1.976
1.975
1.61
1.999
1.98
1.982
1.982
1.976
1.978
1.974
1.974
1.973
1.974
1.971
1.969
1.97
1.948
1.946
1.964
1.966
1.968
1.967
1.963
1.966
1.967
1.967
1.893
1.982
1.981
1.978
1.981
1.958
1.961
1.962
1.963
1.963
1.886
1.983
1.984
1.983
1.984
1.898
1.976
1.976
1.973
1.973
1.688
1.993
1.99
1.987
1.965
1.574
1.964
1.963
1.962
1.964
1.519
1.986
1.984
1.982
1.978
1.675
1.963
1.965
1.966
1.962
1.799
1.984
1.986
1.986
1.91
1.912
1.982
1.982
1.981
1.912
1.938
1.957
1.958
1.959
1.902
1.961
1.962
1.961
1.959
1.958
1.957
1.959
1.96
1.963
1.804
1.935
1.938
1.955
1.973
1.661
1.976
1.975
1.976
1.974
1.498
1.977
1.978
1.975
1.975
1.541
1.978
1.961
1.98
1.976
1.617
1.983
1.982
1.978
1.955
1.786
1.989
1.973
1.972
1.909
1.91
1.964
1.964
1.967
1.905
1.958
1.959
1.96
1.961
1.905
1.962
1.962
1.962
1.961
1.822
1.954
1.971
1.967
1.969
1.698
1.995
1.98
1.98
1.979
1.592
1.985
1.983
1.966
1.963
1.498
1.984
1.983
1.98
1.977
1.516
1.996
1.997
1.977
1.975
1.674
1.964
1.966
1.972
1.949
1.851
1.989
1.989
1.969
1.944
1.945
1.948
1.951
1.972
1.905
1.93
1.951
1.967
1.968
1.891
1.977
1.978
1.975
1.975
1.878
1.982
1.981
1.98
1.962
1.602
1.971
1.969
1.97
1.967
1.434
1.974
1.974
1.956
1.956
1.457
1.954
1.955
1.971
1.955
1.559
1.961
1.964
1.965
1.94
1.764
2.002
1.999
1.996
1.912
1.908
1.931
1.958
1.977
1.93
1.948
1.963
1.962
1.962
1.884
1.967
1.968
1.965
1.966
1.842
1.987
1.985
1.985
1.984
1.655
1.982
1.983
1.981
1.981
1.441
1.974
1.972
1.973
1.974
1.427
1.965
1.989
1.974
1.973
1.517
1.976
1.977
1.977
1.977
1.69
1.979
1.977
1.977
1.887
1.885
1.976
1.976
1.974
1.972
1.964
1.964
1.965
1.983
1.85
1.955
1.958
1.959
1.957
1.733
1.991
1.989
1.985
1.983
1.621
1.989
1.987
1.987
1.985
1.398
1.995
1.992
1.99
1.989
1.434
1.971
1.967
1.968
1.967
1.967
1.941
1.959
1.961
1.961
1.942
1.993
1.994
1.99
1.988
1.862
1.96
1.975
1.975
1.975
1.922
1.947
1.965
1.965
1.966
1.967
1.967
1.983
1.981
1.979
1.948
1.949
1.967
1.968
1.969
1.978
1.977
1.979
1.964
1.965
1.943
1.973
1.972
1.971
1.971
1.978
1.975
1.976
1.975
1.973
1.985
1.987
1.987
1.985
1.957
1.686
1.976
1.976
1.976
1.907
1.905
1.965
1.965
1.966
1.895
1.961
1.981
1.979
1.98
1.816
1.993
1.992
1.989
1.988
1.685
1.984
1.984
1.985
1.984
1.285
1.976
1.972
1.972
1.971
1.259
1.974
1.978
1.975
1.973
1.378
1.981
1.979
1.978
1.961
1.538
1.973
1.959
1.962
1.958
1.715
1.958
1.96
1.961
1.884
1.881
1.951
1.969
1.97
1.879
1.96
1.962
1.962
1.962
1.836
1.958
1.959
1.961
1.962
1.464
1.968
1.967
1.966
1.965
1.204
1.977
1.978
