2.575
2.454
-1
2.502
2.688
2.517
2.539
-1
-1
1.788
2.47
2.747
2.48
-1
2.541
2.452
2.79
2.66
2.661
2.52
2.091
2.445
2.658
2.532
2.48
1.84
2.541
2.537
2.536
2.503
2.348
2.449
2.528
2.53
2.529
2.625
1.741
2.531
2.649
-1
2.609
2.066
2.536
2.539
2.712
-1
2.396
2.04
2.593
2.555
-1
2.454
1.839
2.557
2.498
2.466
2.562
2.357
2.464
2.639
2.534
-1
2.491
1.748
2.562
2.782
-1
2.678
2.171
2.612
2.509
2.702
-1
2.515
1.889
2.618
2.623
-1
2.497
2.449
2.533
2.532
2.659
2.463
2.199
2.576
2.654
2.649
-1
1.845
2.525
2.525
2.548
-1
2.176
2.423
2.611
2.606
2.584
2.464
1.827
2.47
2.583
2.498
2.562
2.098
2.47
2.503
2.414
-1
2.625
2.027
2.522
2.659
-1
2.755
1.833
2.459
2.679
2.645
2.783
2.351
2.348
2.724
2.672
-1
2.417
1.771
2.502
2.591
-1
2.594
2.206
2.52
2.429
-1
-1
2.469
1.827
2.812
2.475
-1
2.562
2.093
2.617
2.372
2.688
2.788
2.454
2.475
2.676
2.475
-1
2.454
2.604
2.738
2.357
2.576
2.473
2.255
2.602
2.682
2.589
-1
1.839
2.55
2.527
2.528
2.79
2.211
2.515
2.512
2.514
2.518
2.531
1.82
2.464
2.698
2.47
2.412
2.188
2.454
2.48
2.478
-1
2.504
1.916
2.49
2.602
-1
2.536
1.95
2.469
2.598
2.626
2.509
2.415
2.165
2.648
2.455
-1
2.697
1.827
2.406
2.443
2.638
2.66
2.281
2.307
2.581
2.581
-1
2.617
1.776
2.609
2.434
-1
2.459
2.236
2.621
2.624
2.542
-1
2.48
2.392
2.676
2.637
-1
2.296
2.663
2.506
2.506
2.543
-1
1.98
2.585
2.589
2.565
-1
2.02
2.562
2.557
2.648
2.645
2.423
2.053
2.644
2.671
2.673
2.498
1.848
2.51
2.514
2.408
2.51
2.384
2.362
2.443
2.463
-1
2.658
1.813
2.711
2.475
2.72
2.557
2.334
2.424
2.74
2.582
-1
2.378
1.8
2.45
2.586
-1
2.531
2.24
2.502
2.499
2.707
-1
2.376
1.888
2.607
2.571
-1
2.692
2.079
2.74
2.378
2.374
-1
2.629
2.669
2.698
2.62
-1
2.445
2.434
2.633
2.631
2.631
2.594
2.033
2.49
2.707
2.351
-1
1.971
2.562
2.468
2.463
2.59
2.357
2.108
2.485
2.487
2.511
2.525
1.919
2.491
2.664
2.662
2.542
2.271
2.269
2.554
2.588
-1
2.557
1.889
2.557
2.56
-1
2.688
2.276
2.363
2.564
2.573
-1
2.418
1.802
2.367
2.604
-1
2.541
2.351
2.378
2.758
2.562
-1
2.531
1.876
2.658
2.412
-1
2.536
2.245
2.658
2.547
2.547
-1
2.58
2.646
2.722
2.525
-1
2.671
2.803
2.576
2.575
2.555
-1
1.884
2.497
2.571
2.567
-1
2.151
2.346
2.54
2.536
2.41
2.702
1.961
2.55
2.575
2.555
2.692
2.091
2.434
2.546
2.521
-1
2.59
1.971
2.536
2.75
2.666
2.434
2.194
2.678
2.678
2.561
2.7
2.338
2.011
2.629
2.584
-1
2.599
2.107
2.609
2.621
2.624
2.711
2.525
2.001
2.731
2.69
-1
2.47
2.029
2.567
2.476
2.495
2.794
2.443
2.447
2.792
2.512
-1
2.557
2.48
2.484
2.488
2.487
2.798
2.04
2.572
2.612
2.585
2.525
1.992
2.381
2.48
2.56
2.471
2.498
2.094
2.47
2.747
2.454
2.512
1.964
2.52
2.661
2.637
2.72
2.418
2.086
2.559
2.423
-1
2.625
2.033
2.609
2.581
2.449
2.563
2.559
2.053
2.741
2.654
-1
2.562
1.968
2.646
2.492
2.626
2.711
2.52
2.517
2.606
2.481
-1
2.715
2.65
2.432
2.459
2.461
2.811
2.059
2.531
2.707
2.608
-1
2.053
2.562
2.485
2.486
2.489
2.807
2.046
2.665
2.669
2.641
2.65
1.992
2.517
2.493
2.585
2.588
2.502
2.015
2.48
2.783
2.459
2.502
2.033
2.411
2.536
2.459
2.798
2.443
2.005
2.522
2.633
-1
2.662
2.08
2.445
2.559
2.491
-1
2.512
1.941
2.661
2.574
-1
2.642
2.105
2.486
2.6
2.406
-1
2.402
2.506
2.679
2.52
-1
2.613
2.247
2.379
2.49
2.493
-1
1.876
2.536
2.631
2.513
-1
2.497
2.546
2.618
2.586
2.561
-1
1.866
2.617
2.715
2.504
-1
2.341
2.51
2.547
2.546
2.383
2.454
1.854
2.406
2.652
2.475
2.531
2.354
2.572
2.606
2.602
-1
2.449
1.867
2.572
2.576
2.709
2.515
2.41
2.432
2.695
2.434
-1
2.604
1.853
2.52
2.52
2.547
2.423
2.267
2.47
2.688
2.376
-1
2.525
2.429
2.454
2.621
2.351
2.742
2.357
2.46
2.661
2.57
-1
2.515
2.48
2.484
2.484
2.507
2.803
2.053
2.429
2.679
2.544
2.604
2.053
2.48
2.551
2.515
-1
2.434
1.9
2.531
2.729
-1
2.575
2.281
2.48
2.567
2.472
-1
2.525
1.865
2.604
2.673
-1
2.599
2.296
2.407
2.527
2.498
-1
2.512
1.845
2.571
2.751
2.557
2.362
2.644
2.573
2.571
-1
2.515
2.417
2.437
2.555
2.798
2.376
2.169
2.644
2.646
2.475
-1
2.491
2.525
2.43
2.794
2.576
2.346
1.985
2.475
2.777
2.567
2.629
2.167
2.562
2.642
2.553
-1
2.392
1.914
2.554
2.557
-1
2.594
2.181
2.58
2.505
2.613
-1
2.625
1.867
2.392
2.652
-1
2.646
2.437
2.438
2.626
2.533
-1
2.497
1.893
2.464
2.553
-1
2.646
2.425
2.233
2.586
2.397
-1
2.654
2.449
2.7
2.525
2.546
2.525
2.318
2.48
2.597
2.564
-1
2.536
2.634
2.634
2.629
2.508
2.454
1.944
2.454
2.666
2.796
2.585
2.339
2.43
2.772
2.576
-1
2.371
1.884
2.747
2.551
-1
2.402
2.305
2.413
2.52
2.464
-1
2.454
1.88
2.48
2.683
2.639
2.638
2.392
2.1
2.599
2.6
-1
2.599
2.027
2.495
2.491
2.488
-1
2.469
2.497
2.668
2.378
-1
2.502
2.431
2.561
2.597
2.592
-1
1.866
2.506
2.675
2.49
-1
2.375
2.372
2.536
2.632
2.628
2.423
1.961
2.396
2.651
2.63
2.599
2.351
2.128
2.593
2.616
-1
2.599
2.078
2.525
2.523
2.601
-1
2.572
1.902
2.531
2.402
-1
2.449
2.349
2.44
2.534
2.381
-1
2.475
1.873
2.631
2.629
2.65
2.653
2.475
2.48
2.655
2.406
-1
2.504
2.497
2.497
2.62
2.454
2.751
2.562
2.49
2.688
2.683
-1
2.188
2.493
2.458
2.654
2.475
2.475
1.859
2.666
2.645
2.48
2.557
2.459
2.539
2.535
2.568
-1
2.437
1.873
2.613
2.617
2.421
2.442
2.346
2.066
2.55
2.491
-1
2.52
2.133
2.475
2.517
2.512
-1
2.437
1.889
2.599
2.494
-1
2.44
2.353
2.589
2.591
2.499
-1
2.515
2.486
2.522
2.498
2.609
2.606
2.53
2.665
2.63
2.504
-1
2.105
2.406
2.438
2.562
2.558
2.454
1.921
2.604
-1
2.392
2.412
2.388
2.418
2.5
2.677
-1
2.459
1.92
2.449
2.447
2.688
2.51
2.329
2.236
2.457
2.491
-1
2.671
2.098
2.372
2.523
2.525
-1
2.418
1.841
-1
2.65
-1
2.567
2.351
2.545
2.772
2.525
-1
2.557
2.346
2.506
2.502
2.609
2.437
2.094
2.669
-1
2.541
-1
2.174
2.654
2.402
2.599
2.562
2.459
1.906
2.642
2.747
2.585
2.546
2.239
2.322
2.517
2.594
-1
2.525
1.934
2.688
2.59
2.601
2.596
2.402
1.961
2.455
2.563
-1
2.443
2.234
2.449
2.575
2.55
-1
2.419
1.867
2.592
2.513
2.646
2.613
2.291
2.724
2.702
2.452
-1
2.506
2.541
2.432
2.502
2.526
-1
1.872
2.485
2.783
2.498
-1
2.273
2.638
2.45
