4.043
4.041
4.042
3.998
3.993
4.115
4.08
4.036
3.994
4.001
3.964
3.97
3.978
4.021
4.026
4.026
4.026
4.03
3.983
3.983
4.016
3.976
3.975
3.981
4.016
4.009
4.002
4.003
4.008
4.011
4.013
4.01
3.963
4.075
4.039
4.038
4.039
4.052
3.993
3.987
3.992
3.992
3.991
4.029
4.027
4.03
4.026
4.035
4.038
4.039
4.041
3.993
4.044
4.167
4.113
4.002
4.004
3.998
4.147
3.985
4.041
4.086
4.072
4.067
4.025
3.989
3.993
4.045
4.047
4.009
4.005
4.049
3.997
3.991
3.997
3.994
3.999
3.995
4.001
4.001
3.954
3.993
4.029
4.151
4.105
4.057
4.055
4.055
4.049
4.043
4.04
4.032
4.028
4.034
4.033
3.999
4.005
4.014
4.012
4.016
4.023
4.021
4.015
4.016
4.017
4.012
4.019
3.913
3.955
4.016
3.977
4.015
3.97
3.973
4.016
3.984
4.019
4.01
4.008
4.042
4.037
3.992
4.058
4.056
4.088
4.034
4.036
4.033
4.024
3.985
3.984
3.99
3.986
3.982
4.018
4.012
4.009
4.008
4.008
4.011
4.016
4.013
3.982
4.015
4.068
4.032
4.03
4.035
4
4.051
4.053
4.05
4.047
4.046
3.986
3.955
3.956
4.022
4.022
4.016
4.01
4.045
3.999
4.002
4.006
4.006
4.013
4.024
4.025
4.028
4.026
4.015
4.015
4.015
4.052
4.057
4.057
4.045
4.082
4.075
4.039
4.04
4.002
3.997
3.998
4.002
4.003
3.994
3.996
3.998
3.999
4.004
4.009
4.01
4.012
4.072
4.066
4.056
4.056
4.048
4.055
4.049
4.051
4.02
4.024
4.025
4.067
4.063
4.005
3.962
3.994
4.001
4.007
4.012
4.012
4.046
4.003
4.005
4.003
3.684
3.394
3.928
3.967
3.974
3.972
4.027
3.991
4.032
3.905
3.939
4.001
3.995
4.037
4.029
4.025
3.988
3.982
4.037
4.034
3.988
3.985
4.041
4.036
4.042
4.038
4.039
4.101
4.024
4.021
4.021
4.015
3.986
3.988
3.957
3.963
3.964
4.051
4.044
4.043
4.039
3.919
3.99
3.989
3.987
4.018
4.023
4.015
4.02
4.148
4.035
4.038
4.002
3.998
4.039
4.075
4.023
4.025
3.988
3.988
3.988
3.985
3.991
4.039
4.071
4.018
4.02
4.023
3.972
3.964
3.622
3.768
4.099
4.042
4.043
4.002
4
3.999
4.025
4.03
4.026
3.978
4.086
4.087
4.032
3.997
4.041
4.049
3.928
3.964
4.096
4.06
3.914
4.039
3.921
4.032
4.067
4.083
4.081
4.074
4.021
4.017
4.152
3.951
3.949
3.955
3.993
4.027
4.029
4.034
4.038
4.036
3.999
4.054
4.058
4.06
4.059
3.984
3.976
3.982
3.978
3.981
3.987
3.99
4.021
4.024
4.064
4.069
4.069
4.062
4.054
4.021
4.046
4.002
4.005
3.998
4.042
4.043
4.036
4.03
3.989
4.171
3.982
4.028
3.99
3.994
3.99
3.993
3.996
4.05
4.055
4.051
4.047
4.044
4.037
4.033
4.076
4.022
3.984
4.028
3.972
4.011
4.016
4.016
4.018
4.019
4.012
4.011
4.021
4.017
4.018
4.02
4.019
4.015
4.014
3.959
3.956
3.963
3.963
4.087
4.038
4.042
3.979
3.974
4.027
4.024
4.028
4.021
4.041
4.047
4.047
4.013
4.006
4.006
4.006
4.004
3.997
4.043
4.035
4.037
4.041
4.033
3.992
3.992
3.988
3.983
4.021
3.985
3.989
3.993
4.035
4.032
4.033
3.987
4.033
4.037
4.024
4.021
4.022
4.027
3.991
3.995
4.001
4.004
4.001
4.003
3.996
4.035
3.875
3.927
3.933
4.072
4.038
3.981
4.027
4.023
4.07
4.061
4.054
4.059
4.01
4.016
3.903
4.051
4.048
4.006
4.013
4.016
4.013
4.057
4.055
4.048
4.097
4.104
4.104
3.99
3.997
4.032
4.031
4.035
4.036
4.005
4.051
4.048
4.051
3.999
4.001
3.996
4.05
4.045
4.102
4.062
4.022
4.017
4.012
3.97
3.973
3.727
3.923
4.087
4.084
4.084
4.03
4.026
4.165
3.917
3.97
3.985
3.949
3.982
3.989
4.103
4.044
3.989
3.985
4.018
3.986
4.024
4.085
4.034
4.002
4.003
4.035
3.916
3.978
4.165
4.011
4.01
4.051
4.088
4.08
4.075
3.987
4.184
3.93
4.042
4.036
4.029
4.022
4.074
4.067
4.024
4.026
4.062
4.054
3.93
4.065
4.068
4.061
4.06
4.018
4.061
4.055
4.058
4.098
4.063
4.113
4.058
4.053
4.051
4.02
4.018
4.004
4.008
4.006
4.064
4.065
4.061
4.061
4.064
4.061
4.063
3.977
4.033
4.028
3.916
3.921
3.959
3.957
4.017
4.024
4.02
4.02
4.017
4.016
4.013
4.008
4.052
4.049
4.082
3.934
3.94
4.025
4.017
4.013
4.007
4.009
4.008
4.015
4.019
4.074
4.067
4.027
4.023
3.991
4.103
4.096
4.044
4.195
3.948
3.949
4.011
4.005
4.001
3.994
4.032
4.034
4.034
4.034
4.033
4.066
4.061
4.052
3.992
3.961
3.997
4.12
4.006
4.008
4.003
4.053
4.059
4.05
3.998
4.035
4.038
4.036
4.035
4.027
4.025
4.02
4.019
4.021
4.022
4.018
4.067
4.035
3.997
4.143
4.104
4.059
4.063
3.945
4.071
4.067
4.069
4.024
4.059
4.064
4.06
4.054
4.049
4.01
4.018
3.968
4.09
3.981
4.014
4.003
4.036
3.983
4.13
3.997
4.043
4.04
3.999
3.964
3.999
3.998
4.045
3.997
3.997
4.09
3.935
4.066
4.122
4.062
4.102
4.097
4.097
4.04
3.912
4
4.032
4.028
4.03
4.033
3.975
3.982
3.978
4.038
4.038
4.031
4.027
4.029
4.086
4.043
4.039
3.948
3.986
3.993
4.029
4.026
4.026
3.992
3.992
3.991
3.985
4.104
3.973
3.978
3.972
4.083
4.085
4.038
4.043
4.042
4.085
3.989
3.987
3.983
4.104
4.072
3.922
4.054
4.052
4.005
4.003
4.006
4.012
4.071
4.075
4.04
4.007
4.041
4.038
4.041
4.039
4.041
4.033
4.034
3.999
4
4.005
3.999
3.998
3.999
4.002
3.995
3.991
3.984
3.99
3.986
3.99
4.105
4.061
4.024
4.21
3.894
4.081
4.075
4.067
4.194
4.013
4.019
3.907
4.033
4.03
4.042
3.998
3.991
3.99
4.043
4.049
4.043
4.05
4.047
4.036
4.041
4.039
4.032
4.033
4.026
3.987
3.981
3.935
3.975
4.01
4.013
4.015
3.968
3.971
4.056
4.061
4.068
3.937
3.984
4.114
4.043
4.037
4.037
4.029
3.976
4.019
3.966
3.997
3.993
4.008
3.965
3.961
3.964
3.996
4.04
4.005
4.011
4.055
4.016
4.082
3.944
3.975
4.008
4.003
4.046
4.041
4.041
4.037
3.917
4.106
4.054
4.047
4.098
3.954
4.006
4.006
4.012
4.017
3.973
4.015
3.981
3.931
3.981
3.977
4.01
4.006
4.052
4.168
4.161
3.898
4.032
4.034
4.031
4.026
4.032
4.027
4.033
4.034
4.039
4.02
4.019
4.012
4.017
4.016
4.068
4.025
4.028
4.022
3.989
3.99
3.996
4.056
4.018
4.015
4.017
4.055
4.048
4.042
4.034
4.026
3.982
3.987
3.99
3.995
3.989
4.066
4.007
4.038
4.035
4.029
4.035
3.867
4.017
4.018
4.043
4.045
4.05
4.008
4.007
4.123
4.072
4.066
4.064
4.019
4.015
4.016
3.981
3.979
3.982
3.983
3.99
3.991
3.987
4.018
3.907
3.944
4.056
4.028
4.061
4.057
4.02
4.02
4.015
3.968
3.974
3.97
4.031
4.024
3.983
4.011
4.017
4.012
4.063
4.094
3.982
3.983
4.036
4.04
4.036
4.037
4.033
4.031
4.066
4.008
4.01
4.006
4.009
4.013
4.008
4.004
4.005
3.999
4.03
4.021
4.017
4.024
3.993
3.995
3.997
3.996
3.999
4.005
4.01
3.979
3.98
3.978
3.975
3.98
4.037
4.04
4.045
3.989
3.993
4.033
4.027
4.022
4.077
4.07
4.025
3.992
3.989
3.995
3.991
3.985
4.025
3.993
4.042
4.036
4.037
4.033
4.029
4.083
4.076
4.071
4.114
3.984
3.946
3.982
3.985
3.983
3.984
3.986
3.96
4.009
3.969
3.973
3.975
3.975
3.981
3.984
3.989
3.983
3.984
3.98
3.941
3.982
3.986
4.041
