3.897
4.025
3.969
3.931
3.93
3.894
3.894
3.891
3.897
3.9
3.942
3.977
3.973
3.97
3.962
3.953
3.831
3.891
3.895
3.894
3.949
3.944
3.901
3.895
3.892
3.933
3.901
3.901
3.897
3.9
3.942
3.937
3.981
3.98
3.936
4.029
3.979
3.829
3.83
3.909
3.741
3.872
3.911
3.908
3.905
3.901
3.899
3.895
3.891
3.931
3.857
3.892
3.894
3.893
3.891
3.896
3.89
3.886
3.893
3.93
3.83
3.831
3.828
3.827
3.943
3.934
3.973
3.862
3.868
3.898
3.892
3.898
3.895
3.898
3.863
3.927
3.922
3.916
3.918
3.916
3.914
3.915
3.974
3.861
3.861
3.898
3.891
3.921
3.923
3.877
3.936
3.936
3.933
3.823
3.827
3.867
3.862
3.897
3.934
3.894
3.893
3.887
3.889
3.842
4.008
3.939
3.931
3.812
3.854
4.011
3.969
3.971
3.862
3.832
3.833
3.839
3.841
3.835
3.839
3.886
3.892
3.895
4.005
3.997
3.997
3.938
3.93
3.887
3.891
3.858
3.988
3.939
3.932
3.927
3.928
3.927
3.987
3.943
3.899
3.894
4.027
3.913
3.877
4.037
4.031
3.99
3.851
4.014
3.75
3.89
3.892
3.887
3.883
3.882
3.939
3.939
3.978
3.929
3.768
3.943
3.978
3.978
3.941
3.891
3.891
3.856
3.916
3.918
3.914
3.912
3.913
3.911
3.908
3.862
3.866
3.877
3.872
3.929
3.963
3.96
3.957
3.901
3.899
3.859
3.854
3.89
3.891
3.891
3.893
3.939
3.933
3.885
3.839
3.892
3.848
3.854
3.857
3.862
3.865
3.919
3.878
3.83
3.833
3.833
3.877
3.989
3.948
3.833
3.942
3.935
3.887
3.932
3.886
3.882
3.926
3.876
3.84
3.843
3.878
3.926
3.918
3.881
3.873
3.918
4.109
3.823
3.822
3.824
3.826
3.823
4.001
3.998
3.863
3.864
3.859
3.873
3.908
3.913
3.912
3.915
3.914
3.915
3.913
3.916
3.956
3.926
3.925
3.891
3.886
3.886
3.897
3.933
3.927
3.964
3.913
4.031
3.895
3.893
3.895
3.934
3.933
3.938
3.931
3.801
3.903
3.856
3.894
3.788
3.921
3.92
3.885
3.891
3.885
3.884
3.928
3.907
3.939
3.943
3.908
3.91
3.95
3.955
3.909
3.915
3.912
3.864
3.869
3.865
3.865
3.862
3.864
4.056
4.016
3.897
4.065
4.006
4.003
3.895
3.899
3.9
3.891
3.927
3.932
3.931
3.932
3.929
3.89
3.888
3.851
3.894
3.892
3.892
3.889
3.891
3.886
4.06
4.001
3.842
3.891
3.897
3.905
3.903
3.908
3.913
3.909
3.882
3.878
3.881
3.886
3.88
3.891
4.003
3.97
3.823
3.934
3.984
3.982
3.877
3.911
3.912
3.913
3.919
3.924
3.881
3.935
3.932
3.895
3.888
3.923
3.892
3.929
3.882
3.921
3.924
3.929
3.922
3.892
3.892
3.893
3.923
3.921
3.924
3.925
3.924
3.926
3.92
3.918
3.914
3.906
3.951
3.906
3.911
3.916
3.911
3.905
3.884
3.888
3.889
3.887
3.889
3.883
3.879
3.88
3.882
3.888
3.919
3.912
3.915
3.908
3.907
3.902
3.906
3.904
3.909
3.86
3.885
3.885
3.931
3.928
3.922
3.896
3.892
3.896
3.896
3.936
3.926
3.928
3.965
3.932
3.959
3.902
3.896
3.947
3.94
3.901
3.946
3.946
3.939
3.903
3.904
3.9
3.903
3.904
4.021
3.85
3.85
3.845
3.849
3.855
3.848
3.853
3.886
3.878
4.051
4.006
3.926
3.882
3.884
3.89
3.886
3.882
3.916
3.916
3.913
3.92
3.917
3.91
3.909
3.904
3.907
3.902
3.858
3.865
3.866
3.897
3.891
3.895
3.852
3.847
3.891
3.896
4.005
4
3.86
3.91
3.899
3.901
3.846
3.853
3.855
3.888
3.885
3.878
3.91
3.91
3.91
3.903
3.904
3.905
3.891
3.888
3.894
3.901
3.904
3.867
3.926
3.879
3.886
3.85
3.963
3.919
3.919
3.914
3.948
3.884
3.886
3.84
3.872
3.869
3.994
3.944
3.835
3.984
3.95
3.91
3.905
3.906
3.875
3.935
3.893
3.891
3.893
3.896
3.932
3.934
3.823
3.828
3.833
3.826
3.996
3.98
3.941
3.891
4.007
3.932
3.805
3.928
3.891
3.893
4.03
3.982
3.945
3.948
3.948
3.847
3.85
3.891
3.887
3.847
3.937
3.88
4.003
3.896
3.902
3.948
3.841
3.846
3.851
3.999
3.884
3.887
3.946
3.896
3.932
3.935
3.932
3.932
3.93
3.925
3.926
3.921
3.923
3.88
3.885
3.879
3.886
3.891
3.886
3.888
3.845
3.839
3.88
3.879
3.884
3.902
3.9
3.902
3.908
3.911
3.913
3.916
3.921
3.913
3.957
3.953
4.015
4.017
3.882
3.932
3.898
3.902
3.902
3.909
3.905
3.901
3.894
3.897
3.893
3.897
3.895
3.891
3.861
3.912
3.911
3.97
3.964
3.923
3.819
3.973
3.934
3.9
3.936
3.981
3.977
3.942
3.843
3.888
3.999
3.997
3.836
3.838
3.879
3.915
3.952
3.92
3.874
3.989
3.846
3.897
3.893
3.891
3.858
3.865
4.005
3.948
3.911
3.913
3.905
3.9
3.94
3.94
3.939
3.934
3.898
3.894
3.846
3.803
3.913
3.916
3.923
3.917
3.882
3.879
3.881
4.033
3.976
3.919
3.925
3.926
3.858
3.855
3.887
3.89
3.888
3.928
3.929
3.926
3.922
3.977
3.858
3.912
3.918
3.922
3.922
3.918
3.869
3.874
3.872
3.873
3.872
3.868
3.988
3.984
3.864
3.865
3.903
3.943
3.936
3.888
3.896
3.9
3.907
3.908
3.902
3.903
3.959
3.914
3.879
3.873
3.874
3.88
3.88
3.886
3.886
3.929
3.924
3.92
3.887
3.893
3.891
3.898
3.939
3.938
3.88
3.879
3.88
3.911
3.911
3.907
3.9
3.946
3.905
3.903
3.898
3.946
3.941
3.943
3.907
3.899
3.898
3.866
4.016
3.976
3.924
3.883
3.884
3.882
3.887
3.882
3.878
3.884
3.887
3.887
3.881
3.914
3.909
3.95
3.917
3.961
3.964
3.963
3.958
3.922
3.916
3.869
3.985
3.979
3.925
3.922
3.922
3.917
3.861
3.973
3.978
3.949
3.895
3.898
4.011
3.83
3.885
3.888
3.924
3.919
3.915
3.869
3.868
3.869
3.916
3.874
3.869
3.872
3.87
3.866
3.873
3.924
3.919
3.912
3.913
3.908
3.899
3.896
3.893
3.886
3.889
3.877
3.877
3.874
4.036
3.978
3.966
3.961
3.959
3.96
3.926
3.843
4.004
3.959
3.832
3.876
3.882
3.887
3.891
3.893
3.896
3.857
3.853
3.859
3.855
3.857
3.91
3.903
3.898
3.902
3.786
3.838
3.896
3.901
3.902
3.899
3.902
3.899
3.902
3.896
3.9
3.906
3.936
3.934
3.93
3.931
3.929
3.935
3.932
3.964
3.924
3.913
3.908
3.91
3.916
3.913
3.912
3.911
3.953
3.91
3.875
3.913
3.906
3.902
3.902
3.897
3.948
3.896
3.892
3.893
3.888
3.894
3.889
3.884
3.882
3.887
3.9
3.893
3.891
3.926
3.925
3.914
3.879
3.846
3.85
3.966
3.92
3.882
3.883
3.887
3.89
3.934
3.877
3.876
4.005
3.973
3.939
3.945
4.092
3.921
3.914
3.907
3.911
3.914
3.909
3.911
3.91
3.909
3.913
3.948
3.954
3.948
3.941
3.941
3.943
3.889
3.928
3.924
3.917
3.914
3.917
3.961
3.954
3.951
3.903
3.899
3.901
3.898
3.859
3.975
3.974
3.961
3.964
3.931
3.932
3.897
3.897
3.902
3.904
3.897
3.893
3.883
3.915
3.96
3.966
3.935
3.926
3.877
3.871
3.874
3.873
3.916
3.965
3.961
3.832
3.832
3.871
3.869
3.864
4.002
3.873
3.869
3.866
3.915
3.914
3.909
3.877
3.876
3.88
3.883
3.884
3.893
3.889
3.896
3.899
3.899
3.947
3.945
3.984
3.928
3.924
3.782
3.789
3.835
3.833
3.84
3.877
3.774
3.832
3.832
3.892
3.895
3.776
3.827
3.885
3.89
3.895
3.897
3.902
3.9
3.955
3.961
3.957
3.991
3.874
3.819
3.854
3.86
