4.057
4.063
3.895
4.24
3.94
3.937
3.97
4.101
4.093
4.043
3.91
3.907
4.313
4.034
3.99
3.989
4.047
3.911
3.947
3.9
3.934
3.934
3.894
4.03
4.122
4.337
3.945
4.106
4.104
4.226
4.079
3.97
3.915
3.912
4.091
4.087
-1
3.82
4.162
4.014
3.964
4.231
4.075
3.984
4.25
4.311
3.959
3.964
4.023
4.026
4.023
3.89
4.043
3.916
3.922
-1
3.902
4.024
4.021
4.015
4.007
3.892
3.9
4.236
4.068
4.103
4.061
4.063
4.021
3.967
4.013
4.211
3.939
3.937
4.084
4.047
4.321
4.129
4.129
3.963
4.087
4.131
4.016
3.983
3.988
4.026
4.021
4.073
4.066
4.029
4.308
3.978
3.94
3.99
3.994
3.997
3.863
3.896
4.158
4.106
4.232
-1
4.134
3.997
3.992
3.958
4.145
3.965
3.97
3.973
3.979
4.021
3.895
3.897
3.891
3.934
3.937
4.126
3.972
4.118
4.071
4.066
3.957
3.958
4.222
4.017
4.208
4.157
4.198
4.161
3.952
3.954
3.96
4.132
4.136
4.363
4.029
3.906
4.055
4.062
3.941
4.146
3.985
4.212
3.908
3.912
4.08
4.057
4.049
4.089
4.093
4.049
4.089
4.205
3.995
4.213
4.052
3.93
3.931
4.05
4.052
4.051
4.139
4.137
4.129
3.968
3.972
3.976
4.064
4.023
3.984
3.989
3.987
4.039
4.042
4.211
4.172
4.164
4.01
4.067
4.074
4.079
3.958
3.95
3.951
3.99
3.989
3.856
4.011
4.016
4.015
3.964
4.002
4.001
4
4.036
4.033
3.885
3.878
3.883
4.057
4.05
3.995
4.318
4.034
4.026
3.974
3.974
4.023
4.025
4.079
3.883
3.99
3.867
4.091
3.912
3.857
3.838
3.952
4.083
3.943
3.819
4.157
4.156
3.98
3.977
4.304
3.904
3.907
3.909
3.953
3.905
3.903
4.096
4.058
4.117
3.802
4.039
4.214
3.924
4.148
4.152
3.979
3.982
3.987
3.986
3.989
3.985
3.938
3.939
3.935
3.929
3.936
4.071
3.932
3.939
3.939
3.99
4.022
3.986
4.112
3.961
4.099
4.095
4.062
4.03
3.882
4.057
4.116
4.081
3.957
4.136
4.116
3.952
4.008
3.803
3.85
4.134
4.101
4.101
4.098
3.989
4.037
3.867
4.134
4.101
4.097
4.056
4.05
4.052
4.049
4.043
4.259
3.955
4.016
3.86
3.991
3.936
4.072
4.071
4.022
3.99
4.255
4.045
4.04
3.878
4.081
3.902
4.077
4.07
4.066
3.922
3.919
3.976
4.022
3.76
3.95
3.981
4.106
4.099
4.066
4.064
4.318
4.144
3.843
3.969
3.965
4.019
3.96
4.255
4.052
4.112
3.95
3.987
4.023
4.02
4.021
4.245
3.955
4.144
4.097
4.058
4.025
4.027
4.068
4.069
4.115
4.295
3.974
4.174
4.121
4.085
4.051
4.384
4.029
4.067
4.121
4.124
4.121
3.844
3.957
3.99
3.935
4.161
4.155
4.094
3.984
4.033
4.039
3.981
4.151
3.97
4.015
3.977
3.982
4.111
4.108
4.143
4.106
4.1
3.96
3.966
3.96
3.918
3.925
3.884
4.172
4.169
4.11
3.994
4.031
4
4
4.032
3.996
3.998
3.992
3.942
3.942
4.056
3.945
3.941
4.074
4.232
4.232
4.365
4.187
4.176
4.174
4.042
4.036
3.877
3.999
4.117
4.11
4.078
4.071
4.03
3.985
3.988
4.032
4.034
4.068
4.068
3.866
3.987
3.984
3.988
4.045
3.906
3.94
3.895
3.938
3.971
3.975
4.028
4.079
3.956
4.103
4.105
4.102
3.946
4.166
4.033
3.984
3.99
4.027
3.839
4.29
4.157
3.971
4.022
4.033
3.9
4.076
3.933
3.991
4.308
4.05
4.046
3.838
4.12
3.975
4.33
3.855
4.384
3.969
3.919
4.037
3.867
3.866
3.87
3.919
3.976
3.928
3.798
3.974
4.139
4.133
4.074
4.275
3.978
3.971
4.113
3.832
3.886
3.886
3.886
3.93
4.222
4.036
4.043
4.096
4.093
4.056
4.051
3.945
3.913
4.236
4.093
4.097
3.941
4.117
3.957
4.003
4.21
4.213
3.85
4.006
4.012
3.957
4.017
4.155
4.149
4.143
4.189
3.799
3.842
4.014
4.018
3.958
4.008
4.236
4.073
4.219
4.094
4.048
3.983
3.978
4.155
3.85
3.89
4.388
4.005
4
3.999
4.042
3.99
4.14
3.878
4.085
4.086
3.887
3.891
4.058
4.209
4.097
3.936
3.938
4.084
4.089
4.125
3.921
4.144
4.18
4.119
4.358
4.005
4.008
4.138
4.144
3.834
4.12
3.958
3.965
3.965
4.014
4.326
4.039
4.033
4.026
3.925
3.923
3.964
3.999
4.002
4.004
4.036
4.262
4.093
3.972
3.975
3.844
3.901
3.944
4.06
4.088
4.038
4.034
3.999
3.956
3.941
4.236
3.935
4.088
4.137
4.108
3.994
3.996
3.994
4.035
4.055
4.056
4.024
4.217
4.159
4.151
3.892
3.933
4.063
4.028
4.223
3.964
4.109
4.066
3.894
3.863
3.921
4.05
4.052
4.015
4.012
4.014
3.839
3.844
4.044
4.036
4.073
4.066
4.024
4.172
4.231
4.022
3.965
3.918
4.094
3.98
4.148
4.027
3.993
4.308
4.035
4.041
4.048
4.051
4.09
3.893
4.007
4.006
4.01
3.959
4.116
3.95
3.944
3.979
3.978
4.071
4.211
4.03
4.072
4.068
4.015
4.02
4.077
4.032
4.027
4.046
3.864
4.083
4.082
4.032
3.957
4.168
4.204
3.942
4.053
4.011
4.134
3.94
3.944
3.95
3.773
3.882
4.25
3.974
4.01
4.069
3.922
3.927
3.934
4.052
4.042
4.045
4.038
3.892
4.033
4.222
3.908
3.912
3.919
3.916
4.099
3.809
4.176
4.233
4.171
4.048
3.996
3.944
3.825
4.11
4.12
3.975
3.98
4.204
4.209
3.97
3.967
4.137
4.006
3.814
4.082
4.046
4.047
4.085
4.086
3.957
3.993
4.049
3.859
3.966
3.972
3.972
3.926
4.095
3.981
4.031
4.198
4.052
4.116
4.109
4.113
3.938
3.983
3.983
3.988
3.982
3.937
3.998
4.044
4.041
3.928
3.969
3.859
4.33
3.93
3.981
3.936
3.971
3.929
-1
3.867
4.134
4.019
3.979
3.984
4.06
4.23
4.17
4.123
4.069
3.949
3.836
3.885
3.929
4.091
3.975
3.928
4.042
4
4.057
4.087
4.091
4.089
4.085
3.814
3.902
3.9
4.043
4.004
4
4.173
4.165
3.954
3.961
3.96
3.951
3.953
3.952
4.144
4.011
4.027
4.031
4.025
4.02
4.027
4.016
4.02
4.022
4.156
4.032
3.985
3.985
4.027
4.213
4.056
3.868
4.047
4.049
4.05
4.113
3.894
3.934
4.15
4.104
3.985
4.037
3.915
4.076
4.211
4.073
4.018
4.055
1.613
1.555
4.029
4.065
3.913
3.948
3.777
3.993
3.964
4.011
3.951
3.919
3.918
4.086
4.2
3.832
3.951
3.944
4.081
3.826
4.029
3.876
4.231
4.169
4.162
4.301
4.081
3.883
4.153
4.093
3.935
3.997
4.158
3.786
3.968
4.02
3.964
4.231
4.024
3.891
3.939
3.945
3.942
3.984
3.879
4.024
4.072
3.896
3.89
4.011
4.056
4.116
4.407
4.173
4.174
3.881
4.098
3.945
4.213
3.913
4.181
3.82
4.13
4.048
3.991
4.107
4.102
3.805
4.205
4.051
4.28
4.274
4.068
3.916
4.217
3.902
4.19
4.127
4.313
4.16
4.009
4.151
3.914
4.085
4.05
4.054
3.926
3.925
4.066
4.066
4.071
4.105
4.06
3.985
4.035
4.033
4.025
4.019
3.998
4.388
4.255
4.005
3.891
4.162
4.11
4.103
3.932
3.927
3.953
4.09
4.052
4.046
4
4.102
4.096
4.089
3.826
3.984
3.988
3.988
4.164
4.116
4.081
3.832
3.833
-1
3.908
4.11
4.056
4.049
3.997
4
3.949
4.089
4.088
4.081
3.934
3.941
3.995
4.218
4.004
4.001
3.97
3.855
4.139
4.021
4.015
3.86
4.124
3.991
3.96
3.992
3.877
3.997
3.978
4.034
4.001
4.123
4.246
3.955
3.959
3.956
4.09
4.221
4.062
4.064
4.057
4.063
4.059
4.062
4.027
4.402
4.082
4.017
4.152
4.144
3.983
4.032
4.029
3.982
4.299
3.929
3.936
3.981
4.334
4.133
4.076
4.043
4.087
4.037
4.032
3.914
