3.62
-1
3.741
3.738
3.743
3.703
-1
3.774
3.77
3.715
3.715
-1
3.683
3.692
3.695
3.726
-1
3.783
3.772
3.768
3.761
4.139
3.739
3.73
3.733
3.731
4.021
3.69
3.726
3.757
3.75
3.901
3.794
3.674
3.674
3.676
3.926
3.792
3.787
3.658
3.695
3.733
3.727
3.731
3.69
3.83
3.783
3.668
3.718
3.568
4.121
3.698
3.698
3.701
3.599
-1
3.741
3.734
3.738
3.688
-1
3.722
3.721
3.719
3.588
-1
3.76
3.8
3.795
3.666
-1
3.771
3.764
3.756
3.753
-1
3.663
3.669
3.677
3.711
-1
3.724
3.721
3.721
3.724
-1
3.748
3.745
3.74
3.738
4.147
3.666
3.706
3.761
3.757
4.133
3.736
3.732
3.735
3.73
3.901
3.749
3.747
3.739
3.771
3.803
3.8
3.797
3.646
3.77
3.772
3.767
3.733
3.679
4.008
3.73
3.73
3.726
3.727
-1
3.748
3.698
3.704
3.663
-1
3.73
3.727
3.731
3.61
-1
3.739
3.732
3.734
3.687
-1
3.71
3.708
3.717
3.713
-1
3.769
3.731
3.731
3.727
-1
3.713
3.715
3.765
3.766
-1
3.792
3.752
3.747
3.743
4.397
3.699
3.702
3.738
3.74
4.074
3.753
3.755
3.752
3.756
3.931
3.745
3.745
3.71
3.742
3.856
3.802
3.766
3.717
3.723
3.726
3.73
3.733
3.731
3.829
3.696
3.726
3.721
3.676
4.248
3.769
3.764
3.762
3.755
-1
3.73
3.727
3.733
3.74
-1
3.814
3.548
3.707
3.66
-1
3.76
3.753
3.755
3.571
-1
3.717
3.757
3.75
3.695
-1
3.695
3.696
3.696
3.697
-1
3.753
3.75
3.756
3.755
-1
3.692
3.697
3.695
3.702
4.382
3.763
3.765
3.768
3.73
4.147
3.758
3.723
3.684
3.695
4.007
3.771
3.767
3.773
3.764
3.925
3.658
3.694
3.698
3.745
3.779
3.749
3.778
3.772
3.904
3.87
3.752
3.747
3.74
4.263
3.753
3.756
3.752
3.72
-1
3.756
3.76
3.763
3.759
-1
3.765
3.71
3.711
3.709
-1
3.754
3.747
3.741
3.741
-1
3.748
3.75
3.749
3.718
-1
3.816
3.761
3.761
3.761
-1
3.671
3.708
3.714
3.712
-1
3.634
3.689
3.794
3.756
-1
3.741
3.745
3.748
3.747
3.74
3.675
3.713
3.718
3.755
4.031
3.723
3.694
3.732
3.729
4.002
3.706
3.711
3.743
3.744
3.748
3.742
3.745
3.745
3.708
3.851
3.797
3.792
3.754
4.047
3.763
3.718
3.75
3.748
-1
3.68
3.719
3.722
3.723
3.621
3.69
3.695
3.697
3.699
-1
3.779
3.773
3.772
3.77
3.66
3.689
3.801
3.747
3.744
-1
3.733
3.73
3.728
3.726
3.684
3.748
3.746
3.717
3.721
3.752
3.728
3.691
3.721
3.72
3.723
3.719
3.759
3.762
3.73
3.731
3.763
3.76
3.754
3.752
3.713
3.722
3.755
3.753
3.785
3.781
3.725
3.732
3.775
3.737
3.741
3.748
3.75
3.745
3.74
3.85
3.77
3.763
3.768
3.637
3.894
3.806
3.771
3.729
3.585
4.292
3.799
3.789
3.79
3.628
3.756
3.754
3.749
3.719
3.58
3.724
3.72
3.721
3.717
3.584
3.706
3.708
3.754
3.76
3.72
3.705
3.71
3.71
3.706
-1
3.654
3.697
3.696
3.693
3.699
3.739
3.742
3.738
3.733
3.74
3.803
3.798
3.794
3.765
3.762
-1
3.739
3.736
3.731
3.725
3.717
3.719
3.719
3.717
3.719
4.129
3.808
3.801
3.762
3.767
3.697
3.699
3.693
3.734
3.74
4.008
3.714
3.718
3.712
3.76
3.801
3.737
3.73
3.628
3.92
3.724
3.723
3.723
3.673
4.106
3.781
3.776
3.732
3.681
-1
3.763
3.732
3.729
3.582
-1
3.775
3.762
3.759
3.628
-1
3.739
3.732
3.729
3.723
-1
3.69
3.729
3.732
3.726
-1
3.748
3.738
3.74
3.706
-1
3.767
3.802
3.796
3.75
-1
3.752
3.705
3.742
3.741
-1
3.783
3.782
3.776
3.771
-1
3.728
3.725
3.726
3.726
4.155
3.717
3.717
3.721
3.763
4.123
3.678
3.681
3.725
3.768
3.908
3.711
3.717
3.719
3.77
3.881
3.747
3.746
3.63
3.777
3.812
3.811
3.765
3.72
4.077
3.799
3.67
3.707
3.701
-1
3.776
3.773
3.735
3.616
-1
3.744
3.748
3.724
3.596
-1
3.736
3.729
3.723
3.681
-1
3.8
3.698
3.707
3.7
-1
3.741
3.74
3.746
3.741
-1
3.719
3.724
3.717
3.712
-1
3.715
3.716
3.712
3.717
-1
3.797
3.795
3.786
3.787
-1
3.695
3.694
3.737
3.739
-1
3.655
3.69
3.697
3.756
4.331
3.735
3.732
3.731
3.727
4.088
3.693
3.696
3.783
3.744
4.028
3.666
3.712
3.717
3.752
3.859
3.801
3.793
3.737
3.781
3.784
3.779
3.784
3.637
4.102
3.73
3.723
3.728
3.722
-1
3.793
3.738
3.737
3.591
-1
3.709
3.711
3.711
3.534
-1
3.802
3.798
3.667
3.636
-1
3.753
3.746
3.744
3.698
-1
3.739
3.74
3.74
3.704
-1
3.768
3.769
3.768
3.762
-1
3.783
3.788
3.789
3.758
-1
3.734
3.731
3.731
3.73
-1
3.733
3.736
3.74
3.74
-1
3.709
3.753
3.755
3.75
4.308
3.758
3.759
3.756
3.746
4.059
3.722
3.723
3.722
3.851
4.018
3.831
3.799
3.752
3.752
3.871
3.829
3.719
3.764
3.851
3.849
3.802
3.757
3.728
4.199
3.733
3.762
3.757
3.625
-1
3.734
3.73
3.724
3.723
-1
3.715
3.721
3.759
3.757
-1
3.703
3.704
3.832
3.792
-1
3.785
3.78
3.747
3.712
-1
3.735
3.706
3.712
3.706
-1
3.76
3.753
3.747
3.747
-1
3.763
3.759
3.762
3.759
-1
3.776
3.776
3.731
3.779
-1
3.719
3.72
3.716
3.715
-1
3.736
3.742
3.738
3.774
4.201
3.789
3.681
3.684
3.726
4.053
3.741
3.741
3.745
3.75
3.916
3.672
3.72
3.72
3.724
3.783
3.731
3.729
3.726
3.864
3.857
3.736
3.733
3.73
4.077
3.785
3.752
3.751
3.751
4.359
3.285
3.712
3.714
3.713
-1
3.76
3.763
3.765
3.765
-1
3.775
3.743
3.744
3.74
-1
3.728
3.728
3.725
3.729
-1
3.746
3.75
3.744
3.738
-1
3.713
3.71
3.713
3.717
-1
3.758
3.756
3.756
3.752
-1
3.782
3.672
3.711
3.709
-1
3.701
3.698
3.701
3.732
-1
3.763
3.732
3.732
3.737
4.261
3.788
3.784
3.746
3.744
3.75
3.73
3.726
3.728
3.729
3.729
3.753
3.754
3.752
3.746
3.749
3.761
3.757
3.754
3.747
3.784
3.736
3.705
3.809
3.757
3.81
3.749
3.743
3.739
3.732
3.748
3.744
3.743
3.744
3.693
3.633
3.742
3.737
3.736
3.596
3.809
3.802
3.761
3.759
3.628
3.758
3.761
3.765
3.761
3.724
3.744
3.743
3.712
3.711
3.71
3.797
3.79
3.754
3.756
3.753
3.785
3.78
3.78
3.74
3.736
3.725
3.722
3.728
3.731
3.732
3.767
3.76
3.758
3.72
3.719
3.735
3.733
3.729
3.732
3.738
-1
3.729
3.73
3.731
3.73
3.706
3.738
3.78
3.782
3.777
3.736
3.735
3.74
3.733
3.734
3.938
3.763
3.764
3.761
3.761
3.793
3.751
3.751
3.646
3.695
3.674
3.727
3.757
3.725
3.77
3.74
3.733
3.728
3.681
4.019
3.776
3.777
3.721
3.714
3.782
3.781
3.776
3.776
3.62
3.744
3.742
3.74
3.747
3.605
-1
3.727
3.722
3.725
3.718
3.717
3.716
3.711
3.71
3.655
3.711
3.766
3.736
3.73
3.683
3.728
3.728
3.729
3.724
3.691
3.67
3.719
3.723
3.685
3.69
-1
3.715
3.717
3.721
3.762
3.733
3.735
3.729
3.769
3.763
-1
