3.919
3.923
3.919
3.915
3.915
3.909
3.905
4.034
3.92
3.917
3.918
3.917
3.909
3.909
3.907
3.906
3.909
3.914
3.916
3.879
3.921
3.917
3.918
3.92
3.915
3.915
3.909
3.919
3.919
3.919
3.887
3.892
3.952
3.922
3.928
3.932
3.895
3.902
3.896
3.891
3.928
3.926
3.921
3.926
3.919
3.913
3.872
3.877
3.879
3.877
3.881
3.885
3.882
3.882
3.875
3.881
3.883
3.878
3.876
3.879
3.881
3.877
3.88
3.882
3.882
3.924
3.92
3.924
3.924
3.925
3.888
3.885
3.888
3.892
3.933
3.9
3.898
3.903
3.908
3.908
3.906
3.903
3.903
3.902
3.904
3.945
3.945
3.904
3.902
3.903
3.908
3.905
3.949
3.941
3.943
3.939
3.897
3.891
3.892
3.892
3.936
3.933
3.939
3.944
3.905
3.91
3.912
3.907
3.872
3.632
3.881
3.91
3.91
3.909
3.945
3.887
3.886
3.881
3.883
3.887
3.885
3.881
3.919
3.923
3.923
3.923
3.92
3.919
3.919
3.916
3.918
3.912
3.923
3.921
3.923
3.919
3.923
3.918
3.917
3.922
3.921
3.921
3.927
3.895
3.893
3.895
3.897
3.897
3.901
3.904
3.903
3.899
3.9
3.904
3.902
3.901
3.902
3.899
3.906
3.912
3.905
3.908
3.909
3.911
3.912
3.912
3.917
3.874
3.91
3.916
3.919
3.968
3.98
3.979
3.973
3.976
3.976
3.967
3.962
3.959
3.954
3.959
3.965
3.967
3.966
3.907
3.907
3.945
3.944
3.947
3.944
3.944
3.95
3.946
3.982
3.98
3.978
3.978
3.975
3.97
3.965
3.958
3.953
3.946
3.946
3.948
3.95
4.006
3.958
3.956
3.957
3.948
3.941
3.937
3.939
4.072
3.957
3.956
3.959
3.962
4.102
4.095
3.902
3.909
3.916
3.916
3.918
3.928
4.306
3.936
3.939
3.936
3.932
3.937
3.933
3.934
3.887
3.933
3.927
3.736
4.004
4.154
3.888
3.888
3.892
3.899
4.024
3.976
3.941
3.935
3.933
3.937
3.992
3.992
3.998
3.992
3.93
3.935
3.929
3.925
3.75
3.906
3.908
3.912
3.906
3.909
3.876
3.881
3.876
3.879
3.883
3.882
3.877
3.732
3.903
3.907
3.908
3.911
3.905
4.023
3.966
3.85
3.855
3.862
3.869
3.875
3.871
3.878
3.877
3.878
3.88
3.878
3.886
3.886
3.92
3.745
3.886
3.891
3.897
3.855
3.969
3.969
3.935
3.934
3.928
3.927
3.924
3.865
3.865
3.872
3.913
3.908
4.033
4.039
3.922
3.923
3.92
3.924
3.979
3.93
3.926
3.902
3.898
3.9
3.898
3.895
4.11
3.97
3.937
3.93
3.932
3.93
3.968
3.964
3.909
3.912
3.909
3.912
3.906
3.942
3.983
3.978
3.941
3.939
3.931
3.924
3.92
3.974
3.848
3.852
3.859
3.9
3.904
3.908
3.905
3.906
3.909
3.909
3.91
3.903
3.946
3.948
3.949
3.946
3.892
3.928
3.934
3.933
3.94
3.933
3.899
3.897
3.905
3.908
3.909
3.902
3.9
3.898
3.902
3.902
3.899
3.902
3.897
3.934
3.932
3.925
3.925
3.93
3.929
3.934
3.933
3.971
3.907
3.914
3.916
3.915
3.912
3.906
3.908
3.908
3.905
3.914
3.912
3.911
3.912
3.912
3.907
3.909
3.91
3.908
3.91
3.913
3.912
3.91
3.914
3.918
3.919
3.921
3.955
3.949
3.951
3.944
3.942
3.944
3.937
3.938
3.89
3.89
3.89
3.895
3.898
3.933
3.927
3.922
3.925
3.917
3.885
3.885
3.891
3.895
3.897
3.892
3.899
3.902
3.936
3.929
3.925
3.922
3.921
3.917
3.913
3.911
3.908
3.906
3.912
3.914
3.913
3.91
3.907
3.908
3.909
3.911
3.914
3.912
3.919
3.926
3.919
3.92
3.921
3.922
3.918
3.913
3.912
3.913
3.909
3.907
3.906
3.911
3.91
3.942
3.938
3.934
3.94
3.942
3.938
3.933
3.927
3.925
3.923
3.919
3.916
3.913
3.913
3.916
3.947
3.945
3.943
3.94
3.941
3.902
3.91
3.906
3.908
3.912
3.914
3.917
3.923
3.926
3.924
3.92
3.927
3.922
3.917
3.917
3.949
3.94
3.939
3.942
3.939
3.933
3.935
3.891
3.89
3.891
3.931
3.929
3.934
3.934
3.936
3.941
3.939
3.938
3.934
3.902
3.907
3.906
3.907
3.907
3.901
3.952
3.914
3.917
3.909
3.913
3.917
3.921
3.927
3.922
3.919
3.918
3.916
3.916
3.916
3.923
3.917
3.913
3.945
3.945
3.948
3.941
3.905
3.865
3.867
3.906
3.903
3.906
3.908
3.906
3.913
3.918
3.997
3.991
3.948
4.064
3.91
3.911
3.912
3.914
3.951
3.916
3.909
4.019
3.891
3.894
3.925
3.928
3.963
3.923
3.922
3.918
3.923
3.921
3.81
3.924
3.883
3.927
3.482
3.904
3.904
4.014
3.96
3.953
3.909
3.906
3.906
3.911
3.915
3.972
3.969
3.928
3.926
3.928
3.933
3.751
3.919
3.922
3.923
3.923
3.915
3.873
3.878
3.84
3.881
3.881
3.889
3.891
3.833
3.894
3.895
3.898
3.901
3.903
3.945
3.946
3.945
3.95
3.948
3.947
3.917
3.913
3.859
3.865
3.902
3.899
3.905
3.902
3.904
3.906
3.643
3.902
3.939
3.932
3.892
3.855
3.887
3.889
3.889
3.887
3.885
3.887
3.829
3.792
3.84
3.889
3.885
4.025
3.874
3.872
3.874
3.909
3.913
3.907
3.912
3.914
3.953
3.946
3.942
3.94
3.938
3.934
3.897
3.898
3.9
3.901
3.899
3.898
3.9
3.87
3.873
3.906
3.91
3.915
3.917
3.915
3.909
3.913
3.912
3.909
3.907
3.912
3.905
3.902
3.905
3.905
3.904
3.897
3.89
3.894
3.892
3.898
3.896
3.896
3.897
3.896
3.898
3.899
3.904
3.903
3.899
3.896
3.895
3.897
3.897
3.931
3.926
3.918
3.914
3.912
3.911
3.909
3.914
3.916
3.913
3.914
3.913
3.922
3.927
3.925
3.918
3.917
3.92
3.884
3.885
3.89
3.892
3.899
3.898
3.898
3.901
3.87
3.868
3.926
3.925
3.922
3.92
3.921
3.887
3.917
3.915
3.915
3.917
3.921
3.914
3.915
3.917
3.919
3.918
3.918
3.921
3.916
3.923
3.923
3.918
3.915
3.911
3.907
3.908
3.914
3.912
3.916
3.913
3.908
3.906
3.908
3.909
3.905
3.905
3.907
3.909
3.904
3.901
3.898
3.899
3.899
3.906
3.906
3.909
3.911
3.905
3.9
3.908
3.901
3.901
3.904
3.9
3.897
3.894
3.899
3.901
3.899
3.902
3.9
3.9
3.9
3.898
3.901
3.905
3.908
3.913
3.915
3.944
3.938
3.936
3.94
3.937
3.932
3.928
3.928
3.922
3.923
3.919
3.918
3.922
3.918
3.922
3.916
3.913
3.917
3.922
3.915
3.919
3.922
3.917
3.912
3.912
3.915
3.91
3.907
3.902
3.941
3.94
3.941
3.939
3.932
3.93
3.923
3.921
3.921
3.927
3.923
3.923
3.926
3.922
3.914
3.915
3.913
3.908
3.907
3.913
3.911
3.914
3.915
3.966
3.929
3.932
3.922
3.922
3.927
3.925
3.883
3.888
3.895
3.844
3.892
3.895
3.901
3.896
3.898
3.897
3.903
3.909
3.91
3.912
3.957
3.951
3.758
3.928
3.926
3.921
3.873
3.878
3.878
4.02
3.974
3.969
3.956
3.918
3.914
3.913
3.728
3.903
3.898
3.896
3.892
3.954
3.953
3.946
3.94
3.942
3.943
3.946
3.946
3.94
3.975
3.968
3.927
3.96
4.014
3.892
3.898
3.903
3.901
3.899
3.901
3.906
3.983
3.978
3.971
3.967
3.912
4.039
3.912
3.914
3.915
3.913
3.917
3.865
3.867
3.864
3.92
3.895
3.894
3.891
3.935
3.902
3.905
3.904
3.902
3.903
3.904
3.943
3.94
3.943
3.831
3.833
3.835
3.833
3.603
3.876
3.766
3.76
3.753
3.882
3.88
3.874
3.87
3.923
3.918
3.915
3.909
3.775
3.921
3.917
3.91
3.911
3.912
3.913
3.912
4.038
3.832
3.881
3.923
3.883
3.889
3.74
3.963
3.959
3.958
3.926
3.92
3.885
3.886
3.879
3.935
3.931
3.901
3.9
3.863
3.87
3.872
3.92
3.913
3.916
3.885
3.89
3.888
3.944
3.943
3.95
3.95
3.956
3.904
3.908
3.911
3.914
