3.792
3.795
3.855
3.861
3.739
3.744
3.743
3.796
3.831
3.832
3.822
3.87
3.822
3.825
3.778
3.821
3.815
3.846
3.814
3.815
3.856
3.849
3.848
3.85
3.891
3.889
3.846
3.715
3.821
3.773
3.812
3.815
3.875
3.823
3.93
3.827
3.827
3.827
3.825
3.78
3.828
3.858
3.852
3.854
3.846
3.795
3.797
3.794
3.797
3.792
3.794
3.829
3.832
3.826
3.819
3.737
3.873
3.873
3.866
3.781
3.786
3.791
3.793
3.846
3.882
3.839
3.838
3.805
3.811
3.811
3.835
3.832
3.837
3.84
3.842
3.891
3.857
3.748
3.754
3.747
3.822
3.821
3.82
3.818
3.812
3.855
3.817
3.812
3.809
3.811
3.815
3.813
3.811
3.807
3.83
3.884
3.832
3.886
3.886
3.775
3.781
3.779
3.784
3.828
3.827
3.83
3.864
3.83
3.834
3.781
3.648
3.693
3.817
3.812
3.811
3.814
3.816
3.849
3.845
3.807
3.805
3.811
3.81
3.815
3.817
3.817
3.822
3.934
3.785
3.899
3.854
3.73
3.842
3.836
3.842
3.846
3.85
3.843
3.895
3.819
3.764
3.765
3.759
3.797
3.916
3.872
3.869
3.873
3.867
3.753
3.792
3.786
3.79
3.792
3.793
3.841
3.838
3.843
3.84
3.81
3.847
3.842
3.838
3.801
3.768
3.766
3.813
3.847
3.888
3.881
3.874
3.87
3.754
3.872
3.756
3.808
3.815
3.812
3.815
3.817
3.817
3.878
3.876
3.844
3.802
3.806
3.8
3.803
3.808
3.811
3.868
3.834
3.89
3.85
3.724
3.756
3.754
3.758
3.763
3.906
3.899
3.892
3.853
3.801
3.798
3.761
3.76
3.871
3.874
3.836
3.834
3.832
3.836
3.875
3.795
3.798
3.843
3.811
3.811
3.781
3.786
3.788
3.922
3.915
3.796
3.799
3.667
3.828
3.718
3.812
3.813
3.873
3.867
3.864
3.732
3.763
3.767
3.894
3.843
3.803
3.808
3.806
3.803
3.808
3.869
3.83
3.864
3.833
3.835
3.834
3.704
3.739
3.743
3.748
3.795
3.8
3.8
3.806
3.8
3.798
3.855
3.802
3.801
3.802
3.806
3.812
3.811
3.863
3.821
3.827
3.831
3.779
3.785
3.744
3.778
3.775
3.782
3.788
3.839
3.8
3.771
3.818
3.813
3.813
3.813
3.82
3.817
3.815
3.819
3.941
3.935
3.933
3.893
3.842
3.734
3.77
3.774
3.776
3.772
3.827
3.825
3.828
3.824
3.769
3.748
3.801
3.834
3.831
3.829
3.833
3.83
3.83
3.942
3.904
3.864
3.86
3.854
3.821
3.818
3.827
3.822
3.823
3.827
3.776
3.783
3.779
3.813
3.702
3.825
3.879
3.873
3.87
3.863
3.823
3.948
3.822
3.819
3.814
3.82
3.844
3.788
3.821
3.818
3.819
3.858
3.857
3.852
3.848
3.681
3.739
3.775
3.78
3.786
3.819
3.824
3.784
3.784
3.832
3.838
3.843
3.809
3.696
3.744
3.775
3.806
3.839
3.886
3.85
3.904
3.816
3.777
3.81
3.803
3.797
3.801
3.772
3.772
3.806
3.808
3.848
3.846
3.849
3.731
3.735
3.771
3.765
3.931
3.872
3.825
3.862
3.854
3.851
3.843
3.807
3.783
3.79
3.905
3.853
3.85
3.847
3.849
3.85
3.906
3.899
3.852
3.849
3.669
3.779
3.78
3.789
3.796
3.923
3.919
3.918
3.866
3.86
3.824
3.82
3.817
3.814
3.81
3.812
3.809
3.813
3.934
3.812
3.857
3.857
3.856
3.793
3.798
3.803
3.802
3.801
3.811
3.854
3.851
3.847
3.845
3.849
3.847
3.804
3.773
3.777
3.786
3.784
3.785
3.836
3.784
3.831
3.832
3.714
3.753
3.758
3.79
3.789
3.826
3.831
3.836
3.805
3.847
3.849
3.847
3.842
3.787
3.786
3.78
3.786
3.79
3.798
3.846
3.843
3.841
3.837
3.808
3.806
3.809
3.843
3.808
3.79
3.821
3.822
3.825
3.864
3.859
3.857
3.826
3.653
3.78
3.779
3.779
3.828
3.789
3.793
3.902
3.872
3.877
3.819
3.828
3.835
3.788
3.794
3.76
3.77
3.829
3.874
3.868
3.868
3.82
3.814
3.814
3.809
3.845
3.838
3.866
3.86
3.859
3.854
3.824
3.917
3.909
3.863
3.856
3.682
3.806
3.842
3.838
3.798
3.796
3.799
3.803
3.805
3.81
3.81
3.844
3.841
3.667
3.818
3.821
3.817
3.868
3.871
3.832
3.838
3.838
3.793
3.762
3.76
3.764
3.776
3.817
3.82
3.818
3.822
4.135
3.813
3.871
3.869
3.764
3.8
3.795
3.795
3.792
3.798
3.833
3.828
3.824
3.86
3.893
3.866
3.86
3.855
3.675
3.776
3.775
3.768
3.771
3.807
3.814
3.869
3.867
3.86
3.817
3.809
3.811
3.704
3.824
3.819
3.816
3.816
3.869
3.864
3.865
3.857
3.725
3.771
3.774
3.811
3.815
3.811
3.773
3.776
3.78
3.823
3.876
3.877
3.871
3.866
3.678
3.777
3.784
3.791
3.796
3.798
3.807
3.81
3.812
3.844
3.841
3.843
3.845
3.801
3.794
3.81
3.815
3.814
3.819
3.819
3.826
3.831
3.946
3.788
3.786
3.822
3.785
3.788
3.794
3.794
3.838
3.946
3.912
3.88
3.843
3.837
3.794
3.748
3.754
3.76
3.758
3.816
3.817
3.819
3.818
3.951
3.889
3.849
3.842
3.699
3.75
3.791
3.794
3.836
3.838
3.833
3.826
3.829
3.941
3.891
3.883
3.882
3.62
3.8
3.796
3.799
3.801
3.806
3.806
3.804
3.846
3.91
3.878
3.877
3.831
3.665
3.774
3.777
3.778
3.777
3.775
3.816
3.813
3.815
3.811
3.815
3.814
3.815
3.816
3.768
3.818
3.823
3.818
3.818
3.876
3.87
3.861
3.857
3.815
3.816
3.819
3.818
3.779
3.783
3.821
3.823
3.782
3.976
3.927
3.925
3.829
3.727
3.776
3.773
3.779
3.832
3.833
3.838
3.834
3.795
3.794
3.887
3.882
3.878
3.871
3.708
3.778
3.809
3.845
3.852
3.853
3.811
3.846
3.801
3.858
3.814
3.817
3.817
3.692
3.85
3.745
3.748
3.794
3.8
3.795
3.796
3.802
3.859
3.827
3.831
3.824
3.645
3.766
3.796
3.802
3.814
3.815
3.862
3.823
3.824
3.866
3.86
3.86
3.81
3.805
3.753
3.839
3.833
3.835
3.804
3.809
3.809
3.809
3.811
3.986
3.89
3.834
3.831
3.777
3.779
3.812
3.844
3.84
3.878
3.833
3.822
3.823
3.869
3.866
3.86
3.814
3.68
3.845
3.812
3.817
3.874
3.869
3.87
3.863
3.858
3.858
3.859
3.816
3.819
3.818
3.763
3.763
3.811
3.809
3.815
3.848
3.816
3.809
3.808
3.808
3.848
3.847
3.849
3.676
3.855
3.817
3.819
3.813
3.855
3.817
3.818
3.856
3.85
3.847
3.81
3.813
3.763
3.817
3.818
3.766
3.775
3.91
3.877
3.879
3.839
3.809
3.814
3.809
3.812
3.815
3.775
3.811
3.815
3.812
3.818
3.831
3.836
3.839
3.835
3.838
3.776
3.812
3.814
3.769
3.883
3.83
3.836
3.833
3.831
3.833
3.782
3.776
3.832
3.833
3.867
3.86
3.822
3.825
3.826
3.821
3.818
3.865
3.83
3.836
3.833
3.828
3.825
3.825
3.824
3.827
3.845
3.838
3.838
3.832
3.83
3.83
3.832
3.828
3.828
3.952
3.9
3.771
3.801
3.662
3.819
3.814
3.619
3.773
3.778
3.771
3.855
3.86
3.857
3.86
3.862
3.823
3.72
3.762
3.792
3.828
3.827
3.831
3.829
3.832
3.828
3.948
3.895
3.895
3.851
3.848
3.808
3.804
3.862
3.865
3.828
3.82
3.813
3.819
3.822
3.975
3.911
3.905
3.794
3.667
3.724
3.867
3.764
3.883
3.876
3.869
3.835
3.838
3.988
3.858
3.855
3.802
3.647
3.792
3.822
3.826
3.826
3.83
3.825
3.828
3.83
3.873
3.837
3.836
3.885
3.78
3.813
3.816
3.81
3.849
3.803
3.846
3.842
3.804
3.809
3.99
3.885
3.881
3.84
3.834
3.825
3.828
3.826
3.819
3.824
3.827
3.829
3.83
3.875
3.871
3.822
3.794
3.912
3.778
