3.817
3.98
3.861
3.865
3.913
3.955
3.95
3.953
3.954
4.164
4.008
4.123
4.078
4.084
4.307
3.946
4.101
4.04
4.089
-1
4.027
3.747
4.138
3.811
3.869
4.407
4.097
3.915
4.138
4.088
4.087
4.127
3.952
3.949
4.118
4.115
4.04
4.037
4.163
4.167
3.879
3.993
4.215
4.152
4.118
4.302
4.043
4.415
3.812
3.814
4.123
3.847
4.195
4.229
4.021
4.025
4.076
4.032
4.087
4.134
3.948
4.072
4.073
4.068
4.061
4.125
3.875
4.038
4.045
4.043
4.038
4.034
4.315
4.004
3.998
4.219
4.13
3.998
3.883
3.876
3.846
3.989
4.044
3.937
4.061
3.886
4.153
3.893
3.896
4.025
4.186
3.986
3.981
3.985
4.023
4.03
3.848
4.011
4.007
3.999
3.995
4.114
4.25
4.243
4.244
4.238
3.867
4.105
4.066
4.3
3.992
4.077
4.071
4.352
4.292
4.152
3.847
3.958
3.926
3.926
3.886
4.11
4.143
4.145
3.872
4.007
4.339
3.927
4.054
3.905
3.908
3.915
3.918
3.978
3.982
3.986
3.976
3.978
4.163
4.159
4.099
4.126
4.17
4.121
4.114
4.173
4.123
4.075
4.076
4.083
4.083
4.022
4.104
3.907
4.076
4.069
3.838
3.962
3.923
3.797
4.342
4.124
3.998
4.001
4.199
4.038
4.046
4.039
4.081
4.086
4.078
-1
3.916
3.91
3.902
3.904
3.977
4.163
4.207
3.911
3.876
4.119
4.122
3.973
3.922
3.887
4.113
4.058
4.09
4.085
4.029
4.073
4.026
3.92
3.921
3.98
3.98
4.021
3.774
4.079
4.399
3.966
4.005
4.187
3.884
4.21
4.087
4.093
4.096
4.098
3.855
4.041
4.045
3.856
3.896
3.932
4.172
4.004
3.999
4.047
3.881
4.141
4.142
4.145
3.968
4.166
4.105
3.835
4.2
4.392
3.922
4.347
3.889
3.883
4.044
4.038
3.997
4.19
4.047
3.861
4.138
4.138
4.098
4.062
-1
4.117
4.065
4.091
3.928
3.924
4.2
4.048
4.415
3.956
4.16
3.95
4.092
4.044
4.049
3.8
4.264
4.064
4.065
3.896
3.893
4.115
4.148
3.864
3.865
4.075
4.193
3.928
3.933
3.926
4.05
3.935
4.117
4.168
4.029
4.178
3.823
3.864
3.871
3.874
3.88
4.148
4.146
4.15
4.011
3.972
4.126
4.074
3.912
4.214
3.928
3.924
3.926
3.847
4.009
4.001
4.223
4.061
4.064
4.066
4.023
4.214
4.16
4.159
3.997
4.046
4.319
3.817
3.975
4.007
4.175
4.176
4.088
4.083
4.076
4.028
4.239
3.968
4.023
4.182
4.139
3.884
3.991
3.997
4.001
4.162
4.157
3.991
3.998
3.998
3.946
4.237
3.913
4.104
4.108
4.149
4.032
4.031
3.99
4.157
3.879
4.048
3.984
3.95
3.983
3.99
3.942
4.181
4.036
3.979
4.264
3.934
3.94
4.076
4.138
4.019
4.02
3.922
3.925
4.098
3.962
4.099
4.066
4.017
3.863
4.057
3.92
4.152
3.869
4.185
4.18
3.934
4.073
3.951
4.228
4.052
4.217
4.096
4.092
4.098
4.308
4.01
4.045
3.886
3.936
4.2
4.056
4.091
4.05
3.992
3.991
4.066
4.067
3.925
4.357
4.362
3.868
3.866
4.057
3.888
4.014
3.913
3.967
3.964
4.007
4.175
4.16
4.165
4.17
3.905
3.953
3.96
4.002
3.861
3.98
4.024
4.215
4.014
4.016
4.008
3.94
4.255
4.248
4.045
4.051
3.971
3.965
4.013
4.167
4.128
4.024
3.988
4.164
3.987
4.177
4.164
3.841
4.127
4.091
4.094
3.932
3.93
3.987
4.03
4.198
3.794
3.942
3.935
4.066
4.068
3.924
4.101
4.145
4.026
4.031
3.98
4.032
4.183
4.01
3.966
4.072
4.07
4.066
4.36
4.215
4.024
4.173
3.922
3.881
3.936
4.016
4.018
4.02
4.015
4.155
4.113
4.078
3.91
4.081
3.966
3.987
3.989
3.994
3.991
3.991
4.168
4.17
4.173
4.21
3.905
4.024
4.136
4.104
3.99
3.991
4.157
3.986
3.929
3.975
3.918
3.925
3.962
3.959
3.834
3.878
4.275
4.122
4.008
3.73
4.022
4.155
4.007
4.009
4.13
3.841
3.966
3.915
3.965
3.963
3.966
3.985
3.982
4.15
3.884
4.319
4.056
4.226
4.184
4.19
4.19
3.901
3.958
3.962
3.965
4.013
4.014
4.224
4.082
4.078
4.032
4.024
4.156
4.112
4.104
3.926
3.794
3.946
4.114
4.114
4.109
4.244
3.968
4.08
4.083
4.144
3.979
4.251
3.968
4.006
4.003
3.946
4.077
4.043
4.041
3.931
4.067
3.934
3.93
3.795
3.905
3.903
4.169
3.987
3.987
3.984
4.164
3.973
4.13
3.953
3.956
4.095
4.097
4.091
4.319
4.151
4.134
4.139
4.106
4.066
4.403
3.968
3.975
4.012
4.172
4.05
4.277
4.177
4.06
3.934
3.975
4.167
4.172
4.055
4.059
4.219
4.036
3.854
4.132
4.191
3.94
3.98
4.324
4.022
3.99
4.04
4.096
3.9
3.904
3.939
3.89
4.003
4.171
4.119
4.152
4.156
3.823
3.881
4.054
3.933
4.066
4.131
4.004
3.845
3.851
4.015
4.018
3.973
3.928
3.983
4.234
4.073
4.236
3.98
4.168
4.134
4.193
4.234
4.043
4.232
4.278
3.879
4.013
4.126
4.121
4.298
3.865
4.2
3.901
3.946
4.357
3.899
4.056
4.056
3.712
4.079
3.992
3.989
4.164
4.029
4.025
3.823
4.255
4.222
4.185
4.061
4.411
4.213
3.858
3.852
4.143
3.995
3.865
4.012
3.953
3.998
4.17
4.04
4.039
4.037
4.077
3.861
3.97
4.138
4.362
4.398
3.941
4.151
4.158
4.033
4.08
3.989
4.255
3.968
3.972
3.979
4.187
4
4.183
4.042
4.09
3.879
4.223
4.223
4.047
4.111
4.095
4.092
4.086
4.03
4.206
3.928
4.098
4.098
3.979
3.984
4.052
4.007
3.948
3.945
4.255
4.139
4.179
4.213
4.246
4.034
3.991
4.128
4.003
3.946
3.943
3.941
4.108
3.955
4.078
4.078
4.06
4.056
3.877
4.242
4.053
4.069
3.935
3.981
4.324
3.986
3.984
4.197
3.922
3.927
4.15
4.147
4.194
4.332
4.039
4.329
3.974
4.009
4.347
3.94
3.946
3.945
4.062
4.057
3.938
3.806
3.861
3.911
4.109
4.116
3.829
3.936
3.979
3.929
3.922
4.06
4.063
4.066
4.125
4.127
4.143
4.187
4.253
4.296
4.302
4.106
4.055
4.19
4.327
4.289
3.774
3.827
3.832
4.117
3.931
4.027
4.034
4.034
4.031
4.084
3.968
3.933
3.884
3.887
4.148
3.936
3.94
3.937
4.112
3.94
3.982
4.177
4.178
4.004
3.963
3.995
3.998
4.033
4.064
4.227
4.072
4.072
4.126
3.852
3.91
4.334
4.088
3.712
4.073
4.068
4.011
4.008
4.003
3.995
4.186
4.178
4.048
3.997
3.86
3.897
4.056
4.026
3.974
3.976
3.97
3.971
3.987
3.864
4.042
4.04
4.032
4.263
3.916
3.921
4.148
4.025
3.995
3.839
3.844
3.952
4.001
3.823
4.123
4.117
4.302
3.872
4.334
3.98
4.122
4.074
4.137
4.197
4.148
4.199
4.147
4.095
3.952
3.95
3.911
3.969
4.015
4.154
4.152
4.042
3.988
4.036
4.032
4.036
4.315
4.315
4.064
4.122
3.835
3.801
3.947
4.28
4.027
3.759
4.101
3.835
4.115
4.155
4.122
3.988
3.989
4.015
4.415
4.073
3.946
3.946
4.104
4.058
4.052
3.877
3.937
4.117
4.11
4.001
3.998
3.998
4.043
4.046
4.172
4.228
3.916
3.951
4.123
4.125
3.968
3.964
4.013
4.008
4.232
3.962
4.006
3.895
4.173
-1
4.106
3.847
3.997
4.038
4.036
4.032
4.029
4
3.995
3.855
4.158
4.158
4.09
4.093
4.06
4.011
4.008
4.068
4.071
4.135
4.141
4.026
4.42
3.997
3.962
4.161
4.034
3.931
4.075
4.074
4.069
4.195
4.195
4.105
4.411
4.37
4.05
4.009
4.046
4.039
3.908
3.965
4.175
3.88
3.881
4.054
4.057
4.057
3.92
4.195
4.193
3.847
3.958
3.996
4.17
3.899
4.264
4.082
4.026
3.901
4.121
4.12
3.941
4.04
4.034
4.038
4.088
3.942
4.27
3.94
4.066
4.064
3.906
4.119
