3.869
3.823
3.829
3.786
3.787
3.824
3.825
3.88
3.879
3.831
3.831
3.838
3.836
3.956
3.832
3.922
3.868
3.873
3.875
3.882
3.877
3.875
3.71
3.86
3.856
3.918
3.88
3.878
3.876
4.002
3.853
3.807
3.934
3.89
3.772
4.046
3.672
3.717
3.88
3.73
3.774
3.828
3.868
3.865
3.858
4.033
3.732
3.91
3.805
3.949
3.949
3.943
3.894
3.898
3.904
3.858
3.851
3.855
3.859
3.804
3.817
3.817
3.847
3.891
3.856
3.986
3.784
3.786
3.672
3.834
3.804
3.986
3.789
3.943
3.773
3.882
3.882
3.851
3.725
3.837
3.834
3.866
3.866
3.864
3.972
3.804
3.805
3.8
3.941
3.814
3.932
3.968
3.973
3.848
3.798
3.805
3.691
3.86
3.855
3.856
3.788
3.791
3.827
3.826
3.824
3.821
3.773
3.78
3.775
3.826
3.78
3.892
3.862
3.864
3.864
3.727
3.781
3.962
3.802
3.798
3.678
3.812
3.769
3.813
3.657
3.799
3.798
3.855
3.854
3.985
3.934
3.891
3.89
3.887
3.887
3.86
3.722
3.755
3.943
3.942
4.05
3.934
3.757
3.917
3.779
3.805
3.802
3.842
3.844
3.888
3.857
3.672
3.713
3.871
3.902
3.897
3.893
3.951
3.699
3.81
3.815
3.822
3.869
4.03
3.876
3.877
3.844
3.848
3.852
3.848
3.988
3.957
3.953
3.837
3.847
3.845
3.806
3.769
3.82
3.811
3.808
3.945
3.943
3.86
3.856
3.889
3.885
3.921
3.925
3.919
3.689
3.863
3.857
3.812
3.934
3.879
3.885
3.846
3.884
3.924
3.891
3.856
3.815
3.87
3.876
3.833
3.837
3.836
3.831
3.871
3.866
3.813
3.806
3.956
3.914
3.907
3.907
3.909
3.906
3.797
3.802
3.809
3.851
3.822
3.827
3.967
3.72
3.768
3.83
3.833
3.827
3.831
3.83
3.73
3.783
3.983
3.945
3.912
3.743
3.895
3.892
3.95
3.789
3.795
3.941
3.976
3.94
3.783
3.899
3.934
3.935
3.931
3.876
3.927
3.884
3.883
3.881
3.78
3.775
3.778
3.773
3.771
3.887
3.885
3.837
3.839
3.833
3.88
3.848
3.892
3.762
3.819
3.818
3.822
3.863
3.818
3.868
3.82
3.851
4.199
3.853
3.909
3.87
3.827
3.981
3.868
3.912
3.958
3.915
3.818
3.825
3.794
3.836
3.8
3.839
3.835
3.987
3.846
3.809
4.02
3.962
4.018
3.713
3.816
3.852
3.847
3.816
3.962
3.797
3.794
3.796
3.847
3.908
3.861
3.855
3.906
3.9
3.905
3.848
3.842
3.845
3.852
3.945
3.628
3.97
3.926
3.923
3.802
3.801
3.941
3.936
3.901
3.826
3.819
3.87
3.905
3.898
3.898
3.792
3.94
3.946
3.819
3.852
3.894
3.899
3.783
3.783
3.916
3.811
3.957
3.959
3.958
3.701
3.701
3.742
3.745
3.871
3.871
3.819
3.826
3.776
3.745
3.95
3.845
3.881
3.846
3.842
3.725
3.76
3.893
3.897
3.864
3.713
3.892
3.894
3.714
3.719
3.816
3.846
3.852
3.913
3.867
3.83
3.826
3.824
3.874
3.839
3.824
4.025
4.02
3.873
3.915
3.919
3.918
3.915
3.972
3.716
3.746
3.884
3.88
3.843
3.846
3.849
3.856
3.975
3.801
3.797
3.792
3.791
3.789
3.913
3.867
3.834
4.029
3.672
3.667
3.874
3.765
3.983
3.788
3.784
3.815
3.779
3.859
3.853
3.853
3.89
3.892
3.862
3.676
3.878
3.883
3.711
3.888
3.891
3.843
3.85
3.852
3.854
3.909
3.759
3.808
3.659
3.784
3.841
3.96
3.953
3.822
3.823
4.106
3.848
3.854
3.89
3.837
3.8
3.801
3.805
3.845
3.848
3.844
3.85
3.958
3.783
3.781
3.888
3.92
3.916
3.654
3.907
3.872
3.822
3.94
3.783
3.784
3.783
3.942
3.944
3.886
3.885
3.766
3.819
3.764
3.924
4.113
3.917
3.915
3.87
3.84
3.844
3.851
3.797
3.797
3.941
3.906
3.903
3.904
3.907
3.913
3.936
3.695
3.701
3.898
3.899
3.933
3.772
3.812
3.639
3.89
3.761
3.898
3.899
3.905
3.839
3.693
3.86
3.83
3.831
3.796
3.758
3.803
3.798
3.795
3.702
3.906
3.904
3.905
3.764
3.771
3.809
3.856
3.887
3.883
3.928
3.883
3.773
3.777
3.78
3.892
3.758
3.763
3.77
3.768
3.818
3.879
3.75
3.788
3.831
3.863
3.832
3.828
3.827
3.858
3.889
3.89
3.894
3.899
3.846
3.711
4.004
3.891
3.89
3.851
3.817
3.771
3.812
3.816
3.818
3.825
3.876
3.844
3.901
3.718
3.872
3.904
3.86
3.863
3.812
3.81
3.866
3.978
3.943
3.939
3.898
3.901
3.768
3.768
3.81
3.923
3.92
3.87
3.682
3.687
3.896
3.654
3.828
3.825
3.832
3.831
3.888
3.95
3.946
3.699
3.747
3.882
3.881
3.72
4.004
3.704
3.835
3.841
3.876
3.916
3.755
3.885
3.887
3.774
3.82
3.876
3.769
3.812
3.972
3.968
3.698
3.7
3.885
3.889
3.889
3.852
3.849
3.851
3.846
3.891
3.859
3.905
3.868
4.001
3.88
3.78
3.983
3.816
3.783
3.95
3.79
3.761
3.796
3.831
3.831
3.891
3.921
3.915
4.026
3.82
3.823
3.708
3.754
4.004
3.894
3.888
3.854
3.897
3.891
3.849
3.861
3.823
4.097
3.75
3.755
3.761
3.765
3.798
3.851
3.965
3.886
3.995
3.842
3.835
3.968
3.883
3.839
3.833
3.88
3.927
3.812
3.755
3.75
3.808
3.841
3.836
3.983
3.809
3.865
3.879
3.421
3.879
3.695
3.805
3.854
3.736
3.903
4.024
3.824
4.081
3.872
3.819
3.817
3.862
3.733
3.771
3.94
3.753
3.754
3.79
3.831
3.823
3.861
3.855
3.862
3.804
3.8
3.802
3.942
3.936
3.879
3.843
3.88
3.873
3.872
3.889
3.712
3.741
3.902
3.898
3.898
3.849
3.909
3.86
3.912
3.912
3.8
4.058
3.76
3.79
3.787
3.858
3.905
3.907
3.905
3.904
3.91
3.913
3.92
3.862
3.869
3.867
3.862
3.728
3.919
3.687
3.84
3.833
3.892
3.856
3.959
3.704
3.846
3.852
3.806
3.912
3.779
3.908
3.902
3.849
3.811
3.811
3.815
3.816
3.739
3.859
3.823
3.973
3.925
4.065
4
3.944
3.793
3.789
3.936
3.968
3.922
3.74
3.746
3.747
3.883
3.914
3.91
3.865
3.962
3.926
3.812
3.928
3.887
3.826
3.827
3.651
3.818
3.716
3.876
3.874
3.881
3.755
3.804
4.002
3.876
3.878
3.873
4.025
3.756
3.762
3.768
3.802
3.797
3.937
3.9
3.898
3.843
3.84
3.889
4.019
3.732
3.776
3.949
3.911
4.029
3.865
3.863
3.793
3.797
3.955
3.829
3.952
3.92
3.875
3.87
4.002
3.998
3.944
3.939
3.907
3.907
3.959
3.919
3.865
3.87
3.873
3.88
3.837
3.657
3.774
3.911
4.025
3.662
3.808
3.773
3.814
3.865
3.804
3.981
3.932
3.813
3.808
3.798
3.801
3.93
3.816
3.811
3.896
3.89
3.886
3.885
3.881
3.915
4.034
3.842
3.875
3.829
3.867
3.829
3.875
3.877
3.819
3.835
3.83
3.836
3.833
4.012
3.845
4.051
3.922
3.922
3.879
4.026
3.865
3.716
3.758
3.809
3.811
3.815
3.762
3.804
3.797
3.843
3.889
3.757
3.905
3.948
3.889
3.846
3.809
3.808
3.801
3.803
3.799
3.792
3.799
3.75
3.785
3.789
3.789
3.829
3.835
3.96
3.857
3.851
3.818
3.824
3.981
3.946
3.888
3.882
3.877
3.876
3.876
3.872
3.866
3.866
3.809
3.815
3.856
3.621
3.925
3.886
3.746
3.799
3.801
3.85
3.911
3.734
3.886
4.011
3.832
3.842
4.017
3.72
3.723
3.726
3.809
3.808
3.86
3.853
3.852
3.8
3.845
3.851
3.852
3.848
3.974
3.818
3.766
3.764
3.765
3.777
3.783
3.781
3.787
3.79
3.797
3.85
3.853
3.851
3.804
3.806
3.696
3.814
3.811
3.841
3.841
3.809
4.016
4.02
3.858
3.907
3.903
3.9
3.788
3.794
3.781
3.835
3.689
3.738
3.886
3.732
3.852
3.857
3.851
3.717
3.908
3.867
3.86
3.86
3.904
3.865
3.986
3.98
3.929
