0
0
0
0
0
0.414
0
0
0
0
0
0
0
0
0
0
0
0
0
0
0
0
0
0
0
0
0.376
0
0
0
0
0
0
0
0
0
0
0
0
0
0
0
0.405
0
0
0
0
0
0
0
0
0
0
0
0
0
0
0
0
0
0
0
0.411
0
0
0
0
0
0
0
0
0
0
0
0
0
0
0
0
0
0
0
0
0.366
0
0
0
0
0
0
0
0
0
0
0
0
0
0
0
0.401
0
0
0
0
0
0
0
0
0
0
0
0
0
0
0
0
0
0
0
0
0.403
0
0
0
0
0
0
0
0
0
0
0
0
0
0
0
0
0
0
0
0
0
0
0
0
0
0
0
0
0
0
0
0
0
0
0
0
0
0
0
0
0
0
0
0
0
0
0
0
0
0
0
0
0
0
0
0
0.374
0
0
0
0
0
0
0
0
0
0
0
0
0
0
0
0.389
0
0
0
0
0
0
0
0
0
0
0
0
0
0
0
0
0
0
0
0
0.394
0
0
0
0
0
0
0
0
0
0
0
0
0
0
0
0
0
0
0
0
0
0
0
0
0
0
0
0
0
0
0
0
0
0
0
0.403
0
0
0
0
0
0
0
0
0
0
0
0
0
0
0
0
0
0
0
0
0.361
0
0
0
0
0
0
0
0
0
0
0
0
0
0
0
0.396
0
0
0
0
0
0
0
0
0
0
0
0
0
0
0
0
0
0
0
0
0
0
0
0
0
0
0
0
0
0
0
0
0
0
0
0.368
0
0.347
0
0
0
0
0
0
0
0
0
0
0
0
0
0
0
0
0
0
0.391
0
0
0
0
0
0
0
0
0
0
0
0
0
0
0
0.36
0
0
0
0
0.351
0
0
0
0
0
0
0
0
0
0
0
0
0
0
0
0.387
0
0
0
0
0
0
0
0
0
0
0
0
0
0
0
0
0
0
0
0
0
0
0
0
0
0
0
0
0
0
0
0
0
0
0
0.38
0
0
0
0
0
0
0
0
0
0
0
0
0
0
0
0
0
0
0
0
0.382
0
0
0
0
0
0
0
0
0
0
0
0
0
0
0
0.359
0
0
0
0
0.347
0
0
0
0
0
0
0
0
0
0
0
0
0
0
0
0
0
0
0
0
0
0
0
0
0
0
0
0
0
0
0
0
0
0
0
0.363
0
0
0
0
0
0
0
0
0
0
0
0
0
0
0
0.369
0
0
0
0
0
0
0
0
0
0
0
0
0
0
0
0
0
0
0
0
0.382
0
0
0
0
0
0
0
0
0
0
0
0
0
0
0
0
0
0
0
0
0.355
0
0
0
0
0
0
0
0
0
0
0
0
0
0
0
0
0
0
0
0
0
0
0
0
0
0
0.348
0
0
0
0
0
0
0
0
0.373
0
0
0
0
0
0
0
0
0
0
0
0
0
0
0
0
0
0
0
0
0.353
0
0
0
0
0
0
0
0
0
0
0
0
0
0
0
0.352
0
0
0
0
0
0
0
0
0
0
0
0
0
0
0
0
0
0
0
0
0
0
0
0
0
0
0
0
0
0
0
0
0
0.347
0
0
0
0
0
0
0.36
0
0
0
0
0
0
0
0
0
0
0
0
0
0
0
0
0
0
0
0
0
0
0
0
0
0
0
0
0
0
0
0
0
0
0
0
0.359
0
0
0
0
0
0
0
0
0
0
0
0
0
0
0
0
0
0
0
0
0.362
0
0
0
0
0
0
0
0
0
0
0
0
0
0
0
0
0
0
0
0
0.355
0
0
0
0
0
0
0
0
0
0
0
0
0
0
0
0
0
0
0
0
0
0
0
0
0
0
0
0
0
0
0
0
0
0
0
0.352
0
0
0
0
0
0
0
0
0
0
0
0
0
0
0
0
0
0
0
0
0.351
0
0
0
0
0
0
0
0
0
0
0
0
0
0
0
0
0
0
0
0
0
0
0
0
0
0
0
0
0
0
0
0
0
0
0
0
0
0
0
0
0
0
0
0
0
0
0
0
0
0
0
0
0
0
0
0
0
0
0
0
0
0
0
0
0
0
0
0
0
0
0
0
0
0
0
0
0
0.347
0
0
0
0
0
0
0
0
0
0
0
0
0
0
0
0
0
0
0
0
0
0
0
0
0
0
0
0
0
0
0
0
0
0
0
0
0
0
0.349
0
0
0
0
0
0
0
0
0
0
0
0
0
0
0
0
0
0
0
0
0
0
0
0
0
0
0
0
0
0
0
0
0
0
0
0
0
0
0
0
0
0
0
0
0
0
0
0
0
0
0
0
0
0
0
0
0
0
0
0
0
0
0
0
0
0
0
0
0
0
0
0
0
0
0
0
0
0
0
0
