3.748
3.741
3.797
3.765
3.814
3.815
3.774
3.779
3.726
3.732
3.781
3.778
3.778
3.818
3.812
3.722
3.762
3.759
3.753
3.755
3.764
3.735
3.792
3.785
3.749
3.751
3.751
3.755
4.036
3.716
3.741
3.743
3.74
3.745
3.745
3.717
3.885
3.831
3.801
3.755
3.757
3.756
3.751
3.745
3.751
3.778
3.776
3.782
3.778
3.775
3.775
3.768
3.766
3.765
3.769
3.814
3.779
3.778
3.776
3.774
3.933
3.762
3.766
3.772
3.772
3.743
3.747
3.753
3.795
3.791
3.795
3.944
3.811
3.77
3.77
3.736
3.78
3.775
3.772
3.77
3.776
3.74
3.745
3.746
3.786
3.783
3.748
3.798
3.796
3.763
3.759
3.716
3.715
3.847
3.841
3.782
3.777
3.771
3.772
3.766
3.764
3.762
3.766
3.763
3.881
3.743
3.747
3.788
3.79
3.649
3.782
3.785
3.841
3.801
3.801
3.764
3.764
3.716
3.717
3.721
3.832
3.831
3.829
3.825
3.821
3.767
3.767
3.769
3.771
3.766
3.771
3.773
3.774
3.778
3.78
3.782
3.751
3.749
3.751
3.757
3.754
3.757
3.76
3.758
3.755
3.791
3.762
3.764
3.767
3.765
3.768
3.766
3.766
3.767
3.812
3.812
3.757
3.763
3.765
3.764
3.792
3.76
3.762
3.764
3.763
3.764
3.769
3.766
3.767
3.767
3.765
3.765
3.767
3.77
3.766
3.8
3.765
3.81
3.807
3.806
3.801
3.797
3.792
3.789
3.787
3.737
3.734
3.737
3.738
3.779
3.772
3.771
3.767
3.764
3.762
3.768
3.762
3.764
3.763
3.761
3.759
3.763
3.759
3.757
3.765
3.768
3.773
3.769
3.765
3.766
3.734
3.737
3.772
3.772
3.769
3.777
3.773
3.774
3.767
3.774
3.768
3.731
3.735
3.779
3.781
3.781
3.782
3.782
3.784
3.778
3.779
3.778
3.773
3.804
3.799
3.796
3.796
3.762
3.766
3.762
3.761
3.766
3.759
3.76
3.763
3.768
3.77
3.775
3.772
3.777
3.779
3.777
3.775
3.779
3.778
3.78
3.776
3.769
3.764
3.732
3.739
3.743
3.779
3.775
3.778
3.775
3.776
3.769
3.771
3.778
3.775
3.774
3.743
3.749
3.751
3.754
3.758
3.758
3.759
3.76
3.756
3.754
3.752
3.75
3.779
3.782
3.779
3.784
3.782
3.778
3.778
3.777
3.78
3.732
3.763
3.761
3.764
3.762
3.765
3.761
3.752
3.706
3.746
3.753
3.749
3.751
3.753
3.788
3.827
3.724
3.805
3.802
3.798
3.797
3.761
3.761
3.765
3.724
3.78
3.773
3.773
3.805
3.804
3.809
3.802
3.836
3.804
3.81
3.759
3.758
3.765
3.797
3.791
3.755
3.753
3.793
3.789
3.785
3.783
3.782
3.773
3.776
3.742
3.776
3.776
3.777
3.777
3.783
3.736
3.774
3.764
3.766
3.653
3.801
3.796
3.992
3.748
3.748
3.752
3.752
3.599
3.8
3.793
3.798
4.064
3.75
3.747
3.753
3.75
3.746
3.746
3.747
3.718
3.721
3.725
3.729
3.733
3.946
3.797
3.751
3.595
3.776
3.772
3.769
3.774
3.774
3.778
3.778
3.814
3.811
3.802
3.797
3.797
3.796
3.741
3.785
3.783
3.787
3.781
3.776
3.729
3.736
3.736
3.768
3.764
3.76
3.724
3.724
3.731
3.736
3.77
3.768
3.766
3.773
3.717
3.722
3.722
3.723
3.718
3.821
3.814
3.811
3.697
3.734
3.736
3.793
3.793
3.751
3.756
3.752
3.854
3.732
3.765
3.799
3.797
3.797
3.801
3.8
3.794
3.783
3.786
3.788
3.786
3.78
3.726
3.757
3.754
3.75
3.802
3.794
3.791
3.793
3.786
3.631
3.637
3.748
3.78
3.786
3.755
3.76
3.811
3.662
3.783
3.786
3.758
3.76
3.729
3.731
3.733
3.739
3.74
3.74
3.743
3.706
3.707
3.754
3.72
3.725
3.774
3.77
3.772
3.768
3.773
3.774
3.773
3.737
3.731
3.732
3.736
3.768
3.766
3.766
3.759
3.755
3.79
3.755
3.754
3.751
3.787
3.782
3.782
3.783
3.783
3.789
3.781
3.779
3.78
3.78
3.775
3.775
3.74
3.793
3.786
3.782
3.776
3.77
3.769
3.763
3.726
3.728
3.736
3.737
3.741
3.778
3.783
3.78
3.776
3.777
3.816
3.79
3.785
3.782
3.785
3.779
3.78
3.78
3.773
3.776
3.774
3.773
3.77
3.769
3.77
3.768
3.766
3.762
3.768
3.764
3.76
3.726
3.731
3.732
3.769
3.768
3.773
3.772
3.769
3.765
3.766
3.807
3.81
3.81
3.805
3.77
3.802
3.768
3.771
3.767
3.771
3.773
3.774
3.767
3.774
3.73
3.734
3.735
3.728
3.763
3.765
3.794
3.79
3.788
3.785
3.78
3.778
3.779
3.772
3.773
3.773
3.804
3.802
3.76
3.762
3.76
3.868
3.731
3.768
3.772
3.768
3.772
3.762
3.762
3.764
3.765
3.798
3.758
3.755
3.758
3.762
3.758
3.76
3.762
3.76
3.761
3.798
3.792
3.794
3.759
3.759
3.764
3.767
3.802
3.807
3.803
3.726
3.729
3.768
3.766
3.773
3.77
3.767
3.768
3.768
3.766
3.726
3.867
3.817
3.783
3.782
3.783
3.776
3.774
3.778
3.78
3.777
3.778
3.749
3.779
3.777
3.778
3.739
3.745
3.778
3.782
3.781
3.806
3.802
3.767
3.799
3.801
3.789
3.79
3.794
3.762
3.769
3.771
3.764
3.765
3.772
3.801
3.772
3.801
3.798
3.795
3.783
3.79
3.786
3.788
3.79
3.832
3.781
3.784
3.787
3.785
3.78
3.776
3.781
3.737
3.734
3.855
3.823
3.828
3.796
3.791
3.755
3.712
3.718
3.845
3.809
3.772
3.814
3.76
3.792
3.794
3.792
3.662
3.764
3.808
3.804
3.834
3.821
3.814
3.769
3.765
3.893
3.725
3.731
3.73
3.933
3.777
3.749
3.751
3.756
3.759
3.759
3.763
3.724
3.721
3.722
3.767
3.77
3.777
3.646
3.781
3.779
3.831
3.826
3.819
3.788
3.786
3.93
3.797
3.79
3.782
3.799
3.77
3.773
3.776
3.778
3.824
3.82
3.701
3.818
3.766
3.768
3.765
3.77
3.772
3.776
3.766
3.767
3.89
3.851
3.797
3.796
3.763
3.879
3.88
3.825
3.793
3.786
3.779
3.775
3.773
3.768
3.65
3.698
3.704
3.709
3.791
3.786
3.779
3.78
3.785
3.778
3.776
3.774
3.814
3.844
3.775
3.769
3.763
3.769
3.763
3.766
3.764
3.771
3.769
3.765
3.766
3.768
3.735
3.736
3.772
3.804
3.798
3.8
3.795
3.793
3.794
3.748
3.745
3.749
3.754
3.758
3.763
3.764
3.76
3.764
3.758
3.758
3.761
3.758
3.761
3.761
3.765
3.764
3.76
3.757
3.805
3.774
3.769
3.804
3.797
3.794
3.797
3.791
3.791
3.796
3.785
3.782
3.782
3.781
3.777
3.772
3.771
3.771
3.769
3.763
3.736
3.734
3.739
3.743
3.743
3.74
3.743
3.775
3.778
3.78
3.775
3.733
3.735
3.733
3.771
3.777
3.775
3.78
3.781
3.78
3.778
3.779
3.777
3.781
3.773
3.77
3.772
3.765
3.762
3.769
3.768
3.764
3.761
3.765
3.762
3.767
3.763
3.764
3.762
3.76
3.809
3.804
3.8
3.797
3.792
3.78
3.78
3.775
3.769
3.775
3.774
3.767
3.767
3.761
3.763
3.759
3.758
3.759
3.754
3.758
3.758
3.758
3.756
3.76
3.758
3.761
3.757
3.762
3.763
3.759
3.795
3.791
3.787
3.784
3.783
3.787
3.758
3.723
3.725
3.756
3.758
3.76
3.804
3.749
3.801
3.803
3.797
3.79
3.743
3.748
3.756
3.752
3.747
3.75
3.855
3.779
3.776
3.777
3.783
3.779
3.777
3.779
3.779
3.774
3.777
3.777
3.776
3.778
3.774
3.774
3.776
3.772
3.776
3.781
3.811
3.804
3.768
3.762
3.793
3.792
3.82
3.817
3.782
3.783
3.785
3.787
3.758
3.76
3.761
3.761
3.765
3.765
3.733
3.731
3.77
3.776
3.775
3.777
3.776
3.774
3.776
3.857
3.85
3.807
3.772
3.768
3.722
3.726
3.766
3.771
3.826
3.819
