3.802
3.147
3.774
3.777
3.779
3.777
3.203
3.785
3.779
3.737
3.769
3.874
3.708
3.714
3.766
3.8
3.77
3.267
3.865
3.759
3.728
3.767
3.16
3.889
3.827
3.791
3.789
3.793
3.69
3.731
3.734
3.741
3.847
3.835
3.829
3.828
3.718
3.769
3.09
3.807
3.8
3.803
3.835
3.72
3.757
3.751
3.867
3.863
3.509
3.803
3.773
3.769
3.769
3.028
3.764
3.763
3.76
3.809
3.807
3.696
3.825
3.792
3.79
3.789
3.605
3.752
3.756
3.754
3.754
3.055
3.764
3.763
3.768
3.764
3.47
3.765
3.762
3.811
3.809
3.807
3.65
3.705
3.738
3.863
3.794
3.034
3.836
3.843
3.796
3.794
3.365
3.736
3.739
3.87
3.837
3.797
3.657
3.792
3.794
3.746
3.795
3.166
3.801
3.798
3.8
3.795
3.265
3.765
3.763
3.792
3.784
3.836
3.729
3.776
3.778
3.773
3.774
3.405
3.784
3.786
3.782
3.817
3.108
3.866
3.711
3.712
3.751
3.699
3.704
3.78
3.779
3.837
3.805
3.512
3.849
3.843
3.801
3.799
3.058
3.791
3.777
3.772
3.767
3.65
3.704
3.747
3.781
3.781
3.621
3.748
3.744
3.784
3.754
3.715
3.761
3.761
3.76
3.757
3.75
3.821
3.814
3.783
3.79
3.787
3.778
3.774
3.778
3.813
3.815
3.048
3.718
3.724
3.729
3.727
3.369
3.896
3.89
3.86
3.802
3.796
3.8
3.801
3.796
3.795
3.79
3.248
3.806
3.804
3.803
3.812
3.223
3.894
3.78
3.775
3.773
3.773
3.809
3.805
3.803
3.799
3.794
3.562
3.726
3.731
3.73
3.731
3.022
3.801
3.8
3.801
3.804
3.766
3.814
3.706
3.74
3.743
3.75
3.745
3.785
3.778
3.785
3.84
3.008
3.799
3.803
3.802
3.678
3.525
3.769
3.773
3.773
3.779
3.785
3.839
3.833
3.831
3.828
3.827
3.764
3.763
3.769
3.804
3.764
3.404
3.719
3.716
3.821
3.818
3.806
3.799
3.767
3.761
3.761
3.209
3.707
3.892
3.787
3.788
3.203
3.75
3.755
3.755
3.762
3.759
3.761
3.8
3.8
3.794
3.83
3.526
3.726
3.767
3.767
3.724
3.04
3.815
3.818
3.812
3.807
3.726
3.73
3.769
3.773
3.778
3.748
3.893
3.765
3.766
3.771
3.783
2.935
3.732
3.769
3.766
3.771
3.594
3.892
3.745
3.75
3.744
3.748
3.918
3.755
3.813
3.769
3.89
3.008
3.783
3.778
3.817
3.815
3.363
3.963
3.841
3.8
3.795
3.797
3.837
3.835
3.791
3.797
3.791
3.176
3.76
3.798
3.762
3.757
3.177
3.767
3.767
3.76
3.758
3.801
3.762
3.761
3.764
3.766
3.764
3.765
3.77
3.802
3.799
3.797
3.774
3.77
3.774
3.775
3.807
3.852
3.818
3.814
3.812
3.778
3.914
3.859
3.852
3.845
3.804
2.962
3.77
3.777
3.775
3.776
3.82
3.901
3.851
3.796
3.749
3.753
3.928
3.816
3.823
3.817
3.812
3.086
3.801
3.836
3.829
3.823
3.215
3.824
3.769
3.77
3.772
3.777
3.828
3.831
3.79
3.791
3.789
3.476
3.771
3.777
3.776
3.798
3.064
3.842
3.835
3.831
3.796
3.761
3.813
3.783
3.822
3.812
3.808
3.865
3.86
3.801
3.755
3.753
2.905
3.741
3.827
3.784
3.779
3.527
3.873
3.779
3.778
3.772
3.73
4.06
3.875
3.829
3.824
3.819
3.044
3.826
3.821
3.817
3.818
3.262
3.753
3.758
3.758
3.792
3.785
3.76
3.797
3.796
3.794
3.792
3.821
3.819
3.812
3.851
3.805
3.055
3.848
3.847
3.798
3.798
3.795
3.799
3.796
3.798
3.798
4.301
3.749
3.784
3.791
3.827
2.976
3.753
3.755
3.758
3.759
3.597
3.855
3.853
3.848
3.843
3.796
4.14
3.773
3.771
3.775
3.743
3.016
3.749
3.75
3.751
3.758
3.258
3.85
3.807
3.807
3.771
3.803
3.954
3.793
3.795
3.787
3.785
3.609
3.749
3.787
3.778
3.781
2.984
3.824
3.778
3.77
3.769
3.728
3.878
3.845
3.713
3.759
3.757
4.356
3.801
3.798
3.765
3.814
2.852
3.76
3.757
3.789
3.79
3.407
3.916
3.772
3.767
3.803
3.772
4.213
3.792
3.791
3.795
3.844
3.214
3.852
3.847
3.841
3.835
3.102
3.848
3.841
3.807
3.838
3.716
3.876
3.743
3.741
3.743
3.742
3.735
3.773
3.777
3.778
3.746
3.831
3.79
3.791
3.785
3.743
3.692
3.798
3.768
3.807
3.807
4.371
3.831
3.829
3.777
3.78
2.978
3.794
3.797
3.794
3.794
3.259
3.952
3.757
3.759
3.759
3.766
4.169
3.805
3.774
3.77
3.773
3.503
3.776
3.782
3.777
3.775
2.924
3.78
3.819
3.857
3.858
3.805
3.837
3.832
3.79
3.783
3.787
-1
3.794
3.797
3.798
3.793
2.881
3.776
3.771
3.826
3.819
3.373
3.937
3.691
3.742
3.78
3.777
-1
3.785
3.787
3.783
3.777
3.176
3.743
3.855
3.851
3.847
2.986
3.861
3.821
3.815
3.815
3.807
3.812
3.803
3.694
3.738
3.741
4.341
3.787
3.789
3.786
3.79
2.855
3.819
3.778
3.777
3.777
3.435
3.85
3.812
3.809
3.802
3.799
3.789
3.748
3.751
3.749
3.172
3.842
3.803
3.796
3.789
3.833
3.875
3.749
3.748
3.75
3.906
3.931
3.824
3.789
3.789
3.782
4.297
3.756
3.809
3.805
3.801
2.822
3.84
3.843
3.836
3.724
3.573
3.968
3.828
3.82
3.817
3.812
-1
3.755
3.752
3.755
3.756
3.062
3.704
3.813
3.811
3.783
3.139
3.885
3.881
3.835
3.798
3.796
4.279
3.796
3.801
3.8
3.796
4.25
3.855
3.806
3.797
3.794
2.833
3.834
3.785
3.79
3.787
3.562
3.965
3.801
3.825
3.825
3.819
-1
3.764
3.733
3.763
3.808
2.963
3.777
3.775
3.817
3.817
3.194
3.906
3.777
3.75
3.803
3.8
4.376
3.728
3.841
3.725
3.724
3.738
3.777
3.777
3.78
3.783
3.824
3.825
3.82
3.816
3.773
3.606
3.726
3.727
3.767
3.773
-1
3.753
3.75
3.751
3.752
3.79
3.878
3.877
3.82
3.819
3.778
3.94
3.886
3.851
3.794
3.797
4.437
3.859
3.746
3.861
3.857
3.923
3.814
3.811
3.815
3.809
2.764
3.913
3.789
3.819
3.817
3.667
4.054
3.794
3.791
3.793
3.794
-1
3.708
3.818
3.817
3.774
2.864
3.761
3.763
3.769
3.811
3.168
4.005
3.799
3.804
3.797
3.798
4.274
3.801
3.797
3.804
3.759
4.245
3.814
3.808
3.878
3.845
2.782
3.782
3.817
3.767
3.771
3.58
3.895
3.78
3.782
3.783
3.785
-1
3.832
3.823
3.816
3.784
2.951
3.853
3.854
3.795
3.795
3.067
3.954
3.779
3.782
3.779
3.78
3.784
3.784
3.831
3.719
3.757
3.835
3.799
3.802
3.796
3.793
2.729
3.796
3.792
3.753
3.797
3.521
3.749
3.749
3.749
3.784
-1
3.86
3.822
3.816
3.817
3.009
3.744
3.749
3.755
3.751
3.021
4.05
3.852
3.798
3.799
3.8
4.153
3.824
3.822
3.774
3.813
-1
3.791
3.794
3.789
3.782
2.719
3.873
3.843
3.812
3.811
3.456
4.099
3.857
3.825
3.82
3.816
-1
3.693
3.7
3.742
3.777
3.297
3.872
3.757
3.759
3.758
2.956
3.904
3.773
3.822
3.819
3.786
4.199
3.73
3.733
3.737
3.781
-1
3.869
3.823
3.81
3.813
2.637
3.794
3.791
3.795
3.763
3.345
4.075
3.764
3.759
3.759
3.763
-1
3.829
3.824
3.714
3.718
3.485
3.796
3.806
3.805
3.804
2.801
3.933
3.879
3.843
3.846
3.705
4.159
3.74
3.787
3.791
3.79
3.797
3.801
3.771
3.806
3.864
3.791
3.79
3.755
3.757
3.763
3.992
3.846
3.841
3.834
3.797
3.79
3.682
3.689
3.721
3.754
4.325
3.799
3.8
3.796
3.798
2.741
3.85
3.843
3.811
3.812
3.806
4.04
3.758
3.764
