3.696
3.698
3.389
3.692
3.797
3.689
3.691
3.867
3.695
3.691
3.695
3.701
3.603
3.651
3.657
3.693
3.698
3.666
3.699
3.706
3.825
3.169
3.788
3.759
3.712
3.709
3.751
3.387
3.678
3.711
3.707
3.75
3.623
3.729
3.73
3.773
3.477
3.704
3.748
3.743
4.034
3.162
3.726
3.726
3.727
3.73
3.565
3.705
3.709
3.71
3.711
3.704
3.702
3.699
3.752
3.126
3.698
3.705
3.699
3.811
3.284
3.682
3.716
3.753
3.748
3.702
3.703
3.706
3.708
3.519
3.661
3.668
3.667
3.849
3.152
3.734
3.737
3.73
3.774
3.482
3.658
3.693
3.688
3.683
3.683
3.679
3.685
3.831
3.197
3.75
3.746
3.711
3.756
3.285
3.73
3.735
3.739
3.731
3.684
3.683
3.721
3.718
3.771
3.672
3.676
3.677
3.683
3.115
3.713
3.757
3.655
3.658
3.441
3.709
3.708
3.741
3.773
3.744
3.715
3.834
3.834
3.789
3.669
3.774
3.666
3.669
3.802
3.71
3.703
3.703
3.708
3.75
3.731
3.735
3.739
3.735
3.636
3.752
3.75
3.746
3.753
3.129
3.714
3.713
3.711
3.748
3.297
3.733
3.732
3.73
3.735
3.628
3.68
3.684
3.689
3.578
3.706
3.701
3.704
3.869
3.033
3.703
3.708
3.707
3.712
3.429
3.721
3.724
3.717
3.714
3.712
3.711
3.709
3.746
3.332
3.695
3.697
3.695
3.884
3.082
3.747
3.745
3.746
3.744
3.589
3.708
3.709
3.716
3.752
3.748
3.743
3.742
3.768
3.224
3.697
3.696
3.697
3.841
3.215
3.741
3.745
3.751
3.705
3.658
3.664
3.667
3.713
3.616
3.739
3.733
3.738
3.731
3.08
3.792
3.738
3.731
3.865
3.349
3.722
3.728
3.699
3.705
3.705
3.703
3.707
3.709
3.712
3.62
3.661
3.697
3.7
3.837
3.715
3.827
3.821
3.782
3.663
3.395
3.71
3.704
3.708
3.706
3.706
3.709
3.706
3.707
3.703
3.703
3.709
3.712
3.838
3
3.736
3.724
3.724
3.838
3.471
3.693
3.696
3.699
3.694
3.689
3.694
3.694
3.741
3.686
3.689
3.696
3.693
3.838
3.055
3.752
3.786
3.739
3.743
3.489
3.689
3.658
3.687
3.688
3.691
3.694
3.696
3.7
3.243
3.725
3.685
3.732
3.849
3.103
3.689
3.726
3.719
3.719
3.557
3.673
3.704
3.734
3.73
3.697
3.702
3.714
3.77
3.186
3.752
3.746
3.747
3.917
3.116
3.759
3.76
3.718
3.75
3.568
3.619
3.724
3.723
3.72
3.715
3.714
3.716
3.716
3.72
3.724
3.728
3.73
3.902
3.108
3.725
3.722
3.719
3.715
3.665
3.697
3.727
3.726
3.698
3.7
3.705
3.711
3.709
3.148
3.745
3.745
3.716
3.722
3.08
3.717
3.718
3.715
3.715
3.574
3.73
3.729
3.688
3.723
3.696
3.695
3.724
3.721
3.76
3.752
3.723
3.72
3.719
3.766
3.081
3.753
3.749
3.75
3.75
3.597
3.641
3.691
3.69
3.725
3.686
3.691
3.695
3.203
3.776
3.722
3.72
3.713
3.858
3.021
3.78
3.775
3.77
3.818
3.684
3.686
3.69
3.744
3.737
3.735
3.728
3.73
3.762
3.325
3.681
3.714
3.716
3.917
2.997
3.747
3.712
3.707
3.711
3.569
3.755
3.722
3.75
3.701
3.696
3.7
3.704
3.708
3.38
3.733
3.728
3.696
3.882
2.933
3.712
3.709
3.719
3.723
3.432
3.71
3.713
3.719
3.717
3.712
3.71
3.708
3.713
3.538
3.7
3.701
3.694
3.836
2.992
3.709
3.708
3.709
3.715
3.297
3.706
3.705
3.736
3.727
3.682
3.685
3.726
3.732
3.589
3.736
3.73
3.73
3.736
2.991
3.75
3.746
3.743
3.712
3.145
3.734
3.728
3.731
3.728
3.641
3.647
3.652
3.657
3.712
3.707
3.702
3.699
3.695
3.158
3.719
3.748
3.745
3.741
3.857
3.711
3.709
3.707
3.703
3.82
3.552
3.721
3.715
3.718
3.714
3.714
3.72
3.725
3.759
3.368
3.787
3.741
3.742
3.869
2.922
3.757
3.708
3.751
3.394
3.682
3.683
3.683
3.678
3.679
3.718
3.718
3.719
3.713
3.587
3.731
3.729
3.725
3.729
2.966
3.687
3.682
3.725
3.86
3.151
3.736
3.734
3.725
3.731
3.682
3.686
3.727
3.721
3.724
3.725
3.723
3.686
3.742
3.205
3.765
3.765
3.759
3.8
2.925
3.763
3.759
3.754
3.715
3.46
3.654
3.705
3.708
3.738
3.731
3.732
3.73
3.728
3.615
3.735
3.734
3.731
3.734
2.939
3.733
3.731
3.726
3.727
3.132
3.704
3.744
3.745
3.738
3.639
3.759
3.726
3.723
3.687
3.722
3.724
3.722
3.754
3.28
3.745
3.741
3.74
3.701
2.87
3.769
3.637
3.694
3.7
3.425
3.751
3.752
3.752
3.746
3.715
3.71
3.712
3.709
3.74
3.723
3.681
3.682
3.685
3.727
3.693
3.692
3.743
3.739
3.844
3.695
3.695
3.698
3.737
3.768
3.716
3.712
3.711
3.712
3.709
3.657
3.707
3.707
3.708
3.423
3.85
3.727
3.728
3.891
2.864
3.722
3.725
3.727
3.882
3.145
3.77
3.732
3.731
3.727
3.622
3.675
3.714
3.718
3.722
3.725
3.726
3.731
3.727
3.233
3.693
3.693
3.722
3.754
2.818
3.717
3.748
3.742
3.794
3.344
3.786
3.745
3.75
3.752
3.723
3.731
3.73
3.733
3.694
3.739
3.632
3.713
3.718
3.128
3.701
3.75
3.745
3.87
2.828
3.678
3.722
3.716
3.843
3.395
3.812
3.734
3.734
3.733
3.732
3.697
3.701
3.709
3.709
3.715
3.717
3.762
3.767
3.761
3.759
3.656
3.696
3.857
2.906
3.717
3.722
3.726
3.732
3.455
3.744
3.739
3.737
3.731
3.729
3.73
3.727
3.72
3.61
3.737
3.734
3.736
3.741
2.985
3.707
3.704
3.702
4.025
2.87
3.681
3.684
3.69
3.69
3.496
3.739
3.78
3.751
3.752
3.703
3.697
3.697
3.695
3.695
3.699
3.696
3.693
3.688
3.028
3.744
3.703
3.699
3.694
3.697
3.682
3.649
3.649
3.652
3.37
3.676
3.676
3.675
3.669
3.664
3.661
3.656
3.605
3.633
3.638
3.64
3.633
3.627
3.661
3.681
3.676
3.675
3.644
3.763
2.73
3.622
3.619
3.62
3.659
3.244
3.61
3.609
3.616
3.582
3.588
3.588
3.592
3.592
3.587
3.621
3.627
3.62
3.586
3.11
3.578
3.577
3.403
3.744
2.677
3.602
3.601
3.604
3.744
3.152
3.633
3.603
3.606
3.6
3.601
3.596
3.588
3.585
3.582
3.638
3.634
3.597
3.599
3.323
3.648
3.642
3.632
3.638
2.752
3.64
3.612
3.609
3.639
2.936
3.555
3.583
3.585
3.699
3.558
3.563
3.595
3.623
3.617
3.618
3.621
3.593
3.595
3.543
3.577
3.581
3.581
3.622
2.877
3.582
3.584
3.618
3.615
2.789
3.595
3.594
3.592
3.732
3.323
3.579
3.58
3.581
3.581
3.584
3.58
3.585
3.586
3.552
3.587
3.591
3.592
3.592
3.145
3.596
3.597
3.591
3.591
2.683
3.549
3.552
3.558
3.561
3.062
3.582
3.579
3.582
3.582
3.589
3.588
3.624
3.626
3.629
3.603
3.604
3.606
3.603
3.607
3.63
3.629
3.626
3.624
3.628
3.612
3.643
3.639
3.636
3.69
3.577
3.577
3.57
3.569
3.622
3.563
3.6
3.598
3.599
3.597
3.603
3.599
3.597
3.598
3.595
3.595
3.597
3.6
3.605
3.666
3.659
3.618
3.614
3.644
2.749
3.653
3.623
3.617
3.721
2.895
3.641
3.606
3.578
3.622
3.467
3.521
3.616
3.619
3.59
3.63
3.631
3.627
3.623
3.526
3.658
3.614
3.612
3.607
3.085
3.695
3.65
3.648
3.784
2.674
3.582
3.612
3.607
3.656
2.997
3.639
3.635
3.631
3.66
3.516
3.546
3.548
3.553
3.595
3.703
3.661
3.655
3.645
3.601
3.606
3.607
3.605
3.64
3.026
3.623
3.629
3.623
3.658
2.657
3.645
3.639
3.609
3.735
3.062
3.605
3.608
