0.432
0.394
0.393
0.393
0.392
0.522
0.393
0.392
0.391
0.391
0.391
0.394
0.397
0.393
0.393
0
0.393
0.405
0.391
0.391
0.373
0.387
0.398
0.397
0.396
0.449
0.392
0.391
0.391
0.39
0.45
0
0.391
0.401
0.396
0.395
0
0.392
0.421
0.391
0.391
0.352
0.391
0.394
0.393
0.392
0.5
0.39
0.39
0.39
0.39
0.493
0.391
0.391
0.394
0.391
0
0.39
0.403
0.398
0.396
0
0.386
0.399
0.395
0.394
0.423
0.388
0.388
0.388
0.391
0.472
0.378
0.382
0.397
0.396
0.426
0
0.396
0.4
0.392
0.392
0
0.39
0.395
0.393
0.393
0.448
0.388
0.388
0.391
0.39
0.536
0.39
0.39
0.39
0.39
0.433
0.39
0.392
0.392
0.391
0
0.395
0.393
0.392
0.391
0.36
0.387
0.39
0.39
0.39
0.446
0.392
0.391
0.391
0.391
0.46
0
0.395
0.394
0.393
0.393
0.394
0.399
0.396
0.395
0.394
0.394
0.394
0.393
0.393
0.393
0.392
0.391
0.391
0.391
0.391
0.388
0.388
0.391
0.39
0.39
0.382
0.385
0.389
0.394
0.394
0.392
0.392
0.392
0.392
0.392
0.388
0.388
0.391
0.391
0.39
0.394
0.394
0.393
0.393
0.392
0.446
0.394
0.393
0.393
0.393
0
0.392
0.392
0.392
0.392
0.353
0.392
0.392
0.392
0.392
0.521
0.388
0.392
0.391
0.39
0.39
0.392
0.391
0.39
0.39
0
0.39
0.393
0.392
0.392
0
0.394
0.394
0.393
0.393
0.409
0.39
0.387
0.387
0.39
0.481
0.388
0.392
0.392
0.39
0.447
0
0.394
0.394
0.392
0.391
0
0.393
0.393
0.391
0.391
0.39
0.39
0.39
0.39
0.39
0.534
0.39
0.393
0.393
0.393
0.499
0.39
0.39
0.389
0.389
0
0.393
0.391
0.39
0.39
0
0.394
0.392
0.392
0.392
0.419
0.392
0.391
0.391
0.39
0.483
0.384
0.392
0.392
0.391
0.44
0
0.392
0.392
0.392
0.391
0
0.392
0.392
0.391
0.391
0.394
0.392
0.392
0.391
0.39
0.393
0.393
0.392
0.391
0.391
0.501
0.387
0.387
0.387
0.387
0
0.394
0.393
0.392
0.391
0
0.389
0.393
0.393
0.392
0.421
0.392
0.392
0.391
0.391
0.492
0.387
0.386
0.386
0.39
0
0.388
0.388
0.391
0.391
0
0.392
0.391
0.391
0.391
0.391
0.39
0.39
0.39
0.393
0.39
0.392
0.392
0.395
0.395
0.52
0.394
0.393
0.393
0.392
0
0.392
0.392
0.391
0.391
0
0.39
0.389
0.389
0.389
0.402
0.396
0.393
0.392
0.392
0.488
0.394
0.391
0.391
0.391
0.454
0
0.39
0.39
0.389
0.389
0
0.386
0.398
0.394
0.393
0
0.39
0.39
0.393
0.395
0.528
0.388
0.388
0.388
0.394
0.545
0.395
0.394
0.391
0.391
0.358
0.394
0.393
0.392
0.391
0
0.396
0.392
0.391
0.391
0.38
0.385
0.388
0.393
0.392
0.479
0.398
0.397
0.394
0.393
0.476
0
0.389
0.392
0.392
0.397
0
0.394
0.393
0.392
0.392
0
0.387
0.387
0.39
0.39
0.494
0.39
0.392
0.391
0.396
0.582
0.394
0.394
0.392
0.392
0.442
0.396
0.391
0.39
0.39
0
0.391
0.391
0.391
0.391
0
0.393
0.393
0.389
0.389
0.445
0.391
0.39
0.389
0.389
0.497
0.368
0.391
0.39
0.39
0.439
0.393
0.392
0.392
0.392
0.392
0.388
0.388
0.391
0.391
0.391
0.394
0.393
0.392
0.391
0.391
0.389
0.392
0.391
0.391
0.391
0.516
0.392
0.392
0.391
0.391
0.391
0.391
0.39
0.39
0
0.391
0.39
0.393
0.393
0.392
0.396
0.393
0.392
0.392
0.392
0.393
0.393
0.393
0.392
0.392
0
0.394
0.393
0.392
0.391
0
0.393
0.393
0.393
0.392
0
0.392
0.391
0.391
0.391
0.492
0.394
0.391
0.391
0.39
0.573
0.392
0.391
0.391
0.39
0.441
0.394
0.394
0.394
0.393
0
0.392
0.392
0.392
0.391
0
0.391
0.391
0.391
0.391
0.433
0.39
0.394
0.393
0.392
0.49
0.376
0.391
0.391
0.391
0.445
0
0.39
0.39
0.39
0.393
0
0.391
0.391
0.39
0.39
0
0.392
0.391
0.391
0.391
0.515
0.392
0.392
0.39
0.39
0.549
0.392
0.391
0.39
0.389
0.394
0.394
0.393
0.392
0.392
0
0.388
0.387
0.39
0.389
0.347
0.393
0.393
0.393
0.393
0.441
0.39
0.39
0.392
0.392
0.481
0.365
0.394
0.391
0.391
0.427
0
0.396
0.395
0.394
0.394
0
0.392
0.391
0.39
0.394
0.384
0.391
0.391
0.391
0.39
0.523
0.397
0.396
0.395
0.395
0.398
0.396
0.391
0.39
0.371
0.391
0.391
0.391
0.391
0.396
0.395
0.394
0.397
0.396
0.39
0.39
0.39
0.389
0.389
0.39
0.393
0.392
0.392
0.391
0.363
0.394
0.394
0.393
0.392
0
0.392
0.391
0.391
0.39
0
0.391
0.391
0.391
0.391
0.402
0.399
0.398
0.398
0.393
0.524
0.39
0.389
0.389
0.389
0.517
0.39
0.39
0.39
0.39
0.365
0.394
0.393
0.392
0.392
0
0.396
0.393
0.393
0.392
0.364
0.394
0.394
0.393
0.393
0.452
0.391
0.391
0.391
0.391
0.473
0.365
0.391
0.391
0.394
0.421
0
0.388
0.392
0.391
0.391
0
0.392
0.395
0.394
0.39
0.39
0.393
0.393
0.391
0.391
0.508
0.393
0.393
0.392
0.388
0.517
0.396
0.395
0.39
0.39
0.38
0.385
0.389
0.388
0.388
0
0.393
0.393
0.392
0.391
0.359
0.395
0.394
0.393
0.395
0.441
0.392
0.391
0.389
0.389
0.47
0.376
0.391
0.391
0.391
0.427
0
0.386
0.392
0.391
0.391
0
0.398
0.394
0.391
0.391
0.357
0.39
0.39
0.385
0.389
0.493
0.39
0.39
0.379
0.389
0.524
0.396
0.394
0.39
0.39
0.415
0.394
0.394
0.393
0.392
0
0.39
0.39
0.389
0.389
0
0.393
0.393
0.392
0.392
0.424
0.393
0.391
0.387
0.391
0.467
0.391
0.39
0.389
0.389
0
0.396
0.395
0.394
0.393
0.392
0.397
0.396
0.395
0.39
0
0.392
0.392
0.392
0.379
0.383
0.391
0.394
0.394
0.367
0.523
0.393
0.393
0.392
0.378
0.458
0.393
0.393
0.392
0.392
0
0.394
0.394
0.394
0.393
0
0.391
0.39
0.39
0.386
0.393
0.392
0.392
0.392
0.378
0.45
0.397
0.396
0.396
0.381
0.449
0.351
0.399
0.395
0.394
0.402
0
0.394
0.393
0.392
0.39
0
0.394
0.393
0.392
0.394
0.413
0.388
0.388
0.359
0.392
0.497
0.394
0.391
0.365
0.389
0.487
0.392
0.391
0.391
0.388
0.375
0.387
0.39
0.389
0.389
0
0.39
0.39
0.389
0.389
0.371
0.396
0.395
0.381
0.391
0.423
0.398
0.393
0.392
0.387
0.456
0.382
0.385
0.387
0.387
0.427
0
0.394
0.396
0.385
0.385
0
0.389
0.388
0.385
0.389
0
0.391
0.39
0.361
0.387
0.456
0.392
0.391
0
0.39
0.508
0.391
0.39
0.365
0.393
0.439
0.391
0.39
0.39
0.39
0
0.39
0.389
0.389
0.388
0
0.392
0.392
0.388
0.391
0.39
0.39
0.39
0.373
0.391
0.394
0.393
0.393
0.374
0.389
0.366
0.385
0.385
0.385
0.385
0
0.394
0.394
0.394
0.383
0
0.39
0.389
0.389
0.37
0.393
0.393
0.393
0.392
0
0.469
0.392
0.392
0.392
0
0.485
0.392
0.391
0.391
0.375
0.404
0.391
0.39
0.39
0.389
0.392
0.39
0.389
0.392
0.392
0.359
0.391
0.391
0.391
0.38
0.405
0.399
0.398
0.394
0.359
0.441
0.394
0.393
0.393
0.366
0.434
0.349
0.39
0.39
0.39
0.392
0
0.39
0.39
0.388
0.388
0
0.392
0.391
0.391
0.364
0.405
0.393
0.393
0
0.395
0.474
