1.001
1.052
0.726
0.995
0.996
0.994
1.003
0.998
0.998
0.997
0.985
0.996
1.032
1.002
1.002
0.992
0.992
1.261
0.992
0.992
0.99
0.991
1.002
1.001
1
0.969
0.996
1.002
1.003
1.002
1
1
1
1
1
0.999
0.999
0.985
0.995
0.995
0.993
0.993
1
1
0.999
0.998
0.997
1.04
1.01
1.009
1.008
1.007
1.085
1.002
1.002
1.001
0.987
0.794
1.003
1.004
1.002
0.973
0.685
1.004
1.004
1.003
0.975
0.99
0.991
0.991
0.992
0.983
1.237
1.005
1.004
1.004
0.962
1.297
1.012
1.01
1.008
0.998
1.175
1.011
1.01
1.009
1.007
1.004
1.004
1.005
1.004
1.003
0.962
0.995
0.995
0.995
0.995
0.994
0.995
0.996
0.997
0.995
1.042
0.997
0.998
0.998
0.998
1.076
0.938
1.002
1.001
0.999
1.047
0.81
1.001
1.001
1
0.976
0.698
0.995
0.995
0.996
0.967
1.01
1.009
1.007
1.006
0.946
1.255
0.999
0.997
0.995
1
1.263
1.002
1.002
1.002
0.973
1.149
0.992
1
1
0.997
0.995
0.996
0.996
0.996
0.997
0.982
0.994
0.995
0.995
0.994
0.994
0.993
0.994
0.994
0.992
1.064
1.015
1.014
1.012
1.011
0.98
0.936
0.988
0.989
0.99
0.98
0.787
1.004
1.003
1.002
0.991
0.752
1.006
1.006
1.006
1.008
1.08
1.002
1.003
1.002
0.986
1.266
1.002
1.001
1
0.992
1.227
0.997
0.997
0.998
0.985
1.103
0.999
0.999
0.998
0.991
0.979
1.009
1.008
1.006
1.005
0.991
0.991
0.999
1.008
1.005
1.014
1.013
1.012
1.011
0.999
1.078
0.988
0.988
0.996
0.986
1.052
0.9
1.004
1.003
0.942
1.01
0.729
0.999
1
0.937
1.015
0.951
0.993
0.993
0.939
0.988
1.192
1.001
1
0.912
0.993
1.266
1.015
1.013
0.94
1.006
1.151
0.991
0.998
0.996
0.996
0.997
0.998
0.999
0.99
1
0.963
1.007
1.008
0.998
0.997
0.997
0.996
0.996
0.994
0.994
1.036
0.991
1.006
0.993
0.991
1.062
0.938
1.012
1.002
0.962
1.04
0.771
1.003
1.002
0.925
0.999
0.831
1
0.999
0.93
1.006
1.113
1.002
1.002
0.917
1.004
1.257
1.007
1.005
0.936
1.008
1.179
1.004
1.002
0.961
0.995
1.009
1.008
1.005
1.003
1.002
0.987
0.998
0.997
0.995
1.003
1.001
1
1
0.991
0.991
1.032
0.998
0.998
0.986
0.986
1.054
0.956
1.011
0.984
0.971
1.022
0.861
0.996
0.996
0.92
0.993
0.81
0.992
0.992
0.917
1.001
1.085
1.003
1.003
0.904
1.006
1.235
1.003
1.002
0.89
1.012
1.177
1.005
1.004
0.96
0.994
1.03
1.001
1
0.991
0.99
0.989
0.99
0.99
0.988
0.988
0.986
0.988
0.989
0.988
0.989
1.017
1.005
1.004
0.974
0.975
1.052
0.999
0.999
0.998
0.934
1.042
1.011
1.003
1.004
0.928
1.003
1.007
1.005
1.004
0.922
1.012
1.011
1.002
1.002
0.876
1.001
1.007
0.996
0.997
0.889
1.003
1.006
1.005
1.004
0.968
0.996
1.003
1.003
1.001
0.992
1
0.981
0.982
0.983
0.982
0.993
0.992
1.004
1.003
1.001
1.001
1.001
1.001
1.001
0.991
0.99
1.046
0.989
0.99
0.99
0.931
0.867
1.007
1.006
1.004
0.905
0.869
0.998
0.997
0.997
0.897
1.082
0.999
0.999
0.999
0.869
1.213
1.008
1.008
1.008
0.867
1.152
0.993
1.001
1
0.966
1.012
1.003
1.003
1.003
0.994
0.982
0.993
0.993
0.992
0.984
0.995
0.996
0.996
0.996
0.995
1.032
1.018
1.006
1.006
0.964
1.045
0.963
0.994
0.995
0.993
1.03
0.851
1.005
1.005
1.003
1.002
0.899
0.995
0.995
0.996
1.005
1.101
0.996
0.997
0.844
1.008
1.2
0.995
0.995
0.995
0.991
1.126
0.987
0.988
0.988
0.98
0.99
0.989
0.989
1
1
0.986
0.997
0.996
0.995
0.996
0.997
0.997
0.997
0.997
0.995
1.03
0.991
0.992
0.993
0.981
1.035
0.944
0.988
0.999
0.921
1.011
0.827
1
1
0.89
1.011
0.951
0.999
1
0.884
1.008
1.124
1.007
1.006
0.849
0.995
1.184
1.008
1.006
0.904
0.989
1.078
0.999
0.999
0.987
0.998
0.99
0.99
0.99
0.98
0.991
0.989
0.99
0.999
0.99
1.002
1.003
1.002
1.001
0.991
0.99
1.038
1.003
1.002
0.99
0.955
1.034
0.921
1.02
0.995
0.887
1.007
0.861
1.004
1.002
0.866
0.999
1.008
1.006
1.003
0.857
0.99
1.157
1.002
1.003
0.808
1.01
1.141
0.997
0.998
0.917
1.01
1.043
1.008
1.005
0.995
0.994
0.986
0.995
0.996
0.968
0.997
0.996
0.996
0.997
0.986
0.987
1.03
1.016
1.004
0.965
0.966
1.036
0.975
1.006
0.994
0.916
1.025
0.915
0.997
0.997
0.882
1.007
0.931
0.995
0.995
0.865
0.998
1.076
1.003
1.002
0.776
1.008
1.001
1
0.999
0.851
1.006
0.999
0.999
0.998
0.963
0.991
0.99
1.002
1.002
0.989
0.997
0.993
0.993
0.994
0.981
0.993
1.001
1.002
1.002
0.989
0.988
0.996
0.997
0.998
0.984
0.949
1.027
0.994
0.995
0.993
0.878
1.007
1.002
1.002
1.001
0.863
0.996
0.995
0.995
0.995
0.794
0.991
0.999
0.999
0.998
0.802
1.118
1.003
1.003
1.002
0.911
1.023
1.009
1.008
1.006
0.994
0.994
0.992
0.993
0.994
0.98
0.993
0.995
0.995
0.994
0.981
0.982
1.005
1.004
1.004
0.969
0.969
0.951
0.993
0.993
0.992
0.89
0.91
1.002
1.001
1
1.002
0.953
1.017
1.015
1.013
0.841
1.087
1.003
1.003
1.003
1.003
1.129
0.995
0.996
0.995
1.009
1.047
1.011
1.01
1.008
0.994
0.993
0.994
0.994
0.993
0.993
0.993
0.994
0.994
0.994
0.995
1.002
1.001
1.001
1.001
0.988
1.025
0.981
0.981
0.994
0.911
1.012
0.941
0.991
0.992
0.861
0.995
0.932
0.999
0.999
0.856
1.004
1.05
1.007
1.006
0.738
1.005
1.117
1.004
1.004
0.82
0.999
1.048
1.002
1.001
1
0.993
0.993
0.993
0.993
0.981
0.99
0.989
0.99
0.991
0.977
0.99
0.991
0.992
0.992
0.978
0.99
1.004
0.995
0.995
0.985
0.922
1.023
0.942
0.992
0.99
0.864
1.004
0.94
0.976
0.99
0.834
1.001
1.014
1.012
1.009
0.755
1.01
1.108
1.014
1.004
0.786
0.991
1.082
1.004
1.004
0.945
0.992
0.992
0.991
1.001
0.987
0.988
0.988
0.989
0.989
0.979
0.988
1.017
1.001
1
0.965
0.975
1.01
0.996
0.996
0.981
0.936
1.02
0.955
1
0.991
0.864
1.011
0.937
0.98
0.994
0.83
1.007
1.007
0.999
0.999
0.732
0.995
1.106
0.994
0.994
0.755
0.994
1.044
0.995
0.996
0.925
0.994
0.995
0.996
0.995
0.967
1.002
0.993
0.993
0.999
0.986
0.994
0.995
0.995
0.995
0.96
0.973
1.012
0.998
0.998
0.97
0.921
1.017
0.975
0.986
0.985
0.849
1.002
0.999
0.999
0.999
0.821
0.999
0.997
0.998
0.998
0.684
0.992
0.998
0.998
0.998
0.762
1.004
1.004
1.003
1.004
0.945
0.996
0.996
0.995
0.995
0.984
0.985
0.986
0.986
0.996
0.982
0.991
0.999
0.999
0.999
0.972
0.972
1.003
1.004
1.003
0.964
0.897
0.968
0.996
0.996
0.995
0.836
0.968
1.002
1.001
1
0.803
1.031
0.996
0.995
0.994
0.605
1.074
0.999
0.999
0.998
0.768
1.011
1.009
1.008
1.008
0.964
0.993
0.993
0.993
0.993
0.983
0.993
0.993
0.994
0.994
0.962
0.999
0.998
0.999
0.998
0.955
0.999
0.998
0.997
0.997
0.986
1.001
0.973
1.001
0.999
