1.985
1.987
1.984
1.982
1.939
1.954
1.955
1.955
1.954
1.836
1.936
1.952
1.954
1.957
1.466
1.98
1.978
1.977
1.976
2.002
1.98
1.979
1.979
1.981
2.115
1.979
1.976
1.977
1.977
1.885
1.961
1.961
1.961
1.964
1.965
1.942
1.969
1.971
1.971
2.058
1.479
1.969
1.969
1.97
1.988
1.833
1.999
1.983
1.983
1.983
2.184
1.972
1.973
1.969
1.967
1.897
1.981
1.982
1.981
1.979
1.951
1.952
1.97
1.972
1.972
2.118
1.571
1.972
1.973
1.972
1.99
1.659
1.976
1.974
1.975
1.974
2.211
1.989
1.987
1.986
1.968
1.965
1.966
1.965
1.966
1.966
1.891
1.959
1.96
1.96
1.963
1.889
1.974
1.976
1.974
1.974
2.03
1.937
1.96
1.962
1.964
1.965
1.938
1.939
1.955
1.958
1.959
1.986
1.984
1.984
1.968
1.968
1.949
1.951
1.967
1.967
1.966
1.761
1.98
1.979
1.979
1.976
1.463
1.947
1.964
1.962
1.963
2.143
1.977
1.977
1.974
1.975
2.056
1.972
1.97
1.971
1.972
1.88
1.962
1.963
1.964
1.964
2.038
1.854
1.99
1.987
1.985
1.983
1.423
1.976
1.972
1.974
1.977
1.997
1.97
1.969
1.969
1.97
2.105
1.953
1.956
1.956
1.957
1.955
1.939
1.956
1.957
1.958
1.96
1.927
1.957
1.96
1.962
1.963
1.431
1.98
1.977
1.979
1.978
1.911
1.966
1.963
1.98
1.979
2.182
1.967
1.966
1.968
1.972
1.853
1.929
1.952
1.954
1.953
1.953
1.953
1.969
1.97
1.973
2.082
1.488
1.963
1.964
1.969
1.971
1.813
1.969
1.95
1.953
1.955
2.183
1.966
1.969
1.97
1.971
1.904
1.928
1.952
1.953
1.955
1.951
1.952
1.977
1.977
1.977
2.11
1.558
1.965
1.964
1.965
1.988
1.663
1.978
1.977
1.996
1.996
2.224
1.954
1.955
1.953
1.953
1.936
1.939
1.962
1.965
1.966
1.906
1.96
1.961
1.962
1.961
2.062
2.013
1.95
2.006
1.984
2.003
1.967
1.968
1.968
1.969
1.97
1.959
1.961
1.981
1.98
1.978
1.96
1.963
1.961
1.964
1.965
1.885
1.948
1.95
1.949
1.95
2.113
1.989
1.986
1.983
1.984
1.505
1.985
1.966
1.966
1.966
1.968
1.973
1.973
1.971
1.973
1.975
1.977
1.977
1.974
1.975
1.973
1.878
1.945
1.964
1.967
1.966
1.778
1.966
1.966
1.967
1.967
1.441
1.98
1.977
1.977
1.974
2.082
1.985
1.964
1.965
1.965
2.066
1.996
1.992
1.991
1.991
1.858
1.939
1.957
1.957
1.959
1.982
1.841
1.939
1.959
1.961
2.073
1.439
1.972
1.971
1.971
1.971
2.002
1.999
1.997
1.995
1.993
2.099
1.957
1.956
1.958
1.958
1.862
1.966
1.966
1.967
1.965
1.981
1.911
1.932
1.951
1.971
2.108
1.477
1.966
1.966
1.963
1.966
1.963
1.964
1.961
1.978
1.979
2.174
1.959
1.958
1.981
1.978
1.894
1.965
1.966
1.964
1.964
1.965
1.948
1.964
1.966
1.966
2.1
1.487
1.971
1.972
1.97
1.971
1.879
1.949
1.974
1.974
1.977
2.199
1.959
1.959
1.96
1.958
1.933
1.951
1.951
1.967
1.982
1.964
1.963
1.964
1.965
1.968
2.08
1.964
1.966
1.964
1.965
1.99
1.972
1.968
1.967
1.969
1.969
2.169
1.96
1.958
1.957
1.959
1.96
1.961
1.964
1.965
1.967
1.964
1.962
1.98
1.977
1.977
1.564
1.958
1.98
1.981
1.977
1.749
1.986
1.985
1.985
1.983
2.198
1.947
1.969
1.97
1.968
1.968
1.967
1.967
1.967
1.969
1.944
1.947
1.966
1.965
1.962
1.964
1.627
1.927
1.955
1.956
1.957
1.691
1.982
1.979
1.977
1.975
2.164
1.996
1.98
1.981
1.981
1.958
1.957
1.954
1.957
1.957
1.933
1.935
1.958
1.956
1.957
2.061
1.64
1.986
1.984
1.981
1.98
1.636
1.948
1.946
1.948
1.962
2.184
1.984
1.969
1.971
1.972
1.971
1.969
1.968
1.965
1.961
1.94
1.941
1.959
1.96
1.96
2.098
1.669
1.972
1.971
1.972
2
1.62
1.968
1.967
1.968
1.968
2.182
1.979
1.979
1.978
1.977
1.973
1.974
1.974
1.971
1.973
1.956
1.954
1.955
1.959
1.959
2.089
1.695
1.967
1.968
1.968
1.992
1.592
1.972
1.975
1.973
1.975
2.19
1.989
1.987
1.986
1.985
1.968
1.949
1.964
1.966
1.965
1.941
1.956
1.974
1.974
1.975
2.052
1.709
1.955
1.956
1.972
1.999
1.971
1.968
1.967
1.968
1.971
2.18
1.96
1.963
1.963
1.966
1.968
1.968
1.971
1.97
1.97
1.898
1.966
1.968
1.969
1.97
2.054
1.964
1.966
1.969
1.971
1.641
1.98
1.977
1.98
1.977
2.159
1.978
1.976
1.976
1.974
1.972
1.968
1.966
1.965
1.968
1.941
1.943
1.945
1.947
1.948
2.014
1.674
1.954
1.956
1.956
2.018
1.668
1.959
1.96
1.96
1.962
2.167
1.968
1.965
1.967
1.966
1.948
1.964
1.965
1.966
1.967
1.943
1.943
1.946
1.962
1.964
2.067
1.641
1.97
1.968
1.992
1.994
1.728
1.955
2.011
1.964
1.966
2.155
1.972
1.97
1.973
1.969
1.948
1.95
1.974
1.973
1.973
1.956
1.959
1.96
1.961
1.962
2.066
1.61
1.982
1.979
1.98
1.983
1.831
1.989
1.989
1.902
1.927
2.139
1.983
1.98
1.977
1.973
1.898
1.925
1.951
1.956
1.958
1.954
1.951
1.973
1.97
1.993
2.074
1.564
1.967
1.965
2.031
2.029
1.926
1.944
1.947
1.886
1.942
2.1
1.961
1.96
1.981
1.978
1.888
1.965
1.967
1.967
1.965
1.984
1.962
1.963
1.961
1.984
2.06
1.541
1.993
1.99
1.989
1.987
1.988
1.988
1.984
1.927
1.95
2.06
1.971
1.968
1.985
1.983
1.974
1.975
1.978
1.979
1.981
1.884
1.945
1.964
1.964
1.98
1.562
1.966
1.967
1.964
1.96
2.113
1.945
1.963
1.96
1.874
1.99
1.973
1.971
1.972
1.974
1.913
1.968
1.969
1.966
1.962
2.038
1.811
1.985
1.982
1.98
2.047
1.616
1.963
1.963
1.966
1.958
2.165
1.974
1.971
1.97
1.953
1.956
1.956
1.972
1.972
1.973
1.95
1.973
1.972
1.969
1.967
2.041
1.701
1.966
1.967
2.128
1.993
1.728
1.981
1.981
1.861
1.945
2.137
1.98
1.98
1.999
1.932
1.929
1.984
1.983
1.982
1.963
1.961
1.963
1.964
1.963
1.988
2.044
1.641
1.984
1.983
2.038
2.017
1.847
1.952
1.954
1.853
1.978
2.125
1.983
1.98
1.979
1.978
1.948
1.949
1.976
1.975
1.971
1.97
1.947
1.97
1.97
2.025
2.028
1.578
1.973
1.974
1.975
1.973
1.975
1.973
1.973
1.827
1.972
2.049
1.976
1.959
1.978
1.979
1.898
1.968
1.986
1.963
1.959
1.989
1.89
1.966
1.964
2.124
2.055
1.987
2.002
1.984
1.894
1.922
1.945
1.971
1.97
1.893
1.922
1.974
1.974
1.973
1.995
1.992
1.958
1.96
1.961
1.959
1.979
1.755
1.965
1.964
1.964
2.162
1.699
1.963
1.962
1.977
1.819
1.972
1.984
1.981
1.981
1.908
1.927
1.947
1.964
1.964
1.966
1.961
1.962
1.964
1.963
1.961
1.992
1.664
1.978
1.979
1.976
1.976
1.841
1.986
1.985
1.983
1.957
2.113
1.981
1.978
1.962
1.964
1.943
1.959
1.958
1.973
1.971
1.969
1.953
1.955
1.956
1.955
2.064
1.615
1.957
1.96
1.962
1.995
1.993
1.991
1.988
1.839
1.944
2.037
1.971
1.968
1.967
1.995
1.916
1.985
1.968
1.983
1.983
2.003
1.847
1.945
1.947
2.196
2.043
1.628
1.954
1.969
1.878
1.963
2.106
1.971
1.973
1.893
1.963
1.964
1.965
1.968
1.971
1.972
1.912
1.935
2.009
1.946
2.006
2.025
1.742
1.964
1.966
2.215
1.989
1.745
1.963
1.96
1.782
1.992
