2.8
2.8
2.758
2.482
2.728
2.763
2.679
2.443
-1
2.761
2.726
2.357
2.694
2.697
2.744
2.311
2.76
2.721
2.723
2.204
2.678
2.675
2.701
2.127
-1
2.735
2.699
2.698
2.739
-1
2.694
2.692
2.144
-1
2.719
2.694
2.246
2.745
-1
2.765
2.228
2.695
-1
2.765
2.29
2.789
-1
2.745
2.705
2.77
-1
2.759
2.757
2.649
-1
2.728
2.723
2.684
2.684
2.692
2.692
2.695
2.656
2.797
-1
2.688
2.687
-1
2.725
2.748
2.618
-1
2.813
2.809
2.665
-1
2.692
-1
2.476
-1
2.704
-1
2.743
2.469
2.795
2.796
2.792
2.36
2.76
2.758
2.749
2.333
2.815
2.785
2.75
2.196
2.726
2.723
2.693
2.185
2.765
2.684
2.721
2.153
2.745
2.72
2.632
2.708
2.678
-1
2.683
2.788
2.106
2.77
2.759
2.764
2.228
2.767
2.742
2.737
2.243
2.683
-1
2.69
2.371
2.592
-1
2.667
2.469
2.725
-1
2.769
2.773
2.578
-1
2.719
2.743
2.627
-1
2.737
2.74
2.735
2.701
2.73
2.81
2.787
2.614
-1
2.747
2.748
2.588
-1
2.745
2.705
2.676
-1
2.775
2.771
2.586
-1
2.787
-1
2.694
2.53
2.752
-1
2.714
2.436
2.705
2.796
2.791
2.346
2.645
2.745
2.659
2.248
2.695
2.659
2.661
2.202
2.705
2.745
2.743
2.191
2.76
2.721
2.718
2.695
2.65
-1
2.763
2.682
2.106
-1
2.648
2.677
2.142
2.656
2.661
2.756
2.174
2.695
-1
2.655
2.202
2.663
-1
2.675
2.298
2.808
-1
2.707
2.679
2.381
-1
2.753
2.728
2.447
2.753
2.764
2.742
2.541
2.658
2.671
2.773
2.602
2.698
-1
2.686
2.71
2.713
-1
2.808
2.65
2.692
-1
2.706
2.707
2.681
-1
2.745
2.772
2.769
-1
2.76
2.787
2.756
2.627
2.695
-1
2.711
2.599
-1
2.781
2.66
2.528
-1
2.721
2.72
2.471
-1
2.752
2.752
2.726
2.721
2.745
2.769
2.767
2.787
2.763
2.764
2.728
2.197
2.764
2.764
2.738
2.204
2.672
2.713
2.713
2.118
2.767
2.763
2.756
2.132
2.66
2.697
2.694
2.123
2.677
2.699
2.694
2.718
2.098
2.749
2.744
2.746
2.125
-1
2.656
2.659
2.16
2.76
2.677
2.678
2.245
2.701
-1
2.737
2.251
2.728
-1
2.712
2.715
2.716
-1
2.767
2.737
2.764
-1
2.607
2.633
2.629
-1
2.747
2.777
2.639
2.744
2.713
2.709
2.707
2.703
-1
2.769
2.7
2.703
-1
2.778
2.655
2.651
-1
2.671
2.693
2.691
-1
2.755
2.756
2.753
-1
2.666
-1
2.632
2.554
2.8
2.8
2.718
2.593
-1
2.683
2.738
2.523
-1
2.766
2.695
2.512
-1
2.718
2.721
2.517
2.802
2.667
2.767
2.741
2.395
2.723
-1
2.658
2.338
2.76
2.763
2.731
2.315
2.767
-1
2.677
2.224
2.719
2.622
2.728
2.189
2.62
-1
2.721
2.718
2.734
2.731
2.71
2.685
-1
2.667
2.765
2.765
2.136
2.799
2.794
2.665
2.122
2.695
-1
2.669
2.106
2.716
2.8
2.765
2.145
2.68
-1
2.726
2.154
2.645
-1
2.643
2.678
2.78
-1
2.658
2.663
2.304
2.661
2.73
2.731
2.302
2.794
-1
2.76
2.398
2.762
-1
2.794
2.447
2.76
-1
2.639
2.483
2.728
-1
2.685
2.683
2.627
-1
2.683
2.718
2.621
-1
2.753
2.758
2.761
2.637
2.721
2.716
2.74
2.651
-1
2.748
2.75
2.75
-1
2.803
2.692
2.667
-1
2.805
-1
2.738
-1
2.647
2.747
2.671
-1
2.686
2.778
2.773
2.64
2.742
2.771
2.748
2.636
-1
2.748
2.673
2.576
-1
2.735
2.773
2.521
-1
2.752
2.779
2.517
-1
2.695
2.778
2.668
2.745
2.744
2.765
2.765
2.4
2.746
-1
2.665
2.332
2.732
2.736
2.736
2.308
2.675
2.784
2.665
2.29
2.736
2.74
2.763
2.733
2.612
2.745
2.744
2.712
2.769
2.733
2.734
2.737
2.152
2.739
2.743
2.666
2.134
2.67
2.772
2.767
2.13
2.8
2.685
2.768
2.119
2.791
2.75
2.712
2.707
2.712
2.715
2.74
2.719
2.742
-1
-1
2.742
2.146
-1
2.723
2.697
2.105
2.656
2.694
2.694
2.124
2.686
-1
2.738
2.167
2.804
-1
2.701
2.211
2.699
-1
2.682
2.228
2.714
-1
2.772
2.739
2.273
-1
2.668
2.696
2.32
-1
2.692
2.695
2.36
2.743
-1
2.721
2.438
2.719
-1
2.815
2.447
2.792
-1
2.728
2.73
2.784
-1
2.705
2.702
2.495
-1
2.663
2.7
2.599
2.813
2.563
2.694
2.668
2.705
-1
2.668
2.666
2.67
-1
2.688
2.734
2.731
-1
2.699
2.699
2.722
-1
2.673
2.784
2.691
-1
2.795
2.79
2.755
2.734
2.752
2.756
2.719
2.724
2.695
2.722
2.635
2.72
-1
2.742
2.732
2.649
-1
2.685
2.698
2.667
-1
2.73
2.812
2.708
-1
2.747
-1
2.681
-1
2.735
2.734
2.734
2.643
-1
2.732
2.711
2.678
-1
2.713
2.686
2.684
-1
2.718
2.806
2.559
-1
2.671
2.709
2.617
2.614
2.748
-1
2.707
2.521
2.786
2.802
2.685
2.472
2.717
2.804
2.769
2.434
2.742
2.715
2.713
2.41
2.738
2.733
2.762
2.73
2.748
2.744
2.721
2.386
2.765
2.76
2.761
2.725
-1
2.755
2.759
2.757
2.311
-1
2.77
2.766
2.273
2.738
-1
2.81
2.224
2.815
2.79
2.706
2.673
2.743
2.66
2.767
2.741
2.189
2.698
2.727
2.76
2.157
2.675
2.731
2.732
2.092
2.716
2.742
2.734
2.106
2.786
2.764
2.738
2.122
2.695
2.732
2.757
2.089
2.698
2.703
2.707
2.703
2.063
2.738
-1
2.701
2.084
2.709
2.657
2.658
2.065
2.695
2.693
2.667
2.072
2.747
2.744
-1
2.078
2.755
2.758
2.755
2.092
2.71
2.714
2.709
2.706
2.733
2.769
2.741
2.743
2.08
2.775
2.826
2.823
2.062
2.818
2.709
2.713
2.063
2.797
-1
2.716
2.103
2.742
-1
2.698
2.08
2.68
-1
2.701
-1
2.721
-1
2.717
-1
-1
-1
2.726
2.724
2.107
-1
2.791
2.791
2.131
2.699
-1
2.702
2.112
2.748
-1
2.74
2.111
-1
-1
2.65
2.157
-1
-1
2.716
2.716
2.756
-1
2.677
2.702
2.236
-1
2.672
2.693
2.195
-1
2.678
2.699
2.238
2.794
-1
2.647
2.193
-1
-1
2.717
2.255
2.782
-1
2.73
2.73
-1
-1
2.761
2.673
2.26
-1
-1
2.714
2.226
2.745
-1
2.808
2.299
-1
-1
2.72
2.272
2.736
-1
2.672
2.306
-1
-1
2.639
2.749
-1
-1
2.688
2.778
2.308
-1
2.73
2.698
2.299
2.815
2.647
2.682
2.316
-1
-1
2.657
2.329
-1
-1
2.694
2.314
2.818
-1
2.701
2.7
-1
-1
2.748
2.746
2.344
-1
2.738
2.779
2.368
2.791
2.65
2.688
2.344
-1
-1
2.764
2.367
-1
-1
2.738
2.323
2.805
-1
2.695
2.721
-1
-1
2.773
2.768
2.364
-1
2.789
2.706
2.355
2.81
-1
2.683
2.333
-1
-1
2.758
2.333
-1
-1
2.695
2.364
2.786
-1
2.75
2.752
2.804
-1
2.762
2.757
2.349
-1
2.739
2.739
2.338
-1
2.677
2.68
2.369
-1
-1
2.82
2.355
2.777
-1
2.723
2.333
-1
-1
2.71
2.706
-1
-1
2.769
2.667
2.351
-1
2.645
2.674
2.349
2.745
-1
2.71
2.351
-1
