-1
-1
2.493
2.749
-1
-1
-1
2.612
2.757
-1
2.711
2.807
2.752
2.752
-1
-1
2.789
2.689
2.78
2.75
2.656
-1
2.779
-1
2.782
1.986
2.695
2.737
-1
2.79
1.815
2.809
2.78
2.776
-1
2.434
-1
-1
2.446
-1
-1
2.776
-1
2.609
2.799
2.801
-1
2.806
-1
-1
2.736
-1
2.785
2.787
-1
2.812
2.602
-1
2.809
-1
-1
1.976
-1
2.809
-1
-1
1.908
-1
-1
2.581
2.714
2.489
-1
-1
2.358
-1
2.772
2.773
-1
2.64
-1
-1
-1
-1
2.75
-1
-1
2.787
2.787
-1
-1
2.773
-1
2.728
-1
-1
2.783
-1
2.809
-1
-1
-1
-1
-1
-1
2.533
-1
-1
2.806
2.803
2.389
-1
-1
-1
2.736
2.714
-1
-1
-1
-1
2.806
-1
-1
-1
-1
2.823
-1
2.327
-1
-1
2.76
-1
1.861
2.695
2.771
2.77
-1
2.207
2.741
-1
-1
2.32
2.806
2.805
2.777
-1
2.453
-1
-1
-1
-1
-1
-1
2.783
-1
2.759
-1
-1
2.666
2.771
2.773
2.778
-1
2.112
-1
2.804
2.718
2.809
1.893
-1
2.793
-1
-1
2.512
2.721
2.752
-1
-1
-1
-1
-1
-1
2.815
-1
2.823
2.82
2.815
-1
-1
2.76
2.759
-1
-1
2.809
2.444
-1
-1
-1
-1
1.906
2.737
2.74
-1
2.782
2.127
-1
-1
2.349
-1
2.735
2.735
2.736
2.345
-1
-1
2.759
-1
-1
-1
2.814
2.708
2.733
2.761
2.764
2.763
2.725
-1
2.786
-1
2.823
2.141
2.712
-1
-1
2.787
1.924
2.79
2.789
2.663
-1
2.513
-1
-1
2.231
2.78
-1
-1
2.817
2.615
-1
2.741
2.765
-1
2.765
-1
2.789
2.788
2.785
-1
-1
2.768
2.384
-1
-1
-1
-1
1.951
2.796
2.792
-1
2.817
2.213
2.81
-1
2.241
2.818
2.816
2.786
-1
2.37
2.702
-1
2.773
2.774
2.772
-1
-1
2.763
-1
2.78
-1
2.736
2.815
-1
2.755
-1
2.793
2.752
2.757
-1
-1
2.772
2.804
2.782
-1
2.38
-1
-1
-1
2.742
2.228
2.765
2.729
2.77
2.742
2.66
-1
2.791
-1
-1
-1
-1
2.791
2.79
-1
-1
-1
2.253
-1
2.762
2.766
-1
1.976
2.803
-1
2.733
2.763
2.486
-1
-1
2.733
2.804
-1
-1
-1
2.793
2.524
2.796
2.798
-1
-1
2.804
-1
-1
2.803
2.77
-1
-1
2.429
-1
2.796
2.798
2.82
1.972
-1
-1
2.716
2.812
2.306
2.716
2.799
2.133
2.815
-1
2.776
-1
2.812
-1
2.802
2.778
-1
2.772
-1
-1
-1
-1
2.759
-1
2.763
2.58
-1
2.785
-1
-1
2.035
2.773
-1
-1
2.791
2.225
2.763
2.766
2.164
-1
2.733
2.736
-1
2.258
-1
2.807
2.803
-1
2.675
-1
-1
2.776
2.754
-1
2.793
-1
2.648
-1
2.757
-1
-1
2.125
2.79
2.723
-1
-1
2.199
2.79
2.791
2.211
-1
2.769
2.769
2.74
2.171
-1
-1
2.759
-1
2.698
2.724
-1
2.785
2.764
2.766
-1
-1
2.624
-1
-1
-1
2.809
-1
2.794
2.796
-1
-1
2.778
-1
2.796
2.308
2.818
2.753
2.756
2.76
2.15
-1
-1
-1
-1
2.714
-1
2.765
2.788
-1
-1
2.791
-1
-1
2.791
-1
-1
2.202
2.782
-1
-1
-1
2.116
2.811
2.729
-1
2.281
2.694
2.796
2.795
2.765
2.107
2.721
-1
2.811
-1
2.617
-1
2.765
-1
2.789
2.784
-1
2.773
-1
-1
-1
2.767
2.273
2.812
-1
2.754
-1
2.133
-1
2.815
-1
-1
2.761
2.761
-1
2.763
2.776
2.778
2.8
-1
2.747
2.786
2.762
2.74
2.761
2.789
-1
-1
-1
-1
2.783
-1
-1
2.245
2.799
-1
-1
-1
2.209
-1
2.806
2.282
-1
2.629
-1
2.726
2.099
-1
2.789
2.784
2.785
2.673
-1
2.783
-1
2.815
-1
-1
2.782
2.777
-1
-1
-1
2.799
2.275
-1
2.748
-1
2.809
2.218
2.733
2.787
2.131
2.742
-1
2.767
-1
2.099
-1
2.806
2.803
-1
2.645
-1
-1
-1
-1
-1
-1
2.768
2.728
2.751
2.745
-1
2.765
2.259
-1
2.787
-1
2.794
2.248
2.784
2.783
2.082
-1
2.758
2.784
2.785
2.094
2.798
2.798
-1
-1
2.689
-1
2.75
-1
-1
-1
-1
-1
-1
2.765
2.768
-1
2.698
-1
-1
-1
-1
2.714
2.749
2.753
2.783
1.998
-1
2.709
2.744
2.777
2.174
2.809
-1
2.716
2.756
-1
-1
2.764
2.761
2.782
-1
-1
-1
2.729
2.731
-1
-1
2.207
2.783
2.778
-1
-1
2.475
2.782
-1
-1
1.953
-1
2.765
2.761
-1
2.292
2.716
-1
-1
-1
2.747
2.776
-1
-1
2.815
2.814
-1
2.548
2.785
-1
2.821
2.739
2.269
-1
-1
-1
-1
2.658
-1
-1
2.789
2.763
-1
-1
-1
-1
2.373
2.749
2.748
2.748
-1
-1
-1
-1
2.739
2.741
-1
2.82
2.414
2.807
2.805
-1
-1
2.291
2.798
2.793
2.379
2.814
2.722
-1
-1
1.923
-1
-1
-1
-1
2.558
-1
-1
-1
2.773
-1
-1
2.821
2.817
2.813
2.803
-1
-1
2.392
2.726
2.733
-1
2.782
2.326
2.733
2.773
2.04
2.732
2.734
-1
-1
2.011
-1
-1
-1
2.769
2.65
-1
2.754
-1
-1
-1
-1
2.757
2.757
-1
2.817
-1
2.716
2.379
-1
-1
-1
-1
2.471
2.814
2.81
1.857
2.718
-1
2.804
-1
2.171
-1
-1
-1
-1
2.665
-1
2.768
-1
-1
2.721
-1
-1
2.762
-1
2.815
-1
-1
2.387
2.818
2.817
-1
2.807
2.692
2.806
-1
1.84
2.789
2.759
-1
2.718
2.385
-1
-1
2.781
2.784
2.784
-1
-1
-1
2.793
-1
-1
2.541
-1
-1
2.763
-1
2.38
2.807
-1
2.791
2.086
2.786
2.789
-1
-1
1.942
2.818
2.789
2.791
-1
2.624
2.749
-1
-1
-1
2.814
2.759
2.759
2.762
-1
2.778
2.739
2.464
2.785
2.784
-1
-1
2.528
2.804
-1
-1
2.742
-1
2.785
2.787
-1
2.803
2.799
2.8
-1
2.749
-1
-1
2.811
2.809
-1
-1
2.724
2.696
2.787
2.765
-1
2.789
2.419
2.759
-1
-1
2.809
2.695
2.779
2.689
1.776
-1
2.763
-1
2.811
2.309
-1
2.773
2.747
-1
2.811
-1
-1
-1
2.739
-1
-1
-1
2.617
-1
-1
-1
2.811
2.513
-1
2.809
2.005
2.762
2.764
2.764
-1
1.934
2.742
2.746
-1
-1
2.659
-1
2.737
-1
2.759
-1
-1
-1
2.68
2.776
-1
-1
2.821
2.572
-1
2.762
-1
-1
2.698
2.733
-1
1.745
-1
-1
2.742
2.741
2.214
-1
-1
-1
2.798
2.799
-1
2.765
2.783
-1
-1
-1
-1
-1
2.775
2.776
-1
-1
2.76
-1
-1
2.245
2.793
