2.939
2.904
2.796
-1
2.895
2.895
2.895
-1
2.917
2.912
2.911
-1
2.87
2.894
2.871
-1
2.909
2.905
2.904
2.861
2.906
2.907
2.903
2.877
-1
2.898
2.897
2.892
4.114
2.864
2.865
2.868
3.593
2.906
2.907
2.905
3.403
2.905
2.903
2.901
3.166
2.9
2.899
2.897
2.892
2.905
2.906
2.903
2.901
2.945
2.943
2.934
2.907
2.91
2.906
2.903
2.899
2.897
2.9
2.895
2.87
2.895
2.898
2.901
2.902
2.901
2.997
2.89
2.89
2.889
2.889
2.908
2.91
2.907
2.88
3.178
2.889
2.912
2.818
3.52
2.899
2.894
2.869
3.909
2.896
2.896
2.802
-1
2.883
2.883
2.882
-1
2.883
2.912
2.912
-1
2.886
2.887
2.885
2.847
2.887
2.884
2.884
2.842
-1
2.882
2.883
2.877
-1
2.875
2.875
2.873
4.218
2.909
2.904
2.903
3.584
2.877
2.88
2.878
3.342
2.872
2.873
2.902
2.9
2.966
2.938
2.932
2.9
2.929
2.906
2.898
2.894
2.895
2.894
2.892
2.886
2.886
2.908
2.906
2.9
2.896
2.939
2.935
2.912
2.906
3.115
2.884
2.885
2.915
3.267
2.901
2.903
2.903
2.868
2.899
2.901
2.878
2.839
-1
2.869
2.872
2.83
-1
2.896
2.899
2.898
-1
2.91
2.907
2.906
-1
2.925
2.924
2.918
-1
2.931
2.906
2.905
2.9
2.88
2.881
2.878
2.882
3.618
2.895
2.891
2.888
3.25
2.913
2.913
2.91
3.048
2.859
2.863
2.866
2.893
2.896
2.898
2.893
2.893
2.898
2.895
2.893
2.895
2.931
2.896
2.893
2.891
2.889
3.026
2.9
2.901
2.877
3.373
2.907
2.884
2.858
4.053
2.866
2.869
2.793
-1
2.893
2.89
2.887
-1
2.875
2.873
2.875
-1
2.88
2.856
2.86
2.837
2.88
2.883
2.887
2.888
4.069
2.842
2.852
2.877
3.426
2.866
2.899
2.893
3.146
2.893
2.892
2.893
2.927
2.924
2.92
2.918
2.915
2.914
2.909
2.909
2.885
2.932
2.927
2.899
2.896
2.892
3.102
2.906
2.897
2.894
3.466
2.931
2.926
2.884
-1
2.893
2.892
2.86
-1
2.896
2.921
2.917
-1
2.837
2.876
2.872
-1
2.869
2.869
2.869
2.863
2.919
2.913
2.911
2.907
3.418
2.855
2.863
2.868
3.102
2.837
2.886
2.887
2.915
2.91
2.909
2.905
2.905
2.907
2.904
2.902
2.895
2.929
2.923
2.885
2.889
3.197
2.861
2.86
2.864
2.863
2.894
2.89
2.893
2.854
-1
2.882
2.882
2.846
-1
2.919
2.913
2.826
-1
2.81
2.852
2.854
4.139
2.882
2.884
2.883
3.454
2.877
2.88
2.882
2.881
2.902
2.902
2.901
2.898
2.902
2.9
2.895
2.873
2.874
2.9
2.899
2.899
2.897
3
2.886
2.885
2.878
3.5
2.882
2.918
2.915
-1
2.875
2.877
2.878
-1
2.87
2.87
2.893
2.853
2.896
2.894
2.896
2.897
-1
2.869
2.869
2.895
3.481
2.899
2.897
2.9
3.012
2.922
2.898
2.894
2.889
2.889
2.889
2.891
2.894
2.916
2.913
2.912
2.909
3.126
2.919
2.922
2.917
2.893
2.904
2.867
2.868
2.863
-1
2.893
2.891
2.85
-1
2.89
2.911
2.883
-1
2.843
2.866
2.865
3.747
2.893
2.89
2.888
3.178
2.872
2.868
2.868
2.89
2.892
2.891
2.894
2.89
2.891
2.889
2.886
2.886
2.891
3.034
2.904
2.904
2.9
3.436
2.881
2.883
2.801
-1
2.875
2.878
2.845
-1
2.899
2.896
2.896
-1
2.864
2.864
2.864
3.663
2.895
2.892
2.891
2.888
2.901
2.9
2.898
2.872
2.877
2.875
2.881
2.88
2.881
2.916
2.912
2.878
2.879
3.145
2.877
2.88
2.879
3.782
2.877
2.878
2.9
-1
2.916
2.913
2.911
2.906
2.886
2.891
2.891
2.889
2.909
2.908
2.908
2.905
3.273
2.89
2.888
2.89
2.928
2.925
2.897
2.895
2.892
2.915
2.91
2.912
2.906
3.001
2.867
2.871
2.875
3.557
2.927
2.922
2.893
2.869
2.875
2.875
2.876
2.846
2.861
2.864
2.868
2.866
4.251
2.852
2.859
2.881
3.294
2.893
2.897
2.891
2.928
2.926
2.903
2.903
2.894
2.896
2.894
2.919
2.917
3.023
2.906
2.908
2.909
2.877
3.715
2.893
2.894
2.889
-1
2.896
2.895
2.861
-1
2.861
2.868
2.866
3.822
2.842
2.847
2.869
3.202
2.893
2.893
2.893
2.895
2.899
2.877
2.877
2.878
2.883
2.882
2.881
2.884
2.882
2.89
2.89
2.889
2.888
-1
2.891
2.889
2.885
-1
2.909
2.903
2.881
-1
2.875
2.879
2.875
3.366
2.88
2.881
2.881
2.922
2.921
2.895
2.897
2.896
2.921
2.916
2.914
2.91
2.91
3.035
2.89
2.887
2.884
3.64
2.882
2.885
2.856
-1
2.866
2.889
2.886
-1
2.866
2.862
2.891
3.585
2.899
2.902
2.9
3.045
2.926
2.925
2.902
2.877
2.928
2.926
2.901
2.877
2.878
2.953
2.925
2.926
2.923
3.477
2.866
2.869
2.87
-1
2.916
2.888
2.887
-1
2.877
2.879
2.878
3.669
2.894
2.891
2.891
3.099
2.866
2.888
2.887
2.885
2.91
2.908
2.908
2.906
2.908
2.951
2.928
2.899
2.872
3.466
2.93
2.928
2.85
-1
2.893
2.887
2.883
-1
2.924
2.889
2.883
3.552
2.922
2.918
2.889
3.029
2.896
2.891
2.89
2.885
2.887
2.884
2.884
2.881
2.879
2.9
2.895
2.892
3.585
2.895
2.89
2.887
2.881
-1
2.905
2.905
2.874
4.378
2.889
2.883
2.881
3.415
2.907
2.903
2.894
2.934
2.928
2.902
2.9
2.894
2.897
2.895
2.895
2.891
3.149
2.906
2.902
2.875
4.066
2.909
2.908
2.908
2.874
-1
2.88
2.885
2.883
3.856
2.89
2.891
2.887
3.148
2.866
2.866
2.889
2.895
2.894
2.896
2.9
2.896
2.937
2.931
2.926
2.925
3.321
2.917
2.915
2.909
2.904
2.823
2.855
2.882
2.878
-1
2.897
2.894
2.89
3.493
2.88
2.878
2.849
2.976
2.937
2.899
2.898
2.895
2.899
2.9
2.877
2.884
3.041
2.895
2.897
2.897
2.893
2.895
2.889
2.89
2.863
2.906
2.91
2.905
2.882
3.882
2.91
2.902
2.9
3.161
2.861
2.863
2.86
2.885
2.884
2.885
2.883
2.883
2.915
2.91
2.907
2.901
2.901
2.898
2.895
2.89
-1
2.918
2.915
2.912
2.91
2.864
2.866
2.867
2.868
3.376
2.864
2.889
2.889
2.912
2.911
2.909
2.905
2.903
2.936
2.93
2.929
2.923
3.123
2.872
2.896
2.893
-1
2.877
2.876
2.874
-1
2.859
2.859
2.863
2.863
2.889
2.892
2.89
2.888
2.998
2.887
2.866
2.862
2.867
2.895
2.895
2.888
2.888
3.025
2.924
2.892
2.895
3.775
2.884
2.883
2.887
-1
2.872
2.874
2.877
3.754
2.906
2.906
2.908
2.904
3.066
2.882
2.883
2.885
2.887
2.889
2.884
2.88
2.881
2.969
2.94
2.91
2.885
3.653
2.886
2.885
2.884
-1
2.88
2.883
2.879
3.936
2.853
2.879
2.878
3.219
2.9
2.874
2.899
2.896
2.898
2.896
2.892
2.89
2.886
2.918
2.883
2.886
2.887
3.376
2.916
2.888
2.889
4.266
2.925
2.921
2.89
3.997
2.904
2.902
2.898
3.167
2.894
2.891
2.888
2.888
2.887
2.886
2.887
2.885
2.886
2.924
2.921
2.893
2.895
2.904
2.905
2.875
2.879
-1
2.899
2.897
2.893
4.206
2.861
2.864
2.864
3.221
2.892
2.858
2.861
2.967
2.962
2.883
2.883
2.882
2.883
2.878
2.88
2.874
2.906
2.913
2.909
2.904
2.9
2.9
2.895
2.895
2.896
4.012
2.89
2.888
2.887
3.318
2.848
2.85
2.854
2.88
2.881
2.881
2.884
2.886
2.919
2.914
2.881
2.908
3.227
