2.846
2.882
2.853
2.936
2.971
2.967
2.931
2.933
2.96
2.918
2.917
2.918
2.918
2.921
2.92
2.921
2.921
2.923
2.947
2.949
2.951
2.946
2.942
2.943
2.937
2.937
2.942
2.942
3.048
2.967
2.993
2.968
2.934
2.856
2.872
2.904
2.908
3.002
2.997
2.958
2.959
2.935
2.93
2.931
2.931
2.928
2.928
2.925
2.926
2.925
2.926
2.959
2.962
2.964
2.962
2.958
2.867
2.961
2.96
2.956
3.056
2.934
2.938
2.94
2.936
2.903
2.908
2.903
2.905
2.95
2.947
2.946
2.943
2.946
2.911
2.912
2.907
2.91
2.91
2.908
2.912
2.913
2.943
2.943
2.944
2.946
2.942
2.942
2.939
2.932
2.956
2.954
2.953
3.063
2.969
2.967
2.965
2.965
2.881
2.886
2.91
2.943
2.982
2.978
2.974
2.97
2.965
2.855
2.891
2.915
2.918
2.923
2.962
2.959
2.952
2.955
2.952
2.948
2.944
2.946
2.95
2.922
2.924
2.926
2.932
2.962
2.959
2.96
2.955
2.953
2.843
2.962
2.96
2.956
2.957
2.966
2.967
2.966
2.964
2.965
2.907
2.904
2.941
2.943
2.939
2.943
2.94
2.938
2.938
2.955
2.92
2.943
2.944
2.949
2.949
2.947
2.947
2.951
2.924
2.894
2.919
2.918
2.919
2.916
2.915
2.918
2.923
2.956
2.955
2.95
2.945
2.948
2.92
2.923
2.955
2.955
2.984
2.982
2.977
2.948
2.946
2.914
2.917
2.914
2.922
3.034
3
2.998
2.971
2.946
2.919
2.953
2.914
2.915
3.017
2.923
2.955
2.954
2.949
2.905
2.909
2.877
2.962
2.957
2.958
2.961
2.963
2.959
2.955
2.918
2.834
2.926
2.927
2.927
2.924
2.958
2.957
2.953
2.926
2.923
2.925
2.93
2.928
2.927
2.93
2.935
2.937
2.941
2.941
2.946
2.946
2.944
2.912
2.916
2.945
2.94
2.974
2.968
2.969
2.968
2.94
2.849
2.932
2.933
2.938
3.031
2.988
2.965
2.961
2.95
2.907
2.939
2.905
2.908
2.998
2.973
2.974
2.971
2.968
2.847
2.932
2.926
2.926
2.95
2.956
2.954
2.951
2.951
2.871
2.906
2.87
2.904
2.907
2.941
2.943
2.945
2.945
2.943
2.904
2.87
2.901
2.927
2.952
2.925
2.926
2.929
2.931
2.926
2.923
2.925
2.95
2.947
2.92
2.923
2.93
2.956
2.958
2.956
2.931
2.931
2.933
2.928
2.926
2.928
2.928
2.957
2.956
2.958
2.957
2.928
2.897
2.901
2.926
2.928
2.985
2.951
2.951
2.953
2.958
2.856
2.938
2.963
2.963
2.96
2.963
2.963
2.963
2.959
2.955
2.932
2.931
2.934
2.937
3.024
2.984
2.946
2.946
2.945
2.902
2.908
2.91
2.915
3.029
2.987
2.982
2.955
2.951
2.86
2.886
2.914
2.944
2.982
2.98
2.957
2.952
2.952
2.866
2.911
2.883
2.912
2.941
2.943
2.947
2.947
2.949
2.863
2.898
2.893
2.897
2.957
2.954
2.949
2.952
2.954
2.895
2.898
2.875
2.91
2.914
2.947
2.947
2.944
2.946
2.947
2.913
2.89
2.919
2.942
2.943
2.944
2.941
2.943
2.946
2.942
2.905
2.931
2.931
2.935
2.934
2.938
2.94
2.935
2.931
2.929
2.908
2.912
2.938
2.932
2.933
2.961
2.962
2.938
2.936
2.908
2.944
2.945
2.941
2.941
2.97
2.964
2.925
2.929
2.902
2.907
2.934
2.929
2.929
2.954
2.95
2.923
2.925
2.92
2.921
2.919
2.917
2.92
2.925
2.924
2.926
2.919
2.841
2.878
2.912
2.916
2.92
2.944
2.939
2.941
2.917
2.943
2.941
2.941
2.943
2.92
2.946
2.948
2.945
2.939
2.94
2.934
2.942
2.945
2.94
2.942
2.944
2.948
2.945
2.946
2.85
2.894
2.928
2.929
2.953
2.95
2.947
2.908
2.932
2.901
2.901
2.926
2.948
2.943
2.942
2.937
2.938
2.934
2.906
2.944
2.948
2.952
2.949
2.953
2.953
2.949
2.944
2.878
2.911
2.913
2.915
2.911
2.938
2.943
2.941
2.936
2.9
2.904
2.908
2.909
2.912
2.949
2.95
2.948
2.944
2.946
2.911
2.918
2.92
2.917
2.92
2.95
2.953
2.863
2.954
2.865
2.903
2.932
2.933
2.935
2.936
2.934
2.853
2.891
2.862
2.961
2.939
2.942
2.941
2.941
2.942
2.943
2.96
2.877
2.957
2.956
2.959
2.957
2.957
2.954
2.954
2.86
2.926
2.954
2.954
2.978
2.971
2.968
2.964
2.961
2.87
2.893
2.916
2.92
3.026
2.939
2.961
2.961
2.962
2.922
2.924
2.933
2.93
3.044
2.952
2.952
2.95
2.947
2.905
2.908
2.912
2.94
3.055
3.014
3.011
2.975
2.977
2.933
2.934
2.939
2.965
3.004
2.966
2.968
2.964
2.961
2.84
2.942
2.97
2.939
2.942
2.983
2.981
2.95
2.95
2.947
2.869
2.994
2.954
2.953
2.957
2.95
2.947
2.95
2.974
2.942
2.969
2.946
2.941
2.943
2.943
2.917
2.923
2.958
2.929
2.932
2.957
2.958
2.917
2.92
2.915
2.917
2.924
2.924
2.949
2.952
2.947
2.86
2.957
2.844
2.952
2.952
2.949
2.947
2.946
2.946
2.91
2.937
2.857
2.887
2.89
2.968
2.964
2.941
2.937
2.94
2.946
2.855
2.886
2.913
3.008
3
2.973
2.969
2.967
2.869
2.904
2.908
2.912
3.065
2.96
2.961
2.961
2.96
2.856
2.972
2.972
2.943
3.067
2.968
2.968
2.968
2.959
2.931
2.933
2.968
2.943
2.969
2.939
2.941
2.939
2.938
2.901
2.904
2.984
2.981
2.978
2.972
2.934
2.935
2.938
2.935
2.931
2.933
2.937
2.939
2.902
2.823
2.903
2.906
2.93
2.927
2.925
2.927
2.923
2.882
2.879
2.901
2.903
2.941
2.939
2.941
2.943
2.945
2.904
2.94
2.91
2.914
3.006
2.982
2.983
2.954
2.949
2.861
2.864
2.95
2.945
2.978
2.976
2.972
2.967
2.965
2.84
2.936
3.041
3
2.963
2.94
2.915
2.918
2.92
2.92
2.919
2.947
2.945
2.946
2.964
2.852
2.891
2.929
2.929
2.931
2.932
2.932
2.929
2.893
2.832
2.922
2.922
2.926
2.925
2.971
2.972
2.968
2.863
2.95
2.923
2.928
3.03
3.001
3
2.968
2.944
2.853
2.963
2.96
2.958
2.988
2.965
2.966
2.962
2.961
2.879
2.908
3.003
2.998
2.966
2.964
2.92
2.924
2.925
2.929
2.929
2.957
2.931
2.934
2.918
2.876
2.908
2.91
2.915
2.917
2.942
2.942
2.942
2.862
2.959
2.932
2.932
2.975
2.97
2.972
2.964
2.965
2.86
2.9
2.93
2.93
3.029
2.896
2.927
2.955
2.955
2.848
2.927
2.931
2.927
2.928
2.93
2.897
2.898
2.905
2.906
2.941
2.944
2.944
2.92
2.919
2.878
2.918
2.918
2.946
2.947
2.947
2.943
2.943
2.936
2.902
2.943
2.941
3.022
2.99
2.983
2.978
2.974
2.858
2.978
2.897
2.938
3.035
3.01
2.98
2.977
2.974
2.881
2.885
2.934
2.933
2.932
2.935
2.901
2.928
2.929
2.929
2.929
2.957
2.959
2.872
2.913
2.802
2.914
2.956
2.929
2.966
2.962
2.963
2.866
2.946
2.944
2.942
2.965
2.979
2.982
2.943
2.941
2.941
2.927
3.012
2.974
2.97
2.968
2.881
2.967
2.936
2.936
2.938
2.941
2.941
2.945
2.941
2.944
2.951
2.951
2.949
2.95
2.95
2.945
2.941
2.857
2.899
2.898
2.945
2.983
2.95
2.974
2.974
2.97
2.882
2.92
3.003
2.968
2.968
2.965
2.936
2.937
2.937
2.935
2.938
2.98
2.955
2.951
2.92
2.823
2.919
2.922
2.927
2.927
2.986
2.96
2.956
2.875
2.956
2.928
2.929
3.015
2.991
2.966
2.964
2.941
2.912
2.915
2.948
2.947
2.948
2.95
2.945
2.946
2.944
2.94
2.945
2.969
2.969
2.878
2.902
2.773
2.912
2.911
2.939
2.944
2.944
2.941
2.94
2.891
2.894
2.922
2.924
2.962
2.959
2.959
2.932
2.936
2.935
2.968
