2.951
2.928
2.896
2.901
2.905
2.908
2.938
2.935
2.935
2.932
2.927
2.966
2.968
2.962
2.934
2.895
2.92
3.008
2.98
2.976
2.858
2.956
2.984
2.959
2.958
2.916
2.917
2.955
2.952
2.951
2.947
2.944
2.946
2.945
2.941
2.977
2.949
2.954
2.914
2.918
3.011
2.974
2.969
2.828
2.908
2.941
2.94
2.942
2.839
2.872
2.922
2.919
2.942
2.852
2.956
2.957
2.952
2.953
2.855
2.953
2.949
2.944
2.943
2.852
2.96
2.954
2.951
2.949
2.824
2.935
2.937
2.94
2.943
2.832
2.959
2.956
2.954
2.948
2.944
2.944
2.944
2.941
2.939
2.915
2.922
2.922
2.923
2.926
3.037
2.917
2.919
2.914
2.916
3.001
3.001
2.972
2.932
2.93
3.014
2.908
2.912
2.815
2.899
3.038
2.924
2.926
2.9
2.905
2.995
2.902
2.933
2.929
2.926
2.968
2.936
2.936
2.937
2.936
2.966
2.941
2.938
2.941
2.938
2.969
2.933
2.935
2.974
2.971
2.97
2.905
2.909
2.943
2.946
2.946
2.942
2.944
2.948
2.947
2.946
2.904
2.907
2.951
2.947
2.946
2.864
2.908
2.934
2.935
2.939
2.885
2.888
2.98
2.976
2.953
2.914
2.916
2.919
2.922
2.949
2.906
2.91
2.909
2.938
2.936
2.892
2.916
2.925
2.926
2.93
2.896
2.901
2.924
2.929
2.931
2.904
2.908
2.934
2.93
2.932
2.929
2.93
2.933
2.931
2.932
2.895
2.899
2.935
2.935
2.932
2.895
2.905
2.907
2.935
2.938
2.932
2.933
2.933
2.964
2.963
2.877
2.881
2.912
2.915
2.92
2.885
2.886
2.918
2.922
2.925
2.892
2.92
2.924
2.928
2.924
2.919
2.923
2.93
2.934
2.933
2.904
2.933
2.963
2.965
2.959
2.92
2.924
2.926
2.956
2.955
2.84
2.948
2.944
2.945
2.942
2.914
2.918
2.916
2.951
2.949
2.908
2.933
2.961
2.965
2.941
2.909
2.91
2.94
2.945
2.946
2.862
2.867
2.952
2.953
2.955
2.867
2.902
2.938
2.943
2.945
2.866
2.913
2.916
2.919
2.922
2.917
2.946
2.948
2.945
2.944
2.912
2.914
2.937
2.942
2.939
2.902
2.905
2.906
2.934
2.932
2.904
2.947
2.948
2.952
2.95
2.866
2.91
2.944
2.941
2.943
2.907
2.932
2.93
2.959
2.957
2.852
2.932
2.933
2.933
2.959
2.861
2.908
2.941
2.94
2.94
2.838
2.875
2.935
2.939
2.94
2.896
2.933
2.931
2.933
2.931
2.894
2.899
2.932
2.933
2.933
2.827
2.926
2.927
2.925
2.93
2.889
2.927
2.926
2.922
2.947
2.863
2.946
2.948
2.946
2.949
2.838
2.938
2.938
2.941
2.941
2.846
2.946
2.948
2.951
2.946
2.825
2.932
2.935
2.935
2.938
2.898
2.93
2.974
2.975
2.973
2.892
2.921
2.975
2.972
2.938
2.9
2.904
2.953
2.951
2.953
2.928
2.932
2.966
2.965
2.963
2.959
2.957
2.959
2.958
2.961
2.958
2.953
2.955
2.953
3.05
2.959
2.953
2.948
2.942
2.986
2.98
2.951
2.945
2.946
2.949
2.949
2.945
2.921
2.944
2.979
2.975
2.971
2.935
2.958
2.96
2.959
2.959
2.955
2.952
2.95
2.945
2.919
2.942
2.942
2.914
2.919
2.922
2.921
2.944
2.905
2.906
2.911
2.915
2.911
2.869
2.903
2.938
2.939
2.938
2.856
2.939
2.938
2.936
2.937
2.846
2.952
2.945
2.943
2.943
2.909
2.91
2.951
2.95
2.95
2.87
2.907
2.911
2.948
2.951
2.927
2.929
2.978
2.953
2.954
2.931
2.935
3.024
2.932
2.936
2.938
2.94
2.938
2.936
2.964
2.958
2.956
2.861
2.896
3.056
2.953
2.924
2.904
2.909
3.033
2.922
2.927
2.927
2.931
2.956
2.956
2.956
2.957
2.959
2.931
2.931
2.933
2.934
2.932
2.926
2.927
2.929
2.933
2.931
2.901
2.924
2.925
2.929
2.927
2.888
2.911
2.915
2.962
2.96
2.85
2.932
2.931
2.955
2.957
2.927
2.929
2.931
2.966
2.961
2.932
2.93
2.931
2.931
2.936
2.935
2.934
2.933
2.934
3.042
2.954
2.955
2.956
2.952
3.044
2.961
2.938
2.91
2.914
2.944
2.947
2.947
2.943
2.938
2.934
2.932
2.933
2.94
2.94
2.904
2.933
2.963
2.966
2.931
2.845
2.926
2.927
2.925
2.925
2.922
2.945
2.94
2.942
2.938
2.912
2.91
2.911
2.948
2.945
2.857
2.894
2.926
2.954
2.956
2.952
2.929
2.926
2.927
2.964
2.963
2.936
2.939
2.911
3.027
2.982
2.976
2.941
2.94
2.94
2.944
2.941
2.936
2.94
2.896
2.901
2.905
2.937
2.937
2.897
2.928
2.93
2.932
2.929
2.899
2.922
2.924
2.95
2.945
2.911
2.912
2.916
2.956
2.952
2.925
2.929
2.932
2.926
3.039
2.951
2.954
2.927
2.922
2.924
2.952
2.951
2.947
2.911
2.94
2.939
2.942
2.942
2.941
2.936
2.939
2.943
2.941
2.937
2.902
2.904
2.908
2.933
2.933
2.845
2.875
2.878
2.915
2.92
2.916
2.916
2.916
3.013
2.973
2.968
2.965
2.961
2.955
2.954
2.985
2.948
2.975
2.942
2.939
2.939
2.939
2.939
2.935
2.936
2.935
2.933
2.93
2.93
2.934
2.978
2.976
2.974
2.968
2.965
2.9
2.905
2.928
2.954
2.955
2.876
2.962
2.961
2.958
2.961
2.96
2.96
2.957
2.961
2.972
2.97
2.947
2.917
2.92
2.961
2.935
2.931
2.929
2.931
2.932
2.93
2.929
2.934
2.931
2.902
2.926
2.926
2.926
2.929
2.905
2.937
2.938
2.938
2.937
2.907
2.915
2.957
2.955
2.983
2.981
2.945
2.912
2.916
3.048
2.922
2.922
2.897
2.901
2.93
2.933
2.939
2.938
2.937
2.904
2.909
2.908
2.908
2.913
2.875
2.878
2.996
2.957
2.951
2.864
2.899
3.028
2.925
2.951
2.919
2.922
2.917
2.917
3.021
2.986
2.977
2.879
2.904
2.936
2.96
2.956
2.948
2.946
2.86
2.942
2.94
2.935
2.937
2.906
2.907
2.909
2.944
2.944
2.919
2.922
2.924
2.922
2.966
2.964
2.964
2.961
2.922
3.059
2.934
2.934
2.931
2.927
2.929
2.933
2.937
2.935
2.934
2.845
2.89
2.918
2.92
2.922
2.917
2.92
2.922
2.927
2.966
2.886
2.891
2.894
2.92
3.003
3.003
2.977
2.954
2.949
2.954
2.95
2.951
2.951
2.947
2.943
2.983
2.956
2.954
2.949
2.908
2.931
2.932
2.933
2.935
2.906
2.91
2.914
2.918
2.955
2.952
2.946
2.944
2.918
2.953
2.952
2.95
2.95
2.924
2.922
2.925
2.925
2.927
2.923
2.842
2.926
2.929
2.934
2.933
2.9
2.931
2.962
2.965
2.961
2.965
2.965
2.965
2.872
2.913
2.972
2.973
2.968
2.932
2.931
2.932
2.933
2.93
2.929
2.927
2.928
2.929
2.954
2.955
2.954
2.87
2.924
3.012
3.008
3.008
2.949
2.952
2.909
2.913
2.997
2.959
2.957
2.954
2.951
2.847
2.942
2.938
2.933
2.932
2.897
2.922
2.929
2.928
2.927
2.922
2.925
2.927
2.952
2.989
2.964
2.96
2.864
2.951
2.953
2.952
2.948
2.944
2.938
2.913
2.939
2.941
2.94
2.94
2.906
2.909
2.951
2.949
2.948
2.944
2.942
2.939
2.941
3.024
2.983
2.977
2.938
2.939
2.936
2.936
2.932
2.933
2.931
2.906
2.905
2.906
2.944
2.948
2.917
2.918
2.923
2.93
3.02
2.941
2.94
2.942
2.912
2.94
2.938
2.936
2.935
2.933
2.845
2.962
2.96
2.96
2.929
2.901
2.902
2.905
3.02
2.958
2.955
2.952
2.923
2.918
2.946
2.943
2.944
2.943
2.939
2.893
2.92
2.919
2.921
2.923
2.896
2.926
2.929
3.01
2.973
2.967
2.967
2.965
2.941
2.94
2.979
2.974
2.94
2.934
2.937
2.847
2.964
2.957
2.954
2.952
2.921
2.918
2.95
2.925
2.929
2.836
2.963
2.939
2.937
3.035
2.908
2.913
2.886
