2.864
2.866
2.868
2.892
2.699
2.883
2.88
2.881
3.642
2.89
2.893
2.889
3.312
2.88
2.88
2.881
2.883
2.88
2.879
2.875
2.903
2.723
2.853
2.855
2.885
2.61
2.917
2.912
2.91
2.88
2.855
2.854
2.853
2.849
3.341
2.884
2.882
2.878
2.881
2.876
2.873
2.872
2.909
2.695
2.902
2.896
2.896
2.629
2.88
2.881
2.887
3.882
2.93
2.844
2.867
3.197
2.871
2.871
2.866
2.869
2.864
2.867
2.892
2.891
2.896
2.884
2.887
2.89
2.894
2.8
2.84
2.846
2.848
4.293
2.851
2.857
2.86
3.088
2.842
2.869
2.895
2.892
2.794
2.823
2.855
2.959
2.602
2.888
2.889
2.89
2.894
2.892
2.888
2.889
3.851
2.877
2.874
2.874
2.872
2.897
2.893
2.893
2.891
2.893
2.87
2.87
2.869
2.896
2.584
2.894
2.89
2.888
3.157
2.927
2.923
2.89
3.587
2.872
2.874
2.874
2.903
2.872
2.872
2.872
2.892
2.701
2.835
2.84
2.872
2.523
2.88
2.876
2.879
2.882
2.872
2.872
2.874
2.896
3.211
2.893
2.87
2.866
2.869
2.837
2.874
2.87
2.911
2.545
2.881
2.878
2.899
2.711
2.898
2.897
2.859
4.078
2.882
2.885
2.883
3.033
2.829
2.858
2.86
2.862
2.731
2.844
2.849
2.852
2.896
2.883
2.883
2.857
2.89
2.894
2.896
2.891
2.888
3.594
2.883
2.882
2.883
2.914
2.88
2.855
2.882
2.884
2.653
2.842
2.868
2.895
2.487
2.881
2.883
2.886
3.727
2.853
2.854
2.856
2.881
3.192
2.858
2.862
2.863
2.888
2.799
2.859
2.864
2.891
2.491
2.922
2.889
2.888
2.765
2.867
2.869
2.871
3.949
2.894
2.894
2.892
2.917
2.829
2.832
2.871
2.87
2.679
2.87
2.873
2.869
2.873
2.888
2.887
2.891
2.886
2.907
2.905
2.904
2.901
3.265
2.89
2.886
2.883
2.906
2.763
2.874
2.873
2.903
2.444
2.888
2.888
2.891
2.746
2.876
2.876
2.876
4.23
2.892
2.89
2.885
2.884
2.817
2.895
2.893
2.891
2.632
2.832
2.859
2.858
2.893
2.884
2.883
2.883
2.887
3.917
2.896
2.896
2.893
3.12
2.855
2.859
2.865
2.87
2.777
2.818
2.876
2.879
2.403
2.883
2.883
2.903
2.901
2.897
2.897
2.896
3.675
2.859
2.862
2.859
2.862
2.834
2.838
2.84
2.844
2.873
2.894
2.89
2.889
2.893
2.421
2.872
2.873
2.877
-1
2.87
2.873
2.874
2.993
2.884
2.882
2.889
2.89
2.665
2.893
2.888
2.888
2.314
2.88
2.875
2.873
3.635
2.892
2.891
2.889
2.894
2.892
2.891
2.889
2.887
2.892
2.813
2.899
2.9
2.903
2.371
2.9
2.898
2.894
2.661
2.869
2.87
2.851
3.868
2.872
2.873
2.873
2.877
2.872
2.871
2.874
2.912
2.52
2.882
2.883
2.884
2.377
2.875
2.874
2.876
2.899
-1
2.859
2.86
2.864
2.907
2.877
2.875
2.876
2.881
2.598
2.893
2.889
2.921
2.292
2.894
2.893
2.892
3.653
2.901
2.898
2.889
3.096
2.843
2.885
2.887
2.885
2.679
2.831
2.863
2.886
2.91
2.864
2.865
2.87
2.872
2.875
2.876
2.878
2.875
3.26
2.901
2.895
2.891
2.894
2.747
2.862
2.864
2.907
2.258
2.855
2.862
2.862
2.889
2.889
2.884
2.874
3.538
2.882
2.876
2.878
2.881
2.776
2.867
2.868
2.866
2.325
2.855
2.856
2.861
2.736
2.816
2.82
2.861
2.864
3.61
2.905
2.905
2.904
2.906
2.784
2.883
2.886
2.91
2.326
2.845
2.872
2.872
2.484
2.893
2.891
2.887
3.862
2.88
2.882
2.881
2.882
2.844
2.846
2.847
2.848
2.391
2.887
2.886
2.886
2.881
2.855
2.857
2.857
2.861
2.899
2.9
2.894
2.892
2.891
2.848
2.85
2.878
2.919
2.379
2.882
2.881
2.91
2.317
2.893
2.893
2.891
-1
2.875
2.876
2.875
2.882
2.849
2.879
2.88
2.877
2.388
2.935
2.907
2.904
2.903
2.84
2.844
2.846
2.847
2.904
2.896
2.893
2.919
2.81
2.846
2.849
2.939
2.346
2.888
2.887
2.887
2.348
2.854
2.854
2.876
4.199
2.91
2.911
2.907
2.905
2.781
2.876
2.872
2.873
2.309
2.909
2.909
2.905
2.423
2.921
2.92
2.923
2.889
2.859
2.883
2.881
2.883
2.885
2.77
2.881
2.877
2.915
2.248
2.899
2.861
2.861
2.721
2.867
2.869
2.869
3.567
2.893
2.893
2.866
2.873
2.688
2.839
2.864
2.863
2.197
2.841
2.88
2.88
3.035
2.799
2.835
2.839
2.835
2.888
2.888
2.884
2.884
2.887
2.63
2.87
2.87
2.956
2.121
2.877
2.88
2.88
4.153
2.861
2.864
2.872
3.131
2.825
2.85
2.853
2.884
2.534
2.864
2.866
2.87
2.078
2.902
2.875
2.871
-1
2.899
2.897
2.896
2.894
2.851
2.854
2.858
2.857
2.886
2.441
2.889
2.885
2.888
2.071
2.859
2.863
2.866
-1
2.881
2.882
2.882
2.882
2.768
2.859
2.862
2.889
2.234
2.875
2.872
2.871
2.358
2.911
2.907
2.902
3.494
2.835
2.837
2.841
2.841
2.673
2.875
2.873
2.874
2.915
2.065
2.874
2.875
2.871
3.56
2.866
2.866
2.842
3.049
2.848
2.873
2.876
2.878
2.487
2.864
2.863
2.868
2.001
2.899
2.877
2.873
-1
2.877
2.876
2.875
2.873
2.782
2.868
2.871
2.905
2.255
2.889
2.888
2.892
2.889
2.22
2.917
2.874
2.872
3.633
2.88
2.879
2.878
2.881
2.648
2.864
2.897
2.901
2.013
2.893
2.894
2.887
4.386
2.893
2.89
2.889
3.047
2.816
2.815
2.819
2.822
2.456
2.864
2.866
2.864
2.89
2.819
2.853
2.854
2.852
2.871
2.872
2.898
2.897
2.899
2.759
2.875
2.876
2.905
2.124
2.861
2.865
2.87
3.123
2.872
2.874
2.875
3.154
2.871
2.873
2.873
2.871
2.497
2.902
2.9
2.897
1.955
2.939
2.916
2.914
-1
2.846
2.873
2.873
2.873
2.774
2.875
2.874
2.871
2.895
2.877
2.875
2.871
2.874
2.846
2.877
2.875
2.872
3.24
2.846
2.846
2.848
2.884
2.534
2.881
2.882
2.919
1.935
2.927
2.896
2.897
-1
2.859
2.862
2.863
2.894
2.765
2.879
2.878
2.875
2.098
2.869
2.869
2.868
2.896
2.918
2.912
2.831
2.833
3.198
2.851
2.855
2.857
2.938
2.452
2.89
2.893
2.892
1.97
2.851
2.853
2.855
-1
2.877
2.879
2.882
2.882
2.691
2.896
2.89
2.886
2.038
2.892
2.889
2.889
-1
2.919
2.889
2.888
3.011
2.787
2.886
2.887
2.865
2.303
2.872
2.871
2.873
2.872
2.072
2.859
2.882
2.877
3.506
2.872
2.87
2.873
2.875
2.595
2.888
2.884
2.886
1.896
2.886
2.884
2.884
-1
2.889
2.892
2.889
2.886
2.779
2.813
2.816
2.84
2.933
2.93
2.906
2.903
2.899
2.877
2.873
2.877
2.877
3.022
2.791
2.883
2.882
2.91
2.358
2.886
2.885
2.887
2.041
2.904
2.878
2.881
3.616
2.896
2.9
2.896
2.896
2.515
2.859
2.859
2.861
1.894
2.886
2.881
2.88
-1
2.861
2.865
2.864
2.865
2.729
2.841
2.843
2.847
2.933
1.96
2.884
2.883
2.882
-1
2.88
2.884
2.883
2.92
2.816
2.848
2.876
2.879
2.151
2.893
2.892
2.893
2.451
2.859
2.861
2.863
3.114
2.864
2.866
2.868
2.866
2.385
2.916
2.882
2.884
1.915
2.88
2.884
2.884
2.885
3.727
2.85
2.88
2.907
2.909
2.851
2.853
2.891
2.894
1.871
2.886
2.888
2.887
-1
2.859
2.863
2.867
2.9
2.618
2.877
2.878
2.881
1.894
2.895
2.89
2.888
-1
2.848
2.853
2.855
2.857
2.712
2.899
2.899
2.895
1.97
2.861
2.862
2.865
2.867
2.946
2.906
2.878
2.878
2.906
2.827
2.827
2.831
2.928
2.082
2.875
2.875
2.879
3.911
2.883
2.885
2.887
3.016
2.776
2.86
2.894
2.922
2.267
2.848
2.851
2.856
2.286
2.87
2.84
2.84
3.148
2.841
2.875
