2.406
2.442
2.771
2.461
2.555
2.517
2.369
-1
2.493
2.494
2.124
2.621
-1
2.479
2.482
1.975
2.503
-1
2.581
2.509
1.958
2.605
-1
2.605
2.607
2.369
2.519
2.752
2.489
2.62
2.248
2.451
2.725
2.412
2.414
2.525
2.573
2.55
2.521
2.369
2.468
2.487
2.46
2.764
2.512
2.44
2.347
2.549
-1
2.479
2.728
2.148
2.458
-1
2.449
2.447
2.013
2.633
-1
2.652
2.324
1.954
2.641
-1
2.521
2.366
2.093
2.483
-1
2.47
2.373
2.156
2.519
2.817
2.516
2.518
2.424
2.493
2.512
2.603
2.429
2.385
2.383
2.488
2.509
2.596
2.51
2.51
2.512
2.549
2.652
2.618
2.234
2.605
-1
2.49
2.492
2.112
2.43
2.605
2.609
2.533
2.009
2.435
-1
2.592
2.385
1.966
2.394
-1
2.523
2.413
2.019
2.592
-1
2.597
2.412
2.028
2.559
-1
2.532
2.404
2.105
2.512
2.535
2.492
2.469
2.447
2.574
2.665
2.369
2.589
2.551
2.553
2.626
2.622
2.563
2.559
2.555
2.557
2.633
2.559
2.467
2.434
2.429
2.479
2.504
2.526
2.329
2.498
2.541
2.516
2.493
2.163
2.435
2.39
2.589
2.551
1.966
2.445
2.656
2.617
2.369
1.969
2.779
2.663
2.636
2.456
1.997
2.458
2.449
2.448
2.335
1.924
2.461
2.458
2.55
2.324
2.159
2.475
2.562
2.564
2.471
2.197
2.403
2.629
2.375
2.45
2.323
2.559
2.521
2.497
2.498
2.469
2.471
2.469
2.495
2.516
2.519
2.484
2.485
2.345
2.656
2.43
2.399
2.424
2.537
2.539
2.541
2.355
2.484
2.425
2.424
2.542
2.171
2.559
-1
2.639
2.454
2.106
2.605
2.43
2.451
2.568
2.023
2.559
2.609
2.528
2.741
1.934
2.498
2.429
2.527
2.426
1.923
2.434
2.573
2.575
2.456
2.028
2.529
2.521
2.525
2.402
2.005
2.369
2.458
2.66
2.311
1.975
2.475
2.493
2.599
2.344
2.093
-1
2.529
2.527
2.422
2.266
-1
2.403
2.406
2.486
2.197
2.537
2.536
2.501
2.5
2.385
2.633
2.475
2.567
2.402
2.314
2.429
2.542
2.544
2.373
2.454
2.487
2.509
2.686
2.458
2.461
2.489
2.611
2.403
2.485
2.486
2.361
2.671
2.434
2.429
2.511
2.424
-1
2.412
2.613
2.512
2.512
-1
2.569
2.468
2.471
2.475
-1
2.461
2.484
2.485
2.523
-1
2.403
2.494
2.591
2.479
-1
2.569
2.605
2.333
2.508
-1
2.549
2.548
2.399
2.493
-1
2.686
2.48
2.682
2.577
-1
2.516
2.512
2.508
2.475
-1
2.463
2.648
2.288
2.512
-1
2.458
2.542
2.428
2.407
-1
2.621
2.593
2.373
2.44
-1
2.483
2.563
2.354
2.036
-1
2.501
2.539
2.359
1.932
-1
2.467
2.471
2.434
2.47
-1
2.463
2.557
2.39
2.479
-1
2.501
2.578
2.457
2.516
-1
2.447
2.448
2.47
2.514
-1
2.621
2.541
2.431
2.359
-1
2.506
2.591
2.501
2.399
-1
2.525
2.555
2.517
2.549
-1
2.756
2.454
2.456
2.458
-1
2.549
2.549
2.437
2.44
-1
2.466
2.559
2.556
2.255
-1
2.497
2.762
2.44
2.55
-1
2.525
2.433
2.458
2.519
2.648
2.489
2.562
2.394
2.409
-1
2.569
2.486
2.182
2.493
2.729
2.483
2.514
2.412
2.269
2.717
2.583
2.554
2.484
2.503
2.708
2.467
2.5
2.47
2.407
2.609
2.498
2.494
2.594
2.503
2.671
2.369
2.625
2.522
2.493
2.747
2.466
2.463
2.392
2.559
2.526
2.53
2.502
2.62
2.458
-1
2.682
2.555
2.582
2.466
2.656
2.43
2.468
2.465
2.537
-1
2.508
2.538
2.502
2.521
2.824
2.445
2.557
2.466
2.475
-1
2.578
2.574
2.553
2.541
-1
2.483
2.483
2.416
2.537
-1
2.512
2.514
2.436
2.135
-1
2.569
2.538
2.452
2.498
-1
2.529
2.661
2.571
2.498
-1
2.424
2.66
2.425
2.475
-1
2.577
2.458
2.462
2.609
-1
2.442
2.439
2.369
2.577
-1
2.521
2.517
2.44
2.435
-1
2.525
2.564
2.533
2.541
-1
2.562
2.559
2.535
2.111
-1
2.416
2.616
2.614
2.435
-1
2.558
2.636
2.456
2.479
-1
2.454
2.552
2.527
2.027
-1
2.702
2.597
2.412
2.577
-1
2.596
2.593
2.479
2.559
-1
2.42
2.546
2.432
2.47
-1
2.438
2.625
2.509
2.015
-1
2.512
2.61
2.61
2.475
-1
2.454
2.632
2.403
2.523
-1
2.42
2.456
2.479
2.625
-1
2.671
2.5
2.479
2.197
-1
2.416
2.518
2.519
2.402
-1
2.501
2.606
2.577
2.397
2.827
2.569
2.566
2.451
2.582
-1
2.592
2.481
2.477
2.568
2.69
2.391
2.417
2.492
2.69
2.657
2.454
2.456
2.558
2.538
2.419
2.419
2.585
2.583
2.534
2.534
2.412
2.513
2.401
2.663
2.587
2.478
2.478
2.357
-1
2.549
2.574
2.486
2.139
-1
2.525
2.558
2.556
2.485
-1
2.562
2.558
2.555
2.075
-1
2.488
2.712
2.435
2.098
-1
2.585
2.588
2.403
2.075
-1
2.479
2.563
2.375
2.099
-1
2.577
2.54
2.514
2.106
-1
2.416
2.663
2.552
2.185
-1
2.493
2.582
2.412
2.3
-1
2.493
2.495
2.532
2.324
-1
2.537
2.575
2.377
2.379
2.663
2.475
2.581
2.603
2.515
2.644
2.528
2.523
2.639
2.44
2.52
2.45
2.448
2.446
2.443
2.532
2.532
2.564
2.28
2.503
2.493
2.59
2.496
2.114
2.514
2.463
2.459
2.462
2.101
2.398
2.475
2.748
2.545
2.042
2.577
2.521
2.525
2.369
2.049
2.554
2.516
2.649
2.538
2.075
2.475
2.617
2.581
2.488
2.162
2.421
2.498
2.5
2.498
2.277
2.555
2.521
2.624
2.461
2.306
2.327
2.47
2.445
2.478
2.451
2.571
2.568
2.57
2.46
2.53
2.534
2.416
2.447
2.444
2.445
2.667
2.531
2.451
2.218
2.537
-1
2.638
2.43
2.141
2.466
-1
2.602
2.349
2.207
2.488
2.492
2.663
2.43
2.064
2.47
-1
2.586
2.478
2.111
2.44
-1
2.48
2.479
2.103
2.483
-1
2.508
2.528
2.329
2.438
-1
2.477
2.496
2.52
2.452
2.671
2.544
2.576
2.491
2.625
2.543
2.542
2.455
2.457
2.56
2.556
2.534
2.249
2.475
-1
2.501
2.566
2.159
2.412
-1
2.483
2.42
2.124
-1
2.592
2.593
2.403
2.101
2.541
-1
2.463
2.522
2.29
2.503
-1
2.475
2.562
2.355
2.463
-1
2.512
2.513
2.535
2.427
-1
2.523
2.514
2.416
2.483
2.579
2.475
2.452
2.554
2.63
2.548
2.463
2.652
2.299
-1
2.721
2.53
2.115
2.663
-1
2.582
2.613
2.141
2.616
-1
2.552
2.633
2.106
2.516
-1
2.454
2.58
2.243
2.589
-1
2.461
2.457
2.461
2.482
-1
2.458
2.461
2.442
2.548
2.55
2.553
2.476
2.447
2.637
2.47
2.49
2.566
2.671
-1
2.518
2.439
2.577
2.558
-1
2.506
2.508
2.011
2.569
-1
2.637
2.556
2.165
2.435
-1
2.519
2.495
2.499
2.573
-1
2.463
2.502
2.431
2.457
2.427
2.512
2.405
2.375
2.466
2.536
2.467
2.467
2.569
-1
2.577
2.581
2.578
2.541
-1
2.541
2.572
2.55
2.564
-1
2.609
2.509
2.511
2.489
-1
2.512
2.545
2.524
2.528
-1
2.573
2.549
2.444
2.663
2.571
2.543
2.539
2.54
2.529
2.526
2.494
2.533
2.288
-1
2.636
2.602
2.429
2.081
-1
2.479
2.612
2.578
2.129
-1
2.648
2.515
2.495
2.218
-1
2.47
2.472
2.472
2.47
-1
2.633
2.517
2.594
2.416
2.553
2.462
2.594
2.399
-1
2.69
2.522
2.406
2.165
