2.817
2.617
2.579
2.2
2.508
2.648
2.442
2.442
2.185
-1
2.451
2.479
2.482
2.171
-1
2.429
2.725
2.536
2.206
-1
2.445
2.676
2.47
2.233
2.646
2.421
2.552
2.449
2.449
2.713
2.59
2.466
2.553
2.525
2.768
2.498
2.498
2.469
2.609
2.607
2.717
2.671
2.233
2.585
2.508
2.622
2.597
2.176
2.338
2.475
2.508
2.508
2.118
2.605
2.508
2.506
2.508
2.224
2.708
2.597
2.56
2.452
2.335
2.453
2.675
2.434
2.458
2.457
2.48
-1
2.394
2.39
2.46
2.593
2.782
2.444
2.417
2.525
-1
2.541
2.466
2.151
2.456
-1
2.582
2.547
2.162
2.449
-1
2.581
2.544
2.228
2.555
2.827
2.632
2.63
2.306
2.423
2.526
2.492
2.495
2.414
2.436
2.764
2.464
2.551
2.549
2.479
2.613
2.481
2.311
2.55
-1
2.596
2.572
2.171
2.545
-1
2.512
2.553
2.106
2.416
-1
2.577
2.538
2.156
2.483
2.678
2.344
2.59
2.333
2.656
2.655
2.47
2.569
2.498
2.493
-1
2.648
2.372
2.637
2.636
2.639
2.549
2.255
2.44
-1
2.596
2.7
2.185
2.403
-1
2.382
2.508
2.244
2.528
2.805
2.625
2.621
2.385
2.463
2.713
2.532
2.57
2.3
2.541
2.651
2.551
2.444
2.417
2.417
-1
2.458
2.378
2.637
-1
2.625
2.62
2.412
2.541
-1
2.566
2.589
2.55
2.581
-1
2.399
2.602
2.598
2.532
2.63
2.519
2.52
2.542
2.678
2.519
2.517
2.52
2.436
2.648
2.647
2.612
2.44
2.323
2.688
2.552
2.463
2.435
2.135
-1
2.71
2.548
2.551
2.118
-1
2.509
2.504
2.386
2.355
2.756
2.562
2.563
2.541
2.508
2.404
2.449
2.482
2.449
2.504
2.64
2.642
2.421
2.175
2.641
-1
2.588
2.564
2.174
2.585
-1
2.718
2.545
2.202
2.498
-1
2.648
2.62
2.329
2.488
2.593
2.484
2.483
2.486
2.817
2.523
2.52
2.433
2.437
-1
2.617
2.407
2.187
2.489
-1
2.568
2.565
2.191
2.629
-1
2.525
2.429
2.305
2.528
2.531
2.526
2.585
2.364
2.537
2.813
2.478
2.454
2.545
2.567
2.771
2.552
2.255
2.577
-1
2.493
2.493
2.165
2.725
-1
2.449
2.481
2.228
2.717
2.68
2.497
2.425
2.309
2.306
2.675
2.475
2.475
2.474
2.497
2.499
2.501
2.498
2.451
-1
2.652
2.62
2.148
2.573
-1
2.467
2.472
2.18
2.545
-1
2.43
2.43
2.425
2.461
2.625
2.518
2.492
2.465
2.503
-1
2.559
2.333
2.577
-1
2.497
2.717
2.053
2.489
-1
2.675
2.555
2.283
2.564
2.686
2.574
2.574
2.47
2.519
2.713
2.714
2.537
2.506
2.478
-1
2.617
2.617
2.541
-1
2.537
2.536
2.438
2.119
-1
2.581
2.581
2.48
2.245
2.704
2.503
2.627
2.466
2.386
2.721
2.44
2.694
2.416
2.438
2.645
2.605
2.503
2.151
2.637
2.479
2.481
2.502
2.088
2.537
2.555
2.552
2.484
2.333
2.545
2.355
2.552
2.665
2.47
2.447
2.333
2.446
2.445
2.544
2.721
2.416
2.417
2.148
2.645
-1
2.554
2.557
2.129
2.421
2.479
2.48
2.479
2.476
2.477
2.589
2.477
2.387
2.389
2.522
2.447
-1
2.244
2.508
-1
2.567
2.567
2.156
2.493
-1
2.447
2.385
2.35
2.351
2.739
2.569
2.457
2.641
2.602
2.605
2.511
2.432
2.597
2.817
2.545
2.439
2.027
2.601
-1
2.549
2.483
2.201
2.398
2.616
2.496
2.521
2.45
2.431
2.605
2.601
2.448
2.518
2.519
2.652
2.561
2.565
2.117
-1
2.493
2.494
2.26
2.597
-1
2.62
2.589
2.718
2.569
2.571
2.462
2.459
2.439
2.463
2.671
2.424
2.546
2.249
2.808
2.525
2.502
2.535
2.589
-1
2.652
2.649
2.461
2.358
2.362
2.416
2.538
2.416
2.447
2.787
2.403
2.527
2.364
-1
2.612
2.454
2.093
-1
2.525
2.621
2.529
2.329
2.434
2.573
2.577
2.5
2.498
2.501
2.416
2.496
2.388
2.467
2.573
2.477
2.475
2.129
2.519
-1
2.613
2.495
2.315
2.479
2.416
2.505
2.504
2.506
2.51
2.523
2.503
2.426
2.605
-1
2.485
2.506
2.151
2.601
-1
2.569
2.566
2.29
2.645
2.646
2.581
2.554
2.633
2.35
2.659
2.508
2.319
2.541
-1
2.416
2.524
2.132
2.729
-1
2.479
2.461
2.354
2.475
2.545
2.548
2.545
2.439
2.565
2.771
2.693
2.659
2.66
-1
2.506
2.423
2.08
2.394
-1
2.541
2.634
2.599
2.549
2.696
2.512
2.509
2.547
2.618
2.663
2.501
2.497
2.609
-1
2.463
2.563
2.493
2.123
-1
2.601
2.722
2.528
2.449
2.568
2.542
2.517
2.489
2.484
2.715
2.687
2.551
2.151
-1
2.581
2.664
2.488
2.178
-1
2.456
2.587
2.557
2.557
2.768
2.39
2.417
2.42
2.546
2.583
2.597
2.594
2.123
2.675
2.421
2.657
2.489
2.486
2.458
2.629
2.629
2.355
2.532
2.57
2.534
2.443
2.173
2.663
-1
2.678
2.651
2.064
2.489
-1
2.579
2.551
2.52
2.515
2.535
2.534
2.535
2.509
2.65
2.561
2.524
2.047
2.425
-1
2.416
2.501
2.269
2.488
2.813
2.399
2.465
2.436
2.459
2.555
2.559
2.171
2.593
-1
2.569
2.564
2.133
2.721
-1
2.613
2.613
2.338
2.541
2.618
2.402
2.516
2.516
2.514
2.509
2.482
2.485
1.995
-1
2.66
2.392
2.416
2.425
-1
2.549
2.551
2.524
2.462
2.648
2.408
2.5
2.185
2.609
2.506
2.525
2.497
2.069
2.454
-1
2.583
2.369
2.474
2.544
2.448
2.478
2.387
2.593
2.632
2.485
2.482
2.041
2.564
-1
2.629
2.402
2.317
2.508
2.532
2.534
2.435
2.613
2.512
2.584
2.546
2.123
2.779
-1
2.425
2.451
2.276
2.403
2.764
2.717
2.461
2.461
2.49
-1
2.441
2.156
2.605
-1
2.434
2.406
2.093
2.421
-1
2.564
2.794
2.51
2.424
2.737
2.412
2.288
2.637
-1
2.467
2.632
2.024
2.601
-1
2.382
2.625
2.396
2.511
2.717
2.516
2.519
2.641
2.565
2.644
2.563
2.543
2.519
-1
2.493
2.52
2.521
2.431
2.704
2.435
2.572
2.464
2.547
2.665
2.488
2.483
2.044
-1
2.573
2.479
2.48
2.315
-1
2.573
2.487
2.402
2.564
2.563
2.485
2.482
2.053
2.569
2.541
2.653
2.493
2.154
2.475
2.528
2.532
2.532
2.568
2.538
2.469
2.442
2.156
2.523
-1
2.463
2.489
2.165
2.555
-1
2.621
2.62
2.492
2.523
2.56
2.656
2.218
2.641
-1
2.458
2.524
2.087
2.508
-1
2.779
2.515
2.405
2.437
2.79
2.408
2.3
2.493
-1
2.671
2.589
2.044
2.451
-1
2.528
2.654
2.483
2.452
-1
2.69
2.421
2.667
-1
2.554
2.627
2.543
2.593
-1
2.569
2.542
2.436
2.55
2.519
2.54
2.428
2.254
-1
2.652
2.617
2.458
2.128
-1
2.445
2.526
2.521
2.524
2.63
2.367
2.468
2.156
2.528
2.532
2.536
2.531
2.135
-1
2.349
2.666
2.475
2.506
2.504
2.403
2.527
2.202
2.55
-1
2.511
2.513
2.081
2.458
-1
2.519
2.428
2.425
2.538
2.541
2.516
2.137
2.519
-1
2.497
2.496
2.11
2.575
-1
2.577
2.462
2.675
2.549
2.827
2.483
2.447
2.541
-1
2.449
2.586
2.272
2.493
-1
2.429
2.608
2.583
2.582
2.579
2.51
2.682
2.771
-1
2.466
2.663
2.463
2.633
-1
2.656
2.616
2.385
2.625
-1
2.521
2.521
2.017
2.656
2.449
2.451
2.477
2.29
2.809
2.454
2.748
2.558
2.48
2.481
2.462
2.43
1.995
2.58
-1
2.648
2.55
2.369
2.502
2.497
2.533
2.364
2.564
2.756
2.492
2.523
2.07
2.503
2.456
2.527
2.55
2.469
2.44
2.659
2.408
2.223
2.752
