2.434
2.675
2.549
-1
2.495
1.907
2.678
2.643
-1
2.486
2.497
2.603
2.521
-1
2.376
2.642
2.778
2.755
-1
2.454
2.747
2.608
2.794
-1
2.491
2.751
2.622
-1
-1
2.066
2.567
2.547
-1
-1
2.48
2.554
2.551
-1
-1
2.392
2.576
2.576
2.661
2.78
2.463
2.35
2.464
2.815
2.646
2.291
2.567
2.563
2.562
2.532
2.318
2.53
2.527
2.53
2.527
2.318
2.553
2.429
-1
2.449
2.194
2.639
2.526
-1
2.491
2.151
2.613
2.509
-1
2.531
2.053
2.608
2.491
-1
2.502
2.459
2.593
2.589
-1
2.464
1.874
-1
2.475
-1
2.387
1.867
2.726
2.607
-1
2.613
2.423
2.754
2.51
-1
2.807
1.859
2.576
2.578
-1
2.464
1.859
2.597
2.619
-1
2.702
1.88
2.613
2.615
-1
2.525
2.678
2.6
-1
-1
2.642
2.497
2.522
-1
-1
2.546
2.541
2.711
-1
-1
2.329
2.621
2.538
-1
-1
2.546
2.665
2.631
2.716
-1
2.449
2.44
2.435
-1
-1
2.413
2.508
2.624
2.715
2.676
2.392
2.459
2.496
2.79
2.557
2.359
2.551
2.738
2.443
2.575
2.346
2.376
2.578
2.669
2.595
2.335
2.581
-1
2.654
2.649
2.392
2.576
2.58
2.665
2.59
2.323
2.446
2.617
2.62
2.617
2.2
2.486
2.491
2.581
2.308
2.218
2.536
2.534
-1
2.562
2.2
2.531
2.531
-1
2.52
2.1
2.515
2.445
-1
2.65
2.2
2.48
2.525
-1
2.443
2.066
2.621
2.525
-1
2.51
2.046
2.443
2.547
-1
2.594
2.081
2.629
2.426
-1
2.475
1.967
2.47
2.514
-1
2.497
1.988
2.593
2.367
-1
2.48
2.033
2.423
2.601
-1
2.525
2.003
2.684
2.515
-1
2.443
1.928
2.691
2.437
-1
2.576
1.992
2.73
2.412
-1
2.59
1.944
2.628
2.529
-1
2.613
1.901
2.657
2.621
-1
2.502
1.919
2.521
2.408
-1
2.594
1.888
2.642
2.549
-1
2.599
1.878
2.651
2.423
-1
2.498
1.925
2.497
2.44
-1
2.48
1.992
2.582
2.79
-1
2.406
1.894
-1
2.654
-1
2.515
1.898
2.598
2.486
-1
2.551
1.898
2.655
2.632
-1
2.475
1.84
2.571
2.543
-1
2.443
1.901
2.522
2.442
-1
2.62
1.944
2.589
2.461
-1
2.613
1.941
2.558
2.435
-1
2.52
1.947
2.654
2.491
-1
2.634
2.021
2.623
2.619
-1
2.594
2.053
2.567
2.585
-1
2.449
2.052
2.492
2.491
-1
2.525
2.04
2.647
2.545
-1
2.502
2.103
2.592
2.508
-1
2.609
2.194
2.613
2.459
-1
2.502
2.098
2.537
2.46
-1
2.646
2.334
2.712
2.491
2.747
2.57
2.341
2.559
2.56
2.79
2.469
2.205
2.443
2.625
2.622
2.619
2.223
2.629
2.602
2.728
2.619
2.251
2.49
2.392
2.594
2.59
2.223
2.491
2.619
2.615
2.588
2.247
2.555
2.435
2.755
2.681
2.296
2.384
2.534
2.724
2.763
2.285
2.434
2.437
2.79
-1
2.412
2.576
2.54
2.729
-1
2.385
2.629
2.547
-1
-1
2.402
2.629
2.626
-1
-1
2.715
2.046
2.551
-1
-1
2.531
2.491
2.706
-1
-1
2.392
1.909
2.495
2.515
-1
2.599
1.845
2.574
2.661
-1
2.531
2.412
2.672
2.515
-1
2.572
1.833
2.577
2.492
-1
2.458
2.678
2.674
2.67
-1
2.406
2.594
2.672
2.502
-1
2.504
1.898
2.572
2.571
-1
2.506
1.86
2.646
2.642
-1
2.418
2.557
2.65
2.573
-1
2.604
2.443
2.57
2.491
-1
2.557
2.155
2.343
2.742
2.609
2.579
2.557
2.555
2.435
2.46
2.658
2.406
2.445
2.556
2.679
2.553
2.364
2.497
2.498
2.638
2.713
2.296
2.475
2.559
-1
-1
2.091
2.711
2.471
-1
-1
2.617
2.65
2.627
2.727
-1
1.921
2.429
2.727
2.722
-1
1.833
2.423
2.72
2.717
-1
1.787
2.58
2.58
2.579
-1
1.793
2.642
2.637
2.514
-1
1.848
2.576
2.605
2.606
-1
2.001
2.515
2.55
2.515
-1
2.486
2.486
2.624
2.537
-1
2.093
2.52
2.542
2.455
2.738
2.247
2.536
2.613
2.496
2.616
2.329
2.418
2.611
2.573
2.668
2.412
2.325
2.613
2.518
-1
2.423
2.14
2.637
2.43
-1
2.449
2.016
2.522
2.695
-1
2.475
1.889
2.506
2.59
2.715
2.541
1.745
2.429
2.768
2.531
2.515
1.739
2.638
2.604
2.57
2.747
1.84
2.504
2.596
2.463
2.515
1.919
2.486
2.517
2.516
2.506
2.124
2.491
2.688
2.563
2.663
2.217
2.567
2.393
2.58
2.531
2.28
2.531
2.532
2.569
-1
2.346
2.275
2.381
2.651
-1
2.642
1.996
2.402
2.68
-1
2.486
1.847
2.625
2.702
-1
2.497
1.789
2.449
2.582
2.603
2.594
1.746
2.541
2.632
-1
2.412
1.802
2.497
2.531
2.635
2.531
2.027
2.387
2.644
-1
2.48
2.171
2.423
2.593
2.307
2.408
2.245
2.313
2.585
-1
-1
2.291
2.375
2.599
-1
-1
2.357
2.054
2.589
2.785
-1
2.541
1.833
2.65
2.727
-1
2.52
1.763
2.674
2.674
-1
2.617
1.718
2.47
2.659
-1
2.688
1.874
2.625
2.392
-1
2.446
2.053
2.459
2.34
-1
2.443
2.119
2.536
2.396
2.662
2.57
2.346
2.469
2.679
2.678
-1
2.541
2.105
2.546
-1
-1
2.55
1.814
2.727
2.756
-1
1.72
2.402
-1
2.454
-1
2.531
2.567
2.604
2.607
-1
2.449
1.911
2.559
2.588
-1
2.545
2.027
2.622
2.625
2.593
2.588
2.177
2.575
2.564
2.567
-1
2.251
2.531
2.551
-1
-1
1.985
2.757
2.525
-1
2.491
2.629
2.497
2.463
-1
1.705
2.44
2.723
2.48
-1
2.678
1.827
2.557
2.589
-1
2.443
2.372
2.559
2.527
2.525
2.794
2.572
2.548
2.548
2.794
2.795
2.266
2.629
2.46
-1
-1
1.924
2.576
2.615
-1
2.609
1.723
2.502
2.807
2.576
-1
1.748
2.313
2.52
2.623
-1
1.937
2.434
2.553
2.555
-1
2.091
2.296
2.531
2.648
2.423
2.229
2.576
2.574
2.569
2.664
2.307
2.119
2.464
2.593
-1
2.65
1.794
2.536
2.709
2.57
2.406
1.67
2.562
2.598
2.443
2.585
1.769
2.357
2.57
2.536
-1
2.14
2.576
2.571
2.567
2.437
2.194
2.423
2.589
2.55
2.772
2.412
2.24
2.633
2.601
-1
2.525
1.852
2.715
2.711
-1
2.557
1.704
2.418
2.702
-1
2.562
1.737
2.536
2.568
-1
2.48
2.053
2.407
2.58
2.482
2.479
2.384
2.562
2.541
-1
-1
2.531
2.177
2.55
-1
-1
2.621
1.807
2.625
2.629
-1
2.464
1.754
2.506
2.622
-1
2.454
1.886
2.449
2.412
-1
2.562
2.146
2.449
2.428
2.599
-1
2.257
2.585
2.763
-1
-1
2.423
2.65
2.612
2.643
-1
2.604
2.559
2.557
2.553
-1
2.604
2.692
2.665
2.56
-1
2.692
2.046
2.546
2.541
2.625
2.593
2.525
2.42
2.629
2.765
2.423
2.105
2.417
2.622
-1
2.515
1.776
2.335
2.613
2.615
2.429
1.742
2.531
2.569
2.468
2.629
1.934
2.65
2.615
2.619
2.615
2.211
2.485
2.625
2.598
-1
2.387
2.229
2.55
2.55
-1
2.486
1.792
2.367
2.635
2.658
2.599
1.742
2.397
2.432
-1
2.72
1.937
2.541
2.621
2.488
2.493
2.206
2.642
2.572
2.482
-1
2.387
2.229
2.662
2.658
-1
2.576
1.841
2.491
2.569
2.593
2.536
1.699
2.572
2.647
-1
2.609
1.937
2.545
2.631
2.543
2.469
2.229
2.402
2.51
-1
-1
2.402
2.013
2.545
-1
-1
2.497
1.72
2.567
2.584
-1
2.541
