1.496
1.436
1.462
1.367
1.386
1.43
1.564
1.471
1.476
1.528
1.425
1.477
1.425
1.447
1.445
1.504
1.398
1.482
1.625
1.449
1.355
1.458
1.584
1.436
1.406
1.502
1.367
1.48
1.545
1.383
1.416
1.514
1.479
1.498
1.507
1.51
1.37
1.623
1.536
1.537
1.41
1.486
1.53
1.494
1.45
1.492
1.516
1.56
1.496
1.46
1.494
1.383
1.549
1.458
1.442
1.357
1.324
1.468
1.337
1.341
1.478
1.478
1.671
1.511
1.32
1.43
1.455
1.615
1.452
1.445
1.437
1.547
1.447
1.489
1.511
1.583
1.43
1.623
1.492
1.46
1.404
1.457
1.47
1.479
1.469
1.517
1.529
1.385
1.483
1.544
1.525
1.375
1.493
1.476
1.511
1.53
1.516
1.501
1.543
1.533
1.368
