1.896
1.674
1.856
1.985
1.784
1.944
1.804
1.751
1.587
1.826
1.934
1.946
1.866
1.558
1.815
1.776
1.854
1.766
1.384
1.855
1.748
1.869
1.774
1.776
1.697
1.924
1.585
1.548
1.915
1.982
1.777
1.866
1.754
1.757
1.786
1.859
1.804
1.948
1.843
1.937
1.924
1.797
1.906
1.781
1.722
1.56
1.734
1.778
2.045
2.073
1.972
1.877
1.587
1.743
1.855
2.166
1.925
1.842
1.621
1.937
1.766
1.534
1.771
1.939
1.79
1.686
1.972
1.843
1.765
1.831
1.548
1.753
1.989
1.665
1.903
1.734
1.906
1.718
1.965
1.737
1.598
1.585
1.716
1.699
1.831
1.68
1.774
1.821
1.9
1.785
1.876
1.881
1.878
1.617
1.765
1.797
1.595
1.732
1.563
1.594
2.096
