2.588
2.804
2.805
2.799
2.708
2.87
2.638
2.612
2.571
2.686
2.707
2.704
2.733
2.739
2.794
2.891
2.673
2.77
2.765
2.687
2.719
2.702
2.716
2.67
2.782
2.806
2.727
2.753
2.793
2.656
2.792
2.793
2.715
2.665
2.714
2.723
2.675
2.774
2.839
2.737
2.74
2.649
2.734
2.772
2.748
2.854
2.778
2.702
2.801
2.748
2.714
2.795
2.482
2.78
2.77
2.72
2.759
2.733
2.651
2.61
2.862
3.067
2.925
2.645
2.695
2.79
2.73
2.819
2.857
2.533
2.784
2.908
2.844
2.855
2.7
2.761
2.577
2.788
2.657
2.889
2.915
2.804
2.808
2.884
2.746
2.741
2.795
2.733
2.73
2.789
2.643
2.64
2.732
2.733
2.647
2.641
2.796
2.768
2.781
2.762
2.712
