1.43
1.41
1.408
1.448
1.455
1.456
1.492
1.31
1.37
1.323
1.536
1.452
1.537
1.488
1.472
1.422
1.449
1.479
1.385
1.331
1.46
1.457
1.37
1.334
1.453
1.428
1.384
1.453
1.358
1.482
1.459
1.493
1.451
1.48
1.545
1.44
1.396
1.509
1.411
1.368
1.477
1.485
1.511
1.436
1.521
1.43
1.522
1.468
1.516
1.34
1.417
1.357
1.536
1.432
1.41
1.415
1.414
1.43
1.534
1.427
1.387
1.402
1.438
1.446
1.508
1.455
1.44
1.527
1.362
1.449
1.36
1.534
1.5
1.478
1.418
1.576
1.515
1.5
1.586
1.479
1.414
1.399
1.418
1.423
1.426
1.583
1.471
1.435
1.417
1.355
1.433
1.378
1.413
1.541
1.395
1.553
1.552
1.545
1.401
1.43
1.484
