1.801
1.799
1.812
1.806
1.791
1.796
1.796
1.797
1.811
1.811
1.795
1.807
1.807
1.803
1.802
1.817
1.812
1.808
1.806
1.808
1.806
1.806
1.81
1.807
1.808
1.803
1.803
1.812
1.809
1.82
1.82
1.816
1.8
1.806
1.806
1.805
1.819
1.816
1.813
1.81
1.81
1.808
1.806
1.805
1.808
1.803
1.796
1.797
1.815
1.8
1.811
1.806
1.803
1.815
1.796
1.796
1.795
1.797
1.764
1.793
1.806
1.807
1.806
1.789
1.791
1.808
1.808
1.807
1.806
1.808
1.806
1.805
1.807
1.803
1.8
1.801
1.796
1.795
1.798
1.802
1.802
1.801
1.799
1.802
1.802
1.802
1.799
1.796
1.799
1.801
1.802
1.803
1.805
1.802
1.805
1.792
1.792
1.794
1.797
1.794
1.798
